<?xml version="1.0" encoding="UTF-8" standalone="no"?><testsuite errors="17" failures="0" hostname="pepino" name="sodmt.adhoc.eol.tlimits" tests="17" time="0.824000"><properties><property name="java.vendor" value="Sun Microsystems Inc."/><property name="osgi.bundles.defaultStartLevel" value="4"/><property name="sun.java.launcher" value="SUN_STANDARD"/><property name="org.osgi.supports.framework.extension" value="true"/><property name="sun.management.compiler" value="HotSpot 64-Bit Server Compiler"/><property name="eclipse.p2.profile" value="epp.package.modeling"/><property name="os.name" value="Linux"/><property name="sun.boot.class.path" value="/usr/lib/jvm/java-6-openjdk/jre/lib/resources.jar:/usr/lib/jvm/java-6-openjdk/jre/lib/rt.jar:/usr/lib/jvm/java-6-openjdk/jre/lib/sunrsasign.jar:/usr/lib/jvm/java-6-openjdk/jre/lib/jsse.jar:/usr/lib/jvm/java-6-openjdk/jre/lib/jce.jar:/usr/lib/jvm/java-6-openjdk/jre/lib/charsets.jar:/usr/lib/jvm/java-6-openjdk/jre/lib/netx.jar:/usr/lib/jvm/java-6-openjdk/jre/lib/plugin.jar:/usr/lib/jvm/java-6-openjdk/jre/lib/rhino.jar:/usr/lib/jvm/java-6-openjdk/jre/lib/modules/jdk.boot.jar:/usr/lib/jvm/java-6-openjdk/jre/classes"/><property name="osgi.ws" value="gtk"/><property name="java.vm.specification.vendor" value="Sun Microsystems Inc."/><property name="ant.home" value="/home/antonio/bin/eclipse-juno/plugins/org.apache.ant_1.8.3.v20120321-1730"/><property name="java.runtime.version" value="1.6.0_22-b22"/><property name="osgi.instance.area" value="file:/home/antonio/Documents/sodmt/workspace-metamodels/"/><property name="org.osgi.framework.uuid" value="7048655f-e8a7-0011-1784-bbbc9f8626cb"/><property name="osgi.nl.user" value="es_ES"/><property name="user.name" value="antonio"/><property name="osgi.framework.extensions" value=""/><property name="org.osgi.framework.system.packages" value="javax.accessibility,javax.activation,javax.activity,javax.annotation,javax.annotation.processing,javax.crypto,javax.crypto.interfaces,javax.crypto.spec,javax.imageio,javax.imageio.event,javax.imageio.metadata,javax.imageio.plugins.bmp,javax.imageio.plugins.jpeg,javax.imageio.spi,javax.imageio.stream,javax.jws,javax.jws.soap,javax.lang.model,javax.lang.model.element,javax.lang.model.type,javax.lang.model.util,javax.management,javax.management.loading,javax.management.modelmbean,javax.management.monitor,javax.management.openmbean,javax.management.relation,javax.management.remote,javax.management.remote.rmi,javax.management.timer,javax.naming,javax.naming.directory,javax.naming.event,javax.naming.ldap,javax.naming.spi,javax.net,javax.net.ssl,javax.print,javax.print.attribute,javax.print.attribute.standard,javax.print.event,javax.rmi,javax.rmi.CORBA,javax.rmi.ssl,javax.script,javax.security.auth,javax.security.auth.callback,javax.security.auth.kerberos,javax.security.auth.login,javax.security.auth.spi,javax.security.auth.x500,javax.security.cert,javax.security.sasl,javax.sound.midi,javax.sound.midi.spi,javax.sound.sampled,javax.sound.sampled.spi,javax.sql,javax.sql.rowset,javax.sql.rowset.serial,javax.sql.rowset.spi,javax.swing,javax.swing.border,javax.swing.colorchooser,javax.swing.event,javax.swing.filechooser,javax.swing.plaf,javax.swing.plaf.basic,javax.swing.plaf.metal,javax.swing.plaf.multi,javax.swing.plaf.synth,javax.swing.table,javax.swing.text,javax.swing.text.html,javax.swing.text.html.parser,javax.swing.text.rtf,javax.swing.tree,javax.swing.undo,javax.tools,javax.transaction,javax.transaction.xa,javax.xml,javax.xml.bind,javax.xml.bind.annotation,javax.xml.bind.annotation.adapters,javax.xml.bind.attachment,javax.xml.bind.helpers,javax.xml.bind.util,javax.xml.crypto,javax.xml.crypto.dom,javax.xml.crypto.dsig,javax.xml.crypto.dsig.dom,javax.xml.crypto.dsig.keyinfo,javax.xml.crypto.dsig.spec,javax.xml.datatype,javax.xml.namespace,javax.xml.parsers,javax.xml.soap,javax.xml.stream,javax.xml.stream.events,javax.xml.stream.util,javax.xml.transform,javax.xml.transform.dom,javax.xml.transform.sax,javax.xml.transform.stax,javax.xml.transform.stream,javax.xml.validation,javax.xml.ws,javax.xml.ws.handler,javax.xml.ws.handler.soap,javax.xml.ws.http,javax.xml.ws.soap,javax.xml.ws.spi,javax.xml.ws.wsaddressing,javax.xml.xpath,org.ietf.jgss,org.omg.CORBA,org.omg.CORBA_2_3,org.omg.CORBA_2_3.portable,org.omg.CORBA.DynAnyPackage,org.omg.CORBA.ORBPackage,org.omg.CORBA.portable,org.omg.CORBA.TypeCodePackage,org.omg.CosNaming,org.omg.CosNaming.NamingContextExtPackage,org.omg.CosNaming.NamingContextPackage,org.omg.Dynamic,org.omg.DynamicAny,org.omg.DynamicAny.DynAnyFactoryPackage,org.omg.DynamicAny.DynAnyPackage,org.omg.IOP,org.omg.IOP.CodecFactoryPackage,org.omg.IOP.CodecPackage,org.omg.Messaging,org.omg.PortableInterceptor,org.omg.PortableInterceptor.ORBInitInfoPackage,org.omg.PortableServer,org.omg.PortableServer.CurrentPackage,org.omg.PortableServer.POAManagerPackage,org.omg.PortableServer.POAPackage,org.omg.PortableServer.portable,org.omg.PortableServer.ServantLocatorPackage,org.omg.SendingContext,org.omg.stub.java.rmi,org.w3c.dom,org.w3c.dom.bootstrap,org.w3c.dom.css,org.w3c.dom.events,org.w3c.dom.html,org.w3c.dom.ls,org.w3c.dom.ranges,org.w3c.dom.stylesheets,org.w3c.dom.traversal,org.w3c.dom.views,org.w3c.dom.xpath,org.xml.sax,org.xml.sax.ext,org.xml.sax.helpers"/><property name="eclipse.launcher" value="/home/antonio/bin/eclipse-juno/eclipse"/><property name="eclipse.launcher.name" value="Eclipse"/><property name="org.osgi.framework.language" value="es"/><property name="equinox.use.ds" value="true"/><property name="eclipse.pde.launch" value="true"/><property name="user.language" value="es"/><property name="org.osgi.framework.processor" value="x86-64"/><property name="osgi.syspath" value="/home/antonio/bin/eclipse-juno/plugins"/><property name="sun.boot.library.path" value="/usr/lib/jvm/java-6-openjdk/jre/lib/amd64"/><property name="org.osgi.framework.system.capabilities" value="osgi.ee; osgi.ee=&quot;OSGi/Minimum&quot;; version:List&lt;Version&gt;=&quot;1.0, 1.1, 1.2&quot;,osgi.ee; osgi.ee=&quot;JRE&quot;; version:List&lt;Version&gt;=&quot;1.0, 1.1&quot;,osgi.ee; osgi.ee=&quot;JavaSE&quot;; version:List&lt;Version&gt;=&quot;1.0, 1.1, 1.2, 1.3, 1.4, 1.5, 1.6&quot;"/><property name="osgi.manifest.cache" value="/home/antonio/workspaces/epsilon/.metadata/.plugins/org.eclipse.pde.core/Eclipse Application/org.eclipse.osgi/manifests"/><property name="java.version" value="1.6.0_22"/><property name="org.osgi.framework.os.name" value="Linux"/><property name="user.timezone" value="Europe/Madrid"/><property name="sun.arch.data.model" value="64"/><property name="osgi.bundles" value="reference:file:/home/antonio/bin/eclipse-juno/plugins/org.eclipse.equinox.simpleconfigurator_1.0.300.v20110815-1744.jar@1:start"/><property name="java.endorsed.dirs" value="/usr/lib/jvm/java-6-openjdk/jre/lib/endorsed"/><property name="osgi.tracefile" value="/home/antonio/Documents/sodmt/workspace-metamodels/.metadata/trace.log"/><property name="eclipse.application" value="org.eclipse.ui.ide.workbench"/><property name="sun.cpu.isalist" value=""/><property name="sun.jnu.encoding" value="UTF-8"/><property name="file.encoding.pkg" value="sun.io"/><property name="org.osgi.framework.vendor" value="Eclipse"/><property name="file.separator" value="/"/><property name="java.specification.name" value="Java Platform API Specification"/><property name="osgi.checkConfiguration" value="true"/><property name="java.class.version" value="50.0"/><property name="user.country" value="ES"/><property name="org.eclipse.equinox.launcher.splash.location" value="/home/antonio/bin/eclipse-juno/plugins/org.eclipse.platform_4.2.0.v20120518-2203/splash.bmp"/><property name="osgi.configuration.cascaded" value="false"/><property name="java.home" value="/usr/lib/jvm/java-6-openjdk/jre"/><property name="osgi.os" value="linux"/><property name="eclipse.commands" value="-launcher&#10;/home/antonio/bin/eclipse-juno/eclipse&#10;-name&#10;Eclipse&#10;-showsplash&#10;600&#10;-product&#10;org.eclipse.platform.ide&#10;-data&#10;/home/antonio/Documents/sodmt/workspace-metamodels&#10;-configuration&#10;file:/home/antonio/workspaces/epsilon/.metadata/.plugins/org.eclipse.pde.core/Eclipse Application/&#10;-dev&#10;file:/home/antonio/workspaces/epsilon/.metadata/.plugins/org.eclipse.pde.core/Eclipse Application/dev.properties&#10;-os&#10;linux&#10;-ws&#10;gtk&#10;-arch&#10;x86_64&#10;-nl&#10;es_ES&#10;-consoleLog&#10;"/><property name="java.vm.info" value="mixed mode"/><property name="osgi.splashLocation" value="/home/antonio/bin/eclipse-juno/plugins/org.eclipse.platform_4.2.0.v20120518-2203/splash.bmp"/><property name="os.version" value="3.3.7-1-ARCH"/><property name="osgi.arch" value="x86_64"/><property name="path.separator" value=":"/><property name="java.vm.version" value="19.0-b09"/><property name="org.osgi.supports.framework.fragment" value="true"/><property name="ant.library.dir" value="/home/antonio/bin/eclipse-juno/plugins/org.apache.ant_1.8.3.v20120321-1730/lib"/><property name="osgi.framework.shape" value="jar"/><property name="osgi.instance.area.default" value="file:/home/antonio/workspace/"/><property name="java.awt.printerjob" value="sun.print.PSPrinterJob"/><property name="sun.io.unicode.encoding" value="UnicodeLittle"/><property name="org.osgi.framework.version" value="1.7.0"/><property name="osgi.install.area" value="file:/home/antonio/bin/eclipse-juno/"/><property name="osgi.dev" value="file:/home/antonio/workspaces/epsilon/.metadata/.plugins/org.eclipse.pde.core/Eclipse Application/dev.properties"/><property name="osgi.framework" value="file:/home/antonio/bin/eclipse-juno/plugins/org.eclipse.osgi_3.8.0.v20120508-2119.jar"/><property name="user.home" value="/home/antonio"/><property name="org.eclipse.equinox.simpleconfigurator.configUrl" value="file:/home/antonio/workspaces/epsilon/.metadata/.plugins/org.eclipse.pde.core/Eclipse Application/org.eclipse.equinox.simpleconfigurator/bundles.info"/><property name="osgi.bundlestore" value="/home/antonio/workspaces/epsilon/.metadata/.plugins/org.eclipse.pde.core/Eclipse Application/org.eclipse.osgi/bundles"/><property name="osgi.splashPath" value="file:/home/antonio/bin/eclipse-juno/plugins/org.eclipse.platform_4.2.0.v20120518-2203"/><property name="eclipse.consoleLog" value="true"/><property name="java.specification.vendor" value="Sun Microsystems Inc."/><property name="osgi.nl" value="es_ES"/><property name="java.library.path" value="/usr/lib/jvm/java-6-openjdk/jre/lib/amd64/server:/usr/lib/jvm/java-6-openjdk/jre/lib/amd64:/usr/lib/jvm/java-6-openjdk/jre/../lib/amd64:/usr/java/packages/lib/amd64:/usr/lib64:/lib64:/lib:/usr/lib"/><property name="java.vendor.url" value="http://java.sun.com/"/><property name="org.osgi.framework.os.version" value="3.3.7"/><property name="eclipse.p2.data.area" value="@config.dir/.p2"/><property name="eclipse.startTime" value="1338115226939"/><property name="java.vm.vendor" value="Sun Microsystems Inc."/><property name="java.runtime.name" value="OpenJDK Runtime Environment"/><property name="java.class.path" value="/home/antonio/bin/eclipse-juno/plugins/org.eclipse.equinox.launcher_1.3.0.v20120308-1358.jar"/><property name="osgi.requiredJavaVersion" value="1.5"/><property name="org.eclipse.update.reconcile" value="false"/><property name="java.vm.specification.name" value="Java Virtual Machine Specification"/><property name="java.vm.specification.version" value="1.0"/><property name="sun.cpu.endian" value="little"/><property name="sun.os.patch.level" value="unknown"/><property name="gosh.args" value="--nointeractive"/><property name="java.io.tmpdir" value="/tmp"/><property name="applicationXMI" value="org.eclipse.ui.workbench/LegacyIDE.e4xmi"/><property name="java.vendor.url.bug" value="http://java.sun.com/cgi-bin/bugreport.cgi"/><property name="eclipse.product" value="org.eclipse.platform.ide"/><property name="eclipse.home.location" value="file:/home/antonio/bin/eclipse-juno/"/><property name="os.arch" value="amd64"/><property name="java.awt.graphicsenv" value="sun.awt.X11GraphicsEnvironment"/><property name="java.ext.dirs" value="/usr/lib/jvm/java-6-openjdk/jre/lib/ext:/usr/java/packages/lib/ext"/><property name="user.dir" value="/home/antonio"/><property name="org.osgi.supports.framework.requirebundle" value="true"/><property name="line.separator" value="&#10;"/><property name="java.vm.name" value="OpenJDK 64-Bit Server VM"/><property name="org.apache.commons.logging.Log" value="org.apache.commons.logging.impl.NoOpLog"/><property name="file.encoding" value="UTF-8"/><property name="osgi.framework.version" value="3.8.0.v20120508-2119"/><property name="eclipse.buildId" value="I20120518-2145"/><property name="java.specification.version" value="1.6"/><property name="org.osgi.framework.executionenvironment" value="OSGi/Minimum-1.0,OSGi/Minimum-1.1,OSGi/Minimum-1.2,JRE-1.1,J2SE-1.2,J2SE-1.3,J2SE-1.4,J2SE-1.5,JavaSE-1.6"/><property name="osgi.logfile" value="/home/antonio/Documents/sodmt/workspace-metamodels/.metadata/.log"/><property name="osgi.configuration.area" value="file:/home/antonio/workspaces/epsilon/.metadata/.plugins/org.eclipse.pde.core/Eclipse Application/"/></properties><testcase classname="sodmt.adhoc.eol.tlimits.eunit" name="withInteger[1]" time="0.0230000"><error message="The following error occurred while executing this line:&#10;/home/antonio/Documents/sodmt/workspace-metamodels/es.uca.modeling.eol.tests/eunit.xml:17: Internal error: java.lang.IllegalArgumentException: Could not locate a metamodel with the URI 'www.uca.es/modeling/serviceProcess'. Please ensure that this metamodel has been registered with Epsilon.&#10;&#9;at org.eclipse.epsilon.emc.emf.EmfModel.determinePackagesFrom[EmfModel.java:266]&#10;&#9;at org.eclipse.epsilon.emc.emf.EmfModel.loadModelFromUri[EmfModel.java:214]&#10;&#9;at org.eclipse.epsilon.emc.emf.EmfModel.loadModel[EmfModel.java:161]&#10;&#9;at org.eclipse.epsilon.eol.models.CachedModel.load[CachedModel.java:147]&#10;&#9;at org.eclipse.epsilon.emc.emf.EmfModel.load[EmfModel.java:127]&#10;&#9;at org.eclipse.epsilon.workflow.tasks.emf.LoadEmfModel.executeImpl[LoadEmfModel.java:67]&#10;&#9;at org.eclipse.epsilon.workflow.tasks.EpsilonTask.execute[EpsilonTask.java:40]&#10;&#9;at org.apache.tools.ant.UnknownElement.execute[UnknownElement.java:291]&#10;&#9;at sun.reflect.NativeMethodAccessorImpl.invoke0[Native Method]&#10;&#9;at sun.reflect.NativeMethodAccessorImpl.invoke[NativeMethodAccessorImpl.java:57]&#10;&#9;at sun.reflect.DelegatingMethodAccessorImpl.invoke[DelegatingMethodAccessorImpl.java:43]&#10;&#9;at java.lang.reflect.Method.invoke[Method.java:616]&#10;&#9;at org.apache.tools.ant.dispatch.DispatchUtils.execute[DispatchUtils.java:106]&#10;&#9;at org.apache.tools.ant.Task.perform[Task.java:348]&#10;&#9;at org.apache.tools.ant.taskdefs.Sequential.execute[Sequential.java:68]&#10;&#9;at org.apache.tools.ant.UnknownElement.execute[UnknownElement.java:291]&#10;&#9;at sun.reflect.NativeMethodAccessorImpl.invoke0[Native Method]&#10;&#9;at sun.reflect.NativeMethodAccessorImpl.invoke[NativeMethodAccessorImpl.java:57]&#10;&#9;at sun.reflect.DelegatingMethodAccessorImpl.invoke[DelegatingMethodAccessorImpl.java:43]&#10;&#9;at java.lang.reflect.Method.invoke[Method.java:616]&#10;&#9;at org.apache.tools.ant.dispatch.DispatchUtils.execute[DispatchUtils.java:106]&#10;&#9;at org.apache.tools.ant.Task.perform[Task.java:348]&#10;&#9;at org.apache.tools.ant.taskdefs.MacroInstance.execute[MacroInstance.java:398]&#10;&#9;at org.apache.tools.ant.UnknownElement.execute[UnknownElement.java:291]&#10;&#9;at sun.reflect.NativeMethodAccessorImpl.invoke0[Native Method]&#10;&#9;at sun.reflect.NativeMethodAccessorImpl.invoke[NativeMethodAccessorImpl.java:57]&#10;&#9;at sun.reflect.DelegatingMethodAccessorImpl.invoke[DelegatingMethodAccessorImpl.java:43]&#10;&#9;at java.lang.reflect.Method.invoke[Method.java:616]&#10;&#9;at org.apache.tools.ant.dispatch.DispatchUtils.execute[DispatchUtils.java:106]&#10;&#9;at org.apache.tools.ant.Task.perform[Task.java:348]&#10;&#9;at org.eclipse.epsilon.workflow.tasks.EUnitTask$TaskCollection.run[EUnitTask.java:69]&#10;&#9;at org.eclipse.epsilon.workflow.tasks.EUnitTask.beforeCase[EUnitTask.java:218]&#10;&#9;at org.eclipse.epsilon.eunit.EUnitModule.fireBeforeCase[EUnitModule.java:507]&#10;&#9;at org.eclipse.epsilon.eunit.EUnitModule.runSuiteInternal[EUnitModule.java:318]&#10;&#9;at org.eclipse.epsilon.eunit.EUnitModule.runSuite[EUnitModule.java:164]&#10;&#9;at org.eclipse.epsilon.eunit.EUnitModule.runInnerTestCase[EUnitModule.java:361]&#10;&#9;at org.eclipse.epsilon.eunit.EUnitModule.runSuiteInternal[EUnitModule.java:339]&#10;&#9;at org.eclipse.epsilon.eunit.EUnitModule.runSuite[EUnitModule.java:164]&#10;&#9;at org.eclipse.epsilon.eunit.EUnitModule.runInnerTestCase[EUnitModule.java:361]&#10;&#9;at org.eclipse.epsilon.eunit.EUnitModule.runSuiteInternal[EUnitModule.java:339]&#10;&#9;at org.eclipse.epsilon.eunit.EUnitModule.runSuite[EUnitModule.java:164]&#10;&#9;at org.eclipse.epsilon.eunit.EUnitModule.execute[EUnitModule.java:136]&#10;&#9;at org.eclipse.epsilon.workflow.tasks.ExecutableModuleTask.executeImpl[ExecutableModuleTask.java:193]&#10;&#9;at org.eclipse.epsilon.workflow.tasks.EpsilonTask.execute[EpsilonTask.java:40]&#10;&#9;at org.apache.tools.ant.UnknownElement.execute[UnknownElement.java:291]&#10;&#9;at sun.reflect.NativeMethodAccessorImpl.invoke0[Native Method]&#10;&#9;at sun.reflect.NativeMethodAccessorImpl.invoke[NativeMethodAccessorImpl.java:57]&#10;&#9;at sun.reflect.DelegatingMethodAccessorImpl.invoke[DelegatingMethodAccessorImpl.java:43]&#10;&#9;at java.lang.reflect.Method.invoke[Method.java:616]&#10;&#9;at org.apache.tools.ant.dispatch.DispatchUtils.execute[DispatchUtils.java:106]&#10;&#9;at org.apache.tools.ant.Task.perform[Task.java:348]&#10;&#9;at org.apache.tools.ant.Target.execute[Target.java:392]&#10;&#9;at org.apache.tools.ant.Target.performTasks[Target.java:413]&#10;&#9;at org.apache.tools.ant.Project.executeSortedTargets[Project.java:1399]&#10;&#9;at org.apache.tools.ant.Project.executeTarget[Project.java:1368]&#10;&#9;at org.apache.tools.ant.helper.DefaultExecutor.executeTargets[DefaultExecutor.java:41]&#10;&#9;at org.eclipse.ant.internal.core.ant.EclipseDefaultExecutor.executeTargets[EclipseDefaultExecutor.java:32]&#10;&#9;at org.apache.tools.ant.Project.executeTargets[Project.java:1251]&#10;&#9;at org.eclipse.ant.internal.core.ant.InternalAntRunner.run[InternalAntRunner.java:672]&#10;&#9;at org.eclipse.ant.internal.core.ant.InternalAntRunner.run[InternalAntRunner.java:498]&#10;&#9;at sun.reflect.NativeMethodAccessorImpl.invoke0[Native Method]&#10;&#9;at sun.reflect.NativeMethodAccessorImpl.invoke[NativeMethodAccessorImpl.java:57]&#10;&#9;at sun.reflect.DelegatingMethodAccessorImpl.invoke[DelegatingMethodAccessorImpl.java:43]&#10;&#9;at java.lang.reflect.Method.invoke[Method.java:616]&#10;&#9;at org.eclipse.ant.core.AntRunner.run[AntRunner.java:378]&#10;&#9;at org.eclipse.ant.internal.launching.launchConfigurations.AntLaunchDelegate$1.run[AntLaunchDelegate.java:298]&#10;&#9;at java.lang.Thread.run[Thread.java:679]&#10;" type="org.apache.tools.ant.BuildException">/home/antonio/Documents/sodmt/workspace-metamodels/es.uca.modeling.eol.tests/eunit.xml:34: The following error occurred while executing this line:
/home/antonio/Documents/sodmt/workspace-metamodels/es.uca.modeling.eol.tests/eunit.xml:17: Internal error: java.lang.IllegalArgumentException: Could not locate a metamodel with the URI 'www.uca.es/modeling/serviceProcess'. Please ensure that this metamodel has been registered with Epsilon.
	at org.eclipse.epsilon.emc.emf.EmfModel.determinePackagesFrom[EmfModel.java:266]
	at org.eclipse.epsilon.emc.emf.EmfModel.loadModelFromUri[EmfModel.java:214]
	at org.eclipse.epsilon.emc.emf.EmfModel.loadModel[EmfModel.java:161]
	at org.eclipse.epsilon.eol.models.CachedModel.load[CachedModel.java:147]
	at org.eclipse.epsilon.emc.emf.EmfModel.load[EmfModel.java:127]
	at org.eclipse.epsilon.workflow.tasks.emf.LoadEmfModel.executeImpl[LoadEmfModel.java:67]
	at org.eclipse.epsilon.workflow.tasks.EpsilonTask.execute[EpsilonTask.java:40]
	at org.apache.tools.ant.UnknownElement.execute[UnknownElement.java:291]
	at sun.reflect.NativeMethodAccessorImpl.invoke0[Native Method]
	at sun.reflect.NativeMethodAccessorImpl.invoke[NativeMethodAccessorImpl.java:57]
	at sun.reflect.DelegatingMethodAccessorImpl.invoke[DelegatingMethodAccessorImpl.java:43]
	at java.lang.reflect.Method.invoke[Method.java:616]
	at org.apache.tools.ant.dispatch.DispatchUtils.execute[DispatchUtils.java:106]
	at org.apache.tools.ant.Task.perform[Task.java:348]
	at org.apache.tools.ant.taskdefs.Sequential.execute[Sequential.java:68]
	at org.apache.tools.ant.UnknownElement.execute[UnknownElement.java:291]
	at sun.reflect.NativeMethodAccessorImpl.invoke0[Native Method]
	at sun.reflect.NativeMethodAccessorImpl.invoke[NativeMethodAccessorImpl.java:57]
	at sun.reflect.DelegatingMethodAccessorImpl.invoke[DelegatingMethodAccessorImpl.java:43]
	at java.lang.reflect.Method.invoke[Method.java:616]
	at org.apache.tools.ant.dispatch.DispatchUtils.execute[DispatchUtils.java:106]
	at org.apache.tools.ant.Task.perform[Task.java:348]
	at org.apache.tools.ant.taskdefs.MacroInstance.execute[MacroInstance.java:398]
	at org.apache.tools.ant.UnknownElement.execute[UnknownElement.java:291]
	at sun.reflect.NativeMethodAccessorImpl.invoke0[Native Method]
	at sun.reflect.NativeMethodAccessorImpl.invoke[NativeMethodAccessorImpl.java:57]
	at sun.reflect.DelegatingMethodAccessorImpl.invoke[DelegatingMethodAccessorImpl.java:43]
	at java.lang.reflect.Method.invoke[Method.java:616]
	at org.apache.tools.ant.dispatch.DispatchUtils.execute[DispatchUtils.java:106]
	at org.apache.tools.ant.Task.perform[Task.java:348]
	at org.eclipse.epsilon.workflow.tasks.EUnitTask$TaskCollection.run[EUnitTask.java:69]
	at org.eclipse.epsilon.workflow.tasks.EUnitTask.beforeCase[EUnitTask.java:218]
	at org.eclipse.epsilon.eunit.EUnitModule.fireBeforeCase[EUnitModule.java:507]
	at org.eclipse.epsilon.eunit.EUnitModule.runSuiteInternal[EUnitModule.java:318]
	at org.eclipse.epsilon.eunit.EUnitModule.runSuite[EUnitModule.java:164]
	at org.eclipse.epsilon.eunit.EUnitModule.runInnerTestCase[EUnitModule.java:361]
	at org.eclipse.epsilon.eunit.EUnitModule.runSuiteInternal[EUnitModule.java:339]
	at org.eclipse.epsilon.eunit.EUnitModule.runSuite[EUnitModule.java:164]
	at org.eclipse.epsilon.eunit.EUnitModule.runInnerTestCase[EUnitModule.java:361]
	at org.eclipse.epsilon.eunit.EUnitModule.runSuiteInternal[EUnitModule.java:339]
	at org.eclipse.epsilon.eunit.EUnitModule.runSuite[EUnitModule.java:164]
	at org.eclipse.epsilon.eunit.EUnitModule.execute[EUnitModule.java:136]
	at org.eclipse.epsilon.workflow.tasks.ExecutableModuleTask.executeImpl[ExecutableModuleTask.java:193]
	at org.eclipse.epsilon.workflow.tasks.EpsilonTask.execute[EpsilonTask.java:40]
	at org.apache.tools.ant.UnknownElement.execute[UnknownElement.java:291]
	at sun.reflect.NativeMethodAccessorImpl.invoke0[Native Method]
	at sun.reflect.NativeMethodAccessorImpl.invoke[NativeMethodAccessorImpl.java:57]
	at sun.reflect.DelegatingMethodAccessorImpl.invoke[DelegatingMethodAccessorImpl.java:43]
	at java.lang.reflect.Method.invoke[Method.java:616]
	at org.apache.tools.ant.dispatch.DispatchUtils.execute[DispatchUtils.java:106]
	at org.apache.tools.ant.Task.perform[Task.java:348]
	at org.apache.tools.ant.Target.execute[Target.java:392]
	at org.apache.tools.ant.Target.performTasks[Target.java:413]
	at org.apache.tools.ant.Project.executeSortedTargets[Project.java:1399]
	at org.apache.tools.ant.Project.executeTarget[Project.java:1368]
	at org.apache.tools.ant.helper.DefaultExecutor.executeTargets[DefaultExecutor.java:41]
	at org.eclipse.ant.internal.core.ant.EclipseDefaultExecutor.executeTargets[EclipseDefaultExecutor.java:32]
	at org.apache.tools.ant.Project.executeTargets[Project.java:1251]
	at org.eclipse.ant.internal.core.ant.InternalAntRunner.run[InternalAntRunner.java:672]
	at org.eclipse.ant.internal.core.ant.InternalAntRunner.run[InternalAntRunner.java:498]
	at sun.reflect.NativeMethodAccessorImpl.invoke0[Native Method]
	at sun.reflect.NativeMethodAccessorImpl.invoke[NativeMethodAccessorImpl.java:57]
	at sun.reflect.DelegatingMethodAccessorImpl.invoke[DelegatingMethodAccessorImpl.java:43]
	at java.lang.reflect.Method.invoke[Method.java:616]
	at org.eclipse.ant.core.AntRunner.run[AntRunner.java:378]
	at org.eclipse.ant.internal.launching.launchConfigurations.AntLaunchDelegate$1.run[AntLaunchDelegate.java:298]
	at java.lang.Thread.run[Thread.java:679]

	at org.apache.tools.ant.ProjectHelper.addLocationToBuildException(ProjectHelper.java:551)
	at org.apache.tools.ant.taskdefs.MacroInstance.execute(MacroInstance.java:401)
	at org.apache.tools.ant.UnknownElement.execute(UnknownElement.java:291)
	at sun.reflect.NativeMethodAccessorImpl.invoke0(Native Method)
	at sun.reflect.NativeMethodAccessorImpl.invoke(NativeMethodAccessorImpl.java:57)
	at sun.reflect.DelegatingMethodAccessorImpl.invoke(DelegatingMethodAccessorImpl.java:43)
	at java.lang.reflect.Method.invoke(Method.java:616)
	at org.apache.tools.ant.dispatch.DispatchUtils.execute(DispatchUtils.java:106)
	at org.apache.tools.ant.Task.perform(Task.java:348)
	at org.eclipse.epsilon.workflow.tasks.EUnitTask$TaskCollection.run(EUnitTask.java:69)
	at org.eclipse.epsilon.workflow.tasks.EUnitTask.beforeCase(EUnitTask.java:218)
	at org.eclipse.epsilon.eunit.EUnitModule.fireBeforeCase(EUnitModule.java:507)
	at org.eclipse.epsilon.eunit.EUnitModule.runSuiteInternal(EUnitModule.java:318)
	at org.eclipse.epsilon.eunit.EUnitModule.runSuite(EUnitModule.java:164)
	at org.eclipse.epsilon.eunit.EUnitModule.runInnerTestCase(EUnitModule.java:361)
	at org.eclipse.epsilon.eunit.EUnitModule.runSuiteInternal(EUnitModule.java:339)
	at org.eclipse.epsilon.eunit.EUnitModule.runSuite(EUnitModule.java:164)
	at org.eclipse.epsilon.eunit.EUnitModule.runInnerTestCase(EUnitModule.java:361)
	at org.eclipse.epsilon.eunit.EUnitModule.runSuiteInternal(EUnitModule.java:339)
	at org.eclipse.epsilon.eunit.EUnitModule.runSuite(EUnitModule.java:164)
	at org.eclipse.epsilon.eunit.EUnitModule.execute(EUnitModule.java:136)
	at org.eclipse.epsilon.workflow.tasks.ExecutableModuleTask.executeImpl(ExecutableModuleTask.java:193)
	at org.eclipse.epsilon.workflow.tasks.EpsilonTask.execute(EpsilonTask.java:40)
	at org.apache.tools.ant.UnknownElement.execute(UnknownElement.java:291)
	at sun.reflect.NativeMethodAccessorImpl.invoke0(Native Method)
	at sun.reflect.NativeMethodAccessorImpl.invoke(NativeMethodAccessorImpl.java:57)
	at sun.reflect.DelegatingMethodAccessorImpl.invoke(DelegatingMethodAccessorImpl.java:43)
	at java.lang.reflect.Method.invoke(Method.java:616)
	at org.apache.tools.ant.dispatch.DispatchUtils.execute(DispatchUtils.java:106)
	at org.apache.tools.ant.Task.perform(Task.java:348)
	at org.apache.tools.ant.Target.execute(Target.java:392)
	at org.apache.tools.ant.Target.performTasks(Target.java:413)
	at org.apache.tools.ant.Project.executeSortedTargets(Project.java:1399)
	at org.apache.tools.ant.Project.executeTarget(Project.java:1368)
	at org.apache.tools.ant.helper.DefaultExecutor.executeTargets(DefaultExecutor.java:41)
	at org.eclipse.ant.internal.core.ant.EclipseDefaultExecutor.executeTargets(EclipseDefaultExecutor.java:32)
	at org.apache.tools.ant.Project.executeTargets(Project.java:1251)
	at org.eclipse.ant.internal.core.ant.InternalAntRunner.run(InternalAntRunner.java:672)
	at org.eclipse.ant.internal.core.ant.InternalAntRunner.run(InternalAntRunner.java:498)
	at sun.reflect.NativeMethodAccessorImpl.invoke0(Native Method)
	at sun.reflect.NativeMethodAccessorImpl.invoke(NativeMethodAccessorImpl.java:57)
	at sun.reflect.DelegatingMethodAccessorImpl.invoke(DelegatingMethodAccessorImpl.java:43)
	at java.lang.reflect.Method.invoke(Method.java:616)
	at org.eclipse.ant.core.AntRunner.run(AntRunner.java:378)
	at org.eclipse.ant.internal.launching.launchConfigurations.AntLaunchDelegate$1.run(AntLaunchDelegate.java:298)
	at java.lang.Thread.run(Thread.java:679)
Caused by: /home/antonio/Documents/sodmt/workspace-metamodels/es.uca.modeling.eol.tests/eunit.xml:17: Internal error: java.lang.IllegalArgumentException: Could not locate a metamodel with the URI 'www.uca.es/modeling/serviceProcess'. Please ensure that this metamodel has been registered with Epsilon.
	at org.eclipse.epsilon.emc.emf.EmfModel.determinePackagesFrom[EmfModel.java:266]
	at org.eclipse.epsilon.emc.emf.EmfModel.loadModelFromUri[EmfModel.java:214]
	at org.eclipse.epsilon.emc.emf.EmfModel.loadModel[EmfModel.java:161]
	at org.eclipse.epsilon.eol.models.CachedModel.load[CachedModel.java:147]
	at org.eclipse.epsilon.emc.emf.EmfModel.load[EmfModel.java:127]
	at org.eclipse.epsilon.workflow.tasks.emf.LoadEmfModel.executeImpl[LoadEmfModel.java:67]
	at org.eclipse.epsilon.workflow.tasks.EpsilonTask.execute[EpsilonTask.java:40]
	at org.apache.tools.ant.UnknownElement.execute[UnknownElement.java:291]
	at sun.reflect.NativeMethodAccessorImpl.invoke0[Native Method]
	at sun.reflect.NativeMethodAccessorImpl.invoke[NativeMethodAccessorImpl.java:57]
	at sun.reflect.DelegatingMethodAccessorImpl.invoke[DelegatingMethodAccessorImpl.java:43]
	at java.lang.reflect.Method.invoke[Method.java:616]
	at org.apache.tools.ant.dispatch.DispatchUtils.execute[DispatchUtils.java:106]
	at org.apache.tools.ant.Task.perform[Task.java:348]
	at org.apache.tools.ant.taskdefs.Sequential.execute[Sequential.java:68]
	at org.apache.tools.ant.UnknownElement.execute[UnknownElement.java:291]
	at sun.reflect.NativeMethodAccessorImpl.invoke0[Native Method]
	at sun.reflect.NativeMethodAccessorImpl.invoke[NativeMethodAccessorImpl.java:57]
	at sun.reflect.DelegatingMethodAccessorImpl.invoke[DelegatingMethodAccessorImpl.java:43]
	at java.lang.reflect.Method.invoke[Method.java:616]
	at org.apache.tools.ant.dispatch.DispatchUtils.execute[DispatchUtils.java:106]
	at org.apache.tools.ant.Task.perform[Task.java:348]
	at org.apache.tools.ant.taskdefs.MacroInstance.execute[MacroInstance.java:398]
	at org.apache.tools.ant.UnknownElement.execute[UnknownElement.java:291]
	at sun.reflect.NativeMethodAccessorImpl.invoke0[Native Method]
	at sun.reflect.NativeMethodAccessorImpl.invoke[NativeMethodAccessorImpl.java:57]
	at sun.reflect.DelegatingMethodAccessorImpl.invoke[DelegatingMethodAccessorImpl.java:43]
	at java.lang.reflect.Method.invoke[Method.java:616]
	at org.apache.tools.ant.dispatch.DispatchUtils.execute[DispatchUtils.java:106]
	at org.apache.tools.ant.Task.perform[Task.java:348]
	at org.eclipse.epsilon.workflow.tasks.EUnitTask$TaskCollection.run[EUnitTask.java:69]
	at org.eclipse.epsilon.workflow.tasks.EUnitTask.beforeCase[EUnitTask.java:218]
	at org.eclipse.epsilon.eunit.EUnitModule.fireBeforeCase[EUnitModule.java:507]
	at org.eclipse.epsilon.eunit.EUnitModule.runSuiteInternal[EUnitModule.java:318]
	at org.eclipse.epsilon.eunit.EUnitModule.runSuite[EUnitModule.java:164]
	at org.eclipse.epsilon.eunit.EUnitModule.runInnerTestCase[EUnitModule.java:361]
	at org.eclipse.epsilon.eunit.EUnitModule.runSuiteInternal[EUnitModule.java:339]
	at org.eclipse.epsilon.eunit.EUnitModule.runSuite[EUnitModule.java:164]
	at org.eclipse.epsilon.eunit.EUnitModule.runInnerTestCase[EUnitModule.java:361]
	at org.eclipse.epsilon.eunit.EUnitModule.runSuiteInternal[EUnitModule.java:339]
	at org.eclipse.epsilon.eunit.EUnitModule.runSuite[EUnitModule.java:164]
	at org.eclipse.epsilon.eunit.EUnitModule.execute[EUnitModule.java:136]
	at org.eclipse.epsilon.workflow.tasks.ExecutableModuleTask.executeImpl[ExecutableModuleTask.java:193]
	at org.eclipse.epsilon.workflow.tasks.EpsilonTask.execute[EpsilonTask.java:40]
	at org.apache.tools.ant.UnknownElement.execute[UnknownElement.java:291]
	at sun.reflect.NativeMethodAccessorImpl.invoke0[Native Method]
	at sun.reflect.NativeMethodAccessorImpl.invoke[NativeMethodAccessorImpl.java:57]
	at sun.reflect.DelegatingMethodAccessorImpl.invoke[DelegatingMethodAccessorImpl.java:43]
	at java.lang.reflect.Method.invoke[Method.java:616]
	at org.apache.tools.ant.dispatch.DispatchUtils.execute[DispatchUtils.java:106]
	at org.apache.tools.ant.Task.perform[Task.java:348]
	at org.apache.tools.ant.Target.execute[Target.java:392]
	at org.apache.tools.ant.Target.performTasks[Target.java:413]
	at org.apache.tools.ant.Project.executeSortedTargets[Project.java:1399]
	at org.apache.tools.ant.Project.executeTarget[Project.java:1368]
	at org.apache.tools.ant.helper.DefaultExecutor.executeTargets[DefaultExecutor.java:41]
	at org.eclipse.ant.internal.core.ant.EclipseDefaultExecutor.executeTargets[EclipseDefaultExecutor.java:32]
	at org.apache.tools.ant.Project.executeTargets[Project.java:1251]
	at org.eclipse.ant.internal.core.ant.InternalAntRunner.run[InternalAntRunner.java:672]
	at org.eclipse.ant.internal.core.ant.InternalAntRunner.run[InternalAntRunner.java:498]
	at sun.reflect.NativeMethodAccessorImpl.invoke0[Native Method]
	at sun.reflect.NativeMethodAccessorImpl.invoke[NativeMethodAccessorImpl.java:57]
	at sun.reflect.DelegatingMethodAccessorImpl.invoke[DelegatingMethodAccessorImpl.java:43]
	at java.lang.reflect.Method.invoke[Method.java:616]
	at org.eclipse.ant.core.AntRunner.run[AntRunner.java:378]
	at org.eclipse.ant.internal.launching.launchConfigurations.AntLaunchDelegate$1.run[AntLaunchDelegate.java:298]
	at java.lang.Thread.run[Thread.java:679]

	at org.eclipse.epsilon.workflow.tasks.emf.LoadEmfModel.executeImpl(LoadEmfModel.java:71)
	at org.eclipse.epsilon.workflow.tasks.EpsilonTask.execute(EpsilonTask.java:40)
	at org.apache.tools.ant.UnknownElement.execute(UnknownElement.java:291)
	at sun.reflect.NativeMethodAccessorImpl.invoke0(Native Method)
	at sun.reflect.NativeMethodAccessorImpl.invoke(NativeMethodAccessorImpl.java:57)
	at sun.reflect.DelegatingMethodAccessorImpl.invoke(DelegatingMethodAccessorImpl.java:43)
	at java.lang.reflect.Method.invoke(Method.java:616)
	at org.apache.tools.ant.dispatch.DispatchUtils.execute(DispatchUtils.java:106)
	at org.apache.tools.ant.Task.perform(Task.java:348)
	at org.apache.tools.ant.taskdefs.Sequential.execute(Sequential.java:68)
	at org.apache.tools.ant.UnknownElement.execute(UnknownElement.java:291)
	at sun.reflect.NativeMethodAccessorImpl.invoke0(Native Method)
	at sun.reflect.NativeMethodAccessorImpl.invoke(NativeMethodAccessorImpl.java:57)
	at sun.reflect.DelegatingMethodAccessorImpl.invoke(DelegatingMethodAccessorImpl.java:43)
	at java.lang.reflect.Method.invoke(Method.java:616)
	at org.apache.tools.ant.dispatch.DispatchUtils.execute(DispatchUtils.java:106)
	at org.apache.tools.ant.Task.perform(Task.java:348)
	at org.apache.tools.ant.taskdefs.MacroInstance.execute(MacroInstance.java:398)
	... 44 more
Caused by: Internal error: java.lang.IllegalArgumentException: Could not locate a metamodel with the URI 'www.uca.es/modeling/serviceProcess'. Please ensure that this metamodel has been registered with Epsilon.
	at org.eclipse.epsilon.emc.emf.EmfModel.determinePackagesFrom[EmfModel.java:266]
	at org.eclipse.epsilon.emc.emf.EmfModel.loadModelFromUri[EmfModel.java:214]
	at org.eclipse.epsilon.emc.emf.EmfModel.loadModel[EmfModel.java:161]
	at org.eclipse.epsilon.eol.models.CachedModel.load[CachedModel.java:147]
	at org.eclipse.epsilon.emc.emf.EmfModel.load[EmfModel.java:127]
	at org.eclipse.epsilon.workflow.tasks.emf.LoadEmfModel.executeImpl[LoadEmfModel.java:67]
	at org.eclipse.epsilon.workflow.tasks.EpsilonTask.execute[EpsilonTask.java:40]
	at org.apache.tools.ant.UnknownElement.execute[UnknownElement.java:291]
	at sun.reflect.NativeMethodAccessorImpl.invoke0[Native Method]
	at sun.reflect.NativeMethodAccessorImpl.invoke[NativeMethodAccessorImpl.java:57]
	at sun.reflect.DelegatingMethodAccessorImpl.invoke[DelegatingMethodAccessorImpl.java:43]
	at java.lang.reflect.Method.invoke[Method.java:616]
	at org.apache.tools.ant.dispatch.DispatchUtils.execute[DispatchUtils.java:106]
	at org.apache.tools.ant.Task.perform[Task.java:348]
	at org.apache.tools.ant.taskdefs.Sequential.execute[Sequential.java:68]
	at org.apache.tools.ant.UnknownElement.execute[UnknownElement.java:291]
	at sun.reflect.NativeMethodAccessorImpl.invoke0[Native Method]
	at sun.reflect.NativeMethodAccessorImpl.invoke[NativeMethodAccessorImpl.java:57]
	at sun.reflect.DelegatingMethodAccessorImpl.invoke[DelegatingMethodAccessorImpl.java:43]
	at java.lang.reflect.Method.invoke[Method.java:616]
	at org.apache.tools.ant.dispatch.DispatchUtils.execute[DispatchUtils.java:106]
	at org.apache.tools.ant.Task.perform[Task.java:348]
	at org.apache.tools.ant.taskdefs.MacroInstance.execute[MacroInstance.java:398]
	at org.apache.tools.ant.UnknownElement.execute[UnknownElement.java:291]
	at sun.reflect.NativeMethodAccessorImpl.invoke0[Native Method]
	at sun.reflect.NativeMethodAccessorImpl.invoke[NativeMethodAccessorImpl.java:57]
	at sun.reflect.DelegatingMethodAccessorImpl.invoke[DelegatingMethodAccessorImpl.java:43]
	at java.lang.reflect.Method.invoke[Method.java:616]
	at org.apache.tools.ant.dispatch.DispatchUtils.execute[DispatchUtils.java:106]
	at org.apache.tools.ant.Task.perform[Task.java:348]
	at org.eclipse.epsilon.workflow.tasks.EUnitTask$TaskCollection.run[EUnitTask.java:69]
	at org.eclipse.epsilon.workflow.tasks.EUnitTask.beforeCase[EUnitTask.java:218]
	at org.eclipse.epsilon.eunit.EUnitModule.fireBeforeCase[EUnitModule.java:507]
	at org.eclipse.epsilon.eunit.EUnitModule.runSuiteInternal[EUnitModule.java:318]
	at org.eclipse.epsilon.eunit.EUnitModule.runSuite[EUnitModule.java:164]
	at org.eclipse.epsilon.eunit.EUnitModule.runInnerTestCase[EUnitModule.java:361]
	at org.eclipse.epsilon.eunit.EUnitModule.runSuiteInternal[EUnitModule.java:339]
	at org.eclipse.epsilon.eunit.EUnitModule.runSuite[EUnitModule.java:164]
	at org.eclipse.epsilon.eunit.EUnitModule.runInnerTestCase[EUnitModule.java:361]
	at org.eclipse.epsilon.eunit.EUnitModule.runSuiteInternal[EUnitModule.java:339]
	at org.eclipse.epsilon.eunit.EUnitModule.runSuite[EUnitModule.java:164]
	at org.eclipse.epsilon.eunit.EUnitModule.execute[EUnitModule.java:136]
	at org.eclipse.epsilon.workflow.tasks.ExecutableModuleTask.executeImpl[ExecutableModuleTask.java:193]
	at org.eclipse.epsilon.workflow.tasks.EpsilonTask.execute[EpsilonTask.java:40]
	at org.apache.tools.ant.UnknownElement.execute[UnknownElement.java:291]
	at sun.reflect.NativeMethodAccessorImpl.invoke0[Native Method]
	at sun.reflect.NativeMethodAccessorImpl.invoke[NativeMethodAccessorImpl.java:57]
	at sun.reflect.DelegatingMethodAccessorImpl.invoke[DelegatingMethodAccessorImpl.java:43]
	at java.lang.reflect.Method.invoke[Method.java:616]
	at org.apache.tools.ant.dispatch.DispatchUtils.execute[DispatchUtils.java:106]
	at org.apache.tools.ant.Task.perform[Task.java:348]
	at org.apache.tools.ant.Target.execute[Target.java:392]
	at org.apache.tools.ant.Target.performTasks[Target.java:413]
	at org.apache.tools.ant.Project.executeSortedTargets[Project.java:1399]
	at org.apache.tools.ant.Project.executeTarget[Project.java:1368]
	at org.apache.tools.ant.helper.DefaultExecutor.executeTargets[DefaultExecutor.java:41]
	at org.eclipse.ant.internal.core.ant.EclipseDefaultExecutor.executeTargets[EclipseDefaultExecutor.java:32]
	at org.apache.tools.ant.Project.executeTargets[Project.java:1251]
	at org.eclipse.ant.internal.core.ant.InternalAntRunner.run[InternalAntRunner.java:672]
	at org.eclipse.ant.internal.core.ant.InternalAntRunner.run[InternalAntRunner.java:498]
	at sun.reflect.NativeMethodAccessorImpl.invoke0[Native Method]
	at sun.reflect.NativeMethodAccessorImpl.invoke[NativeMethodAccessorImpl.java:57]
	at sun.reflect.DelegatingMethodAccessorImpl.invoke[DelegatingMethodAccessorImpl.java:43]
	at java.lang.reflect.Method.invoke[Method.java:616]
	at org.eclipse.ant.core.AntRunner.run[AntRunner.java:378]
	at org.eclipse.ant.internal.launching.launchConfigurations.AntLaunchDelegate$1.run[AntLaunchDelegate.java:298]
	at java.lang.Thread.run[Thread.java:679]

	at org.eclipse.epsilon.emc.emf.EmfModel.determinePackagesFrom(EmfModel.java:266)
	at org.eclipse.epsilon.emc.emf.EmfModel.loadModelFromUri(EmfModel.java:214)
	at org.eclipse.epsilon.emc.emf.EmfModel.loadModel(EmfModel.java:161)
	at org.eclipse.epsilon.eol.models.CachedModel.load(CachedModel.java:147)
	at org.eclipse.epsilon.emc.emf.EmfModel.load(EmfModel.java:127)
	at org.eclipse.epsilon.workflow.tasks.emf.LoadEmfModel.executeImpl(LoadEmfModel.java:67)
	... 61 more
Caused by: java.lang.IllegalArgumentException: Could not locate a metamodel with the URI 'www.uca.es/modeling/serviceProcess'. Please ensure that this metamodel has been registered with Epsilon.
	... 67 more
</error></testcase><testcase classname="sodmt.adhoc.eol.tlimits.eunit" name="withInteger[2]" time="0.00700000"><error message="The following error occurred while executing this line:&#10;/home/antonio/Documents/sodmt/workspace-metamodels/es.uca.modeling.eol.tests/eunit.xml:17: Internal error: java.lang.IllegalArgumentException: Could not locate a metamodel with the URI 'www.uca.es/modeling/serviceProcess'. Please ensure that this metamodel has been registered with Epsilon.&#10;&#9;at org.eclipse.epsilon.emc.emf.EmfModel.determinePackagesFrom[EmfModel.java:266]&#10;&#9;at org.eclipse.epsilon.emc.emf.EmfModel.loadModelFromUri[EmfModel.java:214]&#10;&#9;at org.eclipse.epsilon.emc.emf.EmfModel.loadModel[EmfModel.java:161]&#10;&#9;at org.eclipse.epsilon.eol.models.CachedModel.load[CachedModel.java:147]&#10;&#9;at org.eclipse.epsilon.emc.emf.EmfModel.load[EmfModel.java:127]&#10;&#9;at org.eclipse.epsilon.workflow.tasks.emf.LoadEmfModel.executeImpl[LoadEmfModel.java:67]&#10;&#9;at org.eclipse.epsilon.workflow.tasks.EpsilonTask.execute[EpsilonTask.java:40]&#10;&#9;at org.apache.tools.ant.UnknownElement.execute[UnknownElement.java:291]&#10;&#9;at sun.reflect.NativeMethodAccessorImpl.invoke0[Native Method]&#10;&#9;at sun.reflect.NativeMethodAccessorImpl.invoke[NativeMethodAccessorImpl.java:57]&#10;&#9;at sun.reflect.DelegatingMethodAccessorImpl.invoke[DelegatingMethodAccessorImpl.java:43]&#10;&#9;at java.lang.reflect.Method.invoke[Method.java:616]&#10;&#9;at org.apache.tools.ant.dispatch.DispatchUtils.execute[DispatchUtils.java:106]&#10;&#9;at org.apache.tools.ant.Task.perform[Task.java:348]&#10;&#9;at org.apache.tools.ant.taskdefs.Sequential.execute[Sequential.java:68]&#10;&#9;at org.apache.tools.ant.UnknownElement.execute[UnknownElement.java:291]&#10;&#9;at sun.reflect.NativeMethodAccessorImpl.invoke0[Native Method]&#10;&#9;at sun.reflect.NativeMethodAccessorImpl.invoke[NativeMethodAccessorImpl.java:57]&#10;&#9;at sun.reflect.DelegatingMethodAccessorImpl.invoke[DelegatingMethodAccessorImpl.java:43]&#10;&#9;at java.lang.reflect.Method.invoke[Method.java:616]&#10;&#9;at org.apache.tools.ant.dispatch.DispatchUtils.execute[DispatchUtils.java:106]&#10;&#9;at org.apache.tools.ant.Task.perform[Task.java:348]&#10;&#9;at org.apache.tools.ant.taskdefs.MacroInstance.execute[MacroInstance.java:398]&#10;&#9;at org.apache.tools.ant.UnknownElement.execute[UnknownElement.java:291]&#10;&#9;at sun.reflect.NativeMethodAccessorImpl.invoke0[Native Method]&#10;&#9;at sun.reflect.NativeMethodAccessorImpl.invoke[NativeMethodAccessorImpl.java:57]&#10;&#9;at sun.reflect.DelegatingMethodAccessorImpl.invoke[DelegatingMethodAccessorImpl.java:43]&#10;&#9;at java.lang.reflect.Method.invoke[Method.java:616]&#10;&#9;at org.apache.tools.ant.dispatch.DispatchUtils.execute[DispatchUtils.java:106]&#10;&#9;at org.apache.tools.ant.Task.perform[Task.java:348]&#10;&#9;at org.eclipse.epsilon.workflow.tasks.EUnitTask$TaskCollection.run[EUnitTask.java:69]&#10;&#9;at org.eclipse.epsilon.workflow.tasks.EUnitTask.beforeCase[EUnitTask.java:218]&#10;&#9;at org.eclipse.epsilon.eunit.EUnitModule.fireBeforeCase[EUnitModule.java:507]&#10;&#9;at org.eclipse.epsilon.eunit.EUnitModule.runSuiteInternal[EUnitModule.java:318]&#10;&#9;at org.eclipse.epsilon.eunit.EUnitModule.runSuite[EUnitModule.java:164]&#10;&#9;at org.eclipse.epsilon.eunit.EUnitModule.runInnerTestCase[EUnitModule.java:361]&#10;&#9;at org.eclipse.epsilon.eunit.EUnitModule.runSuiteInternal[EUnitModule.java:339]&#10;&#9;at org.eclipse.epsilon.eunit.EUnitModule.runSuite[EUnitModule.java:164]&#10;&#9;at org.eclipse.epsilon.eunit.EUnitModule.runInnerTestCase[EUnitModule.java:361]&#10;&#9;at org.eclipse.epsilon.eunit.EUnitModule.runSuiteInternal[EUnitModule.java:339]&#10;&#9;at org.eclipse.epsilon.eunit.EUnitModule.runSuite[EUnitModule.java:164]&#10;&#9;at org.eclipse.epsilon.eunit.EUnitModule.execute[EUnitModule.java:136]&#10;&#9;at org.eclipse.epsilon.workflow.tasks.ExecutableModuleTask.executeImpl[ExecutableModuleTask.java:193]&#10;&#9;at org.eclipse.epsilon.workflow.tasks.EpsilonTask.execute[EpsilonTask.java:40]&#10;&#9;at org.apache.tools.ant.UnknownElement.execute[UnknownElement.java:291]&#10;&#9;at sun.reflect.NativeMethodAccessorImpl.invoke0[Native Method]&#10;&#9;at sun.reflect.NativeMethodAccessorImpl.invoke[NativeMethodAccessorImpl.java:57]&#10;&#9;at sun.reflect.DelegatingMethodAccessorImpl.invoke[DelegatingMethodAccessorImpl.java:43]&#10;&#9;at java.lang.reflect.Method.invoke[Method.java:616]&#10;&#9;at org.apache.tools.ant.dispatch.DispatchUtils.execute[DispatchUtils.java:106]&#10;&#9;at org.apache.tools.ant.Task.perform[Task.java:348]&#10;&#9;at org.apache.tools.ant.Target.execute[Target.java:392]&#10;&#9;at org.apache.tools.ant.Target.performTasks[Target.java:413]&#10;&#9;at org.apache.tools.ant.Project.executeSortedTargets[Project.java:1399]&#10;&#9;at org.apache.tools.ant.Project.executeTarget[Project.java:1368]&#10;&#9;at org.apache.tools.ant.helper.DefaultExecutor.executeTargets[DefaultExecutor.java:41]&#10;&#9;at org.eclipse.ant.internal.core.ant.EclipseDefaultExecutor.executeTargets[EclipseDefaultExecutor.java:32]&#10;&#9;at org.apache.tools.ant.Project.executeTargets[Project.java:1251]&#10;&#9;at org.eclipse.ant.internal.core.ant.InternalAntRunner.run[InternalAntRunner.java:672]&#10;&#9;at org.eclipse.ant.internal.core.ant.InternalAntRunner.run[InternalAntRunner.java:498]&#10;&#9;at sun.reflect.NativeMethodAccessorImpl.invoke0[Native Method]&#10;&#9;at sun.reflect.NativeMethodAccessorImpl.invoke[NativeMethodAccessorImpl.java:57]&#10;&#9;at sun.reflect.DelegatingMethodAccessorImpl.invoke[DelegatingMethodAccessorImpl.java:43]&#10;&#9;at java.lang.reflect.Method.invoke[Method.java:616]&#10;&#9;at org.eclipse.ant.core.AntRunner.run[AntRunner.java:378]&#10;&#9;at org.eclipse.ant.internal.launching.launchConfigurations.AntLaunchDelegate$1.run[AntLaunchDelegate.java:298]&#10;&#9;at java.lang.Thread.run[Thread.java:679]&#10;" type="org.apache.tools.ant.BuildException">/home/antonio/Documents/sodmt/workspace-metamodels/es.uca.modeling.eol.tests/eunit.xml:34: The following error occurred while executing this line:
/home/antonio/Documents/sodmt/workspace-metamodels/es.uca.modeling.eol.tests/eunit.xml:17: Internal error: java.lang.IllegalArgumentException: Could not locate a metamodel with the URI 'www.uca.es/modeling/serviceProcess'. Please ensure that this metamodel has been registered with Epsilon.
	at org.eclipse.epsilon.emc.emf.EmfModel.determinePackagesFrom[EmfModel.java:266]
	at org.eclipse.epsilon.emc.emf.EmfModel.loadModelFromUri[EmfModel.java:214]
	at org.eclipse.epsilon.emc.emf.EmfModel.loadModel[EmfModel.java:161]
	at org.eclipse.epsilon.eol.models.CachedModel.load[CachedModel.java:147]
	at org.eclipse.epsilon.emc.emf.EmfModel.load[EmfModel.java:127]
	at org.eclipse.epsilon.workflow.tasks.emf.LoadEmfModel.executeImpl[LoadEmfModel.java:67]
	at org.eclipse.epsilon.workflow.tasks.EpsilonTask.execute[EpsilonTask.java:40]
	at org.apache.tools.ant.UnknownElement.execute[UnknownElement.java:291]
	at sun.reflect.NativeMethodAccessorImpl.invoke0[Native Method]
	at sun.reflect.NativeMethodAccessorImpl.invoke[NativeMethodAccessorImpl.java:57]
	at sun.reflect.DelegatingMethodAccessorImpl.invoke[DelegatingMethodAccessorImpl.java:43]
	at java.lang.reflect.Method.invoke[Method.java:616]
	at org.apache.tools.ant.dispatch.DispatchUtils.execute[DispatchUtils.java:106]
	at org.apache.tools.ant.Task.perform[Task.java:348]
	at org.apache.tools.ant.taskdefs.Sequential.execute[Sequential.java:68]
	at org.apache.tools.ant.UnknownElement.execute[UnknownElement.java:291]
	at sun.reflect.NativeMethodAccessorImpl.invoke0[Native Method]
	at sun.reflect.NativeMethodAccessorImpl.invoke[NativeMethodAccessorImpl.java:57]
	at sun.reflect.DelegatingMethodAccessorImpl.invoke[DelegatingMethodAccessorImpl.java:43]
	at java.lang.reflect.Method.invoke[Method.java:616]
	at org.apache.tools.ant.dispatch.DispatchUtils.execute[DispatchUtils.java:106]
	at org.apache.tools.ant.Task.perform[Task.java:348]
	at org.apache.tools.ant.taskdefs.MacroInstance.execute[MacroInstance.java:398]
	at org.apache.tools.ant.UnknownElement.execute[UnknownElement.java:291]
	at sun.reflect.NativeMethodAccessorImpl.invoke0[Native Method]
	at sun.reflect.NativeMethodAccessorImpl.invoke[NativeMethodAccessorImpl.java:57]
	at sun.reflect.DelegatingMethodAccessorImpl.invoke[DelegatingMethodAccessorImpl.java:43]
	at java.lang.reflect.Method.invoke[Method.java:616]
	at org.apache.tools.ant.dispatch.DispatchUtils.execute[DispatchUtils.java:106]
	at org.apache.tools.ant.Task.perform[Task.java:348]
	at org.eclipse.epsilon.workflow.tasks.EUnitTask$TaskCollection.run[EUnitTask.java:69]
	at org.eclipse.epsilon.workflow.tasks.EUnitTask.beforeCase[EUnitTask.java:218]
	at org.eclipse.epsilon.eunit.EUnitModule.fireBeforeCase[EUnitModule.java:507]
	at org.eclipse.epsilon.eunit.EUnitModule.runSuiteInternal[EUnitModule.java:318]
	at org.eclipse.epsilon.eunit.EUnitModule.runSuite[EUnitModule.java:164]
	at org.eclipse.epsilon.eunit.EUnitModule.runInnerTestCase[EUnitModule.java:361]
	at org.eclipse.epsilon.eunit.EUnitModule.runSuiteInternal[EUnitModule.java:339]
	at org.eclipse.epsilon.eunit.EUnitModule.runSuite[EUnitModule.java:164]
	at org.eclipse.epsilon.eunit.EUnitModule.runInnerTestCase[EUnitModule.java:361]
	at org.eclipse.epsilon.eunit.EUnitModule.runSuiteInternal[EUnitModule.java:339]
	at org.eclipse.epsilon.eunit.EUnitModule.runSuite[EUnitModule.java:164]
	at org.eclipse.epsilon.eunit.EUnitModule.execute[EUnitModule.java:136]
	at org.eclipse.epsilon.workflow.tasks.ExecutableModuleTask.executeImpl[ExecutableModuleTask.java:193]
	at org.eclipse.epsilon.workflow.tasks.EpsilonTask.execute[EpsilonTask.java:40]
	at org.apache.tools.ant.UnknownElement.execute[UnknownElement.java:291]
	at sun.reflect.NativeMethodAccessorImpl.invoke0[Native Method]
	at sun.reflect.NativeMethodAccessorImpl.invoke[NativeMethodAccessorImpl.java:57]
	at sun.reflect.DelegatingMethodAccessorImpl.invoke[DelegatingMethodAccessorImpl.java:43]
	at java.lang.reflect.Method.invoke[Method.java:616]
	at org.apache.tools.ant.dispatch.DispatchUtils.execute[DispatchUtils.java:106]
	at org.apache.tools.ant.Task.perform[Task.java:348]
	at org.apache.tools.ant.Target.execute[Target.java:392]
	at org.apache.tools.ant.Target.performTasks[Target.java:413]
	at org.apache.tools.ant.Project.executeSortedTargets[Project.java:1399]
	at org.apache.tools.ant.Project.executeTarget[Project.java:1368]
	at org.apache.tools.ant.helper.DefaultExecutor.executeTargets[DefaultExecutor.java:41]
	at org.eclipse.ant.internal.core.ant.EclipseDefaultExecutor.executeTargets[EclipseDefaultExecutor.java:32]
	at org.apache.tools.ant.Project.executeTargets[Project.java:1251]
	at org.eclipse.ant.internal.core.ant.InternalAntRunner.run[InternalAntRunner.java:672]
	at org.eclipse.ant.internal.core.ant.InternalAntRunner.run[InternalAntRunner.java:498]
	at sun.reflect.NativeMethodAccessorImpl.invoke0[Native Method]
	at sun.reflect.NativeMethodAccessorImpl.invoke[NativeMethodAccessorImpl.java:57]
	at sun.reflect.DelegatingMethodAccessorImpl.invoke[DelegatingMethodAccessorImpl.java:43]
	at java.lang.reflect.Method.invoke[Method.java:616]
	at org.eclipse.ant.core.AntRunner.run[AntRunner.java:378]
	at org.eclipse.ant.internal.launching.launchConfigurations.AntLaunchDelegate$1.run[AntLaunchDelegate.java:298]
	at java.lang.Thread.run[Thread.java:679]

	at org.apache.tools.ant.ProjectHelper.addLocationToBuildException(ProjectHelper.java:551)
	at org.apache.tools.ant.taskdefs.MacroInstance.execute(MacroInstance.java:401)
	at org.apache.tools.ant.UnknownElement.execute(UnknownElement.java:291)
	at sun.reflect.NativeMethodAccessorImpl.invoke0(Native Method)
	at sun.reflect.NativeMethodAccessorImpl.invoke(NativeMethodAccessorImpl.java:57)
	at sun.reflect.DelegatingMethodAccessorImpl.invoke(DelegatingMethodAccessorImpl.java:43)
	at java.lang.reflect.Method.invoke(Method.java:616)
	at org.apache.tools.ant.dispatch.DispatchUtils.execute(DispatchUtils.java:106)
	at org.apache.tools.ant.Task.perform(Task.java:348)
	at org.eclipse.epsilon.workflow.tasks.EUnitTask$TaskCollection.run(EUnitTask.java:69)
	at org.eclipse.epsilon.workflow.tasks.EUnitTask.beforeCase(EUnitTask.java:218)
	at org.eclipse.epsilon.eunit.EUnitModule.fireBeforeCase(EUnitModule.java:507)
	at org.eclipse.epsilon.eunit.EUnitModule.runSuiteInternal(EUnitModule.java:318)
	at org.eclipse.epsilon.eunit.EUnitModule.runSuite(EUnitModule.java:164)
	at org.eclipse.epsilon.eunit.EUnitModule.runInnerTestCase(EUnitModule.java:361)
	at org.eclipse.epsilon.eunit.EUnitModule.runSuiteInternal(EUnitModule.java:339)
	at org.eclipse.epsilon.eunit.EUnitModule.runSuite(EUnitModule.java:164)
	at org.eclipse.epsilon.eunit.EUnitModule.runInnerTestCase(EUnitModule.java:361)
	at org.eclipse.epsilon.eunit.EUnitModule.runSuiteInternal(EUnitModule.java:339)
	at org.eclipse.epsilon.eunit.EUnitModule.runSuite(EUnitModule.java:164)
	at org.eclipse.epsilon.eunit.EUnitModule.execute(EUnitModule.java:136)
	at org.eclipse.epsilon.workflow.tasks.ExecutableModuleTask.executeImpl(ExecutableModuleTask.java:193)
	at org.eclipse.epsilon.workflow.tasks.EpsilonTask.execute(EpsilonTask.java:40)
	at org.apache.tools.ant.UnknownElement.execute(UnknownElement.java:291)
	at sun.reflect.NativeMethodAccessorImpl.invoke0(Native Method)
	at sun.reflect.NativeMethodAccessorImpl.invoke(NativeMethodAccessorImpl.java:57)
	at sun.reflect.DelegatingMethodAccessorImpl.invoke(DelegatingMethodAccessorImpl.java:43)
	at java.lang.reflect.Method.invoke(Method.java:616)
	at org.apache.tools.ant.dispatch.DispatchUtils.execute(DispatchUtils.java:106)
	at org.apache.tools.ant.Task.perform(Task.java:348)
	at org.apache.tools.ant.Target.execute(Target.java:392)
	at org.apache.tools.ant.Target.performTasks(Target.java:413)
	at org.apache.tools.ant.Project.executeSortedTargets(Project.java:1399)
	at org.apache.tools.ant.Project.executeTarget(Project.java:1368)
	at org.apache.tools.ant.helper.DefaultExecutor.executeTargets(DefaultExecutor.java:41)
	at org.eclipse.ant.internal.core.ant.EclipseDefaultExecutor.executeTargets(EclipseDefaultExecutor.java:32)
	at org.apache.tools.ant.Project.executeTargets(Project.java:1251)
	at org.eclipse.ant.internal.core.ant.InternalAntRunner.run(InternalAntRunner.java:672)
	at org.eclipse.ant.internal.core.ant.InternalAntRunner.run(InternalAntRunner.java:498)
	at sun.reflect.NativeMethodAccessorImpl.invoke0(Native Method)
	at sun.reflect.NativeMethodAccessorImpl.invoke(NativeMethodAccessorImpl.java:57)
	at sun.reflect.DelegatingMethodAccessorImpl.invoke(DelegatingMethodAccessorImpl.java:43)
	at java.lang.reflect.Method.invoke(Method.java:616)
	at org.eclipse.ant.core.AntRunner.run(AntRunner.java:378)
	at org.eclipse.ant.internal.launching.launchConfigurations.AntLaunchDelegate$1.run(AntLaunchDelegate.java:298)
	at java.lang.Thread.run(Thread.java:679)
Caused by: /home/antonio/Documents/sodmt/workspace-metamodels/es.uca.modeling.eol.tests/eunit.xml:17: Internal error: java.lang.IllegalArgumentException: Could not locate a metamodel with the URI 'www.uca.es/modeling/serviceProcess'. Please ensure that this metamodel has been registered with Epsilon.
	at org.eclipse.epsilon.emc.emf.EmfModel.determinePackagesFrom[EmfModel.java:266]
	at org.eclipse.epsilon.emc.emf.EmfModel.loadModelFromUri[EmfModel.java:214]
	at org.eclipse.epsilon.emc.emf.EmfModel.loadModel[EmfModel.java:161]
	at org.eclipse.epsilon.eol.models.CachedModel.load[CachedModel.java:147]
	at org.eclipse.epsilon.emc.emf.EmfModel.load[EmfModel.java:127]
	at org.eclipse.epsilon.workflow.tasks.emf.LoadEmfModel.executeImpl[LoadEmfModel.java:67]
	at org.eclipse.epsilon.workflow.tasks.EpsilonTask.execute[EpsilonTask.java:40]
	at org.apache.tools.ant.UnknownElement.execute[UnknownElement.java:291]
	at sun.reflect.NativeMethodAccessorImpl.invoke0[Native Method]
	at sun.reflect.NativeMethodAccessorImpl.invoke[NativeMethodAccessorImpl.java:57]
	at sun.reflect.DelegatingMethodAccessorImpl.invoke[DelegatingMethodAccessorImpl.java:43]
	at java.lang.reflect.Method.invoke[Method.java:616]
	at org.apache.tools.ant.dispatch.DispatchUtils.execute[DispatchUtils.java:106]
	at org.apache.tools.ant.Task.perform[Task.java:348]
	at org.apache.tools.ant.taskdefs.Sequential.execute[Sequential.java:68]
	at org.apache.tools.ant.UnknownElement.execute[UnknownElement.java:291]
	at sun.reflect.NativeMethodAccessorImpl.invoke0[Native Method]
	at sun.reflect.NativeMethodAccessorImpl.invoke[NativeMethodAccessorImpl.java:57]
	at sun.reflect.DelegatingMethodAccessorImpl.invoke[DelegatingMethodAccessorImpl.java:43]
	at java.lang.reflect.Method.invoke[Method.java:616]
	at org.apache.tools.ant.dispatch.DispatchUtils.execute[DispatchUtils.java:106]
	at org.apache.tools.ant.Task.perform[Task.java:348]
	at org.apache.tools.ant.taskdefs.MacroInstance.execute[MacroInstance.java:398]
	at org.apache.tools.ant.UnknownElement.execute[UnknownElement.java:291]
	at sun.reflect.NativeMethodAccessorImpl.invoke0[Native Method]
	at sun.reflect.NativeMethodAccessorImpl.invoke[NativeMethodAccessorImpl.java:57]
	at sun.reflect.DelegatingMethodAccessorImpl.invoke[DelegatingMethodAccessorImpl.java:43]
	at java.lang.reflect.Method.invoke[Method.java:616]
	at org.apache.tools.ant.dispatch.DispatchUtils.execute[DispatchUtils.java:106]
	at org.apache.tools.ant.Task.perform[Task.java:348]
	at org.eclipse.epsilon.workflow.tasks.EUnitTask$TaskCollection.run[EUnitTask.java:69]
	at org.eclipse.epsilon.workflow.tasks.EUnitTask.beforeCase[EUnitTask.java:218]
	at org.eclipse.epsilon.eunit.EUnitModule.fireBeforeCase[EUnitModule.java:507]
	at org.eclipse.epsilon.eunit.EUnitModule.runSuiteInternal[EUnitModule.java:318]
	at org.eclipse.epsilon.eunit.EUnitModule.runSuite[EUnitModule.java:164]
	at org.eclipse.epsilon.eunit.EUnitModule.runInnerTestCase[EUnitModule.java:361]
	at org.eclipse.epsilon.eunit.EUnitModule.runSuiteInternal[EUnitModule.java:339]
	at org.eclipse.epsilon.eunit.EUnitModule.runSuite[EUnitModule.java:164]
	at org.eclipse.epsilon.eunit.EUnitModule.runInnerTestCase[EUnitModule.java:361]
	at org.eclipse.epsilon.eunit.EUnitModule.runSuiteInternal[EUnitModule.java:339]
	at org.eclipse.epsilon.eunit.EUnitModule.runSuite[EUnitModule.java:164]
	at org.eclipse.epsilon.eunit.EUnitModule.execute[EUnitModule.java:136]
	at org.eclipse.epsilon.workflow.tasks.ExecutableModuleTask.executeImpl[ExecutableModuleTask.java:193]
	at org.eclipse.epsilon.workflow.tasks.EpsilonTask.execute[EpsilonTask.java:40]
	at org.apache.tools.ant.UnknownElement.execute[UnknownElement.java:291]
	at sun.reflect.NativeMethodAccessorImpl.invoke0[Native Method]
	at sun.reflect.NativeMethodAccessorImpl.invoke[NativeMethodAccessorImpl.java:57]
	at sun.reflect.DelegatingMethodAccessorImpl.invoke[DelegatingMethodAccessorImpl.java:43]
	at java.lang.reflect.Method.invoke[Method.java:616]
	at org.apache.tools.ant.dispatch.DispatchUtils.execute[DispatchUtils.java:106]
	at org.apache.tools.ant.Task.perform[Task.java:348]
	at org.apache.tools.ant.Target.execute[Target.java:392]
	at org.apache.tools.ant.Target.performTasks[Target.java:413]
	at org.apache.tools.ant.Project.executeSortedTargets[Project.java:1399]
	at org.apache.tools.ant.Project.executeTarget[Project.java:1368]
	at org.apache.tools.ant.helper.DefaultExecutor.executeTargets[DefaultExecutor.java:41]
	at org.eclipse.ant.internal.core.ant.EclipseDefaultExecutor.executeTargets[EclipseDefaultExecutor.java:32]
	at org.apache.tools.ant.Project.executeTargets[Project.java:1251]
	at org.eclipse.ant.internal.core.ant.InternalAntRunner.run[InternalAntRunner.java:672]
	at org.eclipse.ant.internal.core.ant.InternalAntRunner.run[InternalAntRunner.java:498]
	at sun.reflect.NativeMethodAccessorImpl.invoke0[Native Method]
	at sun.reflect.NativeMethodAccessorImpl.invoke[NativeMethodAccessorImpl.java:57]
	at sun.reflect.DelegatingMethodAccessorImpl.invoke[DelegatingMethodAccessorImpl.java:43]
	at java.lang.reflect.Method.invoke[Method.java:616]
	at org.eclipse.ant.core.AntRunner.run[AntRunner.java:378]
	at org.eclipse.ant.internal.launching.launchConfigurations.AntLaunchDelegate$1.run[AntLaunchDelegate.java:298]
	at java.lang.Thread.run[Thread.java:679]

	at org.eclipse.epsilon.workflow.tasks.emf.LoadEmfModel.executeImpl(LoadEmfModel.java:71)
	at org.eclipse.epsilon.workflow.tasks.EpsilonTask.execute(EpsilonTask.java:40)
	at org.apache.tools.ant.UnknownElement.execute(UnknownElement.java:291)
	at sun.reflect.NativeMethodAccessorImpl.invoke0(Native Method)
	at sun.reflect.NativeMethodAccessorImpl.invoke(NativeMethodAccessorImpl.java:57)
	at sun.reflect.DelegatingMethodAccessorImpl.invoke(DelegatingMethodAccessorImpl.java:43)
	at java.lang.reflect.Method.invoke(Method.java:616)
	at org.apache.tools.ant.dispatch.DispatchUtils.execute(DispatchUtils.java:106)
	at org.apache.tools.ant.Task.perform(Task.java:348)
	at org.apache.tools.ant.taskdefs.Sequential.execute(Sequential.java:68)
	at org.apache.tools.ant.UnknownElement.execute(UnknownElement.java:291)
	at sun.reflect.NativeMethodAccessorImpl.invoke0(Native Method)
	at sun.reflect.NativeMethodAccessorImpl.invoke(NativeMethodAccessorImpl.java:57)
	at sun.reflect.DelegatingMethodAccessorImpl.invoke(DelegatingMethodAccessorImpl.java:43)
	at java.lang.reflect.Method.invoke(Method.java:616)
	at org.apache.tools.ant.dispatch.DispatchUtils.execute(DispatchUtils.java:106)
	at org.apache.tools.ant.Task.perform(Task.java:348)
	at org.apache.tools.ant.taskdefs.MacroInstance.execute(MacroInstance.java:398)
	... 44 more
Caused by: Internal error: java.lang.IllegalArgumentException: Could not locate a metamodel with the URI 'www.uca.es/modeling/serviceProcess'. Please ensure that this metamodel has been registered with Epsilon.
	at org.eclipse.epsilon.emc.emf.EmfModel.determinePackagesFrom[EmfModel.java:266]
	at org.eclipse.epsilon.emc.emf.EmfModel.loadModelFromUri[EmfModel.java:214]
	at org.eclipse.epsilon.emc.emf.EmfModel.loadModel[EmfModel.java:161]
	at org.eclipse.epsilon.eol.models.CachedModel.load[CachedModel.java:147]
	at org.eclipse.epsilon.emc.emf.EmfModel.load[EmfModel.java:127]
	at org.eclipse.epsilon.workflow.tasks.emf.LoadEmfModel.executeImpl[LoadEmfModel.java:67]
	at org.eclipse.epsilon.workflow.tasks.EpsilonTask.execute[EpsilonTask.java:40]
	at org.apache.tools.ant.UnknownElement.execute[UnknownElement.java:291]
	at sun.reflect.NativeMethodAccessorImpl.invoke0[Native Method]
	at sun.reflect.NativeMethodAccessorImpl.invoke[NativeMethodAccessorImpl.java:57]
	at sun.reflect.DelegatingMethodAccessorImpl.invoke[DelegatingMethodAccessorImpl.java:43]
	at java.lang.reflect.Method.invoke[Method.java:616]
	at org.apache.tools.ant.dispatch.DispatchUtils.execute[DispatchUtils.java:106]
	at org.apache.tools.ant.Task.perform[Task.java:348]
	at org.apache.tools.ant.taskdefs.Sequential.execute[Sequential.java:68]
	at org.apache.tools.ant.UnknownElement.execute[UnknownElement.java:291]
	at sun.reflect.NativeMethodAccessorImpl.invoke0[Native Method]
	at sun.reflect.NativeMethodAccessorImpl.invoke[NativeMethodAccessorImpl.java:57]
	at sun.reflect.DelegatingMethodAccessorImpl.invoke[DelegatingMethodAccessorImpl.java:43]
	at java.lang.reflect.Method.invoke[Method.java:616]
	at org.apache.tools.ant.dispatch.DispatchUtils.execute[DispatchUtils.java:106]
	at org.apache.tools.ant.Task.perform[Task.java:348]
	at org.apache.tools.ant.taskdefs.MacroInstance.execute[MacroInstance.java:398]
	at org.apache.tools.ant.UnknownElement.execute[UnknownElement.java:291]
	at sun.reflect.NativeMethodAccessorImpl.invoke0[Native Method]
	at sun.reflect.NativeMethodAccessorImpl.invoke[NativeMethodAccessorImpl.java:57]
	at sun.reflect.DelegatingMethodAccessorImpl.invoke[DelegatingMethodAccessorImpl.java:43]
	at java.lang.reflect.Method.invoke[Method.java:616]
	at org.apache.tools.ant.dispatch.DispatchUtils.execute[DispatchUtils.java:106]
	at org.apache.tools.ant.Task.perform[Task.java:348]
	at org.eclipse.epsilon.workflow.tasks.EUnitTask$TaskCollection.run[EUnitTask.java:69]
	at org.eclipse.epsilon.workflow.tasks.EUnitTask.beforeCase[EUnitTask.java:218]
	at org.eclipse.epsilon.eunit.EUnitModule.fireBeforeCase[EUnitModule.java:507]
	at org.eclipse.epsilon.eunit.EUnitModule.runSuiteInternal[EUnitModule.java:318]
	at org.eclipse.epsilon.eunit.EUnitModule.runSuite[EUnitModule.java:164]
	at org.eclipse.epsilon.eunit.EUnitModule.runInnerTestCase[EUnitModule.java:361]
	at org.eclipse.epsilon.eunit.EUnitModule.runSuiteInternal[EUnitModule.java:339]
	at org.eclipse.epsilon.eunit.EUnitModule.runSuite[EUnitModule.java:164]
	at org.eclipse.epsilon.eunit.EUnitModule.runInnerTestCase[EUnitModule.java:361]
	at org.eclipse.epsilon.eunit.EUnitModule.runSuiteInternal[EUnitModule.java:339]
	at org.eclipse.epsilon.eunit.EUnitModule.runSuite[EUnitModule.java:164]
	at org.eclipse.epsilon.eunit.EUnitModule.execute[EUnitModule.java:136]
	at org.eclipse.epsilon.workflow.tasks.ExecutableModuleTask.executeImpl[ExecutableModuleTask.java:193]
	at org.eclipse.epsilon.workflow.tasks.EpsilonTask.execute[EpsilonTask.java:40]
	at org.apache.tools.ant.UnknownElement.execute[UnknownElement.java:291]
	at sun.reflect.NativeMethodAccessorImpl.invoke0[Native Method]
	at sun.reflect.NativeMethodAccessorImpl.invoke[NativeMethodAccessorImpl.java:57]
	at sun.reflect.DelegatingMethodAccessorImpl.invoke[DelegatingMethodAccessorImpl.java:43]
	at java.lang.reflect.Method.invoke[Method.java:616]
	at org.apache.tools.ant.dispatch.DispatchUtils.execute[DispatchUtils.java:106]
	at org.apache.tools.ant.Task.perform[Task.java:348]
	at org.apache.tools.ant.Target.execute[Target.java:392]
	at org.apache.tools.ant.Target.performTasks[Target.java:413]
	at org.apache.tools.ant.Project.executeSortedTargets[Project.java:1399]
	at org.apache.tools.ant.Project.executeTarget[Project.java:1368]
	at org.apache.tools.ant.helper.DefaultExecutor.executeTargets[DefaultExecutor.java:41]
	at org.eclipse.ant.internal.core.ant.EclipseDefaultExecutor.executeTargets[EclipseDefaultExecutor.java:32]
	at org.apache.tools.ant.Project.executeTargets[Project.java:1251]
	at org.eclipse.ant.internal.core.ant.InternalAntRunner.run[InternalAntRunner.java:672]
	at org.eclipse.ant.internal.core.ant.InternalAntRunner.run[InternalAntRunner.java:498]
	at sun.reflect.NativeMethodAccessorImpl.invoke0[Native Method]
	at sun.reflect.NativeMethodAccessorImpl.invoke[NativeMethodAccessorImpl.java:57]
	at sun.reflect.DelegatingMethodAccessorImpl.invoke[DelegatingMethodAccessorImpl.java:43]
	at java.lang.reflect.Method.invoke[Method.java:616]
	at org.eclipse.ant.core.AntRunner.run[AntRunner.java:378]
	at org.eclipse.ant.internal.launching.launchConfigurations.AntLaunchDelegate$1.run[AntLaunchDelegate.java:298]
	at java.lang.Thread.run[Thread.java:679]

	at org.eclipse.epsilon.emc.emf.EmfModel.determinePackagesFrom(EmfModel.java:266)
	at org.eclipse.epsilon.emc.emf.EmfModel.loadModelFromUri(EmfModel.java:214)
	at org.eclipse.epsilon.emc.emf.EmfModel.loadModel(EmfModel.java:161)
	at org.eclipse.epsilon.eol.models.CachedModel.load(CachedModel.java:147)
	at org.eclipse.epsilon.emc.emf.EmfModel.load(EmfModel.java:127)
	at org.eclipse.epsilon.workflow.tasks.emf.LoadEmfModel.executeImpl(LoadEmfModel.java:67)
	... 61 more
Caused by: java.lang.IllegalArgumentException: Could not locate a metamodel with the URI 'www.uca.es/modeling/serviceProcess'. Please ensure that this metamodel has been registered with Epsilon.
	... 67 more
</error></testcase><testcase classname="sodmt.adhoc.eol.tlimits.eunit" name="withInteger[3]" time="0.00500000"><error message="The following error occurred while executing this line:&#10;/home/antonio/Documents/sodmt/workspace-metamodels/es.uca.modeling.eol.tests/eunit.xml:17: Internal error: java.lang.IllegalArgumentException: Could not locate a metamodel with the URI 'www.uca.es/modeling/serviceProcess'. Please ensure that this metamodel has been registered with Epsilon.&#10;&#9;at org.eclipse.epsilon.emc.emf.EmfModel.determinePackagesFrom[EmfModel.java:266]&#10;&#9;at org.eclipse.epsilon.emc.emf.EmfModel.loadModelFromUri[EmfModel.java:214]&#10;&#9;at org.eclipse.epsilon.emc.emf.EmfModel.loadModel[EmfModel.java:161]&#10;&#9;at org.eclipse.epsilon.eol.models.CachedModel.load[CachedModel.java:147]&#10;&#9;at org.eclipse.epsilon.emc.emf.EmfModel.load[EmfModel.java:127]&#10;&#9;at org.eclipse.epsilon.workflow.tasks.emf.LoadEmfModel.executeImpl[LoadEmfModel.java:67]&#10;&#9;at org.eclipse.epsilon.workflow.tasks.EpsilonTask.execute[EpsilonTask.java:40]&#10;&#9;at org.apache.tools.ant.UnknownElement.execute[UnknownElement.java:291]&#10;&#9;at sun.reflect.NativeMethodAccessorImpl.invoke0[Native Method]&#10;&#9;at sun.reflect.NativeMethodAccessorImpl.invoke[NativeMethodAccessorImpl.java:57]&#10;&#9;at sun.reflect.DelegatingMethodAccessorImpl.invoke[DelegatingMethodAccessorImpl.java:43]&#10;&#9;at java.lang.reflect.Method.invoke[Method.java:616]&#10;&#9;at org.apache.tools.ant.dispatch.DispatchUtils.execute[DispatchUtils.java:106]&#10;&#9;at org.apache.tools.ant.Task.perform[Task.java:348]&#10;&#9;at org.apache.tools.ant.taskdefs.Sequential.execute[Sequential.java:68]&#10;&#9;at org.apache.tools.ant.UnknownElement.execute[UnknownElement.java:291]&#10;&#9;at sun.reflect.NativeMethodAccessorImpl.invoke0[Native Method]&#10;&#9;at sun.reflect.NativeMethodAccessorImpl.invoke[NativeMethodAccessorImpl.java:57]&#10;&#9;at sun.reflect.DelegatingMethodAccessorImpl.invoke[DelegatingMethodAccessorImpl.java:43]&#10;&#9;at java.lang.reflect.Method.invoke[Method.java:616]&#10;&#9;at org.apache.tools.ant.dispatch.DispatchUtils.execute[DispatchUtils.java:106]&#10;&#9;at org.apache.tools.ant.Task.perform[Task.java:348]&#10;&#9;at org.apache.tools.ant.taskdefs.MacroInstance.execute[MacroInstance.java:398]&#10;&#9;at org.apache.tools.ant.UnknownElement.execute[UnknownElement.java:291]&#10;&#9;at sun.reflect.NativeMethodAccessorImpl.invoke0[Native Method]&#10;&#9;at sun.reflect.NativeMethodAccessorImpl.invoke[NativeMethodAccessorImpl.java:57]&#10;&#9;at sun.reflect.DelegatingMethodAccessorImpl.invoke[DelegatingMethodAccessorImpl.java:43]&#10;&#9;at java.lang.reflect.Method.invoke[Method.java:616]&#10;&#9;at org.apache.tools.ant.dispatch.DispatchUtils.execute[DispatchUtils.java:106]&#10;&#9;at org.apache.tools.ant.Task.perform[Task.java:348]&#10;&#9;at org.eclipse.epsilon.workflow.tasks.EUnitTask$TaskCollection.run[EUnitTask.java:69]&#10;&#9;at org.eclipse.epsilon.workflow.tasks.EUnitTask.beforeCase[EUnitTask.java:218]&#10;&#9;at org.eclipse.epsilon.eunit.EUnitModule.fireBeforeCase[EUnitModule.java:507]&#10;&#9;at org.eclipse.epsilon.eunit.EUnitModule.runSuiteInternal[EUnitModule.java:318]&#10;&#9;at org.eclipse.epsilon.eunit.EUnitModule.runSuite[EUnitModule.java:164]&#10;&#9;at org.eclipse.epsilon.eunit.EUnitModule.runInnerTestCase[EUnitModule.java:361]&#10;&#9;at org.eclipse.epsilon.eunit.EUnitModule.runSuiteInternal[EUnitModule.java:339]&#10;&#9;at org.eclipse.epsilon.eunit.EUnitModule.runSuite[EUnitModule.java:164]&#10;&#9;at org.eclipse.epsilon.eunit.EUnitModule.runInnerTestCase[EUnitModule.java:361]&#10;&#9;at org.eclipse.epsilon.eunit.EUnitModule.runSuiteInternal[EUnitModule.java:339]&#10;&#9;at org.eclipse.epsilon.eunit.EUnitModule.runSuite[EUnitModule.java:164]&#10;&#9;at org.eclipse.epsilon.eunit.EUnitModule.execute[EUnitModule.java:136]&#10;&#9;at org.eclipse.epsilon.workflow.tasks.ExecutableModuleTask.executeImpl[ExecutableModuleTask.java:193]&#10;&#9;at org.eclipse.epsilon.workflow.tasks.EpsilonTask.execute[EpsilonTask.java:40]&#10;&#9;at org.apache.tools.ant.UnknownElement.execute[UnknownElement.java:291]&#10;&#9;at sun.reflect.NativeMethodAccessorImpl.invoke0[Native Method]&#10;&#9;at sun.reflect.NativeMethodAccessorImpl.invoke[NativeMethodAccessorImpl.java:57]&#10;&#9;at sun.reflect.DelegatingMethodAccessorImpl.invoke[DelegatingMethodAccessorImpl.java:43]&#10;&#9;at java.lang.reflect.Method.invoke[Method.java:616]&#10;&#9;at org.apache.tools.ant.dispatch.DispatchUtils.execute[DispatchUtils.java:106]&#10;&#9;at org.apache.tools.ant.Task.perform[Task.java:348]&#10;&#9;at org.apache.tools.ant.Target.execute[Target.java:392]&#10;&#9;at org.apache.tools.ant.Target.performTasks[Target.java:413]&#10;&#9;at org.apache.tools.ant.Project.executeSortedTargets[Project.java:1399]&#10;&#9;at org.apache.tools.ant.Project.executeTarget[Project.java:1368]&#10;&#9;at org.apache.tools.ant.helper.DefaultExecutor.executeTargets[DefaultExecutor.java:41]&#10;&#9;at org.eclipse.ant.internal.core.ant.EclipseDefaultExecutor.executeTargets[EclipseDefaultExecutor.java:32]&#10;&#9;at org.apache.tools.ant.Project.executeTargets[Project.java:1251]&#10;&#9;at org.eclipse.ant.internal.core.ant.InternalAntRunner.run[InternalAntRunner.java:672]&#10;&#9;at org.eclipse.ant.internal.core.ant.InternalAntRunner.run[InternalAntRunner.java:498]&#10;&#9;at sun.reflect.NativeMethodAccessorImpl.invoke0[Native Method]&#10;&#9;at sun.reflect.NativeMethodAccessorImpl.invoke[NativeMethodAccessorImpl.java:57]&#10;&#9;at sun.reflect.DelegatingMethodAccessorImpl.invoke[DelegatingMethodAccessorImpl.java:43]&#10;&#9;at java.lang.reflect.Method.invoke[Method.java:616]&#10;&#9;at org.eclipse.ant.core.AntRunner.run[AntRunner.java:378]&#10;&#9;at org.eclipse.ant.internal.launching.launchConfigurations.AntLaunchDelegate$1.run[AntLaunchDelegate.java:298]&#10;&#9;at java.lang.Thread.run[Thread.java:679]&#10;" type="org.apache.tools.ant.BuildException">/home/antonio/Documents/sodmt/workspace-metamodels/es.uca.modeling.eol.tests/eunit.xml:34: The following error occurred while executing this line:
/home/antonio/Documents/sodmt/workspace-metamodels/es.uca.modeling.eol.tests/eunit.xml:17: Internal error: java.lang.IllegalArgumentException: Could not locate a metamodel with the URI 'www.uca.es/modeling/serviceProcess'. Please ensure that this metamodel has been registered with Epsilon.
	at org.eclipse.epsilon.emc.emf.EmfModel.determinePackagesFrom[EmfModel.java:266]
	at org.eclipse.epsilon.emc.emf.EmfModel.loadModelFromUri[EmfModel.java:214]
	at org.eclipse.epsilon.emc.emf.EmfModel.loadModel[EmfModel.java:161]
	at org.eclipse.epsilon.eol.models.CachedModel.load[CachedModel.java:147]
	at org.eclipse.epsilon.emc.emf.EmfModel.load[EmfModel.java:127]
	at org.eclipse.epsilon.workflow.tasks.emf.LoadEmfModel.executeImpl[LoadEmfModel.java:67]
	at org.eclipse.epsilon.workflow.tasks.EpsilonTask.execute[EpsilonTask.java:40]
	at org.apache.tools.ant.UnknownElement.execute[UnknownElement.java:291]
	at sun.reflect.NativeMethodAccessorImpl.invoke0[Native Method]
	at sun.reflect.NativeMethodAccessorImpl.invoke[NativeMethodAccessorImpl.java:57]
	at sun.reflect.DelegatingMethodAccessorImpl.invoke[DelegatingMethodAccessorImpl.java:43]
	at java.lang.reflect.Method.invoke[Method.java:616]
	at org.apache.tools.ant.dispatch.DispatchUtils.execute[DispatchUtils.java:106]
	at org.apache.tools.ant.Task.perform[Task.java:348]
	at org.apache.tools.ant.taskdefs.Sequential.execute[Sequential.java:68]
	at org.apache.tools.ant.UnknownElement.execute[UnknownElement.java:291]
	at sun.reflect.NativeMethodAccessorImpl.invoke0[Native Method]
	at sun.reflect.NativeMethodAccessorImpl.invoke[NativeMethodAccessorImpl.java:57]
	at sun.reflect.DelegatingMethodAccessorImpl.invoke[DelegatingMethodAccessorImpl.java:43]
	at java.lang.reflect.Method.invoke[Method.java:616]
	at org.apache.tools.ant.dispatch.DispatchUtils.execute[DispatchUtils.java:106]
	at org.apache.tools.ant.Task.perform[Task.java:348]
	at org.apache.tools.ant.taskdefs.MacroInstance.execute[MacroInstance.java:398]
	at org.apache.tools.ant.UnknownElement.execute[UnknownElement.java:291]
	at sun.reflect.NativeMethodAccessorImpl.invoke0[Native Method]
	at sun.reflect.NativeMethodAccessorImpl.invoke[NativeMethodAccessorImpl.java:57]
	at sun.reflect.DelegatingMethodAccessorImpl.invoke[DelegatingMethodAccessorImpl.java:43]
	at java.lang.reflect.Method.invoke[Method.java:616]
	at org.apache.tools.ant.dispatch.DispatchUtils.execute[DispatchUtils.java:106]
	at org.apache.tools.ant.Task.perform[Task.java:348]
	at org.eclipse.epsilon.workflow.tasks.EUnitTask$TaskCollection.run[EUnitTask.java:69]
	at org.eclipse.epsilon.workflow.tasks.EUnitTask.beforeCase[EUnitTask.java:218]
	at org.eclipse.epsilon.eunit.EUnitModule.fireBeforeCase[EUnitModule.java:507]
	at org.eclipse.epsilon.eunit.EUnitModule.runSuiteInternal[EUnitModule.java:318]
	at org.eclipse.epsilon.eunit.EUnitModule.runSuite[EUnitModule.java:164]
	at org.eclipse.epsilon.eunit.EUnitModule.runInnerTestCase[EUnitModule.java:361]
	at org.eclipse.epsilon.eunit.EUnitModule.runSuiteInternal[EUnitModule.java:339]
	at org.eclipse.epsilon.eunit.EUnitModule.runSuite[EUnitModule.java:164]
	at org.eclipse.epsilon.eunit.EUnitModule.runInnerTestCase[EUnitModule.java:361]
	at org.eclipse.epsilon.eunit.EUnitModule.runSuiteInternal[EUnitModule.java:339]
	at org.eclipse.epsilon.eunit.EUnitModule.runSuite[EUnitModule.java:164]
	at org.eclipse.epsilon.eunit.EUnitModule.execute[EUnitModule.java:136]
	at org.eclipse.epsilon.workflow.tasks.ExecutableModuleTask.executeImpl[ExecutableModuleTask.java:193]
	at org.eclipse.epsilon.workflow.tasks.EpsilonTask.execute[EpsilonTask.java:40]
	at org.apache.tools.ant.UnknownElement.execute[UnknownElement.java:291]
	at sun.reflect.NativeMethodAccessorImpl.invoke0[Native Method]
	at sun.reflect.NativeMethodAccessorImpl.invoke[NativeMethodAccessorImpl.java:57]
	at sun.reflect.DelegatingMethodAccessorImpl.invoke[DelegatingMethodAccessorImpl.java:43]
	at java.lang.reflect.Method.invoke[Method.java:616]
	at org.apache.tools.ant.dispatch.DispatchUtils.execute[DispatchUtils.java:106]
	at org.apache.tools.ant.Task.perform[Task.java:348]
	at org.apache.tools.ant.Target.execute[Target.java:392]
	at org.apache.tools.ant.Target.performTasks[Target.java:413]
	at org.apache.tools.ant.Project.executeSortedTargets[Project.java:1399]
	at org.apache.tools.ant.Project.executeTarget[Project.java:1368]
	at org.apache.tools.ant.helper.DefaultExecutor.executeTargets[DefaultExecutor.java:41]
	at org.eclipse.ant.internal.core.ant.EclipseDefaultExecutor.executeTargets[EclipseDefaultExecutor.java:32]
	at org.apache.tools.ant.Project.executeTargets[Project.java:1251]
	at org.eclipse.ant.internal.core.ant.InternalAntRunner.run[InternalAntRunner.java:672]
	at org.eclipse.ant.internal.core.ant.InternalAntRunner.run[InternalAntRunner.java:498]
	at sun.reflect.NativeMethodAccessorImpl.invoke0[Native Method]
	at sun.reflect.NativeMethodAccessorImpl.invoke[NativeMethodAccessorImpl.java:57]
	at sun.reflect.DelegatingMethodAccessorImpl.invoke[DelegatingMethodAccessorImpl.java:43]
	at java.lang.reflect.Method.invoke[Method.java:616]
	at org.eclipse.ant.core.AntRunner.run[AntRunner.java:378]
	at org.eclipse.ant.internal.launching.launchConfigurations.AntLaunchDelegate$1.run[AntLaunchDelegate.java:298]
	at java.lang.Thread.run[Thread.java:679]

	at org.apache.tools.ant.ProjectHelper.addLocationToBuildException(ProjectHelper.java:551)
	at org.apache.tools.ant.taskdefs.MacroInstance.execute(MacroInstance.java:401)
	at org.apache.tools.ant.UnknownElement.execute(UnknownElement.java:291)
	at sun.reflect.NativeMethodAccessorImpl.invoke0(Native Method)
	at sun.reflect.NativeMethodAccessorImpl.invoke(NativeMethodAccessorImpl.java:57)
	at sun.reflect.DelegatingMethodAccessorImpl.invoke(DelegatingMethodAccessorImpl.java:43)
	at java.lang.reflect.Method.invoke(Method.java:616)
	at org.apache.tools.ant.dispatch.DispatchUtils.execute(DispatchUtils.java:106)
	at org.apache.tools.ant.Task.perform(Task.java:348)
	at org.eclipse.epsilon.workflow.tasks.EUnitTask$TaskCollection.run(EUnitTask.java:69)
	at org.eclipse.epsilon.workflow.tasks.EUnitTask.beforeCase(EUnitTask.java:218)
	at org.eclipse.epsilon.eunit.EUnitModule.fireBeforeCase(EUnitModule.java:507)
	at org.eclipse.epsilon.eunit.EUnitModule.runSuiteInternal(EUnitModule.java:318)
	at org.eclipse.epsilon.eunit.EUnitModule.runSuite(EUnitModule.java:164)
	at org.eclipse.epsilon.eunit.EUnitModule.runInnerTestCase(EUnitModule.java:361)
	at org.eclipse.epsilon.eunit.EUnitModule.runSuiteInternal(EUnitModule.java:339)
	at org.eclipse.epsilon.eunit.EUnitModule.runSuite(EUnitModule.java:164)
	at org.eclipse.epsilon.eunit.EUnitModule.runInnerTestCase(EUnitModule.java:361)
	at org.eclipse.epsilon.eunit.EUnitModule.runSuiteInternal(EUnitModule.java:339)
	at org.eclipse.epsilon.eunit.EUnitModule.runSuite(EUnitModule.java:164)
	at org.eclipse.epsilon.eunit.EUnitModule.execute(EUnitModule.java:136)
	at org.eclipse.epsilon.workflow.tasks.ExecutableModuleTask.executeImpl(ExecutableModuleTask.java:193)
	at org.eclipse.epsilon.workflow.tasks.EpsilonTask.execute(EpsilonTask.java:40)
	at org.apache.tools.ant.UnknownElement.execute(UnknownElement.java:291)
	at sun.reflect.NativeMethodAccessorImpl.invoke0(Native Method)
	at sun.reflect.NativeMethodAccessorImpl.invoke(NativeMethodAccessorImpl.java:57)
	at sun.reflect.DelegatingMethodAccessorImpl.invoke(DelegatingMethodAccessorImpl.java:43)
	at java.lang.reflect.Method.invoke(Method.java:616)
	at org.apache.tools.ant.dispatch.DispatchUtils.execute(DispatchUtils.java:106)
	at org.apache.tools.ant.Task.perform(Task.java:348)
	at org.apache.tools.ant.Target.execute(Target.java:392)
	at org.apache.tools.ant.Target.performTasks(Target.java:413)
	at org.apache.tools.ant.Project.executeSortedTargets(Project.java:1399)
	at org.apache.tools.ant.Project.executeTarget(Project.java:1368)
	at org.apache.tools.ant.helper.DefaultExecutor.executeTargets(DefaultExecutor.java:41)
	at org.eclipse.ant.internal.core.ant.EclipseDefaultExecutor.executeTargets(EclipseDefaultExecutor.java:32)
	at org.apache.tools.ant.Project.executeTargets(Project.java:1251)
	at org.eclipse.ant.internal.core.ant.InternalAntRunner.run(InternalAntRunner.java:672)
	at org.eclipse.ant.internal.core.ant.InternalAntRunner.run(InternalAntRunner.java:498)
	at sun.reflect.NativeMethodAccessorImpl.invoke0(Native Method)
	at sun.reflect.NativeMethodAccessorImpl.invoke(NativeMethodAccessorImpl.java:57)
	at sun.reflect.DelegatingMethodAccessorImpl.invoke(DelegatingMethodAccessorImpl.java:43)
	at java.lang.reflect.Method.invoke(Method.java:616)
	at org.eclipse.ant.core.AntRunner.run(AntRunner.java:378)
	at org.eclipse.ant.internal.launching.launchConfigurations.AntLaunchDelegate$1.run(AntLaunchDelegate.java:298)
	at java.lang.Thread.run(Thread.java:679)
Caused by: /home/antonio/Documents/sodmt/workspace-metamodels/es.uca.modeling.eol.tests/eunit.xml:17: Internal error: java.lang.IllegalArgumentException: Could not locate a metamodel with the URI 'www.uca.es/modeling/serviceProcess'. Please ensure that this metamodel has been registered with Epsilon.
	at org.eclipse.epsilon.emc.emf.EmfModel.determinePackagesFrom[EmfModel.java:266]
	at org.eclipse.epsilon.emc.emf.EmfModel.loadModelFromUri[EmfModel.java:214]
	at org.eclipse.epsilon.emc.emf.EmfModel.loadModel[EmfModel.java:161]
	at org.eclipse.epsilon.eol.models.CachedModel.load[CachedModel.java:147]
	at org.eclipse.epsilon.emc.emf.EmfModel.load[EmfModel.java:127]
	at org.eclipse.epsilon.workflow.tasks.emf.LoadEmfModel.executeImpl[LoadEmfModel.java:67]
	at org.eclipse.epsilon.workflow.tasks.EpsilonTask.execute[EpsilonTask.java:40]
	at org.apache.tools.ant.UnknownElement.execute[UnknownElement.java:291]
	at sun.reflect.NativeMethodAccessorImpl.invoke0[Native Method]
	at sun.reflect.NativeMethodAccessorImpl.invoke[NativeMethodAccessorImpl.java:57]
	at sun.reflect.DelegatingMethodAccessorImpl.invoke[DelegatingMethodAccessorImpl.java:43]
	at java.lang.reflect.Method.invoke[Method.java:616]
	at org.apache.tools.ant.dispatch.DispatchUtils.execute[DispatchUtils.java:106]
	at org.apache.tools.ant.Task.perform[Task.java:348]
	at org.apache.tools.ant.taskdefs.Sequential.execute[Sequential.java:68]
	at org.apache.tools.ant.UnknownElement.execute[UnknownElement.java:291]
	at sun.reflect.NativeMethodAccessorImpl.invoke0[Native Method]
	at sun.reflect.NativeMethodAccessorImpl.invoke[NativeMethodAccessorImpl.java:57]
	at sun.reflect.DelegatingMethodAccessorImpl.invoke[DelegatingMethodAccessorImpl.java:43]
	at java.lang.reflect.Method.invoke[Method.java:616]
	at org.apache.tools.ant.dispatch.DispatchUtils.execute[DispatchUtils.java:106]
	at org.apache.tools.ant.Task.perform[Task.java:348]
	at org.apache.tools.ant.taskdefs.MacroInstance.execute[MacroInstance.java:398]
	at org.apache.tools.ant.UnknownElement.execute[UnknownElement.java:291]
	at sun.reflect.NativeMethodAccessorImpl.invoke0[Native Method]
	at sun.reflect.NativeMethodAccessorImpl.invoke[NativeMethodAccessorImpl.java:57]
	at sun.reflect.DelegatingMethodAccessorImpl.invoke[DelegatingMethodAccessorImpl.java:43]
	at java.lang.reflect.Method.invoke[Method.java:616]
	at org.apache.tools.ant.dispatch.DispatchUtils.execute[DispatchUtils.java:106]
	at org.apache.tools.ant.Task.perform[Task.java:348]
	at org.eclipse.epsilon.workflow.tasks.EUnitTask$TaskCollection.run[EUnitTask.java:69]
	at org.eclipse.epsilon.workflow.tasks.EUnitTask.beforeCase[EUnitTask.java:218]
	at org.eclipse.epsilon.eunit.EUnitModule.fireBeforeCase[EUnitModule.java:507]
	at org.eclipse.epsilon.eunit.EUnitModule.runSuiteInternal[EUnitModule.java:318]
	at org.eclipse.epsilon.eunit.EUnitModule.runSuite[EUnitModule.java:164]
	at org.eclipse.epsilon.eunit.EUnitModule.runInnerTestCase[EUnitModule.java:361]
	at org.eclipse.epsilon.eunit.EUnitModule.runSuiteInternal[EUnitModule.java:339]
	at org.eclipse.epsilon.eunit.EUnitModule.runSuite[EUnitModule.java:164]
	at org.eclipse.epsilon.eunit.EUnitModule.runInnerTestCase[EUnitModule.java:361]
	at org.eclipse.epsilon.eunit.EUnitModule.runSuiteInternal[EUnitModule.java:339]
	at org.eclipse.epsilon.eunit.EUnitModule.runSuite[EUnitModule.java:164]
	at org.eclipse.epsilon.eunit.EUnitModule.execute[EUnitModule.java:136]
	at org.eclipse.epsilon.workflow.tasks.ExecutableModuleTask.executeImpl[ExecutableModuleTask.java:193]
	at org.eclipse.epsilon.workflow.tasks.EpsilonTask.execute[EpsilonTask.java:40]
	at org.apache.tools.ant.UnknownElement.execute[UnknownElement.java:291]
	at sun.reflect.NativeMethodAccessorImpl.invoke0[Native Method]
	at sun.reflect.NativeMethodAccessorImpl.invoke[NativeMethodAccessorImpl.java:57]
	at sun.reflect.DelegatingMethodAccessorImpl.invoke[DelegatingMethodAccessorImpl.java:43]
	at java.lang.reflect.Method.invoke[Method.java:616]
	at org.apache.tools.ant.dispatch.DispatchUtils.execute[DispatchUtils.java:106]
	at org.apache.tools.ant.Task.perform[Task.java:348]
	at org.apache.tools.ant.Target.execute[Target.java:392]
	at org.apache.tools.ant.Target.performTasks[Target.java:413]
	at org.apache.tools.ant.Project.executeSortedTargets[Project.java:1399]
	at org.apache.tools.ant.Project.executeTarget[Project.java:1368]
	at org.apache.tools.ant.helper.DefaultExecutor.executeTargets[DefaultExecutor.java:41]
	at org.eclipse.ant.internal.core.ant.EclipseDefaultExecutor.executeTargets[EclipseDefaultExecutor.java:32]
	at org.apache.tools.ant.Project.executeTargets[Project.java:1251]
	at org.eclipse.ant.internal.core.ant.InternalAntRunner.run[InternalAntRunner.java:672]
	at org.eclipse.ant.internal.core.ant.InternalAntRunner.run[InternalAntRunner.java:498]
	at sun.reflect.NativeMethodAccessorImpl.invoke0[Native Method]
	at sun.reflect.NativeMethodAccessorImpl.invoke[NativeMethodAccessorImpl.java:57]
	at sun.reflect.DelegatingMethodAccessorImpl.invoke[DelegatingMethodAccessorImpl.java:43]
	at java.lang.reflect.Method.invoke[Method.java:616]
	at org.eclipse.ant.core.AntRunner.run[AntRunner.java:378]
	at org.eclipse.ant.internal.launching.launchConfigurations.AntLaunchDelegate$1.run[AntLaunchDelegate.java:298]
	at java.lang.Thread.run[Thread.java:679]

	at org.eclipse.epsilon.workflow.tasks.emf.LoadEmfModel.executeImpl(LoadEmfModel.java:71)
	at org.eclipse.epsilon.workflow.tasks.EpsilonTask.execute(EpsilonTask.java:40)
	at org.apache.tools.ant.UnknownElement.execute(UnknownElement.java:291)
	at sun.reflect.NativeMethodAccessorImpl.invoke0(Native Method)
	at sun.reflect.NativeMethodAccessorImpl.invoke(NativeMethodAccessorImpl.java:57)
	at sun.reflect.DelegatingMethodAccessorImpl.invoke(DelegatingMethodAccessorImpl.java:43)
	at java.lang.reflect.Method.invoke(Method.java:616)
	at org.apache.tools.ant.dispatch.DispatchUtils.execute(DispatchUtils.java:106)
	at org.apache.tools.ant.Task.perform(Task.java:348)
	at org.apache.tools.ant.taskdefs.Sequential.execute(Sequential.java:68)
	at org.apache.tools.ant.UnknownElement.execute(UnknownElement.java:291)
	at sun.reflect.NativeMethodAccessorImpl.invoke0(Native Method)
	at sun.reflect.NativeMethodAccessorImpl.invoke(NativeMethodAccessorImpl.java:57)
	at sun.reflect.DelegatingMethodAccessorImpl.invoke(DelegatingMethodAccessorImpl.java:43)
	at java.lang.reflect.Method.invoke(Method.java:616)
	at org.apache.tools.ant.dispatch.DispatchUtils.execute(DispatchUtils.java:106)
	at org.apache.tools.ant.Task.perform(Task.java:348)
	at org.apache.tools.ant.taskdefs.MacroInstance.execute(MacroInstance.java:398)
	... 44 more
Caused by: Internal error: java.lang.IllegalArgumentException: Could not locate a metamodel with the URI 'www.uca.es/modeling/serviceProcess'. Please ensure that this metamodel has been registered with Epsilon.
	at org.eclipse.epsilon.emc.emf.EmfModel.determinePackagesFrom[EmfModel.java:266]
	at org.eclipse.epsilon.emc.emf.EmfModel.loadModelFromUri[EmfModel.java:214]
	at org.eclipse.epsilon.emc.emf.EmfModel.loadModel[EmfModel.java:161]
	at org.eclipse.epsilon.eol.models.CachedModel.load[CachedModel.java:147]
	at org.eclipse.epsilon.emc.emf.EmfModel.load[EmfModel.java:127]
	at org.eclipse.epsilon.workflow.tasks.emf.LoadEmfModel.executeImpl[LoadEmfModel.java:67]
	at org.eclipse.epsilon.workflow.tasks.EpsilonTask.execute[EpsilonTask.java:40]
	at org.apache.tools.ant.UnknownElement.execute[UnknownElement.java:291]
	at sun.reflect.NativeMethodAccessorImpl.invoke0[Native Method]
	at sun.reflect.NativeMethodAccessorImpl.invoke[NativeMethodAccessorImpl.java:57]
	at sun.reflect.DelegatingMethodAccessorImpl.invoke[DelegatingMethodAccessorImpl.java:43]
	at java.lang.reflect.Method.invoke[Method.java:616]
	at org.apache.tools.ant.dispatch.DispatchUtils.execute[DispatchUtils.java:106]
	at org.apache.tools.ant.Task.perform[Task.java:348]
	at org.apache.tools.ant.taskdefs.Sequential.execute[Sequential.java:68]
	at org.apache.tools.ant.UnknownElement.execute[UnknownElement.java:291]
	at sun.reflect.NativeMethodAccessorImpl.invoke0[Native Method]
	at sun.reflect.NativeMethodAccessorImpl.invoke[NativeMethodAccessorImpl.java:57]
	at sun.reflect.DelegatingMethodAccessorImpl.invoke[DelegatingMethodAccessorImpl.java:43]
	at java.lang.reflect.Method.invoke[Method.java:616]
	at org.apache.tools.ant.dispatch.DispatchUtils.execute[DispatchUtils.java:106]
	at org.apache.tools.ant.Task.perform[Task.java:348]
	at org.apache.tools.ant.taskdefs.MacroInstance.execute[MacroInstance.java:398]
	at org.apache.tools.ant.UnknownElement.execute[UnknownElement.java:291]
	at sun.reflect.NativeMethodAccessorImpl.invoke0[Native Method]
	at sun.reflect.NativeMethodAccessorImpl.invoke[NativeMethodAccessorImpl.java:57]
	at sun.reflect.DelegatingMethodAccessorImpl.invoke[DelegatingMethodAccessorImpl.java:43]
	at java.lang.reflect.Method.invoke[Method.java:616]
	at org.apache.tools.ant.dispatch.DispatchUtils.execute[DispatchUtils.java:106]
	at org.apache.tools.ant.Task.perform[Task.java:348]
	at org.eclipse.epsilon.workflow.tasks.EUnitTask$TaskCollection.run[EUnitTask.java:69]
	at org.eclipse.epsilon.workflow.tasks.EUnitTask.beforeCase[EUnitTask.java:218]
	at org.eclipse.epsilon.eunit.EUnitModule.fireBeforeCase[EUnitModule.java:507]
	at org.eclipse.epsilon.eunit.EUnitModule.runSuiteInternal[EUnitModule.java:318]
	at org.eclipse.epsilon.eunit.EUnitModule.runSuite[EUnitModule.java:164]
	at org.eclipse.epsilon.eunit.EUnitModule.runInnerTestCase[EUnitModule.java:361]
	at org.eclipse.epsilon.eunit.EUnitModule.runSuiteInternal[EUnitModule.java:339]
	at org.eclipse.epsilon.eunit.EUnitModule.runSuite[EUnitModule.java:164]
	at org.eclipse.epsilon.eunit.EUnitModule.runInnerTestCase[EUnitModule.java:361]
	at org.eclipse.epsilon.eunit.EUnitModule.runSuiteInternal[EUnitModule.java:339]
	at org.eclipse.epsilon.eunit.EUnitModule.runSuite[EUnitModule.java:164]
	at org.eclipse.epsilon.eunit.EUnitModule.execute[EUnitModule.java:136]
	at org.eclipse.epsilon.workflow.tasks.ExecutableModuleTask.executeImpl[ExecutableModuleTask.java:193]
	at org.eclipse.epsilon.workflow.tasks.EpsilonTask.execute[EpsilonTask.java:40]
	at org.apache.tools.ant.UnknownElement.execute[UnknownElement.java:291]
	at sun.reflect.NativeMethodAccessorImpl.invoke0[Native Method]
	at sun.reflect.NativeMethodAccessorImpl.invoke[NativeMethodAccessorImpl.java:57]
	at sun.reflect.DelegatingMethodAccessorImpl.invoke[DelegatingMethodAccessorImpl.java:43]
	at java.lang.reflect.Method.invoke[Method.java:616]
	at org.apache.tools.ant.dispatch.DispatchUtils.execute[DispatchUtils.java:106]
	at org.apache.tools.ant.Task.perform[Task.java:348]
	at org.apache.tools.ant.Target.execute[Target.java:392]
	at org.apache.tools.ant.Target.performTasks[Target.java:413]
	at org.apache.tools.ant.Project.executeSortedTargets[Project.java:1399]
	at org.apache.tools.ant.Project.executeTarget[Project.java:1368]
	at org.apache.tools.ant.helper.DefaultExecutor.executeTargets[DefaultExecutor.java:41]
	at org.eclipse.ant.internal.core.ant.EclipseDefaultExecutor.executeTargets[EclipseDefaultExecutor.java:32]
	at org.apache.tools.ant.Project.executeTargets[Project.java:1251]
	at org.eclipse.ant.internal.core.ant.InternalAntRunner.run[InternalAntRunner.java:672]
	at org.eclipse.ant.internal.core.ant.InternalAntRunner.run[InternalAntRunner.java:498]
	at sun.reflect.NativeMethodAccessorImpl.invoke0[Native Method]
	at sun.reflect.NativeMethodAccessorImpl.invoke[NativeMethodAccessorImpl.java:57]
	at sun.reflect.DelegatingMethodAccessorImpl.invoke[DelegatingMethodAccessorImpl.java:43]
	at java.lang.reflect.Method.invoke[Method.java:616]
	at org.eclipse.ant.core.AntRunner.run[AntRunner.java:378]
	at org.eclipse.ant.internal.launching.launchConfigurations.AntLaunchDelegate$1.run[AntLaunchDelegate.java:298]
	at java.lang.Thread.run[Thread.java:679]

	at org.eclipse.epsilon.emc.emf.EmfModel.determinePackagesFrom(EmfModel.java:266)
	at org.eclipse.epsilon.emc.emf.EmfModel.loadModelFromUri(EmfModel.java:214)
	at org.eclipse.epsilon.emc.emf.EmfModel.loadModel(EmfModel.java:161)
	at org.eclipse.epsilon.eol.models.CachedModel.load(CachedModel.java:147)
	at org.eclipse.epsilon.emc.emf.EmfModel.load(EmfModel.java:127)
	at org.eclipse.epsilon.workflow.tasks.emf.LoadEmfModel.executeImpl(LoadEmfModel.java:67)
	... 61 more
Caused by: java.lang.IllegalArgumentException: Could not locate a metamodel with the URI 'www.uca.es/modeling/serviceProcess'. Please ensure that this metamodel has been registered with Epsilon.
	... 67 more
</error></testcase><testcase classname="sodmt.adhoc.eol.tlimits.eunit" name="withInteger[4]" time="0.00600000"><error message="The following error occurred while executing this line:&#10;/home/antonio/Documents/sodmt/workspace-metamodels/es.uca.modeling.eol.tests/eunit.xml:17: Internal error: java.lang.IllegalArgumentException: Could not locate a metamodel with the URI 'www.uca.es/modeling/serviceProcess'. Please ensure that this metamodel has been registered with Epsilon.&#10;&#9;at org.eclipse.epsilon.emc.emf.EmfModel.determinePackagesFrom[EmfModel.java:266]&#10;&#9;at org.eclipse.epsilon.emc.emf.EmfModel.loadModelFromUri[EmfModel.java:214]&#10;&#9;at org.eclipse.epsilon.emc.emf.EmfModel.loadModel[EmfModel.java:161]&#10;&#9;at org.eclipse.epsilon.eol.models.CachedModel.load[CachedModel.java:147]&#10;&#9;at org.eclipse.epsilon.emc.emf.EmfModel.load[EmfModel.java:127]&#10;&#9;at org.eclipse.epsilon.workflow.tasks.emf.LoadEmfModel.executeImpl[LoadEmfModel.java:67]&#10;&#9;at org.eclipse.epsilon.workflow.tasks.EpsilonTask.execute[EpsilonTask.java:40]&#10;&#9;at org.apache.tools.ant.UnknownElement.execute[UnknownElement.java:291]&#10;&#9;at sun.reflect.GeneratedMethodAccessor101.invoke[Unknown Source]&#10;&#9;at sun.reflect.DelegatingMethodAccessorImpl.invoke[DelegatingMethodAccessorImpl.java:43]&#10;&#9;at java.lang.reflect.Method.invoke[Method.java:616]&#10;&#9;at org.apache.tools.ant.dispatch.DispatchUtils.execute[DispatchUtils.java:106]&#10;&#9;at org.apache.tools.ant.Task.perform[Task.java:348]&#10;&#9;at org.apache.tools.ant.taskdefs.Sequential.execute[Sequential.java:68]&#10;&#9;at org.apache.tools.ant.UnknownElement.execute[UnknownElement.java:291]&#10;&#9;at sun.reflect.GeneratedMethodAccessor101.invoke[Unknown Source]&#10;&#9;at sun.reflect.DelegatingMethodAccessorImpl.invoke[DelegatingMethodAccessorImpl.java:43]&#10;&#9;at java.lang.reflect.Method.invoke[Method.java:616]&#10;&#9;at org.apache.tools.ant.dispatch.DispatchUtils.execute[DispatchUtils.java:106]&#10;&#9;at org.apache.tools.ant.Task.perform[Task.java:348]&#10;&#9;at org.apache.tools.ant.taskdefs.MacroInstance.execute[MacroInstance.java:398]&#10;&#9;at org.apache.tools.ant.UnknownElement.execute[UnknownElement.java:291]&#10;&#9;at sun.reflect.NativeMethodAccessorImpl.invoke0[Native Method]&#10;&#9;at sun.reflect.NativeMethodAccessorImpl.invoke[NativeMethodAccessorImpl.java:57]&#10;&#9;at sun.reflect.DelegatingMethodAccessorImpl.invoke[DelegatingMethodAccessorImpl.java:43]&#10;&#9;at java.lang.reflect.Method.invoke[Method.java:616]&#10;&#9;at org.apache.tools.ant.dispatch.DispatchUtils.execute[DispatchUtils.java:106]&#10;&#9;at org.apache.tools.ant.Task.perform[Task.java:348]&#10;&#9;at org.eclipse.epsilon.workflow.tasks.EUnitTask$TaskCollection.run[EUnitTask.java:69]&#10;&#9;at org.eclipse.epsilon.workflow.tasks.EUnitTask.beforeCase[EUnitTask.java:218]&#10;&#9;at org.eclipse.epsilon.eunit.EUnitModule.fireBeforeCase[EUnitModule.java:507]&#10;&#9;at org.eclipse.epsilon.eunit.EUnitModule.runSuiteInternal[EUnitModule.java:318]&#10;&#9;at org.eclipse.epsilon.eunit.EUnitModule.runSuite[EUnitModule.java:164]&#10;&#9;at org.eclipse.epsilon.eunit.EUnitModule.runInnerTestCase[EUnitModule.java:361]&#10;&#9;at org.eclipse.epsilon.eunit.EUnitModule.runSuiteInternal[EUnitModule.java:339]&#10;&#9;at org.eclipse.epsilon.eunit.EUnitModule.runSuite[EUnitModule.java:164]&#10;&#9;at org.eclipse.epsilon.eunit.EUnitModule.runInnerTestCase[EUnitModule.java:361]&#10;&#9;at org.eclipse.epsilon.eunit.EUnitModule.runSuiteInternal[EUnitModule.java:339]&#10;&#9;at org.eclipse.epsilon.eunit.EUnitModule.runSuite[EUnitModule.java:164]&#10;&#9;at org.eclipse.epsilon.eunit.EUnitModule.execute[EUnitModule.java:136]&#10;&#9;at org.eclipse.epsilon.workflow.tasks.ExecutableModuleTask.executeImpl[ExecutableModuleTask.java:193]&#10;&#9;at org.eclipse.epsilon.workflow.tasks.EpsilonTask.execute[EpsilonTask.java:40]&#10;&#9;at org.apache.tools.ant.UnknownElement.execute[UnknownElement.java:291]&#10;&#9;at sun.reflect.NativeMethodAccessorImpl.invoke0[Native Method]&#10;&#9;at sun.reflect.NativeMethodAccessorImpl.invoke[NativeMethodAccessorImpl.java:57]&#10;&#9;at sun.reflect.DelegatingMethodAccessorImpl.invoke[DelegatingMethodAccessorImpl.java:43]&#10;&#9;at java.lang.reflect.Method.invoke[Method.java:616]&#10;&#9;at org.apache.tools.ant.dispatch.DispatchUtils.execute[DispatchUtils.java:106]&#10;&#9;at org.apache.tools.ant.Task.perform[Task.java:348]&#10;&#9;at org.apache.tools.ant.Target.execute[Target.java:392]&#10;&#9;at org.apache.tools.ant.Target.performTasks[Target.java:413]&#10;&#9;at org.apache.tools.ant.Project.executeSortedTargets[Project.java:1399]&#10;&#9;at org.apache.tools.ant.Project.executeTarget[Project.java:1368]&#10;&#9;at org.apache.tools.ant.helper.DefaultExecutor.executeTargets[DefaultExecutor.java:41]&#10;&#9;at org.eclipse.ant.internal.core.ant.EclipseDefaultExecutor.executeTargets[EclipseDefaultExecutor.java:32]&#10;&#9;at org.apache.tools.ant.Project.executeTargets[Project.java:1251]&#10;&#9;at org.eclipse.ant.internal.core.ant.InternalAntRunner.run[InternalAntRunner.java:672]&#10;&#9;at org.eclipse.ant.internal.core.ant.InternalAntRunner.run[InternalAntRunner.java:498]&#10;&#9;at sun.reflect.NativeMethodAccessorImpl.invoke0[Native Method]&#10;&#9;at sun.reflect.NativeMethodAccessorImpl.invoke[NativeMethodAccessorImpl.java:57]&#10;&#9;at sun.reflect.DelegatingMethodAccessorImpl.invoke[DelegatingMethodAccessorImpl.java:43]&#10;&#9;at java.lang.reflect.Method.invoke[Method.java:616]&#10;&#9;at org.eclipse.ant.core.AntRunner.run[AntRunner.java:378]&#10;&#9;at org.eclipse.ant.internal.launching.launchConfigurations.AntLaunchDelegate$1.run[AntLaunchDelegate.java:298]&#10;&#9;at java.lang.Thread.run[Thread.java:679]&#10;" type="org.apache.tools.ant.BuildException">/home/antonio/Documents/sodmt/workspace-metamodels/es.uca.modeling.eol.tests/eunit.xml:34: The following error occurred while executing this line:
/home/antonio/Documents/sodmt/workspace-metamodels/es.uca.modeling.eol.tests/eunit.xml:17: Internal error: java.lang.IllegalArgumentException: Could not locate a metamodel with the URI 'www.uca.es/modeling/serviceProcess'. Please ensure that this metamodel has been registered with Epsilon.
	at org.eclipse.epsilon.emc.emf.EmfModel.determinePackagesFrom[EmfModel.java:266]
	at org.eclipse.epsilon.emc.emf.EmfModel.loadModelFromUri[EmfModel.java:214]
	at org.eclipse.epsilon.emc.emf.EmfModel.loadModel[EmfModel.java:161]
	at org.eclipse.epsilon.eol.models.CachedModel.load[CachedModel.java:147]
	at org.eclipse.epsilon.emc.emf.EmfModel.load[EmfModel.java:127]
	at org.eclipse.epsilon.workflow.tasks.emf.LoadEmfModel.executeImpl[LoadEmfModel.java:67]
	at org.eclipse.epsilon.workflow.tasks.EpsilonTask.execute[EpsilonTask.java:40]
	at org.apache.tools.ant.UnknownElement.execute[UnknownElement.java:291]
	at sun.reflect.GeneratedMethodAccessor101.invoke[Unknown Source]
	at sun.reflect.DelegatingMethodAccessorImpl.invoke[DelegatingMethodAccessorImpl.java:43]
	at java.lang.reflect.Method.invoke[Method.java:616]
	at org.apache.tools.ant.dispatch.DispatchUtils.execute[DispatchUtils.java:106]
	at org.apache.tools.ant.Task.perform[Task.java:348]
	at org.apache.tools.ant.taskdefs.Sequential.execute[Sequential.java:68]
	at org.apache.tools.ant.UnknownElement.execute[UnknownElement.java:291]
	at sun.reflect.GeneratedMethodAccessor101.invoke[Unknown Source]
	at sun.reflect.DelegatingMethodAccessorImpl.invoke[DelegatingMethodAccessorImpl.java:43]
	at java.lang.reflect.Method.invoke[Method.java:616]
	at org.apache.tools.ant.dispatch.DispatchUtils.execute[DispatchUtils.java:106]
	at org.apache.tools.ant.Task.perform[Task.java:348]
	at org.apache.tools.ant.taskdefs.MacroInstance.execute[MacroInstance.java:398]
	at org.apache.tools.ant.UnknownElement.execute[UnknownElement.java:291]
	at sun.reflect.NativeMethodAccessorImpl.invoke0[Native Method]
	at sun.reflect.NativeMethodAccessorImpl.invoke[NativeMethodAccessorImpl.java:57]
	at sun.reflect.DelegatingMethodAccessorImpl.invoke[DelegatingMethodAccessorImpl.java:43]
	at java.lang.reflect.Method.invoke[Method.java:616]
	at org.apache.tools.ant.dispatch.DispatchUtils.execute[DispatchUtils.java:106]
	at org.apache.tools.ant.Task.perform[Task.java:348]
	at org.eclipse.epsilon.workflow.tasks.EUnitTask$TaskCollection.run[EUnitTask.java:69]
	at org.eclipse.epsilon.workflow.tasks.EUnitTask.beforeCase[EUnitTask.java:218]
	at org.eclipse.epsilon.eunit.EUnitModule.fireBeforeCase[EUnitModule.java:507]
	at org.eclipse.epsilon.eunit.EUnitModule.runSuiteInternal[EUnitModule.java:318]
	at org.eclipse.epsilon.eunit.EUnitModule.runSuite[EUnitModule.java:164]
	at org.eclipse.epsilon.eunit.EUnitModule.runInnerTestCase[EUnitModule.java:361]
	at org.eclipse.epsilon.eunit.EUnitModule.runSuiteInternal[EUnitModule.java:339]
	at org.eclipse.epsilon.eunit.EUnitModule.runSuite[EUnitModule.java:164]
	at org.eclipse.epsilon.eunit.EUnitModule.runInnerTestCase[EUnitModule.java:361]
	at org.eclipse.epsilon.eunit.EUnitModule.runSuiteInternal[EUnitModule.java:339]
	at org.eclipse.epsilon.eunit.EUnitModule.runSuite[EUnitModule.java:164]
	at org.eclipse.epsilon.eunit.EUnitModule.execute[EUnitModule.java:136]
	at org.eclipse.epsilon.workflow.tasks.ExecutableModuleTask.executeImpl[ExecutableModuleTask.java:193]
	at org.eclipse.epsilon.workflow.tasks.EpsilonTask.execute[EpsilonTask.java:40]
	at org.apache.tools.ant.UnknownElement.execute[UnknownElement.java:291]
	at sun.reflect.NativeMethodAccessorImpl.invoke0[Native Method]
	at sun.reflect.NativeMethodAccessorImpl.invoke[NativeMethodAccessorImpl.java:57]
	at sun.reflect.DelegatingMethodAccessorImpl.invoke[DelegatingMethodAccessorImpl.java:43]
	at java.lang.reflect.Method.invoke[Method.java:616]
	at org.apache.tools.ant.dispatch.DispatchUtils.execute[DispatchUtils.java:106]
	at org.apache.tools.ant.Task.perform[Task.java:348]
	at org.apache.tools.ant.Target.execute[Target.java:392]
	at org.apache.tools.ant.Target.performTasks[Target.java:413]
	at org.apache.tools.ant.Project.executeSortedTargets[Project.java:1399]
	at org.apache.tools.ant.Project.executeTarget[Project.java:1368]
	at org.apache.tools.ant.helper.DefaultExecutor.executeTargets[DefaultExecutor.java:41]
	at org.eclipse.ant.internal.core.ant.EclipseDefaultExecutor.executeTargets[EclipseDefaultExecutor.java:32]
	at org.apache.tools.ant.Project.executeTargets[Project.java:1251]
	at org.eclipse.ant.internal.core.ant.InternalAntRunner.run[InternalAntRunner.java:672]
	at org.eclipse.ant.internal.core.ant.InternalAntRunner.run[InternalAntRunner.java:498]
	at sun.reflect.NativeMethodAccessorImpl.invoke0[Native Method]
	at sun.reflect.NativeMethodAccessorImpl.invoke[NativeMethodAccessorImpl.java:57]
	at sun.reflect.DelegatingMethodAccessorImpl.invoke[DelegatingMethodAccessorImpl.java:43]
	at java.lang.reflect.Method.invoke[Method.java:616]
	at org.eclipse.ant.core.AntRunner.run[AntRunner.java:378]
	at org.eclipse.ant.internal.launching.launchConfigurations.AntLaunchDelegate$1.run[AntLaunchDelegate.java:298]
	at java.lang.Thread.run[Thread.java:679]

	at org.apache.tools.ant.ProjectHelper.addLocationToBuildException(ProjectHelper.java:551)
	at org.apache.tools.ant.taskdefs.MacroInstance.execute(MacroInstance.java:401)
	at org.apache.tools.ant.UnknownElement.execute(UnknownElement.java:291)
	at sun.reflect.NativeMethodAccessorImpl.invoke0(Native Method)
	at sun.reflect.NativeMethodAccessorImpl.invoke(NativeMethodAccessorImpl.java:57)
	at sun.reflect.DelegatingMethodAccessorImpl.invoke(DelegatingMethodAccessorImpl.java:43)
	at java.lang.reflect.Method.invoke(Method.java:616)
	at org.apache.tools.ant.dispatch.DispatchUtils.execute(DispatchUtils.java:106)
	at org.apache.tools.ant.Task.perform(Task.java:348)
	at org.eclipse.epsilon.workflow.tasks.EUnitTask$TaskCollection.run(EUnitTask.java:69)
	at org.eclipse.epsilon.workflow.tasks.EUnitTask.beforeCase(EUnitTask.java:218)
	at org.eclipse.epsilon.eunit.EUnitModule.fireBeforeCase(EUnitModule.java:507)
	at org.eclipse.epsilon.eunit.EUnitModule.runSuiteInternal(EUnitModule.java:318)
	at org.eclipse.epsilon.eunit.EUnitModule.runSuite(EUnitModule.java:164)
	at org.eclipse.epsilon.eunit.EUnitModule.runInnerTestCase(EUnitModule.java:361)
	at org.eclipse.epsilon.eunit.EUnitModule.runSuiteInternal(EUnitModule.java:339)
	at org.eclipse.epsilon.eunit.EUnitModule.runSuite(EUnitModule.java:164)
	at org.eclipse.epsilon.eunit.EUnitModule.runInnerTestCase(EUnitModule.java:361)
	at org.eclipse.epsilon.eunit.EUnitModule.runSuiteInternal(EUnitModule.java:339)
	at org.eclipse.epsilon.eunit.EUnitModule.runSuite(EUnitModule.java:164)
	at org.eclipse.epsilon.eunit.EUnitModule.execute(EUnitModule.java:136)
	at org.eclipse.epsilon.workflow.tasks.ExecutableModuleTask.executeImpl(ExecutableModuleTask.java:193)
	at org.eclipse.epsilon.workflow.tasks.EpsilonTask.execute(EpsilonTask.java:40)
	at org.apache.tools.ant.UnknownElement.execute(UnknownElement.java:291)
	at sun.reflect.NativeMethodAccessorImpl.invoke0(Native Method)
	at sun.reflect.NativeMethodAccessorImpl.invoke(NativeMethodAccessorImpl.java:57)
	at sun.reflect.DelegatingMethodAccessorImpl.invoke(DelegatingMethodAccessorImpl.java:43)
	at java.lang.reflect.Method.invoke(Method.java:616)
	at org.apache.tools.ant.dispatch.DispatchUtils.execute(DispatchUtils.java:106)
	at org.apache.tools.ant.Task.perform(Task.java:348)
	at org.apache.tools.ant.Target.execute(Target.java:392)
	at org.apache.tools.ant.Target.performTasks(Target.java:413)
	at org.apache.tools.ant.Project.executeSortedTargets(Project.java:1399)
	at org.apache.tools.ant.Project.executeTarget(Project.java:1368)
	at org.apache.tools.ant.helper.DefaultExecutor.executeTargets(DefaultExecutor.java:41)
	at org.eclipse.ant.internal.core.ant.EclipseDefaultExecutor.executeTargets(EclipseDefaultExecutor.java:32)
	at org.apache.tools.ant.Project.executeTargets(Project.java:1251)
	at org.eclipse.ant.internal.core.ant.InternalAntRunner.run(InternalAntRunner.java:672)
	at org.eclipse.ant.internal.core.ant.InternalAntRunner.run(InternalAntRunner.java:498)
	at sun.reflect.NativeMethodAccessorImpl.invoke0(Native Method)
	at sun.reflect.NativeMethodAccessorImpl.invoke(NativeMethodAccessorImpl.java:57)
	at sun.reflect.DelegatingMethodAccessorImpl.invoke(DelegatingMethodAccessorImpl.java:43)
	at java.lang.reflect.Method.invoke(Method.java:616)
	at org.eclipse.ant.core.AntRunner.run(AntRunner.java:378)
	at org.eclipse.ant.internal.launching.launchConfigurations.AntLaunchDelegate$1.run(AntLaunchDelegate.java:298)
	at java.lang.Thread.run(Thread.java:679)
Caused by: /home/antonio/Documents/sodmt/workspace-metamodels/es.uca.modeling.eol.tests/eunit.xml:17: Internal error: java.lang.IllegalArgumentException: Could not locate a metamodel with the URI 'www.uca.es/modeling/serviceProcess'. Please ensure that this metamodel has been registered with Epsilon.
	at org.eclipse.epsilon.emc.emf.EmfModel.determinePackagesFrom[EmfModel.java:266]
	at org.eclipse.epsilon.emc.emf.EmfModel.loadModelFromUri[EmfModel.java:214]
	at org.eclipse.epsilon.emc.emf.EmfModel.loadModel[EmfModel.java:161]
	at org.eclipse.epsilon.eol.models.CachedModel.load[CachedModel.java:147]
	at org.eclipse.epsilon.emc.emf.EmfModel.load[EmfModel.java:127]
	at org.eclipse.epsilon.workflow.tasks.emf.LoadEmfModel.executeImpl[LoadEmfModel.java:67]
	at org.eclipse.epsilon.workflow.tasks.EpsilonTask.execute[EpsilonTask.java:40]
	at org.apache.tools.ant.UnknownElement.execute[UnknownElement.java:291]
	at sun.reflect.GeneratedMethodAccessor101.invoke[Unknown Source]
	at sun.reflect.DelegatingMethodAccessorImpl.invoke[DelegatingMethodAccessorImpl.java:43]
	at java.lang.reflect.Method.invoke[Method.java:616]
	at org.apache.tools.ant.dispatch.DispatchUtils.execute[DispatchUtils.java:106]
	at org.apache.tools.ant.Task.perform[Task.java:348]
	at org.apache.tools.ant.taskdefs.Sequential.execute[Sequential.java:68]
	at org.apache.tools.ant.UnknownElement.execute[UnknownElement.java:291]
	at sun.reflect.GeneratedMethodAccessor101.invoke[Unknown Source]
	at sun.reflect.DelegatingMethodAccessorImpl.invoke[DelegatingMethodAccessorImpl.java:43]
	at java.lang.reflect.Method.invoke[Method.java:616]
	at org.apache.tools.ant.dispatch.DispatchUtils.execute[DispatchUtils.java:106]
	at org.apache.tools.ant.Task.perform[Task.java:348]
	at org.apache.tools.ant.taskdefs.MacroInstance.execute[MacroInstance.java:398]
	at org.apache.tools.ant.UnknownElement.execute[UnknownElement.java:291]
	at sun.reflect.NativeMethodAccessorImpl.invoke0[Native Method]
	at sun.reflect.NativeMethodAccessorImpl.invoke[NativeMethodAccessorImpl.java:57]
	at sun.reflect.DelegatingMethodAccessorImpl.invoke[DelegatingMethodAccessorImpl.java:43]
	at java.lang.reflect.Method.invoke[Method.java:616]
	at org.apache.tools.ant.dispatch.DispatchUtils.execute[DispatchUtils.java:106]
	at org.apache.tools.ant.Task.perform[Task.java:348]
	at org.eclipse.epsilon.workflow.tasks.EUnitTask$TaskCollection.run[EUnitTask.java:69]
	at org.eclipse.epsilon.workflow.tasks.EUnitTask.beforeCase[EUnitTask.java:218]
	at org.eclipse.epsilon.eunit.EUnitModule.fireBeforeCase[EUnitModule.java:507]
	at org.eclipse.epsilon.eunit.EUnitModule.runSuiteInternal[EUnitModule.java:318]
	at org.eclipse.epsilon.eunit.EUnitModule.runSuite[EUnitModule.java:164]
	at org.eclipse.epsilon.eunit.EUnitModule.runInnerTestCase[EUnitModule.java:361]
	at org.eclipse.epsilon.eunit.EUnitModule.runSuiteInternal[EUnitModule.java:339]
	at org.eclipse.epsilon.eunit.EUnitModule.runSuite[EUnitModule.java:164]
	at org.eclipse.epsilon.eunit.EUnitModule.runInnerTestCase[EUnitModule.java:361]
	at org.eclipse.epsilon.eunit.EUnitModule.runSuiteInternal[EUnitModule.java:339]
	at org.eclipse.epsilon.eunit.EUnitModule.runSuite[EUnitModule.java:164]
	at org.eclipse.epsilon.eunit.EUnitModule.execute[EUnitModule.java:136]
	at org.eclipse.epsilon.workflow.tasks.ExecutableModuleTask.executeImpl[ExecutableModuleTask.java:193]
	at org.eclipse.epsilon.workflow.tasks.EpsilonTask.execute[EpsilonTask.java:40]
	at org.apache.tools.ant.UnknownElement.execute[UnknownElement.java:291]
	at sun.reflect.NativeMethodAccessorImpl.invoke0[Native Method]
	at sun.reflect.NativeMethodAccessorImpl.invoke[NativeMethodAccessorImpl.java:57]
	at sun.reflect.DelegatingMethodAccessorImpl.invoke[DelegatingMethodAccessorImpl.java:43]
	at java.lang.reflect.Method.invoke[Method.java:616]
	at org.apache.tools.ant.dispatch.DispatchUtils.execute[DispatchUtils.java:106]
	at org.apache.tools.ant.Task.perform[Task.java:348]
	at org.apache.tools.ant.Target.execute[Target.java:392]
	at org.apache.tools.ant.Target.performTasks[Target.java:413]
	at org.apache.tools.ant.Project.executeSortedTargets[Project.java:1399]
	at org.apache.tools.ant.Project.executeTarget[Project.java:1368]
	at org.apache.tools.ant.helper.DefaultExecutor.executeTargets[DefaultExecutor.java:41]
	at org.eclipse.ant.internal.core.ant.EclipseDefaultExecutor.executeTargets[EclipseDefaultExecutor.java:32]
	at org.apache.tools.ant.Project.executeTargets[Project.java:1251]
	at org.eclipse.ant.internal.core.ant.InternalAntRunner.run[InternalAntRunner.java:672]
	at org.eclipse.ant.internal.core.ant.InternalAntRunner.run[InternalAntRunner.java:498]
	at sun.reflect.NativeMethodAccessorImpl.invoke0[Native Method]
	at sun.reflect.NativeMethodAccessorImpl.invoke[NativeMethodAccessorImpl.java:57]
	at sun.reflect.DelegatingMethodAccessorImpl.invoke[DelegatingMethodAccessorImpl.java:43]
	at java.lang.reflect.Method.invoke[Method.java:616]
	at org.eclipse.ant.core.AntRunner.run[AntRunner.java:378]
	at org.eclipse.ant.internal.launching.launchConfigurations.AntLaunchDelegate$1.run[AntLaunchDelegate.java:298]
	at java.lang.Thread.run[Thread.java:679]

	at org.eclipse.epsilon.workflow.tasks.emf.LoadEmfModel.executeImpl(LoadEmfModel.java:71)
	at org.eclipse.epsilon.workflow.tasks.EpsilonTask.execute(EpsilonTask.java:40)
	at org.apache.tools.ant.UnknownElement.execute(UnknownElement.java:291)
	at sun.reflect.GeneratedMethodAccessor101.invoke(Unknown Source)
	at sun.reflect.DelegatingMethodAccessorImpl.invoke(DelegatingMethodAccessorImpl.java:43)
	at java.lang.reflect.Method.invoke(Method.java:616)
	at org.apache.tools.ant.dispatch.DispatchUtils.execute(DispatchUtils.java:106)
	at org.apache.tools.ant.Task.perform(Task.java:348)
	at org.apache.tools.ant.taskdefs.Sequential.execute(Sequential.java:68)
	at org.apache.tools.ant.UnknownElement.execute(UnknownElement.java:291)
	at sun.reflect.GeneratedMethodAccessor101.invoke(Unknown Source)
	at sun.reflect.DelegatingMethodAccessorImpl.invoke(DelegatingMethodAccessorImpl.java:43)
	at java.lang.reflect.Method.invoke(Method.java:616)
	at org.apache.tools.ant.dispatch.DispatchUtils.execute(DispatchUtils.java:106)
	at org.apache.tools.ant.Task.perform(Task.java:348)
	at org.apache.tools.ant.taskdefs.MacroInstance.execute(MacroInstance.java:398)
	... 44 more
Caused by: Internal error: java.lang.IllegalArgumentException: Could not locate a metamodel with the URI 'www.uca.es/modeling/serviceProcess'. Please ensure that this metamodel has been registered with Epsilon.
	at org.eclipse.epsilon.emc.emf.EmfModel.determinePackagesFrom[EmfModel.java:266]
	at org.eclipse.epsilon.emc.emf.EmfModel.loadModelFromUri[EmfModel.java:214]
	at org.eclipse.epsilon.emc.emf.EmfModel.loadModel[EmfModel.java:161]
	at org.eclipse.epsilon.eol.models.CachedModel.load[CachedModel.java:147]
	at org.eclipse.epsilon.emc.emf.EmfModel.load[EmfModel.java:127]
	at org.eclipse.epsilon.workflow.tasks.emf.LoadEmfModel.executeImpl[LoadEmfModel.java:67]
	at org.eclipse.epsilon.workflow.tasks.EpsilonTask.execute[EpsilonTask.java:40]
	at org.apache.tools.ant.UnknownElement.execute[UnknownElement.java:291]
	at sun.reflect.GeneratedMethodAccessor101.invoke[Unknown Source]
	at sun.reflect.DelegatingMethodAccessorImpl.invoke[DelegatingMethodAccessorImpl.java:43]
	at java.lang.reflect.Method.invoke[Method.java:616]
	at org.apache.tools.ant.dispatch.DispatchUtils.execute[DispatchUtils.java:106]
	at org.apache.tools.ant.Task.perform[Task.java:348]
	at org.apache.tools.ant.taskdefs.Sequential.execute[Sequential.java:68]
	at org.apache.tools.ant.UnknownElement.execute[UnknownElement.java:291]
	at sun.reflect.GeneratedMethodAccessor101.invoke[Unknown Source]
	at sun.reflect.DelegatingMethodAccessorImpl.invoke[DelegatingMethodAccessorImpl.java:43]
	at java.lang.reflect.Method.invoke[Method.java:616]
	at org.apache.tools.ant.dispatch.DispatchUtils.execute[DispatchUtils.java:106]
	at org.apache.tools.ant.Task.perform[Task.java:348]
	at org.apache.tools.ant.taskdefs.MacroInstance.execute[MacroInstance.java:398]
	at org.apache.tools.ant.UnknownElement.execute[UnknownElement.java:291]
	at sun.reflect.NativeMethodAccessorImpl.invoke0[Native Method]
	at sun.reflect.NativeMethodAccessorImpl.invoke[NativeMethodAccessorImpl.java:57]
	at sun.reflect.DelegatingMethodAccessorImpl.invoke[DelegatingMethodAccessorImpl.java:43]
	at java.lang.reflect.Method.invoke[Method.java:616]
	at org.apache.tools.ant.dispatch.DispatchUtils.execute[DispatchUtils.java:106]
	at org.apache.tools.ant.Task.perform[Task.java:348]
	at org.eclipse.epsilon.workflow.tasks.EUnitTask$TaskCollection.run[EUnitTask.java:69]
	at org.eclipse.epsilon.workflow.tasks.EUnitTask.beforeCase[EUnitTask.java:218]
	at org.eclipse.epsilon.eunit.EUnitModule.fireBeforeCase[EUnitModule.java:507]
	at org.eclipse.epsilon.eunit.EUnitModule.runSuiteInternal[EUnitModule.java:318]
	at org.eclipse.epsilon.eunit.EUnitModule.runSuite[EUnitModule.java:164]
	at org.eclipse.epsilon.eunit.EUnitModule.runInnerTestCase[EUnitModule.java:361]
	at org.eclipse.epsilon.eunit.EUnitModule.runSuiteInternal[EUnitModule.java:339]
	at org.eclipse.epsilon.eunit.EUnitModule.runSuite[EUnitModule.java:164]
	at org.eclipse.epsilon.eunit.EUnitModule.runInnerTestCase[EUnitModule.java:361]
	at org.eclipse.epsilon.eunit.EUnitModule.runSuiteInternal[EUnitModule.java:339]
	at org.eclipse.epsilon.eunit.EUnitModule.runSuite[EUnitModule.java:164]
	at org.eclipse.epsilon.eunit.EUnitModule.execute[EUnitModule.java:136]
	at org.eclipse.epsilon.workflow.tasks.ExecutableModuleTask.executeImpl[ExecutableModuleTask.java:193]
	at org.eclipse.epsilon.workflow.tasks.EpsilonTask.execute[EpsilonTask.java:40]
	at org.apache.tools.ant.UnknownElement.execute[UnknownElement.java:291]
	at sun.reflect.NativeMethodAccessorImpl.invoke0[Native Method]
	at sun.reflect.NativeMethodAccessorImpl.invoke[NativeMethodAccessorImpl.java:57]
	at sun.reflect.DelegatingMethodAccessorImpl.invoke[DelegatingMethodAccessorImpl.java:43]
	at java.lang.reflect.Method.invoke[Method.java:616]
	at org.apache.tools.ant.dispatch.DispatchUtils.execute[DispatchUtils.java:106]
	at org.apache.tools.ant.Task.perform[Task.java:348]
	at org.apache.tools.ant.Target.execute[Target.java:392]
	at org.apache.tools.ant.Target.performTasks[Target.java:413]
	at org.apache.tools.ant.Project.executeSortedTargets[Project.java:1399]
	at org.apache.tools.ant.Project.executeTarget[Project.java:1368]
	at org.apache.tools.ant.helper.DefaultExecutor.executeTargets[DefaultExecutor.java:41]
	at org.eclipse.ant.internal.core.ant.EclipseDefaultExecutor.executeTargets[EclipseDefaultExecutor.java:32]
	at org.apache.tools.ant.Project.executeTargets[Project.java:1251]
	at org.eclipse.ant.internal.core.ant.InternalAntRunner.run[InternalAntRunner.java:672]
	at org.eclipse.ant.internal.core.ant.InternalAntRunner.run[InternalAntRunner.java:498]
	at sun.reflect.NativeMethodAccessorImpl.invoke0[Native Method]
	at sun.reflect.NativeMethodAccessorImpl.invoke[NativeMethodAccessorImpl.java:57]
	at sun.reflect.DelegatingMethodAccessorImpl.invoke[DelegatingMethodAccessorImpl.java:43]
	at java.lang.reflect.Method.invoke[Method.java:616]
	at org.eclipse.ant.core.AntRunner.run[AntRunner.java:378]
	at org.eclipse.ant.internal.launching.launchConfigurations.AntLaunchDelegate$1.run[AntLaunchDelegate.java:298]
	at java.lang.Thread.run[Thread.java:679]

	at org.eclipse.epsilon.emc.emf.EmfModel.determinePackagesFrom(EmfModel.java:266)
	at org.eclipse.epsilon.emc.emf.EmfModel.loadModelFromUri(EmfModel.java:214)
	at org.eclipse.epsilon.emc.emf.EmfModel.loadModel(EmfModel.java:161)
	at org.eclipse.epsilon.eol.models.CachedModel.load(CachedModel.java:147)
	at org.eclipse.epsilon.emc.emf.EmfModel.load(EmfModel.java:127)
	at org.eclipse.epsilon.workflow.tasks.emf.LoadEmfModel.executeImpl(LoadEmfModel.java:67)
	... 59 more
Caused by: java.lang.IllegalArgumentException: Could not locate a metamodel with the URI 'www.uca.es/modeling/serviceProcess'. Please ensure that this metamodel has been registered with Epsilon.
	... 65 more
</error></testcase><testcase classname="sodmt.adhoc.eol.tlimits.eunit" name="withInteger[5]" time="0.00400000"><error message="The following error occurred while executing this line:&#10;/home/antonio/Documents/sodmt/workspace-metamodels/es.uca.modeling.eol.tests/eunit.xml:17: Internal error: java.lang.IllegalArgumentException: Could not locate a metamodel with the URI 'www.uca.es/modeling/serviceProcess'. Please ensure that this metamodel has been registered with Epsilon.&#10;&#9;at org.eclipse.epsilon.emc.emf.EmfModel.determinePackagesFrom[EmfModel.java:266]&#10;&#9;at org.eclipse.epsilon.emc.emf.EmfModel.loadModelFromUri[EmfModel.java:214]&#10;&#9;at org.eclipse.epsilon.emc.emf.EmfModel.loadModel[EmfModel.java:161]&#10;&#9;at org.eclipse.epsilon.eol.models.CachedModel.load[CachedModel.java:147]&#10;&#9;at org.eclipse.epsilon.emc.emf.EmfModel.load[EmfModel.java:127]&#10;&#9;at org.eclipse.epsilon.workflow.tasks.emf.LoadEmfModel.executeImpl[LoadEmfModel.java:67]&#10;&#9;at org.eclipse.epsilon.workflow.tasks.EpsilonTask.execute[EpsilonTask.java:40]&#10;&#9;at org.apache.tools.ant.UnknownElement.execute[UnknownElement.java:291]&#10;&#9;at sun.reflect.GeneratedMethodAccessor101.invoke[Unknown Source]&#10;&#9;at sun.reflect.DelegatingMethodAccessorImpl.invoke[DelegatingMethodAccessorImpl.java:43]&#10;&#9;at java.lang.reflect.Method.invoke[Method.java:616]&#10;&#9;at org.apache.tools.ant.dispatch.DispatchUtils.execute[DispatchUtils.java:106]&#10;&#9;at org.apache.tools.ant.Task.perform[Task.java:348]&#10;&#9;at org.apache.tools.ant.taskdefs.Sequential.execute[Sequential.java:68]&#10;&#9;at org.apache.tools.ant.UnknownElement.execute[UnknownElement.java:291]&#10;&#9;at sun.reflect.GeneratedMethodAccessor101.invoke[Unknown Source]&#10;&#9;at sun.reflect.DelegatingMethodAccessorImpl.invoke[DelegatingMethodAccessorImpl.java:43]&#10;&#9;at java.lang.reflect.Method.invoke[Method.java:616]&#10;&#9;at org.apache.tools.ant.dispatch.DispatchUtils.execute[DispatchUtils.java:106]&#10;&#9;at org.apache.tools.ant.Task.perform[Task.java:348]&#10;&#9;at org.apache.tools.ant.taskdefs.MacroInstance.execute[MacroInstance.java:398]&#10;&#9;at org.apache.tools.ant.UnknownElement.execute[UnknownElement.java:291]&#10;&#9;at sun.reflect.GeneratedMethodAccessor101.invoke[Unknown Source]&#10;&#9;at sun.reflect.DelegatingMethodAccessorImpl.invoke[DelegatingMethodAccessorImpl.java:43]&#10;&#9;at java.lang.reflect.Method.invoke[Method.java:616]&#10;&#9;at org.apache.tools.ant.dispatch.DispatchUtils.execute[DispatchUtils.java:106]&#10;&#9;at org.apache.tools.ant.Task.perform[Task.java:348]&#10;&#9;at org.eclipse.epsilon.workflow.tasks.EUnitTask$TaskCollection.run[EUnitTask.java:69]&#10;&#9;at org.eclipse.epsilon.workflow.tasks.EUnitTask.beforeCase[EUnitTask.java:218]&#10;&#9;at org.eclipse.epsilon.eunit.EUnitModule.fireBeforeCase[EUnitModule.java:507]&#10;&#9;at org.eclipse.epsilon.eunit.EUnitModule.runSuiteInternal[EUnitModule.java:318]&#10;&#9;at org.eclipse.epsilon.eunit.EUnitModule.runSuite[EUnitModule.java:164]&#10;&#9;at org.eclipse.epsilon.eunit.EUnitModule.runInnerTestCase[EUnitModule.java:361]&#10;&#9;at org.eclipse.epsilon.eunit.EUnitModule.runSuiteInternal[EUnitModule.java:339]&#10;&#9;at org.eclipse.epsilon.eunit.EUnitModule.runSuite[EUnitModule.java:164]&#10;&#9;at org.eclipse.epsilon.eunit.EUnitModule.runInnerTestCase[EUnitModule.java:361]&#10;&#9;at org.eclipse.epsilon.eunit.EUnitModule.runSuiteInternal[EUnitModule.java:339]&#10;&#9;at org.eclipse.epsilon.eunit.EUnitModule.runSuite[EUnitModule.java:164]&#10;&#9;at org.eclipse.epsilon.eunit.EUnitModule.execute[EUnitModule.java:136]&#10;&#9;at org.eclipse.epsilon.workflow.tasks.ExecutableModuleTask.executeImpl[ExecutableModuleTask.java:193]&#10;&#9;at org.eclipse.epsilon.workflow.tasks.EpsilonTask.execute[EpsilonTask.java:40]&#10;&#9;at org.apache.tools.ant.UnknownElement.execute[UnknownElement.java:291]&#10;&#9;at sun.reflect.NativeMethodAccessorImpl.invoke0[Native Method]&#10;&#9;at sun.reflect.NativeMethodAccessorImpl.invoke[NativeMethodAccessorImpl.java:57]&#10;&#9;at sun.reflect.DelegatingMethodAccessorImpl.invoke[DelegatingMethodAccessorImpl.java:43]&#10;&#9;at java.lang.reflect.Method.invoke[Method.java:616]&#10;&#9;at org.apache.tools.ant.dispatch.DispatchUtils.execute[DispatchUtils.java:106]&#10;&#9;at org.apache.tools.ant.Task.perform[Task.java:348]&#10;&#9;at org.apache.tools.ant.Target.execute[Target.java:392]&#10;&#9;at org.apache.tools.ant.Target.performTasks[Target.java:413]&#10;&#9;at org.apache.tools.ant.Project.executeSortedTargets[Project.java:1399]&#10;&#9;at org.apache.tools.ant.Project.executeTarget[Project.java:1368]&#10;&#9;at org.apache.tools.ant.helper.DefaultExecutor.executeTargets[DefaultExecutor.java:41]&#10;&#9;at org.eclipse.ant.internal.core.ant.EclipseDefaultExecutor.executeTargets[EclipseDefaultExecutor.java:32]&#10;&#9;at org.apache.tools.ant.Project.executeTargets[Project.java:1251]&#10;&#9;at org.eclipse.ant.internal.core.ant.InternalAntRunner.run[InternalAntRunner.java:672]&#10;&#9;at org.eclipse.ant.internal.core.ant.InternalAntRunner.run[InternalAntRunner.java:498]&#10;&#9;at sun.reflect.NativeMethodAccessorImpl.invoke0[Native Method]&#10;&#9;at sun.reflect.NativeMethodAccessorImpl.invoke[NativeMethodAccessorImpl.java:57]&#10;&#9;at sun.reflect.DelegatingMethodAccessorImpl.invoke[DelegatingMethodAccessorImpl.java:43]&#10;&#9;at java.lang.reflect.Method.invoke[Method.java:616]&#10;&#9;at org.eclipse.ant.core.AntRunner.run[AntRunner.java:378]&#10;&#9;at org.eclipse.ant.internal.launching.launchConfigurations.AntLaunchDelegate$1.run[AntLaunchDelegate.java:298]&#10;&#9;at java.lang.Thread.run[Thread.java:679]&#10;" type="org.apache.tools.ant.BuildException">/home/antonio/Documents/sodmt/workspace-metamodels/es.uca.modeling.eol.tests/eunit.xml:34: The following error occurred while executing this line:
/home/antonio/Documents/sodmt/workspace-metamodels/es.uca.modeling.eol.tests/eunit.xml:17: Internal error: java.lang.IllegalArgumentException: Could not locate a metamodel with the URI 'www.uca.es/modeling/serviceProcess'. Please ensure that this metamodel has been registered with Epsilon.
	at org.eclipse.epsilon.emc.emf.EmfModel.determinePackagesFrom[EmfModel.java:266]
	at org.eclipse.epsilon.emc.emf.EmfModel.loadModelFromUri[EmfModel.java:214]
	at org.eclipse.epsilon.emc.emf.EmfModel.loadModel[EmfModel.java:161]
	at org.eclipse.epsilon.eol.models.CachedModel.load[CachedModel.java:147]
	at org.eclipse.epsilon.emc.emf.EmfModel.load[EmfModel.java:127]
	at org.eclipse.epsilon.workflow.tasks.emf.LoadEmfModel.executeImpl[LoadEmfModel.java:67]
	at org.eclipse.epsilon.workflow.tasks.EpsilonTask.execute[EpsilonTask.java:40]
	at org.apache.tools.ant.UnknownElement.execute[UnknownElement.java:291]
	at sun.reflect.GeneratedMethodAccessor101.invoke[Unknown Source]
	at sun.reflect.DelegatingMethodAccessorImpl.invoke[DelegatingMethodAccessorImpl.java:43]
	at java.lang.reflect.Method.invoke[Method.java:616]
	at org.apache.tools.ant.dispatch.DispatchUtils.execute[DispatchUtils.java:106]
	at org.apache.tools.ant.Task.perform[Task.java:348]
	at org.apache.tools.ant.taskdefs.Sequential.execute[Sequential.java:68]
	at org.apache.tools.ant.UnknownElement.execute[UnknownElement.java:291]
	at sun.reflect.GeneratedMethodAccessor101.invoke[Unknown Source]
	at sun.reflect.DelegatingMethodAccessorImpl.invoke[DelegatingMethodAccessorImpl.java:43]
	at java.lang.reflect.Method.invoke[Method.java:616]
	at org.apache.tools.ant.dispatch.DispatchUtils.execute[DispatchUtils.java:106]
	at org.apache.tools.ant.Task.perform[Task.java:348]
	at org.apache.tools.ant.taskdefs.MacroInstance.execute[MacroInstance.java:398]
	at org.apache.tools.ant.UnknownElement.execute[UnknownElement.java:291]
	at sun.reflect.GeneratedMethodAccessor101.invoke[Unknown Source]
	at sun.reflect.DelegatingMethodAccessorImpl.invoke[DelegatingMethodAccessorImpl.java:43]
	at java.lang.reflect.Method.invoke[Method.java:616]
	at org.apache.tools.ant.dispatch.DispatchUtils.execute[DispatchUtils.java:106]
	at org.apache.tools.ant.Task.perform[Task.java:348]
	at org.eclipse.epsilon.workflow.tasks.EUnitTask$TaskCollection.run[EUnitTask.java:69]
	at org.eclipse.epsilon.workflow.tasks.EUnitTask.beforeCase[EUnitTask.java:218]
	at org.eclipse.epsilon.eunit.EUnitModule.fireBeforeCase[EUnitModule.java:507]
	at org.eclipse.epsilon.eunit.EUnitModule.runSuiteInternal[EUnitModule.java:318]
	at org.eclipse.epsilon.eunit.EUnitModule.runSuite[EUnitModule.java:164]
	at org.eclipse.epsilon.eunit.EUnitModule.runInnerTestCase[EUnitModule.java:361]
	at org.eclipse.epsilon.eunit.EUnitModule.runSuiteInternal[EUnitModule.java:339]
	at org.eclipse.epsilon.eunit.EUnitModule.runSuite[EUnitModule.java:164]
	at org.eclipse.epsilon.eunit.EUnitModule.runInnerTestCase[EUnitModule.java:361]
	at org.eclipse.epsilon.eunit.EUnitModule.runSuiteInternal[EUnitModule.java:339]
	at org.eclipse.epsilon.eunit.EUnitModule.runSuite[EUnitModule.java:164]
	at org.eclipse.epsilon.eunit.EUnitModule.execute[EUnitModule.java:136]
	at org.eclipse.epsilon.workflow.tasks.ExecutableModuleTask.executeImpl[ExecutableModuleTask.java:193]
	at org.eclipse.epsilon.workflow.tasks.EpsilonTask.execute[EpsilonTask.java:40]
	at org.apache.tools.ant.UnknownElement.execute[UnknownElement.java:291]
	at sun.reflect.NativeMethodAccessorImpl.invoke0[Native Method]
	at sun.reflect.NativeMethodAccessorImpl.invoke[NativeMethodAccessorImpl.java:57]
	at sun.reflect.DelegatingMethodAccessorImpl.invoke[DelegatingMethodAccessorImpl.java:43]
	at java.lang.reflect.Method.invoke[Method.java:616]
	at org.apache.tools.ant.dispatch.DispatchUtils.execute[DispatchUtils.java:106]
	at org.apache.tools.ant.Task.perform[Task.java:348]
	at org.apache.tools.ant.Target.execute[Target.java:392]
	at org.apache.tools.ant.Target.performTasks[Target.java:413]
	at org.apache.tools.ant.Project.executeSortedTargets[Project.java:1399]
	at org.apache.tools.ant.Project.executeTarget[Project.java:1368]
	at org.apache.tools.ant.helper.DefaultExecutor.executeTargets[DefaultExecutor.java:41]
	at org.eclipse.ant.internal.core.ant.EclipseDefaultExecutor.executeTargets[EclipseDefaultExecutor.java:32]
	at org.apache.tools.ant.Project.executeTargets[Project.java:1251]
	at org.eclipse.ant.internal.core.ant.InternalAntRunner.run[InternalAntRunner.java:672]
	at org.eclipse.ant.internal.core.ant.InternalAntRunner.run[InternalAntRunner.java:498]
	at sun.reflect.NativeMethodAccessorImpl.invoke0[Native Method]
	at sun.reflect.NativeMethodAccessorImpl.invoke[NativeMethodAccessorImpl.java:57]
	at sun.reflect.DelegatingMethodAccessorImpl.invoke[DelegatingMethodAccessorImpl.java:43]
	at java.lang.reflect.Method.invoke[Method.java:616]
	at org.eclipse.ant.core.AntRunner.run[AntRunner.java:378]
	at org.eclipse.ant.internal.launching.launchConfigurations.AntLaunchDelegate$1.run[AntLaunchDelegate.java:298]
	at java.lang.Thread.run[Thread.java:679]

	at org.apache.tools.ant.ProjectHelper.addLocationToBuildException(ProjectHelper.java:551)
	at org.apache.tools.ant.taskdefs.MacroInstance.execute(MacroInstance.java:401)
	at org.apache.tools.ant.UnknownElement.execute(UnknownElement.java:291)
	at sun.reflect.GeneratedMethodAccessor101.invoke(Unknown Source)
	at sun.reflect.DelegatingMethodAccessorImpl.invoke(DelegatingMethodAccessorImpl.java:43)
	at java.lang.reflect.Method.invoke(Method.java:616)
	at org.apache.tools.ant.dispatch.DispatchUtils.execute(DispatchUtils.java:106)
	at org.apache.tools.ant.Task.perform(Task.java:348)
	at org.eclipse.epsilon.workflow.tasks.EUnitTask$TaskCollection.run(EUnitTask.java:69)
	at org.eclipse.epsilon.workflow.tasks.EUnitTask.beforeCase(EUnitTask.java:218)
	at org.eclipse.epsilon.eunit.EUnitModule.fireBeforeCase(EUnitModule.java:507)
	at org.eclipse.epsilon.eunit.EUnitModule.runSuiteInternal(EUnitModule.java:318)
	at org.eclipse.epsilon.eunit.EUnitModule.runSuite(EUnitModule.java:164)
	at org.eclipse.epsilon.eunit.EUnitModule.runInnerTestCase(EUnitModule.java:361)
	at org.eclipse.epsilon.eunit.EUnitModule.runSuiteInternal(EUnitModule.java:339)
	at org.eclipse.epsilon.eunit.EUnitModule.runSuite(EUnitModule.java:164)
	at org.eclipse.epsilon.eunit.EUnitModule.runInnerTestCase(EUnitModule.java:361)
	at org.eclipse.epsilon.eunit.EUnitModule.runSuiteInternal(EUnitModule.java:339)
	at org.eclipse.epsilon.eunit.EUnitModule.runSuite(EUnitModule.java:164)
	at org.eclipse.epsilon.eunit.EUnitModule.execute(EUnitModule.java:136)
	at org.eclipse.epsilon.workflow.tasks.ExecutableModuleTask.executeImpl(ExecutableModuleTask.java:193)
	at org.eclipse.epsilon.workflow.tasks.EpsilonTask.execute(EpsilonTask.java:40)
	at org.apache.tools.ant.UnknownElement.execute(UnknownElement.java:291)
	at sun.reflect.NativeMethodAccessorImpl.invoke0(Native Method)
	at sun.reflect.NativeMethodAccessorImpl.invoke(NativeMethodAccessorImpl.java:57)
	at sun.reflect.DelegatingMethodAccessorImpl.invoke(DelegatingMethodAccessorImpl.java:43)
	at java.lang.reflect.Method.invoke(Method.java:616)
	at org.apache.tools.ant.dispatch.DispatchUtils.execute(DispatchUtils.java:106)
	at org.apache.tools.ant.Task.perform(Task.java:348)
	at org.apache.tools.ant.Target.execute(Target.java:392)
	at org.apache.tools.ant.Target.performTasks(Target.java:413)
	at org.apache.tools.ant.Project.executeSortedTargets(Project.java:1399)
	at org.apache.tools.ant.Project.executeTarget(Project.java:1368)
	at org.apache.tools.ant.helper.DefaultExecutor.executeTargets(DefaultExecutor.java:41)
	at org.eclipse.ant.internal.core.ant.EclipseDefaultExecutor.executeTargets(EclipseDefaultExecutor.java:32)
	at org.apache.tools.ant.Project.executeTargets(Project.java:1251)
	at org.eclipse.ant.internal.core.ant.InternalAntRunner.run(InternalAntRunner.java:672)
	at org.eclipse.ant.internal.core.ant.InternalAntRunner.run(InternalAntRunner.java:498)
	at sun.reflect.NativeMethodAccessorImpl.invoke0(Native Method)
	at sun.reflect.NativeMethodAccessorImpl.invoke(NativeMethodAccessorImpl.java:57)
	at sun.reflect.DelegatingMethodAccessorImpl.invoke(DelegatingMethodAccessorImpl.java:43)
	at java.lang.reflect.Method.invoke(Method.java:616)
	at org.eclipse.ant.core.AntRunner.run(AntRunner.java:378)
	at org.eclipse.ant.internal.launching.launchConfigurations.AntLaunchDelegate$1.run(AntLaunchDelegate.java:298)
	at java.lang.Thread.run(Thread.java:679)
Caused by: /home/antonio/Documents/sodmt/workspace-metamodels/es.uca.modeling.eol.tests/eunit.xml:17: Internal error: java.lang.IllegalArgumentException: Could not locate a metamodel with the URI 'www.uca.es/modeling/serviceProcess'. Please ensure that this metamodel has been registered with Epsilon.
	at org.eclipse.epsilon.emc.emf.EmfModel.determinePackagesFrom[EmfModel.java:266]
	at org.eclipse.epsilon.emc.emf.EmfModel.loadModelFromUri[EmfModel.java:214]
	at org.eclipse.epsilon.emc.emf.EmfModel.loadModel[EmfModel.java:161]
	at org.eclipse.epsilon.eol.models.CachedModel.load[CachedModel.java:147]
	at org.eclipse.epsilon.emc.emf.EmfModel.load[EmfModel.java:127]
	at org.eclipse.epsilon.workflow.tasks.emf.LoadEmfModel.executeImpl[LoadEmfModel.java:67]
	at org.eclipse.epsilon.workflow.tasks.EpsilonTask.execute[EpsilonTask.java:40]
	at org.apache.tools.ant.UnknownElement.execute[UnknownElement.java:291]
	at sun.reflect.GeneratedMethodAccessor101.invoke[Unknown Source]
	at sun.reflect.DelegatingMethodAccessorImpl.invoke[DelegatingMethodAccessorImpl.java:43]
	at java.lang.reflect.Method.invoke[Method.java:616]
	at org.apache.tools.ant.dispatch.DispatchUtils.execute[DispatchUtils.java:106]
	at org.apache.tools.ant.Task.perform[Task.java:348]
	at org.apache.tools.ant.taskdefs.Sequential.execute[Sequential.java:68]
	at org.apache.tools.ant.UnknownElement.execute[UnknownElement.java:291]
	at sun.reflect.GeneratedMethodAccessor101.invoke[Unknown Source]
	at sun.reflect.DelegatingMethodAccessorImpl.invoke[DelegatingMethodAccessorImpl.java:43]
	at java.lang.reflect.Method.invoke[Method.java:616]
	at org.apache.tools.ant.dispatch.DispatchUtils.execute[DispatchUtils.java:106]
	at org.apache.tools.ant.Task.perform[Task.java:348]
	at org.apache.tools.ant.taskdefs.MacroInstance.execute[MacroInstance.java:398]
	at org.apache.tools.ant.UnknownElement.execute[UnknownElement.java:291]
	at sun.reflect.GeneratedMethodAccessor101.invoke[Unknown Source]
	at sun.reflect.DelegatingMethodAccessorImpl.invoke[DelegatingMethodAccessorImpl.java:43]
	at java.lang.reflect.Method.invoke[Method.java:616]
	at org.apache.tools.ant.dispatch.DispatchUtils.execute[DispatchUtils.java:106]
	at org.apache.tools.ant.Task.perform[Task.java:348]
	at org.eclipse.epsilon.workflow.tasks.EUnitTask$TaskCollection.run[EUnitTask.java:69]
	at org.eclipse.epsilon.workflow.tasks.EUnitTask.beforeCase[EUnitTask.java:218]
	at org.eclipse.epsilon.eunit.EUnitModule.fireBeforeCase[EUnitModule.java:507]
	at org.eclipse.epsilon.eunit.EUnitModule.runSuiteInternal[EUnitModule.java:318]
	at org.eclipse.epsilon.eunit.EUnitModule.runSuite[EUnitModule.java:164]
	at org.eclipse.epsilon.eunit.EUnitModule.runInnerTestCase[EUnitModule.java:361]
	at org.eclipse.epsilon.eunit.EUnitModule.runSuiteInternal[EUnitModule.java:339]
	at org.eclipse.epsilon.eunit.EUnitModule.runSuite[EUnitModule.java:164]
	at org.eclipse.epsilon.eunit.EUnitModule.runInnerTestCase[EUnitModule.java:361]
	at org.eclipse.epsilon.eunit.EUnitModule.runSuiteInternal[EUnitModule.java:339]
	at org.eclipse.epsilon.eunit.EUnitModule.runSuite[EUnitModule.java:164]
	at org.eclipse.epsilon.eunit.EUnitModule.execute[EUnitModule.java:136]
	at org.eclipse.epsilon.workflow.tasks.ExecutableModuleTask.executeImpl[ExecutableModuleTask.java:193]
	at org.eclipse.epsilon.workflow.tasks.EpsilonTask.execute[EpsilonTask.java:40]
	at org.apache.tools.ant.UnknownElement.execute[UnknownElement.java:291]
	at sun.reflect.NativeMethodAccessorImpl.invoke0[Native Method]
	at sun.reflect.NativeMethodAccessorImpl.invoke[NativeMethodAccessorImpl.java:57]
	at sun.reflect.DelegatingMethodAccessorImpl.invoke[DelegatingMethodAccessorImpl.java:43]
	at java.lang.reflect.Method.invoke[Method.java:616]
	at org.apache.tools.ant.dispatch.DispatchUtils.execute[DispatchUtils.java:106]
	at org.apache.tools.ant.Task.perform[Task.java:348]
	at org.apache.tools.ant.Target.execute[Target.java:392]
	at org.apache.tools.ant.Target.performTasks[Target.java:413]
	at org.apache.tools.ant.Project.executeSortedTargets[Project.java:1399]
	at org.apache.tools.ant.Project.executeTarget[Project.java:1368]
	at org.apache.tools.ant.helper.DefaultExecutor.executeTargets[DefaultExecutor.java:41]
	at org.eclipse.ant.internal.core.ant.EclipseDefaultExecutor.executeTargets[EclipseDefaultExecutor.java:32]
	at org.apache.tools.ant.Project.executeTargets[Project.java:1251]
	at org.eclipse.ant.internal.core.ant.InternalAntRunner.run[InternalAntRunner.java:672]
	at org.eclipse.ant.internal.core.ant.InternalAntRunner.run[InternalAntRunner.java:498]
	at sun.reflect.NativeMethodAccessorImpl.invoke0[Native Method]
	at sun.reflect.NativeMethodAccessorImpl.invoke[NativeMethodAccessorImpl.java:57]
	at sun.reflect.DelegatingMethodAccessorImpl.invoke[DelegatingMethodAccessorImpl.java:43]
	at java.lang.reflect.Method.invoke[Method.java:616]
	at org.eclipse.ant.core.AntRunner.run[AntRunner.java:378]
	at org.eclipse.ant.internal.launching.launchConfigurations.AntLaunchDelegate$1.run[AntLaunchDelegate.java:298]
	at java.lang.Thread.run[Thread.java:679]

	at org.eclipse.epsilon.workflow.tasks.emf.LoadEmfModel.executeImpl(LoadEmfModel.java:71)
	at org.eclipse.epsilon.workflow.tasks.EpsilonTask.execute(EpsilonTask.java:40)
	at org.apache.tools.ant.UnknownElement.execute(UnknownElement.java:291)
	at sun.reflect.GeneratedMethodAccessor101.invoke(Unknown Source)
	at sun.reflect.DelegatingMethodAccessorImpl.invoke(DelegatingMethodAccessorImpl.java:43)
	at java.lang.reflect.Method.invoke(Method.java:616)
	at org.apache.tools.ant.dispatch.DispatchUtils.execute(DispatchUtils.java:106)
	at org.apache.tools.ant.Task.perform(Task.java:348)
	at org.apache.tools.ant.taskdefs.Sequential.execute(Sequential.java:68)
	at org.apache.tools.ant.UnknownElement.execute(UnknownElement.java:291)
	at sun.reflect.GeneratedMethodAccessor101.invoke(Unknown Source)
	at sun.reflect.DelegatingMethodAccessorImpl.invoke(DelegatingMethodAccessorImpl.java:43)
	at java.lang.reflect.Method.invoke(Method.java:616)
	at org.apache.tools.ant.dispatch.DispatchUtils.execute(DispatchUtils.java:106)
	at org.apache.tools.ant.Task.perform(Task.java:348)
	at org.apache.tools.ant.taskdefs.MacroInstance.execute(MacroInstance.java:398)
	... 43 more
Caused by: Internal error: java.lang.IllegalArgumentException: Could not locate a metamodel with the URI 'www.uca.es/modeling/serviceProcess'. Please ensure that this metamodel has been registered with Epsilon.
	at org.eclipse.epsilon.emc.emf.EmfModel.determinePackagesFrom[EmfModel.java:266]
	at org.eclipse.epsilon.emc.emf.EmfModel.loadModelFromUri[EmfModel.java:214]
	at org.eclipse.epsilon.emc.emf.EmfModel.loadModel[EmfModel.java:161]
	at org.eclipse.epsilon.eol.models.CachedModel.load[CachedModel.java:147]
	at org.eclipse.epsilon.emc.emf.EmfModel.load[EmfModel.java:127]
	at org.eclipse.epsilon.workflow.tasks.emf.LoadEmfModel.executeImpl[LoadEmfModel.java:67]
	at org.eclipse.epsilon.workflow.tasks.EpsilonTask.execute[EpsilonTask.java:40]
	at org.apache.tools.ant.UnknownElement.execute[UnknownElement.java:291]
	at sun.reflect.GeneratedMethodAccessor101.invoke[Unknown Source]
	at sun.reflect.DelegatingMethodAccessorImpl.invoke[DelegatingMethodAccessorImpl.java:43]
	at java.lang.reflect.Method.invoke[Method.java:616]
	at org.apache.tools.ant.dispatch.DispatchUtils.execute[DispatchUtils.java:106]
	at org.apache.tools.ant.Task.perform[Task.java:348]
	at org.apache.tools.ant.taskdefs.Sequential.execute[Sequential.java:68]
	at org.apache.tools.ant.UnknownElement.execute[UnknownElement.java:291]
	at sun.reflect.GeneratedMethodAccessor101.invoke[Unknown Source]
	at sun.reflect.DelegatingMethodAccessorImpl.invoke[DelegatingMethodAccessorImpl.java:43]
	at java.lang.reflect.Method.invoke[Method.java:616]
	at org.apache.tools.ant.dispatch.DispatchUtils.execute[DispatchUtils.java:106]
	at org.apache.tools.ant.Task.perform[Task.java:348]
	at org.apache.tools.ant.taskdefs.MacroInstance.execute[MacroInstance.java:398]
	at org.apache.tools.ant.UnknownElement.execute[UnknownElement.java:291]
	at sun.reflect.GeneratedMethodAccessor101.invoke[Unknown Source]
	at sun.reflect.DelegatingMethodAccessorImpl.invoke[DelegatingMethodAccessorImpl.java:43]
	at java.lang.reflect.Method.invoke[Method.java:616]
	at org.apache.tools.ant.dispatch.DispatchUtils.execute[DispatchUtils.java:106]
	at org.apache.tools.ant.Task.perform[Task.java:348]
	at org.eclipse.epsilon.workflow.tasks.EUnitTask$TaskCollection.run[EUnitTask.java:69]
	at org.eclipse.epsilon.workflow.tasks.EUnitTask.beforeCase[EUnitTask.java:218]
	at org.eclipse.epsilon.eunit.EUnitModule.fireBeforeCase[EUnitModule.java:507]
	at org.eclipse.epsilon.eunit.EUnitModule.runSuiteInternal[EUnitModule.java:318]
	at org.eclipse.epsilon.eunit.EUnitModule.runSuite[EUnitModule.java:164]
	at org.eclipse.epsilon.eunit.EUnitModule.runInnerTestCase[EUnitModule.java:361]
	at org.eclipse.epsilon.eunit.EUnitModule.runSuiteInternal[EUnitModule.java:339]
	at org.eclipse.epsilon.eunit.EUnitModule.runSuite[EUnitModule.java:164]
	at org.eclipse.epsilon.eunit.EUnitModule.runInnerTestCase[EUnitModule.java:361]
	at org.eclipse.epsilon.eunit.EUnitModule.runSuiteInternal[EUnitModule.java:339]
	at org.eclipse.epsilon.eunit.EUnitModule.runSuite[EUnitModule.java:164]
	at org.eclipse.epsilon.eunit.EUnitModule.execute[EUnitModule.java:136]
	at org.eclipse.epsilon.workflow.tasks.ExecutableModuleTask.executeImpl[ExecutableModuleTask.java:193]
	at org.eclipse.epsilon.workflow.tasks.EpsilonTask.execute[EpsilonTask.java:40]
	at org.apache.tools.ant.UnknownElement.execute[UnknownElement.java:291]
	at sun.reflect.NativeMethodAccessorImpl.invoke0[Native Method]
	at sun.reflect.NativeMethodAccessorImpl.invoke[NativeMethodAccessorImpl.java:57]
	at sun.reflect.DelegatingMethodAccessorImpl.invoke[DelegatingMethodAccessorImpl.java:43]
	at java.lang.reflect.Method.invoke[Method.java:616]
	at org.apache.tools.ant.dispatch.DispatchUtils.execute[DispatchUtils.java:106]
	at org.apache.tools.ant.Task.perform[Task.java:348]
	at org.apache.tools.ant.Target.execute[Target.java:392]
	at org.apache.tools.ant.Target.performTasks[Target.java:413]
	at org.apache.tools.ant.Project.executeSortedTargets[Project.java:1399]
	at org.apache.tools.ant.Project.executeTarget[Project.java:1368]
	at org.apache.tools.ant.helper.DefaultExecutor.executeTargets[DefaultExecutor.java:41]
	at org.eclipse.ant.internal.core.ant.EclipseDefaultExecutor.executeTargets[EclipseDefaultExecutor.java:32]
	at org.apache.tools.ant.Project.executeTargets[Project.java:1251]
	at org.eclipse.ant.internal.core.ant.InternalAntRunner.run[InternalAntRunner.java:672]
	at org.eclipse.ant.internal.core.ant.InternalAntRunner.run[InternalAntRunner.java:498]
	at sun.reflect.NativeMethodAccessorImpl.invoke0[Native Method]
	at sun.reflect.NativeMethodAccessorImpl.invoke[NativeMethodAccessorImpl.java:57]
	at sun.reflect.DelegatingMethodAccessorImpl.invoke[DelegatingMethodAccessorImpl.java:43]
	at java.lang.reflect.Method.invoke[Method.java:616]
	at org.eclipse.ant.core.AntRunner.run[AntRunner.java:378]
	at org.eclipse.ant.internal.launching.launchConfigurations.AntLaunchDelegate$1.run[AntLaunchDelegate.java:298]
	at java.lang.Thread.run[Thread.java:679]

	at org.eclipse.epsilon.emc.emf.EmfModel.determinePackagesFrom(EmfModel.java:266)
	at org.eclipse.epsilon.emc.emf.EmfModel.loadModelFromUri(EmfModel.java:214)
	at org.eclipse.epsilon.emc.emf.EmfModel.loadModel(EmfModel.java:161)
	at org.eclipse.epsilon.eol.models.CachedModel.load(CachedModel.java:147)
	at org.eclipse.epsilon.emc.emf.EmfModel.load(EmfModel.java:127)
	at org.eclipse.epsilon.workflow.tasks.emf.LoadEmfModel.executeImpl(LoadEmfModel.java:67)
	... 58 more
Caused by: java.lang.IllegalArgumentException: Could not locate a metamodel with the URI 'www.uca.es/modeling/serviceProcess'. Please ensure that this metamodel has been registered with Epsilon.
	... 64 more
</error></testcase><testcase classname="sodmt.adhoc.eol.tlimits.eunit" name="withInteger[6]" time="0.00400000"><error message="The following error occurred while executing this line:&#10;/home/antonio/Documents/sodmt/workspace-metamodels/es.uca.modeling.eol.tests/eunit.xml:17: Internal error: java.lang.IllegalArgumentException: Could not locate a metamodel with the URI 'www.uca.es/modeling/serviceProcess'. Please ensure that this metamodel has been registered with Epsilon.&#10;&#9;at org.eclipse.epsilon.emc.emf.EmfModel.determinePackagesFrom[EmfModel.java:266]&#10;&#9;at org.eclipse.epsilon.emc.emf.EmfModel.loadModelFromUri[EmfModel.java:214]&#10;&#9;at org.eclipse.epsilon.emc.emf.EmfModel.loadModel[EmfModel.java:161]&#10;&#9;at org.eclipse.epsilon.eol.models.CachedModel.load[CachedModel.java:147]&#10;&#9;at org.eclipse.epsilon.emc.emf.EmfModel.load[EmfModel.java:127]&#10;&#9;at org.eclipse.epsilon.workflow.tasks.emf.LoadEmfModel.executeImpl[LoadEmfModel.java:67]&#10;&#9;at org.eclipse.epsilon.workflow.tasks.EpsilonTask.execute[EpsilonTask.java:40]&#10;&#9;at org.apache.tools.ant.UnknownElement.execute[UnknownElement.java:291]&#10;&#9;at sun.reflect.GeneratedMethodAccessor101.invoke[Unknown Source]&#10;&#9;at sun.reflect.DelegatingMethodAccessorImpl.invoke[DelegatingMethodAccessorImpl.java:43]&#10;&#9;at java.lang.reflect.Method.invoke[Method.java:616]&#10;&#9;at org.apache.tools.ant.dispatch.DispatchUtils.execute[DispatchUtils.java:106]&#10;&#9;at org.apache.tools.ant.Task.perform[Task.java:348]&#10;&#9;at org.apache.tools.ant.taskdefs.Sequential.execute[Sequential.java:68]&#10;&#9;at org.apache.tools.ant.UnknownElement.execute[UnknownElement.java:291]&#10;&#9;at sun.reflect.GeneratedMethodAccessor101.invoke[Unknown Source]&#10;&#9;at sun.reflect.DelegatingMethodAccessorImpl.invoke[DelegatingMethodAccessorImpl.java:43]&#10;&#9;at java.lang.reflect.Method.invoke[Method.java:616]&#10;&#9;at org.apache.tools.ant.dispatch.DispatchUtils.execute[DispatchUtils.java:106]&#10;&#9;at org.apache.tools.ant.Task.perform[Task.java:348]&#10;&#9;at org.apache.tools.ant.taskdefs.MacroInstance.execute[MacroInstance.java:398]&#10;&#9;at org.apache.tools.ant.UnknownElement.execute[UnknownElement.java:291]&#10;&#9;at sun.reflect.GeneratedMethodAccessor101.invoke[Unknown Source]&#10;&#9;at sun.reflect.DelegatingMethodAccessorImpl.invoke[DelegatingMethodAccessorImpl.java:43]&#10;&#9;at java.lang.reflect.Method.invoke[Method.java:616]&#10;&#9;at org.apache.tools.ant.dispatch.DispatchUtils.execute[DispatchUtils.java:106]&#10;&#9;at org.apache.tools.ant.Task.perform[Task.java:348]&#10;&#9;at org.eclipse.epsilon.workflow.tasks.EUnitTask$TaskCollection.run[EUnitTask.java:69]&#10;&#9;at org.eclipse.epsilon.workflow.tasks.EUnitTask.beforeCase[EUnitTask.java:218]&#10;&#9;at org.eclipse.epsilon.eunit.EUnitModule.fireBeforeCase[EUnitModule.java:507]&#10;&#9;at org.eclipse.epsilon.eunit.EUnitModule.runSuiteInternal[EUnitModule.java:318]&#10;&#9;at org.eclipse.epsilon.eunit.EUnitModule.runSuite[EUnitModule.java:164]&#10;&#9;at org.eclipse.epsilon.eunit.EUnitModule.runInnerTestCase[EUnitModule.java:361]&#10;&#9;at org.eclipse.epsilon.eunit.EUnitModule.runSuiteInternal[EUnitModule.java:339]&#10;&#9;at org.eclipse.epsilon.eunit.EUnitModule.runSuite[EUnitModule.java:164]&#10;&#9;at org.eclipse.epsilon.eunit.EUnitModule.runInnerTestCase[EUnitModule.java:361]&#10;&#9;at org.eclipse.epsilon.eunit.EUnitModule.runSuiteInternal[EUnitModule.java:339]&#10;&#9;at org.eclipse.epsilon.eunit.EUnitModule.runSuite[EUnitModule.java:164]&#10;&#9;at org.eclipse.epsilon.eunit.EUnitModule.execute[EUnitModule.java:136]&#10;&#9;at org.eclipse.epsilon.workflow.tasks.ExecutableModuleTask.executeImpl[ExecutableModuleTask.java:193]&#10;&#9;at org.eclipse.epsilon.workflow.tasks.EpsilonTask.execute[EpsilonTask.java:40]&#10;&#9;at org.apache.tools.ant.UnknownElement.execute[UnknownElement.java:291]&#10;&#9;at sun.reflect.NativeMethodAccessorImpl.invoke0[Native Method]&#10;&#9;at sun.reflect.NativeMethodAccessorImpl.invoke[NativeMethodAccessorImpl.java:57]&#10;&#9;at sun.reflect.DelegatingMethodAccessorImpl.invoke[DelegatingMethodAccessorImpl.java:43]&#10;&#9;at java.lang.reflect.Method.invoke[Method.java:616]&#10;&#9;at org.apache.tools.ant.dispatch.DispatchUtils.execute[DispatchUtils.java:106]&#10;&#9;at org.apache.tools.ant.Task.perform[Task.java:348]&#10;&#9;at org.apache.tools.ant.Target.execute[Target.java:392]&#10;&#9;at org.apache.tools.ant.Target.performTasks[Target.java:413]&#10;&#9;at org.apache.tools.ant.Project.executeSortedTargets[Project.java:1399]&#10;&#9;at org.apache.tools.ant.Project.executeTarget[Project.java:1368]&#10;&#9;at org.apache.tools.ant.helper.DefaultExecutor.executeTargets[DefaultExecutor.java:41]&#10;&#9;at org.eclipse.ant.internal.core.ant.EclipseDefaultExecutor.executeTargets[EclipseDefaultExecutor.java:32]&#10;&#9;at org.apache.tools.ant.Project.executeTargets[Project.java:1251]&#10;&#9;at org.eclipse.ant.internal.core.ant.InternalAntRunner.run[InternalAntRunner.java:672]&#10;&#9;at org.eclipse.ant.internal.core.ant.InternalAntRunner.run[InternalAntRunner.java:498]&#10;&#9;at sun.reflect.NativeMethodAccessorImpl.invoke0[Native Method]&#10;&#9;at sun.reflect.NativeMethodAccessorImpl.invoke[NativeMethodAccessorImpl.java:57]&#10;&#9;at sun.reflect.DelegatingMethodAccessorImpl.invoke[DelegatingMethodAccessorImpl.java:43]&#10;&#9;at java.lang.reflect.Method.invoke[Method.java:616]&#10;&#9;at org.eclipse.ant.core.AntRunner.run[AntRunner.java:378]&#10;&#9;at org.eclipse.ant.internal.launching.launchConfigurations.AntLaunchDelegate$1.run[AntLaunchDelegate.java:298]&#10;&#9;at java.lang.Thread.run[Thread.java:679]&#10;" type="org.apache.tools.ant.BuildException">/home/antonio/Documents/sodmt/workspace-metamodels/es.uca.modeling.eol.tests/eunit.xml:34: The following error occurred while executing this line:
/home/antonio/Documents/sodmt/workspace-metamodels/es.uca.modeling.eol.tests/eunit.xml:17: Internal error: java.lang.IllegalArgumentException: Could not locate a metamodel with the URI 'www.uca.es/modeling/serviceProcess'. Please ensure that this metamodel has been registered with Epsilon.
	at org.eclipse.epsilon.emc.emf.EmfModel.determinePackagesFrom[EmfModel.java:266]
	at org.eclipse.epsilon.emc.emf.EmfModel.loadModelFromUri[EmfModel.java:214]
	at org.eclipse.epsilon.emc.emf.EmfModel.loadModel[EmfModel.java:161]
	at org.eclipse.epsilon.eol.models.CachedModel.load[CachedModel.java:147]
	at org.eclipse.epsilon.emc.emf.EmfModel.load[EmfModel.java:127]
	at org.eclipse.epsilon.workflow.tasks.emf.LoadEmfModel.executeImpl[LoadEmfModel.java:67]
	at org.eclipse.epsilon.workflow.tasks.EpsilonTask.execute[EpsilonTask.java:40]
	at org.apache.tools.ant.UnknownElement.execute[UnknownElement.java:291]
	at sun.reflect.GeneratedMethodAccessor101.invoke[Unknown Source]
	at sun.reflect.DelegatingMethodAccessorImpl.invoke[DelegatingMethodAccessorImpl.java:43]
	at java.lang.reflect.Method.invoke[Method.java:616]
	at org.apache.tools.ant.dispatch.DispatchUtils.execute[DispatchUtils.java:106]
	at org.apache.tools.ant.Task.perform[Task.java:348]
	at org.apache.tools.ant.taskdefs.Sequential.execute[Sequential.java:68]
	at org.apache.tools.ant.UnknownElement.execute[UnknownElement.java:291]
	at sun.reflect.GeneratedMethodAccessor101.invoke[Unknown Source]
	at sun.reflect.DelegatingMethodAccessorImpl.invoke[DelegatingMethodAccessorImpl.java:43]
	at java.lang.reflect.Method.invoke[Method.java:616]
	at org.apache.tools.ant.dispatch.DispatchUtils.execute[DispatchUtils.java:106]
	at org.apache.tools.ant.Task.perform[Task.java:348]
	at org.apache.tools.ant.taskdefs.MacroInstance.execute[MacroInstance.java:398]
	at org.apache.tools.ant.UnknownElement.execute[UnknownElement.java:291]
	at sun.reflect.GeneratedMethodAccessor101.invoke[Unknown Source]
	at sun.reflect.DelegatingMethodAccessorImpl.invoke[DelegatingMethodAccessorImpl.java:43]
	at java.lang.reflect.Method.invoke[Method.java:616]
	at org.apache.tools.ant.dispatch.DispatchUtils.execute[DispatchUtils.java:106]
	at org.apache.tools.ant.Task.perform[Task.java:348]
	at org.eclipse.epsilon.workflow.tasks.EUnitTask$TaskCollection.run[EUnitTask.java:69]
	at org.eclipse.epsilon.workflow.tasks.EUnitTask.beforeCase[EUnitTask.java:218]
	at org.eclipse.epsilon.eunit.EUnitModule.fireBeforeCase[EUnitModule.java:507]
	at org.eclipse.epsilon.eunit.EUnitModule.runSuiteInternal[EUnitModule.java:318]
	at org.eclipse.epsilon.eunit.EUnitModule.runSuite[EUnitModule.java:164]
	at org.eclipse.epsilon.eunit.EUnitModule.runInnerTestCase[EUnitModule.java:361]
	at org.eclipse.epsilon.eunit.EUnitModule.runSuiteInternal[EUnitModule.java:339]
	at org.eclipse.epsilon.eunit.EUnitModule.runSuite[EUnitModule.java:164]
	at org.eclipse.epsilon.eunit.EUnitModule.runInnerTestCase[EUnitModule.java:361]
	at org.eclipse.epsilon.eunit.EUnitModule.runSuiteInternal[EUnitModule.java:339]
	at org.eclipse.epsilon.eunit.EUnitModule.runSuite[EUnitModule.java:164]
	at org.eclipse.epsilon.eunit.EUnitModule.execute[EUnitModule.java:136]
	at org.eclipse.epsilon.workflow.tasks.ExecutableModuleTask.executeImpl[ExecutableModuleTask.java:193]
	at org.eclipse.epsilon.workflow.tasks.EpsilonTask.execute[EpsilonTask.java:40]
	at org.apache.tools.ant.UnknownElement.execute[UnknownElement.java:291]
	at sun.reflect.NativeMethodAccessorImpl.invoke0[Native Method]
	at sun.reflect.NativeMethodAccessorImpl.invoke[NativeMethodAccessorImpl.java:57]
	at sun.reflect.DelegatingMethodAccessorImpl.invoke[DelegatingMethodAccessorImpl.java:43]
	at java.lang.reflect.Method.invoke[Method.java:616]
	at org.apache.tools.ant.dispatch.DispatchUtils.execute[DispatchUtils.java:106]
	at org.apache.tools.ant.Task.perform[Task.java:348]
	at org.apache.tools.ant.Target.execute[Target.java:392]
	at org.apache.tools.ant.Target.performTasks[Target.java:413]
	at org.apache.tools.ant.Project.executeSortedTargets[Project.java:1399]
	at org.apache.tools.ant.Project.executeTarget[Project.java:1368]
	at org.apache.tools.ant.helper.DefaultExecutor.executeTargets[DefaultExecutor.java:41]
	at org.eclipse.ant.internal.core.ant.EclipseDefaultExecutor.executeTargets[EclipseDefaultExecutor.java:32]
	at org.apache.tools.ant.Project.executeTargets[Project.java:1251]
	at org.eclipse.ant.internal.core.ant.InternalAntRunner.run[InternalAntRunner.java:672]
	at org.eclipse.ant.internal.core.ant.InternalAntRunner.run[InternalAntRunner.java:498]
	at sun.reflect.NativeMethodAccessorImpl.invoke0[Native Method]
	at sun.reflect.NativeMethodAccessorImpl.invoke[NativeMethodAccessorImpl.java:57]
	at sun.reflect.DelegatingMethodAccessorImpl.invoke[DelegatingMethodAccessorImpl.java:43]
	at java.lang.reflect.Method.invoke[Method.java:616]
	at org.eclipse.ant.core.AntRunner.run[AntRunner.java:378]
	at org.eclipse.ant.internal.launching.launchConfigurations.AntLaunchDelegate$1.run[AntLaunchDelegate.java:298]
	at java.lang.Thread.run[Thread.java:679]

	at org.apache.tools.ant.ProjectHelper.addLocationToBuildException(ProjectHelper.java:551)
	at org.apache.tools.ant.taskdefs.MacroInstance.execute(MacroInstance.java:401)
	at org.apache.tools.ant.UnknownElement.execute(UnknownElement.java:291)
	at sun.reflect.GeneratedMethodAccessor101.invoke(Unknown Source)
	at sun.reflect.DelegatingMethodAccessorImpl.invoke(DelegatingMethodAccessorImpl.java:43)
	at java.lang.reflect.Method.invoke(Method.java:616)
	at org.apache.tools.ant.dispatch.DispatchUtils.execute(DispatchUtils.java:106)
	at org.apache.tools.ant.Task.perform(Task.java:348)
	at org.eclipse.epsilon.workflow.tasks.EUnitTask$TaskCollection.run(EUnitTask.java:69)
	at org.eclipse.epsilon.workflow.tasks.EUnitTask.beforeCase(EUnitTask.java:218)
	at org.eclipse.epsilon.eunit.EUnitModule.fireBeforeCase(EUnitModule.java:507)
	at org.eclipse.epsilon.eunit.EUnitModule.runSuiteInternal(EUnitModule.java:318)
	at org.eclipse.epsilon.eunit.EUnitModule.runSuite(EUnitModule.java:164)
	at org.eclipse.epsilon.eunit.EUnitModule.runInnerTestCase(EUnitModule.java:361)
	at org.eclipse.epsilon.eunit.EUnitModule.runSuiteInternal(EUnitModule.java:339)
	at org.eclipse.epsilon.eunit.EUnitModule.runSuite(EUnitModule.java:164)
	at org.eclipse.epsilon.eunit.EUnitModule.runInnerTestCase(EUnitModule.java:361)
	at org.eclipse.epsilon.eunit.EUnitModule.runSuiteInternal(EUnitModule.java:339)
	at org.eclipse.epsilon.eunit.EUnitModule.runSuite(EUnitModule.java:164)
	at org.eclipse.epsilon.eunit.EUnitModule.execute(EUnitModule.java:136)
	at org.eclipse.epsilon.workflow.tasks.ExecutableModuleTask.executeImpl(ExecutableModuleTask.java:193)
	at org.eclipse.epsilon.workflow.tasks.EpsilonTask.execute(EpsilonTask.java:40)
	at org.apache.tools.ant.UnknownElement.execute(UnknownElement.java:291)
	at sun.reflect.NativeMethodAccessorImpl.invoke0(Native Method)
	at sun.reflect.NativeMethodAccessorImpl.invoke(NativeMethodAccessorImpl.java:57)
	at sun.reflect.DelegatingMethodAccessorImpl.invoke(DelegatingMethodAccessorImpl.java:43)
	at java.lang.reflect.Method.invoke(Method.java:616)
	at org.apache.tools.ant.dispatch.DispatchUtils.execute(DispatchUtils.java:106)
	at org.apache.tools.ant.Task.perform(Task.java:348)
	at org.apache.tools.ant.Target.execute(Target.java:392)
	at org.apache.tools.ant.Target.performTasks(Target.java:413)
	at org.apache.tools.ant.Project.executeSortedTargets(Project.java:1399)
	at org.apache.tools.ant.Project.executeTarget(Project.java:1368)
	at org.apache.tools.ant.helper.DefaultExecutor.executeTargets(DefaultExecutor.java:41)
	at org.eclipse.ant.internal.core.ant.EclipseDefaultExecutor.executeTargets(EclipseDefaultExecutor.java:32)
	at org.apache.tools.ant.Project.executeTargets(Project.java:1251)
	at org.eclipse.ant.internal.core.ant.InternalAntRunner.run(InternalAntRunner.java:672)
	at org.eclipse.ant.internal.core.ant.InternalAntRunner.run(InternalAntRunner.java:498)
	at sun.reflect.NativeMethodAccessorImpl.invoke0(Native Method)
	at sun.reflect.NativeMethodAccessorImpl.invoke(NativeMethodAccessorImpl.java:57)
	at sun.reflect.DelegatingMethodAccessorImpl.invoke(DelegatingMethodAccessorImpl.java:43)
	at java.lang.reflect.Method.invoke(Method.java:616)
	at org.eclipse.ant.core.AntRunner.run(AntRunner.java:378)
	at org.eclipse.ant.internal.launching.launchConfigurations.AntLaunchDelegate$1.run(AntLaunchDelegate.java:298)
	at java.lang.Thread.run(Thread.java:679)
Caused by: /home/antonio/Documents/sodmt/workspace-metamodels/es.uca.modeling.eol.tests/eunit.xml:17: Internal error: java.lang.IllegalArgumentException: Could not locate a metamodel with the URI 'www.uca.es/modeling/serviceProcess'. Please ensure that this metamodel has been registered with Epsilon.
	at org.eclipse.epsilon.emc.emf.EmfModel.determinePackagesFrom[EmfModel.java:266]
	at org.eclipse.epsilon.emc.emf.EmfModel.loadModelFromUri[EmfModel.java:214]
	at org.eclipse.epsilon.emc.emf.EmfModel.loadModel[EmfModel.java:161]
	at org.eclipse.epsilon.eol.models.CachedModel.load[CachedModel.java:147]
	at org.eclipse.epsilon.emc.emf.EmfModel.load[EmfModel.java:127]
	at org.eclipse.epsilon.workflow.tasks.emf.LoadEmfModel.executeImpl[LoadEmfModel.java:67]
	at org.eclipse.epsilon.workflow.tasks.EpsilonTask.execute[EpsilonTask.java:40]
	at org.apache.tools.ant.UnknownElement.execute[UnknownElement.java:291]
	at sun.reflect.GeneratedMethodAccessor101.invoke[Unknown Source]
	at sun.reflect.DelegatingMethodAccessorImpl.invoke[DelegatingMethodAccessorImpl.java:43]
	at java.lang.reflect.Method.invoke[Method.java:616]
	at org.apache.tools.ant.dispatch.DispatchUtils.execute[DispatchUtils.java:106]
	at org.apache.tools.ant.Task.perform[Task.java:348]
	at org.apache.tools.ant.taskdefs.Sequential.execute[Sequential.java:68]
	at org.apache.tools.ant.UnknownElement.execute[UnknownElement.java:291]
	at sun.reflect.GeneratedMethodAccessor101.invoke[Unknown Source]
	at sun.reflect.DelegatingMethodAccessorImpl.invoke[DelegatingMethodAccessorImpl.java:43]
	at java.lang.reflect.Method.invoke[Method.java:616]
	at org.apache.tools.ant.dispatch.DispatchUtils.execute[DispatchUtils.java:106]
	at org.apache.tools.ant.Task.perform[Task.java:348]
	at org.apache.tools.ant.taskdefs.MacroInstance.execute[MacroInstance.java:398]
	at org.apache.tools.ant.UnknownElement.execute[UnknownElement.java:291]
	at sun.reflect.GeneratedMethodAccessor101.invoke[Unknown Source]
	at sun.reflect.DelegatingMethodAccessorImpl.invoke[DelegatingMethodAccessorImpl.java:43]
	at java.lang.reflect.Method.invoke[Method.java:616]
	at org.apache.tools.ant.dispatch.DispatchUtils.execute[DispatchUtils.java:106]
	at org.apache.tools.ant.Task.perform[Task.java:348]
	at org.eclipse.epsilon.workflow.tasks.EUnitTask$TaskCollection.run[EUnitTask.java:69]
	at org.eclipse.epsilon.workflow.tasks.EUnitTask.beforeCase[EUnitTask.java:218]
	at org.eclipse.epsilon.eunit.EUnitModule.fireBeforeCase[EUnitModule.java:507]
	at org.eclipse.epsilon.eunit.EUnitModule.runSuiteInternal[EUnitModule.java:318]
	at org.eclipse.epsilon.eunit.EUnitModule.runSuite[EUnitModule.java:164]
	at org.eclipse.epsilon.eunit.EUnitModule.runInnerTestCase[EUnitModule.java:361]
	at org.eclipse.epsilon.eunit.EUnitModule.runSuiteInternal[EUnitModule.java:339]
	at org.eclipse.epsilon.eunit.EUnitModule.runSuite[EUnitModule.java:164]
	at org.eclipse.epsilon.eunit.EUnitModule.runInnerTestCase[EUnitModule.java:361]
	at org.eclipse.epsilon.eunit.EUnitModule.runSuiteInternal[EUnitModule.java:339]
	at org.eclipse.epsilon.eunit.EUnitModule.runSuite[EUnitModule.java:164]
	at org.eclipse.epsilon.eunit.EUnitModule.execute[EUnitModule.java:136]
	at org.eclipse.epsilon.workflow.tasks.ExecutableModuleTask.executeImpl[ExecutableModuleTask.java:193]
	at org.eclipse.epsilon.workflow.tasks.EpsilonTask.execute[EpsilonTask.java:40]
	at org.apache.tools.ant.UnknownElement.execute[UnknownElement.java:291]
	at sun.reflect.NativeMethodAccessorImpl.invoke0[Native Method]
	at sun.reflect.NativeMethodAccessorImpl.invoke[NativeMethodAccessorImpl.java:57]
	at sun.reflect.DelegatingMethodAccessorImpl.invoke[DelegatingMethodAccessorImpl.java:43]
	at java.lang.reflect.Method.invoke[Method.java:616]
	at org.apache.tools.ant.dispatch.DispatchUtils.execute[DispatchUtils.java:106]
	at org.apache.tools.ant.Task.perform[Task.java:348]
	at org.apache.tools.ant.Target.execute[Target.java:392]
	at org.apache.tools.ant.Target.performTasks[Target.java:413]
	at org.apache.tools.ant.Project.executeSortedTargets[Project.java:1399]
	at org.apache.tools.ant.Project.executeTarget[Project.java:1368]
	at org.apache.tools.ant.helper.DefaultExecutor.executeTargets[DefaultExecutor.java:41]
	at org.eclipse.ant.internal.core.ant.EclipseDefaultExecutor.executeTargets[EclipseDefaultExecutor.java:32]
	at org.apache.tools.ant.Project.executeTargets[Project.java:1251]
	at org.eclipse.ant.internal.core.ant.InternalAntRunner.run[InternalAntRunner.java:672]
	at org.eclipse.ant.internal.core.ant.InternalAntRunner.run[InternalAntRunner.java:498]
	at sun.reflect.NativeMethodAccessorImpl.invoke0[Native Method]
	at sun.reflect.NativeMethodAccessorImpl.invoke[NativeMethodAccessorImpl.java:57]
	at sun.reflect.DelegatingMethodAccessorImpl.invoke[DelegatingMethodAccessorImpl.java:43]
	at java.lang.reflect.Method.invoke[Method.java:616]
	at org.eclipse.ant.core.AntRunner.run[AntRunner.java:378]
	at org.eclipse.ant.internal.launching.launchConfigurations.AntLaunchDelegate$1.run[AntLaunchDelegate.java:298]
	at java.lang.Thread.run[Thread.java:679]

	at org.eclipse.epsilon.workflow.tasks.emf.LoadEmfModel.executeImpl(LoadEmfModel.java:71)
	at org.eclipse.epsilon.workflow.tasks.EpsilonTask.execute(EpsilonTask.java:40)
	at org.apache.tools.ant.UnknownElement.execute(UnknownElement.java:291)
	at sun.reflect.GeneratedMethodAccessor101.invoke(Unknown Source)
	at sun.reflect.DelegatingMethodAccessorImpl.invoke(DelegatingMethodAccessorImpl.java:43)
	at java.lang.reflect.Method.invoke(Method.java:616)
	at org.apache.tools.ant.dispatch.DispatchUtils.execute(DispatchUtils.java:106)
	at org.apache.tools.ant.Task.perform(Task.java:348)
	at org.apache.tools.ant.taskdefs.Sequential.execute(Sequential.java:68)
	at org.apache.tools.ant.UnknownElement.execute(UnknownElement.java:291)
	at sun.reflect.GeneratedMethodAccessor101.invoke(Unknown Source)
	at sun.reflect.DelegatingMethodAccessorImpl.invoke(DelegatingMethodAccessorImpl.java:43)
	at java.lang.reflect.Method.invoke(Method.java:616)
	at org.apache.tools.ant.dispatch.DispatchUtils.execute(DispatchUtils.java:106)
	at org.apache.tools.ant.Task.perform(Task.java:348)
	at org.apache.tools.ant.taskdefs.MacroInstance.execute(MacroInstance.java:398)
	... 43 more
Caused by: Internal error: java.lang.IllegalArgumentException: Could not locate a metamodel with the URI 'www.uca.es/modeling/serviceProcess'. Please ensure that this metamodel has been registered with Epsilon.
	at org.eclipse.epsilon.emc.emf.EmfModel.determinePackagesFrom[EmfModel.java:266]
	at org.eclipse.epsilon.emc.emf.EmfModel.loadModelFromUri[EmfModel.java:214]
	at org.eclipse.epsilon.emc.emf.EmfModel.loadModel[EmfModel.java:161]
	at org.eclipse.epsilon.eol.models.CachedModel.load[CachedModel.java:147]
	at org.eclipse.epsilon.emc.emf.EmfModel.load[EmfModel.java:127]
	at org.eclipse.epsilon.workflow.tasks.emf.LoadEmfModel.executeImpl[LoadEmfModel.java:67]
	at org.eclipse.epsilon.workflow.tasks.EpsilonTask.execute[EpsilonTask.java:40]
	at org.apache.tools.ant.UnknownElement.execute[UnknownElement.java:291]
	at sun.reflect.GeneratedMethodAccessor101.invoke[Unknown Source]
	at sun.reflect.DelegatingMethodAccessorImpl.invoke[DelegatingMethodAccessorImpl.java:43]
	at java.lang.reflect.Method.invoke[Method.java:616]
	at org.apache.tools.ant.dispatch.DispatchUtils.execute[DispatchUtils.java:106]
	at org.apache.tools.ant.Task.perform[Task.java:348]
	at org.apache.tools.ant.taskdefs.Sequential.execute[Sequential.java:68]
	at org.apache.tools.ant.UnknownElement.execute[UnknownElement.java:291]
	at sun.reflect.GeneratedMethodAccessor101.invoke[Unknown Source]
	at sun.reflect.DelegatingMethodAccessorImpl.invoke[DelegatingMethodAccessorImpl.java:43]
	at java.lang.reflect.Method.invoke[Method.java:616]
	at org.apache.tools.ant.dispatch.DispatchUtils.execute[DispatchUtils.java:106]
	at org.apache.tools.ant.Task.perform[Task.java:348]
	at org.apache.tools.ant.taskdefs.MacroInstance.execute[MacroInstance.java:398]
	at org.apache.tools.ant.UnknownElement.execute[UnknownElement.java:291]
	at sun.reflect.GeneratedMethodAccessor101.invoke[Unknown Source]
	at sun.reflect.DelegatingMethodAccessorImpl.invoke[DelegatingMethodAccessorImpl.java:43]
	at java.lang.reflect.Method.invoke[Method.java:616]
	at org.apache.tools.ant.dispatch.DispatchUtils.execute[DispatchUtils.java:106]
	at org.apache.tools.ant.Task.perform[Task.java:348]
	at org.eclipse.epsilon.workflow.tasks.EUnitTask$TaskCollection.run[EUnitTask.java:69]
	at org.eclipse.epsilon.workflow.tasks.EUnitTask.beforeCase[EUnitTask.java:218]
	at org.eclipse.epsilon.eunit.EUnitModule.fireBeforeCase[EUnitModule.java:507]
	at org.eclipse.epsilon.eunit.EUnitModule.runSuiteInternal[EUnitModule.java:318]
	at org.eclipse.epsilon.eunit.EUnitModule.runSuite[EUnitModule.java:164]
	at org.eclipse.epsilon.eunit.EUnitModule.runInnerTestCase[EUnitModule.java:361]
	at org.eclipse.epsilon.eunit.EUnitModule.runSuiteInternal[EUnitModule.java:339]
	at org.eclipse.epsilon.eunit.EUnitModule.runSuite[EUnitModule.java:164]
	at org.eclipse.epsilon.eunit.EUnitModule.runInnerTestCase[EUnitModule.java:361]
	at org.eclipse.epsilon.eunit.EUnitModule.runSuiteInternal[EUnitModule.java:339]
	at org.eclipse.epsilon.eunit.EUnitModule.runSuite[EUnitModule.java:164]
	at org.eclipse.epsilon.eunit.EUnitModule.execute[EUnitModule.java:136]
	at org.eclipse.epsilon.workflow.tasks.ExecutableModuleTask.executeImpl[ExecutableModuleTask.java:193]
	at org.eclipse.epsilon.workflow.tasks.EpsilonTask.execute[EpsilonTask.java:40]
	at org.apache.tools.ant.UnknownElement.execute[UnknownElement.java:291]
	at sun.reflect.NativeMethodAccessorImpl.invoke0[Native Method]
	at sun.reflect.NativeMethodAccessorImpl.invoke[NativeMethodAccessorImpl.java:57]
	at sun.reflect.DelegatingMethodAccessorImpl.invoke[DelegatingMethodAccessorImpl.java:43]
	at java.lang.reflect.Method.invoke[Method.java:616]
	at org.apache.tools.ant.dispatch.DispatchUtils.execute[DispatchUtils.java:106]
	at org.apache.tools.ant.Task.perform[Task.java:348]
	at org.apache.tools.ant.Target.execute[Target.java:392]
	at org.apache.tools.ant.Target.performTasks[Target.java:413]
	at org.apache.tools.ant.Project.executeSortedTargets[Project.java:1399]
	at org.apache.tools.ant.Project.executeTarget[Project.java:1368]
	at org.apache.tools.ant.helper.DefaultExecutor.executeTargets[DefaultExecutor.java:41]
	at org.eclipse.ant.internal.core.ant.EclipseDefaultExecutor.executeTargets[EclipseDefaultExecutor.java:32]
	at org.apache.tools.ant.Project.executeTargets[Project.java:1251]
	at org.eclipse.ant.internal.core.ant.InternalAntRunner.run[InternalAntRunner.java:672]
	at org.eclipse.ant.internal.core.ant.InternalAntRunner.run[InternalAntRunner.java:498]
	at sun.reflect.NativeMethodAccessorImpl.invoke0[Native Method]
	at sun.reflect.NativeMethodAccessorImpl.invoke[NativeMethodAccessorImpl.java:57]
	at sun.reflect.DelegatingMethodAccessorImpl.invoke[DelegatingMethodAccessorImpl.java:43]
	at java.lang.reflect.Method.invoke[Method.java:616]
	at org.eclipse.ant.core.AntRunner.run[AntRunner.java:378]
	at org.eclipse.ant.internal.launching.launchConfigurations.AntLaunchDelegate$1.run[AntLaunchDelegate.java:298]
	at java.lang.Thread.run[Thread.java:679]

	at org.eclipse.epsilon.emc.emf.EmfModel.determinePackagesFrom(EmfModel.java:266)
	at org.eclipse.epsilon.emc.emf.EmfModel.loadModelFromUri(EmfModel.java:214)
	at org.eclipse.epsilon.emc.emf.EmfModel.loadModel(EmfModel.java:161)
	at org.eclipse.epsilon.eol.models.CachedModel.load(CachedModel.java:147)
	at org.eclipse.epsilon.emc.emf.EmfModel.load(EmfModel.java:127)
	at org.eclipse.epsilon.workflow.tasks.emf.LoadEmfModel.executeImpl(LoadEmfModel.java:67)
	... 58 more
Caused by: java.lang.IllegalArgumentException: Could not locate a metamodel with the URI 'www.uca.es/modeling/serviceProcess'. Please ensure that this metamodel has been registered with Epsilon.
	... 64 more
</error></testcase><testcase classname="sodmt.adhoc.eol.tlimits.eunit" name="withReal[1]" time="0.00800000"><error message="The following error occurred while executing this line:&#10;/home/antonio/Documents/sodmt/workspace-metamodels/es.uca.modeling.eol.tests/eunit.xml:17: Internal error: java.lang.IllegalArgumentException: Could not locate a metamodel with the URI 'www.uca.es/modeling/serviceProcess'. Please ensure that this metamodel has been registered with Epsilon.&#10;&#9;at org.eclipse.epsilon.emc.emf.EmfModel.determinePackagesFrom[EmfModel.java:266]&#10;&#9;at org.eclipse.epsilon.emc.emf.EmfModel.loadModelFromUri[EmfModel.java:214]&#10;&#9;at org.eclipse.epsilon.emc.emf.EmfModel.loadModel[EmfModel.java:161]&#10;&#9;at org.eclipse.epsilon.eol.models.CachedModel.load[CachedModel.java:147]&#10;&#9;at org.eclipse.epsilon.emc.emf.EmfModel.load[EmfModel.java:127]&#10;&#9;at org.eclipse.epsilon.workflow.tasks.emf.LoadEmfModel.executeImpl[LoadEmfModel.java:67]&#10;&#9;at org.eclipse.epsilon.workflow.tasks.EpsilonTask.execute[EpsilonTask.java:40]&#10;&#9;at org.apache.tools.ant.UnknownElement.execute[UnknownElement.java:291]&#10;&#9;at sun.reflect.GeneratedMethodAccessor101.invoke[Unknown Source]&#10;&#9;at sun.reflect.DelegatingMethodAccessorImpl.invoke[DelegatingMethodAccessorImpl.java:43]&#10;&#9;at java.lang.reflect.Method.invoke[Method.java:616]&#10;&#9;at org.apache.tools.ant.dispatch.DispatchUtils.execute[DispatchUtils.java:106]&#10;&#9;at org.apache.tools.ant.Task.perform[Task.java:348]&#10;&#9;at org.apache.tools.ant.taskdefs.Sequential.execute[Sequential.java:68]&#10;&#9;at org.apache.tools.ant.UnknownElement.execute[UnknownElement.java:291]&#10;&#9;at sun.reflect.GeneratedMethodAccessor101.invoke[Unknown Source]&#10;&#9;at sun.reflect.DelegatingMethodAccessorImpl.invoke[DelegatingMethodAccessorImpl.java:43]&#10;&#9;at java.lang.reflect.Method.invoke[Method.java:616]&#10;&#9;at org.apache.tools.ant.dispatch.DispatchUtils.execute[DispatchUtils.java:106]&#10;&#9;at org.apache.tools.ant.Task.perform[Task.java:348]&#10;&#9;at org.apache.tools.ant.taskdefs.MacroInstance.execute[MacroInstance.java:398]&#10;&#9;at org.apache.tools.ant.UnknownElement.execute[UnknownElement.java:291]&#10;&#9;at sun.reflect.GeneratedMethodAccessor101.invoke[Unknown Source]&#10;&#9;at sun.reflect.DelegatingMethodAccessorImpl.invoke[DelegatingMethodAccessorImpl.java:43]&#10;&#9;at java.lang.reflect.Method.invoke[Method.java:616]&#10;&#9;at org.apache.tools.ant.dispatch.DispatchUtils.execute[DispatchUtils.java:106]&#10;&#9;at org.apache.tools.ant.Task.perform[Task.java:348]&#10;&#9;at org.eclipse.epsilon.workflow.tasks.EUnitTask$TaskCollection.run[EUnitTask.java:69]&#10;&#9;at org.eclipse.epsilon.workflow.tasks.EUnitTask.beforeCase[EUnitTask.java:218]&#10;&#9;at org.eclipse.epsilon.eunit.EUnitModule.fireBeforeCase[EUnitModule.java:507]&#10;&#9;at org.eclipse.epsilon.eunit.EUnitModule.runSuiteInternal[EUnitModule.java:318]&#10;&#9;at org.eclipse.epsilon.eunit.EUnitModule.runSuite[EUnitModule.java:164]&#10;&#9;at org.eclipse.epsilon.eunit.EUnitModule.runInnerTestCase[EUnitModule.java:361]&#10;&#9;at org.eclipse.epsilon.eunit.EUnitModule.runSuiteInternal[EUnitModule.java:339]&#10;&#9;at org.eclipse.epsilon.eunit.EUnitModule.runSuite[EUnitModule.java:164]&#10;&#9;at org.eclipse.epsilon.eunit.EUnitModule.runInnerTestCase[EUnitModule.java:361]&#10;&#9;at org.eclipse.epsilon.eunit.EUnitModule.runSuiteInternal[EUnitModule.java:339]&#10;&#9;at org.eclipse.epsilon.eunit.EUnitModule.runSuite[EUnitModule.java:164]&#10;&#9;at org.eclipse.epsilon.eunit.EUnitModule.execute[EUnitModule.java:136]&#10;&#9;at org.eclipse.epsilon.workflow.tasks.ExecutableModuleTask.executeImpl[ExecutableModuleTask.java:193]&#10;&#9;at org.eclipse.epsilon.workflow.tasks.EpsilonTask.execute[EpsilonTask.java:40]&#10;&#9;at org.apache.tools.ant.UnknownElement.execute[UnknownElement.java:291]&#10;&#9;at sun.reflect.NativeMethodAccessorImpl.invoke0[Native Method]&#10;&#9;at sun.reflect.NativeMethodAccessorImpl.invoke[NativeMethodAccessorImpl.java:57]&#10;&#9;at sun.reflect.DelegatingMethodAccessorImpl.invoke[DelegatingMethodAccessorImpl.java:43]&#10;&#9;at java.lang.reflect.Method.invoke[Method.java:616]&#10;&#9;at org.apache.tools.ant.dispatch.DispatchUtils.execute[DispatchUtils.java:106]&#10;&#9;at org.apache.tools.ant.Task.perform[Task.java:348]&#10;&#9;at org.apache.tools.ant.Target.execute[Target.java:392]&#10;&#9;at org.apache.tools.ant.Target.performTasks[Target.java:413]&#10;&#9;at org.apache.tools.ant.Project.executeSortedTargets[Project.java:1399]&#10;&#9;at org.apache.tools.ant.Project.executeTarget[Project.java:1368]&#10;&#9;at org.apache.tools.ant.helper.DefaultExecutor.executeTargets[DefaultExecutor.java:41]&#10;&#9;at org.eclipse.ant.internal.core.ant.EclipseDefaultExecutor.executeTargets[EclipseDefaultExecutor.java:32]&#10;&#9;at org.apache.tools.ant.Project.executeTargets[Project.java:1251]&#10;&#9;at org.eclipse.ant.internal.core.ant.InternalAntRunner.run[InternalAntRunner.java:672]&#10;&#9;at org.eclipse.ant.internal.core.ant.InternalAntRunner.run[InternalAntRunner.java:498]&#10;&#9;at sun.reflect.NativeMethodAccessorImpl.invoke0[Native Method]&#10;&#9;at sun.reflect.NativeMethodAccessorImpl.invoke[NativeMethodAccessorImpl.java:57]&#10;&#9;at sun.reflect.DelegatingMethodAccessorImpl.invoke[DelegatingMethodAccessorImpl.java:43]&#10;&#9;at java.lang.reflect.Method.invoke[Method.java:616]&#10;&#9;at org.eclipse.ant.core.AntRunner.run[AntRunner.java:378]&#10;&#9;at org.eclipse.ant.internal.launching.launchConfigurations.AntLaunchDelegate$1.run[AntLaunchDelegate.java:298]&#10;&#9;at java.lang.Thread.run[Thread.java:679]&#10;" type="org.apache.tools.ant.BuildException">/home/antonio/Documents/sodmt/workspace-metamodels/es.uca.modeling.eol.tests/eunit.xml:34: The following error occurred while executing this line:
/home/antonio/Documents/sodmt/workspace-metamodels/es.uca.modeling.eol.tests/eunit.xml:17: Internal error: java.lang.IllegalArgumentException: Could not locate a metamodel with the URI 'www.uca.es/modeling/serviceProcess'. Please ensure that this metamodel has been registered with Epsilon.
	at org.eclipse.epsilon.emc.emf.EmfModel.determinePackagesFrom[EmfModel.java:266]
	at org.eclipse.epsilon.emc.emf.EmfModel.loadModelFromUri[EmfModel.java:214]
	at org.eclipse.epsilon.emc.emf.EmfModel.loadModel[EmfModel.java:161]
	at org.eclipse.epsilon.eol.models.CachedModel.load[CachedModel.java:147]
	at org.eclipse.epsilon.emc.emf.EmfModel.load[EmfModel.java:127]
	at org.eclipse.epsilon.workflow.tasks.emf.LoadEmfModel.executeImpl[LoadEmfModel.java:67]
	at org.eclipse.epsilon.workflow.tasks.EpsilonTask.execute[EpsilonTask.java:40]
	at org.apache.tools.ant.UnknownElement.execute[UnknownElement.java:291]
	at sun.reflect.GeneratedMethodAccessor101.invoke[Unknown Source]
	at sun.reflect.DelegatingMethodAccessorImpl.invoke[DelegatingMethodAccessorImpl.java:43]
	at java.lang.reflect.Method.invoke[Method.java:616]
	at org.apache.tools.ant.dispatch.DispatchUtils.execute[DispatchUtils.java:106]
	at org.apache.tools.ant.Task.perform[Task.java:348]
	at org.apache.tools.ant.taskdefs.Sequential.execute[Sequential.java:68]
	at org.apache.tools.ant.UnknownElement.execute[UnknownElement.java:291]
	at sun.reflect.GeneratedMethodAccessor101.invoke[Unknown Source]
	at sun.reflect.DelegatingMethodAccessorImpl.invoke[DelegatingMethodAccessorImpl.java:43]
	at java.lang.reflect.Method.invoke[Method.java:616]
	at org.apache.tools.ant.dispatch.DispatchUtils.execute[DispatchUtils.java:106]
	at org.apache.tools.ant.Task.perform[Task.java:348]
	at org.apache.tools.ant.taskdefs.MacroInstance.execute[MacroInstance.java:398]
	at org.apache.tools.ant.UnknownElement.execute[UnknownElement.java:291]
	at sun.reflect.GeneratedMethodAccessor101.invoke[Unknown Source]
	at sun.reflect.DelegatingMethodAccessorImpl.invoke[DelegatingMethodAccessorImpl.java:43]
	at java.lang.reflect.Method.invoke[Method.java:616]
	at org.apache.tools.ant.dispatch.DispatchUtils.execute[DispatchUtils.java:106]
	at org.apache.tools.ant.Task.perform[Task.java:348]
	at org.eclipse.epsilon.workflow.tasks.EUnitTask$TaskCollection.run[EUnitTask.java:69]
	at org.eclipse.epsilon.workflow.tasks.EUnitTask.beforeCase[EUnitTask.java:218]
	at org.eclipse.epsilon.eunit.EUnitModule.fireBeforeCase[EUnitModule.java:507]
	at org.eclipse.epsilon.eunit.EUnitModule.runSuiteInternal[EUnitModule.java:318]
	at org.eclipse.epsilon.eunit.EUnitModule.runSuite[EUnitModule.java:164]
	at org.eclipse.epsilon.eunit.EUnitModule.runInnerTestCase[EUnitModule.java:361]
	at org.eclipse.epsilon.eunit.EUnitModule.runSuiteInternal[EUnitModule.java:339]
	at org.eclipse.epsilon.eunit.EUnitModule.runSuite[EUnitModule.java:164]
	at org.eclipse.epsilon.eunit.EUnitModule.runInnerTestCase[EUnitModule.java:361]
	at org.eclipse.epsilon.eunit.EUnitModule.runSuiteInternal[EUnitModule.java:339]
	at org.eclipse.epsilon.eunit.EUnitModule.runSuite[EUnitModule.java:164]
	at org.eclipse.epsilon.eunit.EUnitModule.execute[EUnitModule.java:136]
	at org.eclipse.epsilon.workflow.tasks.ExecutableModuleTask.executeImpl[ExecutableModuleTask.java:193]
	at org.eclipse.epsilon.workflow.tasks.EpsilonTask.execute[EpsilonTask.java:40]
	at org.apache.tools.ant.UnknownElement.execute[UnknownElement.java:291]
	at sun.reflect.NativeMethodAccessorImpl.invoke0[Native Method]
	at sun.reflect.NativeMethodAccessorImpl.invoke[NativeMethodAccessorImpl.java:57]
	at sun.reflect.DelegatingMethodAccessorImpl.invoke[DelegatingMethodAccessorImpl.java:43]
	at java.lang.reflect.Method.invoke[Method.java:616]
	at org.apache.tools.ant.dispatch.DispatchUtils.execute[DispatchUtils.java:106]
	at org.apache.tools.ant.Task.perform[Task.java:348]
	at org.apache.tools.ant.Target.execute[Target.java:392]
	at org.apache.tools.ant.Target.performTasks[Target.java:413]
	at org.apache.tools.ant.Project.executeSortedTargets[Project.java:1399]
	at org.apache.tools.ant.Project.executeTarget[Project.java:1368]
	at org.apache.tools.ant.helper.DefaultExecutor.executeTargets[DefaultExecutor.java:41]
	at org.eclipse.ant.internal.core.ant.EclipseDefaultExecutor.executeTargets[EclipseDefaultExecutor.java:32]
	at org.apache.tools.ant.Project.executeTargets[Project.java:1251]
	at org.eclipse.ant.internal.core.ant.InternalAntRunner.run[InternalAntRunner.java:672]
	at org.eclipse.ant.internal.core.ant.InternalAntRunner.run[InternalAntRunner.java:498]
	at sun.reflect.NativeMethodAccessorImpl.invoke0[Native Method]
	at sun.reflect.NativeMethodAccessorImpl.invoke[NativeMethodAccessorImpl.java:57]
	at sun.reflect.DelegatingMethodAccessorImpl.invoke[DelegatingMethodAccessorImpl.java:43]
	at java.lang.reflect.Method.invoke[Method.java:616]
	at org.eclipse.ant.core.AntRunner.run[AntRunner.java:378]
	at org.eclipse.ant.internal.launching.launchConfigurations.AntLaunchDelegate$1.run[AntLaunchDelegate.java:298]
	at java.lang.Thread.run[Thread.java:679]

	at org.apache.tools.ant.ProjectHelper.addLocationToBuildException(ProjectHelper.java:551)
	at org.apache.tools.ant.taskdefs.MacroInstance.execute(MacroInstance.java:401)
	at org.apache.tools.ant.UnknownElement.execute(UnknownElement.java:291)
	at sun.reflect.GeneratedMethodAccessor101.invoke(Unknown Source)
	at sun.reflect.DelegatingMethodAccessorImpl.invoke(DelegatingMethodAccessorImpl.java:43)
	at java.lang.reflect.Method.invoke(Method.java:616)
	at org.apache.tools.ant.dispatch.DispatchUtils.execute(DispatchUtils.java:106)
	at org.apache.tools.ant.Task.perform(Task.java:348)
	at org.eclipse.epsilon.workflow.tasks.EUnitTask$TaskCollection.run(EUnitTask.java:69)
	at org.eclipse.epsilon.workflow.tasks.EUnitTask.beforeCase(EUnitTask.java:218)
	at org.eclipse.epsilon.eunit.EUnitModule.fireBeforeCase(EUnitModule.java:507)
	at org.eclipse.epsilon.eunit.EUnitModule.runSuiteInternal(EUnitModule.java:318)
	at org.eclipse.epsilon.eunit.EUnitModule.runSuite(EUnitModule.java:164)
	at org.eclipse.epsilon.eunit.EUnitModule.runInnerTestCase(EUnitModule.java:361)
	at org.eclipse.epsilon.eunit.EUnitModule.runSuiteInternal(EUnitModule.java:339)
	at org.eclipse.epsilon.eunit.EUnitModule.runSuite(EUnitModule.java:164)
	at org.eclipse.epsilon.eunit.EUnitModule.runInnerTestCase(EUnitModule.java:361)
	at org.eclipse.epsilon.eunit.EUnitModule.runSuiteInternal(EUnitModule.java:339)
	at org.eclipse.epsilon.eunit.EUnitModule.runSuite(EUnitModule.java:164)
	at org.eclipse.epsilon.eunit.EUnitModule.execute(EUnitModule.java:136)
	at org.eclipse.epsilon.workflow.tasks.ExecutableModuleTask.executeImpl(ExecutableModuleTask.java:193)
	at org.eclipse.epsilon.workflow.tasks.EpsilonTask.execute(EpsilonTask.java:40)
	at org.apache.tools.ant.UnknownElement.execute(UnknownElement.java:291)
	at sun.reflect.NativeMethodAccessorImpl.invoke0(Native Method)
	at sun.reflect.NativeMethodAccessorImpl.invoke(NativeMethodAccessorImpl.java:57)
	at sun.reflect.DelegatingMethodAccessorImpl.invoke(DelegatingMethodAccessorImpl.java:43)
	at java.lang.reflect.Method.invoke(Method.java:616)
	at org.apache.tools.ant.dispatch.DispatchUtils.execute(DispatchUtils.java:106)
	at org.apache.tools.ant.Task.perform(Task.java:348)
	at org.apache.tools.ant.Target.execute(Target.java:392)
	at org.apache.tools.ant.Target.performTasks(Target.java:413)
	at org.apache.tools.ant.Project.executeSortedTargets(Project.java:1399)
	at org.apache.tools.ant.Project.executeTarget(Project.java:1368)
	at org.apache.tools.ant.helper.DefaultExecutor.executeTargets(DefaultExecutor.java:41)
	at org.eclipse.ant.internal.core.ant.EclipseDefaultExecutor.executeTargets(EclipseDefaultExecutor.java:32)
	at org.apache.tools.ant.Project.executeTargets(Project.java:1251)
	at org.eclipse.ant.internal.core.ant.InternalAntRunner.run(InternalAntRunner.java:672)
	at org.eclipse.ant.internal.core.ant.InternalAntRunner.run(InternalAntRunner.java:498)
	at sun.reflect.NativeMethodAccessorImpl.invoke0(Native Method)
	at sun.reflect.NativeMethodAccessorImpl.invoke(NativeMethodAccessorImpl.java:57)
	at sun.reflect.DelegatingMethodAccessorImpl.invoke(DelegatingMethodAccessorImpl.java:43)
	at java.lang.reflect.Method.invoke(Method.java:616)
	at org.eclipse.ant.core.AntRunner.run(AntRunner.java:378)
	at org.eclipse.ant.internal.launching.launchConfigurations.AntLaunchDelegate$1.run(AntLaunchDelegate.java:298)
	at java.lang.Thread.run(Thread.java:679)
Caused by: /home/antonio/Documents/sodmt/workspace-metamodels/es.uca.modeling.eol.tests/eunit.xml:17: Internal error: java.lang.IllegalArgumentException: Could not locate a metamodel with the URI 'www.uca.es/modeling/serviceProcess'. Please ensure that this metamodel has been registered with Epsilon.
	at org.eclipse.epsilon.emc.emf.EmfModel.determinePackagesFrom[EmfModel.java:266]
	at org.eclipse.epsilon.emc.emf.EmfModel.loadModelFromUri[EmfModel.java:214]
	at org.eclipse.epsilon.emc.emf.EmfModel.loadModel[EmfModel.java:161]
	at org.eclipse.epsilon.eol.models.CachedModel.load[CachedModel.java:147]
	at org.eclipse.epsilon.emc.emf.EmfModel.load[EmfModel.java:127]
	at org.eclipse.epsilon.workflow.tasks.emf.LoadEmfModel.executeImpl[LoadEmfModel.java:67]
	at org.eclipse.epsilon.workflow.tasks.EpsilonTask.execute[EpsilonTask.java:40]
	at org.apache.tools.ant.UnknownElement.execute[UnknownElement.java:291]
	at sun.reflect.GeneratedMethodAccessor101.invoke[Unknown Source]
	at sun.reflect.DelegatingMethodAccessorImpl.invoke[DelegatingMethodAccessorImpl.java:43]
	at java.lang.reflect.Method.invoke[Method.java:616]
	at org.apache.tools.ant.dispatch.DispatchUtils.execute[DispatchUtils.java:106]
	at org.apache.tools.ant.Task.perform[Task.java:348]
	at org.apache.tools.ant.taskdefs.Sequential.execute[Sequential.java:68]
	at org.apache.tools.ant.UnknownElement.execute[UnknownElement.java:291]
	at sun.reflect.GeneratedMethodAccessor101.invoke[Unknown Source]
	at sun.reflect.DelegatingMethodAccessorImpl.invoke[DelegatingMethodAccessorImpl.java:43]
	at java.lang.reflect.Method.invoke[Method.java:616]
	at org.apache.tools.ant.dispatch.DispatchUtils.execute[DispatchUtils.java:106]
	at org.apache.tools.ant.Task.perform[Task.java:348]
	at org.apache.tools.ant.taskdefs.MacroInstance.execute[MacroInstance.java:398]
	at org.apache.tools.ant.UnknownElement.execute[UnknownElement.java:291]
	at sun.reflect.GeneratedMethodAccessor101.invoke[Unknown Source]
	at sun.reflect.DelegatingMethodAccessorImpl.invoke[DelegatingMethodAccessorImpl.java:43]
	at java.lang.reflect.Method.invoke[Method.java:616]
	at org.apache.tools.ant.dispatch.DispatchUtils.execute[DispatchUtils.java:106]
	at org.apache.tools.ant.Task.perform[Task.java:348]
	at org.eclipse.epsilon.workflow.tasks.EUnitTask$TaskCollection.run[EUnitTask.java:69]
	at org.eclipse.epsilon.workflow.tasks.EUnitTask.beforeCase[EUnitTask.java:218]
	at org.eclipse.epsilon.eunit.EUnitModule.fireBeforeCase[EUnitModule.java:507]
	at org.eclipse.epsilon.eunit.EUnitModule.runSuiteInternal[EUnitModule.java:318]
	at org.eclipse.epsilon.eunit.EUnitModule.runSuite[EUnitModule.java:164]
	at org.eclipse.epsilon.eunit.EUnitModule.runInnerTestCase[EUnitModule.java:361]
	at org.eclipse.epsilon.eunit.EUnitModule.runSuiteInternal[EUnitModule.java:339]
	at org.eclipse.epsilon.eunit.EUnitModule.runSuite[EUnitModule.java:164]
	at org.eclipse.epsilon.eunit.EUnitModule.runInnerTestCase[EUnitModule.java:361]
	at org.eclipse.epsilon.eunit.EUnitModule.runSuiteInternal[EUnitModule.java:339]
	at org.eclipse.epsilon.eunit.EUnitModule.runSuite[EUnitModule.java:164]
	at org.eclipse.epsilon.eunit.EUnitModule.execute[EUnitModule.java:136]
	at org.eclipse.epsilon.workflow.tasks.ExecutableModuleTask.executeImpl[ExecutableModuleTask.java:193]
	at org.eclipse.epsilon.workflow.tasks.EpsilonTask.execute[EpsilonTask.java:40]
	at org.apache.tools.ant.UnknownElement.execute[UnknownElement.java:291]
	at sun.reflect.NativeMethodAccessorImpl.invoke0[Native Method]
	at sun.reflect.NativeMethodAccessorImpl.invoke[NativeMethodAccessorImpl.java:57]
	at sun.reflect.DelegatingMethodAccessorImpl.invoke[DelegatingMethodAccessorImpl.java:43]
	at java.lang.reflect.Method.invoke[Method.java:616]
	at org.apache.tools.ant.dispatch.DispatchUtils.execute[DispatchUtils.java:106]
	at org.apache.tools.ant.Task.perform[Task.java:348]
	at org.apache.tools.ant.Target.execute[Target.java:392]
	at org.apache.tools.ant.Target.performTasks[Target.java:413]
	at org.apache.tools.ant.Project.executeSortedTargets[Project.java:1399]
	at org.apache.tools.ant.Project.executeTarget[Project.java:1368]
	at org.apache.tools.ant.helper.DefaultExecutor.executeTargets[DefaultExecutor.java:41]
	at org.eclipse.ant.internal.core.ant.EclipseDefaultExecutor.executeTargets[EclipseDefaultExecutor.java:32]
	at org.apache.tools.ant.Project.executeTargets[Project.java:1251]
	at org.eclipse.ant.internal.core.ant.InternalAntRunner.run[InternalAntRunner.java:672]
	at org.eclipse.ant.internal.core.ant.InternalAntRunner.run[InternalAntRunner.java:498]
	at sun.reflect.NativeMethodAccessorImpl.invoke0[Native Method]
	at sun.reflect.NativeMethodAccessorImpl.invoke[NativeMethodAccessorImpl.java:57]
	at sun.reflect.DelegatingMethodAccessorImpl.invoke[DelegatingMethodAccessorImpl.java:43]
	at java.lang.reflect.Method.invoke[Method.java:616]
	at org.eclipse.ant.core.AntRunner.run[AntRunner.java:378]
	at org.eclipse.ant.internal.launching.launchConfigurations.AntLaunchDelegate$1.run[AntLaunchDelegate.java:298]
	at java.lang.Thread.run[Thread.java:679]

	at org.eclipse.epsilon.workflow.tasks.emf.LoadEmfModel.executeImpl(LoadEmfModel.java:71)
	at org.eclipse.epsilon.workflow.tasks.EpsilonTask.execute(EpsilonTask.java:40)
	at org.apache.tools.ant.UnknownElement.execute(UnknownElement.java:291)
	at sun.reflect.GeneratedMethodAccessor101.invoke(Unknown Source)
	at sun.reflect.DelegatingMethodAccessorImpl.invoke(DelegatingMethodAccessorImpl.java:43)
	at java.lang.reflect.Method.invoke(Method.java:616)
	at org.apache.tools.ant.dispatch.DispatchUtils.execute(DispatchUtils.java:106)
	at org.apache.tools.ant.Task.perform(Task.java:348)
	at org.apache.tools.ant.taskdefs.Sequential.execute(Sequential.java:68)
	at org.apache.tools.ant.UnknownElement.execute(UnknownElement.java:291)
	at sun.reflect.GeneratedMethodAccessor101.invoke(Unknown Source)
	at sun.reflect.DelegatingMethodAccessorImpl.invoke(DelegatingMethodAccessorImpl.java:43)
	at java.lang.reflect.Method.invoke(Method.java:616)
	at org.apache.tools.ant.dispatch.DispatchUtils.execute(DispatchUtils.java:106)
	at org.apache.tools.ant.Task.perform(Task.java:348)
	at org.apache.tools.ant.taskdefs.MacroInstance.execute(MacroInstance.java:398)
	... 43 more
Caused by: Internal error: java.lang.IllegalArgumentException: Could not locate a metamodel with the URI 'www.uca.es/modeling/serviceProcess'. Please ensure that this metamodel has been registered with Epsilon.
	at org.eclipse.epsilon.emc.emf.EmfModel.determinePackagesFrom[EmfModel.java:266]
	at org.eclipse.epsilon.emc.emf.EmfModel.loadModelFromUri[EmfModel.java:214]
	at org.eclipse.epsilon.emc.emf.EmfModel.loadModel[EmfModel.java:161]
	at org.eclipse.epsilon.eol.models.CachedModel.load[CachedModel.java:147]
	at org.eclipse.epsilon.emc.emf.EmfModel.load[EmfModel.java:127]
	at org.eclipse.epsilon.workflow.tasks.emf.LoadEmfModel.executeImpl[LoadEmfModel.java:67]
	at org.eclipse.epsilon.workflow.tasks.EpsilonTask.execute[EpsilonTask.java:40]
	at org.apache.tools.ant.UnknownElement.execute[UnknownElement.java:291]
	at sun.reflect.GeneratedMethodAccessor101.invoke[Unknown Source]
	at sun.reflect.DelegatingMethodAccessorImpl.invoke[DelegatingMethodAccessorImpl.java:43]
	at java.lang.reflect.Method.invoke[Method.java:616]
	at org.apache.tools.ant.dispatch.DispatchUtils.execute[DispatchUtils.java:106]
	at org.apache.tools.ant.Task.perform[Task.java:348]
	at org.apache.tools.ant.taskdefs.Sequential.execute[Sequential.java:68]
	at org.apache.tools.ant.UnknownElement.execute[UnknownElement.java:291]
	at sun.reflect.GeneratedMethodAccessor101.invoke[Unknown Source]
	at sun.reflect.DelegatingMethodAccessorImpl.invoke[DelegatingMethodAccessorImpl.java:43]
	at java.lang.reflect.Method.invoke[Method.java:616]
	at org.apache.tools.ant.dispatch.DispatchUtils.execute[DispatchUtils.java:106]
	at org.apache.tools.ant.Task.perform[Task.java:348]
	at org.apache.tools.ant.taskdefs.MacroInstance.execute[MacroInstance.java:398]
	at org.apache.tools.ant.UnknownElement.execute[UnknownElement.java:291]
	at sun.reflect.GeneratedMethodAccessor101.invoke[Unknown Source]
	at sun.reflect.DelegatingMethodAccessorImpl.invoke[DelegatingMethodAccessorImpl.java:43]
	at java.lang.reflect.Method.invoke[Method.java:616]
	at org.apache.tools.ant.dispatch.DispatchUtils.execute[DispatchUtils.java:106]
	at org.apache.tools.ant.Task.perform[Task.java:348]
	at org.eclipse.epsilon.workflow.tasks.EUnitTask$TaskCollection.run[EUnitTask.java:69]
	at org.eclipse.epsilon.workflow.tasks.EUnitTask.beforeCase[EUnitTask.java:218]
	at org.eclipse.epsilon.eunit.EUnitModule.fireBeforeCase[EUnitModule.java:507]
	at org.eclipse.epsilon.eunit.EUnitModule.runSuiteInternal[EUnitModule.java:318]
	at org.eclipse.epsilon.eunit.EUnitModule.runSuite[EUnitModule.java:164]
	at org.eclipse.epsilon.eunit.EUnitModule.runInnerTestCase[EUnitModule.java:361]
	at org.eclipse.epsilon.eunit.EUnitModule.runSuiteInternal[EUnitModule.java:339]
	at org.eclipse.epsilon.eunit.EUnitModule.runSuite[EUnitModule.java:164]
	at org.eclipse.epsilon.eunit.EUnitModule.runInnerTestCase[EUnitModule.java:361]
	at org.eclipse.epsilon.eunit.EUnitModule.runSuiteInternal[EUnitModule.java:339]
	at org.eclipse.epsilon.eunit.EUnitModule.runSuite[EUnitModule.java:164]
	at org.eclipse.epsilon.eunit.EUnitModule.execute[EUnitModule.java:136]
	at org.eclipse.epsilon.workflow.tasks.ExecutableModuleTask.executeImpl[ExecutableModuleTask.java:193]
	at org.eclipse.epsilon.workflow.tasks.EpsilonTask.execute[EpsilonTask.java:40]
	at org.apache.tools.ant.UnknownElement.execute[UnknownElement.java:291]
	at sun.reflect.NativeMethodAccessorImpl.invoke0[Native Method]
	at sun.reflect.NativeMethodAccessorImpl.invoke[NativeMethodAccessorImpl.java:57]
	at sun.reflect.DelegatingMethodAccessorImpl.invoke[DelegatingMethodAccessorImpl.java:43]
	at java.lang.reflect.Method.invoke[Method.java:616]
	at org.apache.tools.ant.dispatch.DispatchUtils.execute[DispatchUtils.java:106]
	at org.apache.tools.ant.Task.perform[Task.java:348]
	at org.apache.tools.ant.Target.execute[Target.java:392]
	at org.apache.tools.ant.Target.performTasks[Target.java:413]
	at org.apache.tools.ant.Project.executeSortedTargets[Project.java:1399]
	at org.apache.tools.ant.Project.executeTarget[Project.java:1368]
	at org.apache.tools.ant.helper.DefaultExecutor.executeTargets[DefaultExecutor.java:41]
	at org.eclipse.ant.internal.core.ant.EclipseDefaultExecutor.executeTargets[EclipseDefaultExecutor.java:32]
	at org.apache.tools.ant.Project.executeTargets[Project.java:1251]
	at org.eclipse.ant.internal.core.ant.InternalAntRunner.run[InternalAntRunner.java:672]
	at org.eclipse.ant.internal.core.ant.InternalAntRunner.run[InternalAntRunner.java:498]
	at sun.reflect.NativeMethodAccessorImpl.invoke0[Native Method]
	at sun.reflect.NativeMethodAccessorImpl.invoke[NativeMethodAccessorImpl.java:57]
	at sun.reflect.DelegatingMethodAccessorImpl.invoke[DelegatingMethodAccessorImpl.java:43]
	at java.lang.reflect.Method.invoke[Method.java:616]
	at org.eclipse.ant.core.AntRunner.run[AntRunner.java:378]
	at org.eclipse.ant.internal.launching.launchConfigurations.AntLaunchDelegate$1.run[AntLaunchDelegate.java:298]
	at java.lang.Thread.run[Thread.java:679]

	at org.eclipse.epsilon.emc.emf.EmfModel.determinePackagesFrom(EmfModel.java:266)
	at org.eclipse.epsilon.emc.emf.EmfModel.loadModelFromUri(EmfModel.java:214)
	at org.eclipse.epsilon.emc.emf.EmfModel.loadModel(EmfModel.java:161)
	at org.eclipse.epsilon.eol.models.CachedModel.load(CachedModel.java:147)
	at org.eclipse.epsilon.emc.emf.EmfModel.load(EmfModel.java:127)
	at org.eclipse.epsilon.workflow.tasks.emf.LoadEmfModel.executeImpl(LoadEmfModel.java:67)
	... 58 more
Caused by: java.lang.IllegalArgumentException: Could not locate a metamodel with the URI 'www.uca.es/modeling/serviceProcess'. Please ensure that this metamodel has been registered with Epsilon.
	... 64 more
</error></testcase><testcase classname="sodmt.adhoc.eol.tlimits.eunit" name="withReal[2]" time="0.00700000"><error message="The following error occurred while executing this line:&#10;/home/antonio/Documents/sodmt/workspace-metamodels/es.uca.modeling.eol.tests/eunit.xml:17: Internal error: java.lang.IllegalArgumentException: Could not locate a metamodel with the URI 'www.uca.es/modeling/serviceProcess'. Please ensure that this metamodel has been registered with Epsilon.&#10;&#9;at org.eclipse.epsilon.emc.emf.EmfModel.determinePackagesFrom[EmfModel.java:266]&#10;&#9;at org.eclipse.epsilon.emc.emf.EmfModel.loadModelFromUri[EmfModel.java:214]&#10;&#9;at org.eclipse.epsilon.emc.emf.EmfModel.loadModel[EmfModel.java:161]&#10;&#9;at org.eclipse.epsilon.eol.models.CachedModel.load[CachedModel.java:147]&#10;&#9;at org.eclipse.epsilon.emc.emf.EmfModel.load[EmfModel.java:127]&#10;&#9;at org.eclipse.epsilon.workflow.tasks.emf.LoadEmfModel.executeImpl[LoadEmfModel.java:67]&#10;&#9;at org.eclipse.epsilon.workflow.tasks.EpsilonTask.execute[EpsilonTask.java:40]&#10;&#9;at org.apache.tools.ant.UnknownElement.execute[UnknownElement.java:291]&#10;&#9;at sun.reflect.GeneratedMethodAccessor101.invoke[Unknown Source]&#10;&#9;at sun.reflect.DelegatingMethodAccessorImpl.invoke[DelegatingMethodAccessorImpl.java:43]&#10;&#9;at java.lang.reflect.Method.invoke[Method.java:616]&#10;&#9;at org.apache.tools.ant.dispatch.DispatchUtils.execute[DispatchUtils.java:106]&#10;&#9;at org.apache.tools.ant.Task.perform[Task.java:348]&#10;&#9;at org.apache.tools.ant.taskdefs.Sequential.execute[Sequential.java:68]&#10;&#9;at org.apache.tools.ant.UnknownElement.execute[UnknownElement.java:291]&#10;&#9;at sun.reflect.GeneratedMethodAccessor101.invoke[Unknown Source]&#10;&#9;at sun.reflect.DelegatingMethodAccessorImpl.invoke[DelegatingMethodAccessorImpl.java:43]&#10;&#9;at java.lang.reflect.Method.invoke[Method.java:616]&#10;&#9;at org.apache.tools.ant.dispatch.DispatchUtils.execute[DispatchUtils.java:106]&#10;&#9;at org.apache.tools.ant.Task.perform[Task.java:348]&#10;&#9;at org.apache.tools.ant.taskdefs.MacroInstance.execute[MacroInstance.java:398]&#10;&#9;at org.apache.tools.ant.UnknownElement.execute[UnknownElement.java:291]&#10;&#9;at sun.reflect.GeneratedMethodAccessor101.invoke[Unknown Source]&#10;&#9;at sun.reflect.DelegatingMethodAccessorImpl.invoke[DelegatingMethodAccessorImpl.java:43]&#10;&#9;at java.lang.reflect.Method.invoke[Method.java:616]&#10;&#9;at org.apache.tools.ant.dispatch.DispatchUtils.execute[DispatchUtils.java:106]&#10;&#9;at org.apache.tools.ant.Task.perform[Task.java:348]&#10;&#9;at org.eclipse.epsilon.workflow.tasks.EUnitTask$TaskCollection.run[EUnitTask.java:69]&#10;&#9;at org.eclipse.epsilon.workflow.tasks.EUnitTask.beforeCase[EUnitTask.java:218]&#10;&#9;at org.eclipse.epsilon.eunit.EUnitModule.fireBeforeCase[EUnitModule.java:507]&#10;&#9;at org.eclipse.epsilon.eunit.EUnitModule.runSuiteInternal[EUnitModule.java:318]&#10;&#9;at org.eclipse.epsilon.eunit.EUnitModule.runSuite[EUnitModule.java:164]&#10;&#9;at org.eclipse.epsilon.eunit.EUnitModule.runInnerTestCase[EUnitModule.java:361]&#10;&#9;at org.eclipse.epsilon.eunit.EUnitModule.runSuiteInternal[EUnitModule.java:339]&#10;&#9;at org.eclipse.epsilon.eunit.EUnitModule.runSuite[EUnitModule.java:164]&#10;&#9;at org.eclipse.epsilon.eunit.EUnitModule.runInnerTestCase[EUnitModule.java:361]&#10;&#9;at org.eclipse.epsilon.eunit.EUnitModule.runSuiteInternal[EUnitModule.java:339]&#10;&#9;at org.eclipse.epsilon.eunit.EUnitModule.runSuite[EUnitModule.java:164]&#10;&#9;at org.eclipse.epsilon.eunit.EUnitModule.execute[EUnitModule.java:136]&#10;&#9;at org.eclipse.epsilon.workflow.tasks.ExecutableModuleTask.executeImpl[ExecutableModuleTask.java:193]&#10;&#9;at org.eclipse.epsilon.workflow.tasks.EpsilonTask.execute[EpsilonTask.java:40]&#10;&#9;at org.apache.tools.ant.UnknownElement.execute[UnknownElement.java:291]&#10;&#9;at sun.reflect.NativeMethodAccessorImpl.invoke0[Native Method]&#10;&#9;at sun.reflect.NativeMethodAccessorImpl.invoke[NativeMethodAccessorImpl.java:57]&#10;&#9;at sun.reflect.DelegatingMethodAccessorImpl.invoke[DelegatingMethodAccessorImpl.java:43]&#10;&#9;at java.lang.reflect.Method.invoke[Method.java:616]&#10;&#9;at org.apache.tools.ant.dispatch.DispatchUtils.execute[DispatchUtils.java:106]&#10;&#9;at org.apache.tools.ant.Task.perform[Task.java:348]&#10;&#9;at org.apache.tools.ant.Target.execute[Target.java:392]&#10;&#9;at org.apache.tools.ant.Target.performTasks[Target.java:413]&#10;&#9;at org.apache.tools.ant.Project.executeSortedTargets[Project.java:1399]&#10;&#9;at org.apache.tools.ant.Project.executeTarget[Project.java:1368]&#10;&#9;at org.apache.tools.ant.helper.DefaultExecutor.executeTargets[DefaultExecutor.java:41]&#10;&#9;at org.eclipse.ant.internal.core.ant.EclipseDefaultExecutor.executeTargets[EclipseDefaultExecutor.java:32]&#10;&#9;at org.apache.tools.ant.Project.executeTargets[Project.java:1251]&#10;&#9;at org.eclipse.ant.internal.core.ant.InternalAntRunner.run[InternalAntRunner.java:672]&#10;&#9;at org.eclipse.ant.internal.core.ant.InternalAntRunner.run[InternalAntRunner.java:498]&#10;&#9;at sun.reflect.NativeMethodAccessorImpl.invoke0[Native Method]&#10;&#9;at sun.reflect.NativeMethodAccessorImpl.invoke[NativeMethodAccessorImpl.java:57]&#10;&#9;at sun.reflect.DelegatingMethodAccessorImpl.invoke[DelegatingMethodAccessorImpl.java:43]&#10;&#9;at java.lang.reflect.Method.invoke[Method.java:616]&#10;&#9;at org.eclipse.ant.core.AntRunner.run[AntRunner.java:378]&#10;&#9;at org.eclipse.ant.internal.launching.launchConfigurations.AntLaunchDelegate$1.run[AntLaunchDelegate.java:298]&#10;&#9;at java.lang.Thread.run[Thread.java:679]&#10;" type="org.apache.tools.ant.BuildException">/home/antonio/Documents/sodmt/workspace-metamodels/es.uca.modeling.eol.tests/eunit.xml:34: The following error occurred while executing this line:
/home/antonio/Documents/sodmt/workspace-metamodels/es.uca.modeling.eol.tests/eunit.xml:17: Internal error: java.lang.IllegalArgumentException: Could not locate a metamodel with the URI 'www.uca.es/modeling/serviceProcess'. Please ensure that this metamodel has been registered with Epsilon.
	at org.eclipse.epsilon.emc.emf.EmfModel.determinePackagesFrom[EmfModel.java:266]
	at org.eclipse.epsilon.emc.emf.EmfModel.loadModelFromUri[EmfModel.java:214]
	at org.eclipse.epsilon.emc.emf.EmfModel.loadModel[EmfModel.java:161]
	at org.eclipse.epsilon.eol.models.CachedModel.load[CachedModel.java:147]
	at org.eclipse.epsilon.emc.emf.EmfModel.load[EmfModel.java:127]
	at org.eclipse.epsilon.workflow.tasks.emf.LoadEmfModel.executeImpl[LoadEmfModel.java:67]
	at org.eclipse.epsilon.workflow.tasks.EpsilonTask.execute[EpsilonTask.java:40]
	at org.apache.tools.ant.UnknownElement.execute[UnknownElement.java:291]
	at sun.reflect.GeneratedMethodAccessor101.invoke[Unknown Source]
	at sun.reflect.DelegatingMethodAccessorImpl.invoke[DelegatingMethodAccessorImpl.java:43]
	at java.lang.reflect.Method.invoke[Method.java:616]
	at org.apache.tools.ant.dispatch.DispatchUtils.execute[DispatchUtils.java:106]
	at org.apache.tools.ant.Task.perform[Task.java:348]
	at org.apache.tools.ant.taskdefs.Sequential.execute[Sequential.java:68]
	at org.apache.tools.ant.UnknownElement.execute[UnknownElement.java:291]
	at sun.reflect.GeneratedMethodAccessor101.invoke[Unknown Source]
	at sun.reflect.DelegatingMethodAccessorImpl.invoke[DelegatingMethodAccessorImpl.java:43]
	at java.lang.reflect.Method.invoke[Method.java:616]
	at org.apache.tools.ant.dispatch.DispatchUtils.execute[DispatchUtils.java:106]
	at org.apache.tools.ant.Task.perform[Task.java:348]
	at org.apache.tools.ant.taskdefs.MacroInstance.execute[MacroInstance.java:398]
	at org.apache.tools.ant.UnknownElement.execute[UnknownElement.java:291]
	at sun.reflect.GeneratedMethodAccessor101.invoke[Unknown Source]
	at sun.reflect.DelegatingMethodAccessorImpl.invoke[DelegatingMethodAccessorImpl.java:43]
	at java.lang.reflect.Method.invoke[Method.java:616]
	at org.apache.tools.ant.dispatch.DispatchUtils.execute[DispatchUtils.java:106]
	at org.apache.tools.ant.Task.perform[Task.java:348]
	at org.eclipse.epsilon.workflow.tasks.EUnitTask$TaskCollection.run[EUnitTask.java:69]
	at org.eclipse.epsilon.workflow.tasks.EUnitTask.beforeCase[EUnitTask.java:218]
	at org.eclipse.epsilon.eunit.EUnitModule.fireBeforeCase[EUnitModule.java:507]
	at org.eclipse.epsilon.eunit.EUnitModule.runSuiteInternal[EUnitModule.java:318]
	at org.eclipse.epsilon.eunit.EUnitModule.runSuite[EUnitModule.java:164]
	at org.eclipse.epsilon.eunit.EUnitModule.runInnerTestCase[EUnitModule.java:361]
	at org.eclipse.epsilon.eunit.EUnitModule.runSuiteInternal[EUnitModule.java:339]
	at org.eclipse.epsilon.eunit.EUnitModule.runSuite[EUnitModule.java:164]
	at org.eclipse.epsilon.eunit.EUnitModule.runInnerTestCase[EUnitModule.java:361]
	at org.eclipse.epsilon.eunit.EUnitModule.runSuiteInternal[EUnitModule.java:339]
	at org.eclipse.epsilon.eunit.EUnitModule.runSuite[EUnitModule.java:164]
	at org.eclipse.epsilon.eunit.EUnitModule.execute[EUnitModule.java:136]
	at org.eclipse.epsilon.workflow.tasks.ExecutableModuleTask.executeImpl[ExecutableModuleTask.java:193]
	at org.eclipse.epsilon.workflow.tasks.EpsilonTask.execute[EpsilonTask.java:40]
	at org.apache.tools.ant.UnknownElement.execute[UnknownElement.java:291]
	at sun.reflect.NativeMethodAccessorImpl.invoke0[Native Method]
	at sun.reflect.NativeMethodAccessorImpl.invoke[NativeMethodAccessorImpl.java:57]
	at sun.reflect.DelegatingMethodAccessorImpl.invoke[DelegatingMethodAccessorImpl.java:43]
	at java.lang.reflect.Method.invoke[Method.java:616]
	at org.apache.tools.ant.dispatch.DispatchUtils.execute[DispatchUtils.java:106]
	at org.apache.tools.ant.Task.perform[Task.java:348]
	at org.apache.tools.ant.Target.execute[Target.java:392]
	at org.apache.tools.ant.Target.performTasks[Target.java:413]
	at org.apache.tools.ant.Project.executeSortedTargets[Project.java:1399]
	at org.apache.tools.ant.Project.executeTarget[Project.java:1368]
	at org.apache.tools.ant.helper.DefaultExecutor.executeTargets[DefaultExecutor.java:41]
	at org.eclipse.ant.internal.core.ant.EclipseDefaultExecutor.executeTargets[EclipseDefaultExecutor.java:32]
	at org.apache.tools.ant.Project.executeTargets[Project.java:1251]
	at org.eclipse.ant.internal.core.ant.InternalAntRunner.run[InternalAntRunner.java:672]
	at org.eclipse.ant.internal.core.ant.InternalAntRunner.run[InternalAntRunner.java:498]
	at sun.reflect.NativeMethodAccessorImpl.invoke0[Native Method]
	at sun.reflect.NativeMethodAccessorImpl.invoke[NativeMethodAccessorImpl.java:57]
	at sun.reflect.DelegatingMethodAccessorImpl.invoke[DelegatingMethodAccessorImpl.java:43]
	at java.lang.reflect.Method.invoke[Method.java:616]
	at org.eclipse.ant.core.AntRunner.run[AntRunner.java:378]
	at org.eclipse.ant.internal.launching.launchConfigurations.AntLaunchDelegate$1.run[AntLaunchDelegate.java:298]
	at java.lang.Thread.run[Thread.java:679]

	at org.apache.tools.ant.ProjectHelper.addLocationToBuildException(ProjectHelper.java:551)
	at org.apache.tools.ant.taskdefs.MacroInstance.execute(MacroInstance.java:401)
	at org.apache.tools.ant.UnknownElement.execute(UnknownElement.java:291)
	at sun.reflect.GeneratedMethodAccessor101.invoke(Unknown Source)
	at sun.reflect.DelegatingMethodAccessorImpl.invoke(DelegatingMethodAccessorImpl.java:43)
	at java.lang.reflect.Method.invoke(Method.java:616)
	at org.apache.tools.ant.dispatch.DispatchUtils.execute(DispatchUtils.java:106)
	at org.apache.tools.ant.Task.perform(Task.java:348)
	at org.eclipse.epsilon.workflow.tasks.EUnitTask$TaskCollection.run(EUnitTask.java:69)
	at org.eclipse.epsilon.workflow.tasks.EUnitTask.beforeCase(EUnitTask.java:218)
	at org.eclipse.epsilon.eunit.EUnitModule.fireBeforeCase(EUnitModule.java:507)
	at org.eclipse.epsilon.eunit.EUnitModule.runSuiteInternal(EUnitModule.java:318)
	at org.eclipse.epsilon.eunit.EUnitModule.runSuite(EUnitModule.java:164)
	at org.eclipse.epsilon.eunit.EUnitModule.runInnerTestCase(EUnitModule.java:361)
	at org.eclipse.epsilon.eunit.EUnitModule.runSuiteInternal(EUnitModule.java:339)
	at org.eclipse.epsilon.eunit.EUnitModule.runSuite(EUnitModule.java:164)
	at org.eclipse.epsilon.eunit.EUnitModule.runInnerTestCase(EUnitModule.java:361)
	at org.eclipse.epsilon.eunit.EUnitModule.runSuiteInternal(EUnitModule.java:339)
	at org.eclipse.epsilon.eunit.EUnitModule.runSuite(EUnitModule.java:164)
	at org.eclipse.epsilon.eunit.EUnitModule.execute(EUnitModule.java:136)
	at org.eclipse.epsilon.workflow.tasks.ExecutableModuleTask.executeImpl(ExecutableModuleTask.java:193)
	at org.eclipse.epsilon.workflow.tasks.EpsilonTask.execute(EpsilonTask.java:40)
	at org.apache.tools.ant.UnknownElement.execute(UnknownElement.java:291)
	at sun.reflect.NativeMethodAccessorImpl.invoke0(Native Method)
	at sun.reflect.NativeMethodAccessorImpl.invoke(NativeMethodAccessorImpl.java:57)
	at sun.reflect.DelegatingMethodAccessorImpl.invoke(DelegatingMethodAccessorImpl.java:43)
	at java.lang.reflect.Method.invoke(Method.java:616)
	at org.apache.tools.ant.dispatch.DispatchUtils.execute(DispatchUtils.java:106)
	at org.apache.tools.ant.Task.perform(Task.java:348)
	at org.apache.tools.ant.Target.execute(Target.java:392)
	at org.apache.tools.ant.Target.performTasks(Target.java:413)
	at org.apache.tools.ant.Project.executeSortedTargets(Project.java:1399)
	at org.apache.tools.ant.Project.executeTarget(Project.java:1368)
	at org.apache.tools.ant.helper.DefaultExecutor.executeTargets(DefaultExecutor.java:41)
	at org.eclipse.ant.internal.core.ant.EclipseDefaultExecutor.executeTargets(EclipseDefaultExecutor.java:32)
	at org.apache.tools.ant.Project.executeTargets(Project.java:1251)
	at org.eclipse.ant.internal.core.ant.InternalAntRunner.run(InternalAntRunner.java:672)
	at org.eclipse.ant.internal.core.ant.InternalAntRunner.run(InternalAntRunner.java:498)
	at sun.reflect.NativeMethodAccessorImpl.invoke0(Native Method)
	at sun.reflect.NativeMethodAccessorImpl.invoke(NativeMethodAccessorImpl.java:57)
	at sun.reflect.DelegatingMethodAccessorImpl.invoke(DelegatingMethodAccessorImpl.java:43)
	at java.lang.reflect.Method.invoke(Method.java:616)
	at org.eclipse.ant.core.AntRunner.run(AntRunner.java:378)
	at org.eclipse.ant.internal.launching.launchConfigurations.AntLaunchDelegate$1.run(AntLaunchDelegate.java:298)
	at java.lang.Thread.run(Thread.java:679)
Caused by: /home/antonio/Documents/sodmt/workspace-metamodels/es.uca.modeling.eol.tests/eunit.xml:17: Internal error: java.lang.IllegalArgumentException: Could not locate a metamodel with the URI 'www.uca.es/modeling/serviceProcess'. Please ensure that this metamodel has been registered with Epsilon.
	at org.eclipse.epsilon.emc.emf.EmfModel.determinePackagesFrom[EmfModel.java:266]
	at org.eclipse.epsilon.emc.emf.EmfModel.loadModelFromUri[EmfModel.java:214]
	at org.eclipse.epsilon.emc.emf.EmfModel.loadModel[EmfModel.java:161]
	at org.eclipse.epsilon.eol.models.CachedModel.load[CachedModel.java:147]
	at org.eclipse.epsilon.emc.emf.EmfModel.load[EmfModel.java:127]
	at org.eclipse.epsilon.workflow.tasks.emf.LoadEmfModel.executeImpl[LoadEmfModel.java:67]
	at org.eclipse.epsilon.workflow.tasks.EpsilonTask.execute[EpsilonTask.java:40]
	at org.apache.tools.ant.UnknownElement.execute[UnknownElement.java:291]
	at sun.reflect.GeneratedMethodAccessor101.invoke[Unknown Source]
	at sun.reflect.DelegatingMethodAccessorImpl.invoke[DelegatingMethodAccessorImpl.java:43]
	at java.lang.reflect.Method.invoke[Method.java:616]
	at org.apache.tools.ant.dispatch.DispatchUtils.execute[DispatchUtils.java:106]
	at org.apache.tools.ant.Task.perform[Task.java:348]
	at org.apache.tools.ant.taskdefs.Sequential.execute[Sequential.java:68]
	at org.apache.tools.ant.UnknownElement.execute[UnknownElement.java:291]
	at sun.reflect.GeneratedMethodAccessor101.invoke[Unknown Source]
	at sun.reflect.DelegatingMethodAccessorImpl.invoke[DelegatingMethodAccessorImpl.java:43]
	at java.lang.reflect.Method.invoke[Method.java:616]
	at org.apache.tools.ant.dispatch.DispatchUtils.execute[DispatchUtils.java:106]
	at org.apache.tools.ant.Task.perform[Task.java:348]
	at org.apache.tools.ant.taskdefs.MacroInstance.execute[MacroInstance.java:398]
	at org.apache.tools.ant.UnknownElement.execute[UnknownElement.java:291]
	at sun.reflect.GeneratedMethodAccessor101.invoke[Unknown Source]
	at sun.reflect.DelegatingMethodAccessorImpl.invoke[DelegatingMethodAccessorImpl.java:43]
	at java.lang.reflect.Method.invoke[Method.java:616]
	at org.apache.tools.ant.dispatch.DispatchUtils.execute[DispatchUtils.java:106]
	at org.apache.tools.ant.Task.perform[Task.java:348]
	at org.eclipse.epsilon.workflow.tasks.EUnitTask$TaskCollection.run[EUnitTask.java:69]
	at org.eclipse.epsilon.workflow.tasks.EUnitTask.beforeCase[EUnitTask.java:218]
	at org.eclipse.epsilon.eunit.EUnitModule.fireBeforeCase[EUnitModule.java:507]
	at org.eclipse.epsilon.eunit.EUnitModule.runSuiteInternal[EUnitModule.java:318]
	at org.eclipse.epsilon.eunit.EUnitModule.runSuite[EUnitModule.java:164]
	at org.eclipse.epsilon.eunit.EUnitModule.runInnerTestCase[EUnitModule.java:361]
	at org.eclipse.epsilon.eunit.EUnitModule.runSuiteInternal[EUnitModule.java:339]
	at org.eclipse.epsilon.eunit.EUnitModule.runSuite[EUnitModule.java:164]
	at org.eclipse.epsilon.eunit.EUnitModule.runInnerTestCase[EUnitModule.java:361]
	at org.eclipse.epsilon.eunit.EUnitModule.runSuiteInternal[EUnitModule.java:339]
	at org.eclipse.epsilon.eunit.EUnitModule.runSuite[EUnitModule.java:164]
	at org.eclipse.epsilon.eunit.EUnitModule.execute[EUnitModule.java:136]
	at org.eclipse.epsilon.workflow.tasks.ExecutableModuleTask.executeImpl[ExecutableModuleTask.java:193]
	at org.eclipse.epsilon.workflow.tasks.EpsilonTask.execute[EpsilonTask.java:40]
	at org.apache.tools.ant.UnknownElement.execute[UnknownElement.java:291]
	at sun.reflect.NativeMethodAccessorImpl.invoke0[Native Method]
	at sun.reflect.NativeMethodAccessorImpl.invoke[NativeMethodAccessorImpl.java:57]
	at sun.reflect.DelegatingMethodAccessorImpl.invoke[DelegatingMethodAccessorImpl.java:43]
	at java.lang.reflect.Method.invoke[Method.java:616]
	at org.apache.tools.ant.dispatch.DispatchUtils.execute[DispatchUtils.java:106]
	at org.apache.tools.ant.Task.perform[Task.java:348]
	at org.apache.tools.ant.Target.execute[Target.java:392]
	at org.apache.tools.ant.Target.performTasks[Target.java:413]
	at org.apache.tools.ant.Project.executeSortedTargets[Project.java:1399]
	at org.apache.tools.ant.Project.executeTarget[Project.java:1368]
	at org.apache.tools.ant.helper.DefaultExecutor.executeTargets[DefaultExecutor.java:41]
	at org.eclipse.ant.internal.core.ant.EclipseDefaultExecutor.executeTargets[EclipseDefaultExecutor.java:32]
	at org.apache.tools.ant.Project.executeTargets[Project.java:1251]
	at org.eclipse.ant.internal.core.ant.InternalAntRunner.run[InternalAntRunner.java:672]
	at org.eclipse.ant.internal.core.ant.InternalAntRunner.run[InternalAntRunner.java:498]
	at sun.reflect.NativeMethodAccessorImpl.invoke0[Native Method]
	at sun.reflect.NativeMethodAccessorImpl.invoke[NativeMethodAccessorImpl.java:57]
	at sun.reflect.DelegatingMethodAccessorImpl.invoke[DelegatingMethodAccessorImpl.java:43]
	at java.lang.reflect.Method.invoke[Method.java:616]
	at org.eclipse.ant.core.AntRunner.run[AntRunner.java:378]
	at org.eclipse.ant.internal.launching.launchConfigurations.AntLaunchDelegate$1.run[AntLaunchDelegate.java:298]
	at java.lang.Thread.run[Thread.java:679]

	at org.eclipse.epsilon.workflow.tasks.emf.LoadEmfModel.executeImpl(LoadEmfModel.java:71)
	at org.eclipse.epsilon.workflow.tasks.EpsilonTask.execute(EpsilonTask.java:40)
	at org.apache.tools.ant.UnknownElement.execute(UnknownElement.java:291)
	at sun.reflect.GeneratedMethodAccessor101.invoke(Unknown Source)
	at sun.reflect.DelegatingMethodAccessorImpl.invoke(DelegatingMethodAccessorImpl.java:43)
	at java.lang.reflect.Method.invoke(Method.java:616)
	at org.apache.tools.ant.dispatch.DispatchUtils.execute(DispatchUtils.java:106)
	at org.apache.tools.ant.Task.perform(Task.java:348)
	at org.apache.tools.ant.taskdefs.Sequential.execute(Sequential.java:68)
	at org.apache.tools.ant.UnknownElement.execute(UnknownElement.java:291)
	at sun.reflect.GeneratedMethodAccessor101.invoke(Unknown Source)
	at sun.reflect.DelegatingMethodAccessorImpl.invoke(DelegatingMethodAccessorImpl.java:43)
	at java.lang.reflect.Method.invoke(Method.java:616)
	at org.apache.tools.ant.dispatch.DispatchUtils.execute(DispatchUtils.java:106)
	at org.apache.tools.ant.Task.perform(Task.java:348)
	at org.apache.tools.ant.taskdefs.MacroInstance.execute(MacroInstance.java:398)
	... 43 more
Caused by: Internal error: java.lang.IllegalArgumentException: Could not locate a metamodel with the URI 'www.uca.es/modeling/serviceProcess'. Please ensure that this metamodel has been registered with Epsilon.
	at org.eclipse.epsilon.emc.emf.EmfModel.determinePackagesFrom[EmfModel.java:266]
	at org.eclipse.epsilon.emc.emf.EmfModel.loadModelFromUri[EmfModel.java:214]
	at org.eclipse.epsilon.emc.emf.EmfModel.loadModel[EmfModel.java:161]
	at org.eclipse.epsilon.eol.models.CachedModel.load[CachedModel.java:147]
	at org.eclipse.epsilon.emc.emf.EmfModel.load[EmfModel.java:127]
	at org.eclipse.epsilon.workflow.tasks.emf.LoadEmfModel.executeImpl[LoadEmfModel.java:67]
	at org.eclipse.epsilon.workflow.tasks.EpsilonTask.execute[EpsilonTask.java:40]
	at org.apache.tools.ant.UnknownElement.execute[UnknownElement.java:291]
	at sun.reflect.GeneratedMethodAccessor101.invoke[Unknown Source]
	at sun.reflect.DelegatingMethodAccessorImpl.invoke[DelegatingMethodAccessorImpl.java:43]
	at java.lang.reflect.Method.invoke[Method.java:616]
	at org.apache.tools.ant.dispatch.DispatchUtils.execute[DispatchUtils.java:106]
	at org.apache.tools.ant.Task.perform[Task.java:348]
	at org.apache.tools.ant.taskdefs.Sequential.execute[Sequential.java:68]
	at org.apache.tools.ant.UnknownElement.execute[UnknownElement.java:291]
	at sun.reflect.GeneratedMethodAccessor101.invoke[Unknown Source]
	at sun.reflect.DelegatingMethodAccessorImpl.invoke[DelegatingMethodAccessorImpl.java:43]
	at java.lang.reflect.Method.invoke[Method.java:616]
	at org.apache.tools.ant.dispatch.DispatchUtils.execute[DispatchUtils.java:106]
	at org.apache.tools.ant.Task.perform[Task.java:348]
	at org.apache.tools.ant.taskdefs.MacroInstance.execute[MacroInstance.java:398]
	at org.apache.tools.ant.UnknownElement.execute[UnknownElement.java:291]
	at sun.reflect.GeneratedMethodAccessor101.invoke[Unknown Source]
	at sun.reflect.DelegatingMethodAccessorImpl.invoke[DelegatingMethodAccessorImpl.java:43]
	at java.lang.reflect.Method.invoke[Method.java:616]
	at org.apache.tools.ant.dispatch.DispatchUtils.execute[DispatchUtils.java:106]
	at org.apache.tools.ant.Task.perform[Task.java:348]
	at org.eclipse.epsilon.workflow.tasks.EUnitTask$TaskCollection.run[EUnitTask.java:69]
	at org.eclipse.epsilon.workflow.tasks.EUnitTask.beforeCase[EUnitTask.java:218]
	at org.eclipse.epsilon.eunit.EUnitModule.fireBeforeCase[EUnitModule.java:507]
	at org.eclipse.epsilon.eunit.EUnitModule.runSuiteInternal[EUnitModule.java:318]
	at org.eclipse.epsilon.eunit.EUnitModule.runSuite[EUnitModule.java:164]
	at org.eclipse.epsilon.eunit.EUnitModule.runInnerTestCase[EUnitModule.java:361]
	at org.eclipse.epsilon.eunit.EUnitModule.runSuiteInternal[EUnitModule.java:339]
	at org.eclipse.epsilon.eunit.EUnitModule.runSuite[EUnitModule.java:164]
	at org.eclipse.epsilon.eunit.EUnitModule.runInnerTestCase[EUnitModule.java:361]
	at org.eclipse.epsilon.eunit.EUnitModule.runSuiteInternal[EUnitModule.java:339]
	at org.eclipse.epsilon.eunit.EUnitModule.runSuite[EUnitModule.java:164]
	at org.eclipse.epsilon.eunit.EUnitModule.execute[EUnitModule.java:136]
	at org.eclipse.epsilon.workflow.tasks.ExecutableModuleTask.executeImpl[ExecutableModuleTask.java:193]
	at org.eclipse.epsilon.workflow.tasks.EpsilonTask.execute[EpsilonTask.java:40]
	at org.apache.tools.ant.UnknownElement.execute[UnknownElement.java:291]
	at sun.reflect.NativeMethodAccessorImpl.invoke0[Native Method]
	at sun.reflect.NativeMethodAccessorImpl.invoke[NativeMethodAccessorImpl.java:57]
	at sun.reflect.DelegatingMethodAccessorImpl.invoke[DelegatingMethodAccessorImpl.java:43]
	at java.lang.reflect.Method.invoke[Method.java:616]
	at org.apache.tools.ant.dispatch.DispatchUtils.execute[DispatchUtils.java:106]
	at org.apache.tools.ant.Task.perform[Task.java:348]
	at org.apache.tools.ant.Target.execute[Target.java:392]
	at org.apache.tools.ant.Target.performTasks[Target.java:413]
	at org.apache.tools.ant.Project.executeSortedTargets[Project.java:1399]
	at org.apache.tools.ant.Project.executeTarget[Project.java:1368]
	at org.apache.tools.ant.helper.DefaultExecutor.executeTargets[DefaultExecutor.java:41]
	at org.eclipse.ant.internal.core.ant.EclipseDefaultExecutor.executeTargets[EclipseDefaultExecutor.java:32]
	at org.apache.tools.ant.Project.executeTargets[Project.java:1251]
	at org.eclipse.ant.internal.core.ant.InternalAntRunner.run[InternalAntRunner.java:672]
	at org.eclipse.ant.internal.core.ant.InternalAntRunner.run[InternalAntRunner.java:498]
	at sun.reflect.NativeMethodAccessorImpl.invoke0[Native Method]
	at sun.reflect.NativeMethodAccessorImpl.invoke[NativeMethodAccessorImpl.java:57]
	at sun.reflect.DelegatingMethodAccessorImpl.invoke[DelegatingMethodAccessorImpl.java:43]
	at java.lang.reflect.Method.invoke[Method.java:616]
	at org.eclipse.ant.core.AntRunner.run[AntRunner.java:378]
	at org.eclipse.ant.internal.launching.launchConfigurations.AntLaunchDelegate$1.run[AntLaunchDelegate.java:298]
	at java.lang.Thread.run[Thread.java:679]

	at org.eclipse.epsilon.emc.emf.EmfModel.determinePackagesFrom(EmfModel.java:266)
	at org.eclipse.epsilon.emc.emf.EmfModel.loadModelFromUri(EmfModel.java:214)
	at org.eclipse.epsilon.emc.emf.EmfModel.loadModel(EmfModel.java:161)
	at org.eclipse.epsilon.eol.models.CachedModel.load(CachedModel.java:147)
	at org.eclipse.epsilon.emc.emf.EmfModel.load(EmfModel.java:127)
	at org.eclipse.epsilon.workflow.tasks.emf.LoadEmfModel.executeImpl(LoadEmfModel.java:67)
	... 58 more
Caused by: java.lang.IllegalArgumentException: Could not locate a metamodel with the URI 'www.uca.es/modeling/serviceProcess'. Please ensure that this metamodel has been registered with Epsilon.
	... 64 more
</error></testcase><testcase classname="sodmt.adhoc.eol.tlimits.eunit" name="withReal[3]" time="0.00700000"><error message="The following error occurred while executing this line:&#10;/home/antonio/Documents/sodmt/workspace-metamodels/es.uca.modeling.eol.tests/eunit.xml:17: Internal error: java.lang.IllegalArgumentException: Could not locate a metamodel with the URI 'www.uca.es/modeling/serviceProcess'. Please ensure that this metamodel has been registered with Epsilon.&#10;&#9;at org.eclipse.epsilon.emc.emf.EmfModel.determinePackagesFrom[EmfModel.java:266]&#10;&#9;at org.eclipse.epsilon.emc.emf.EmfModel.loadModelFromUri[EmfModel.java:214]&#10;&#9;at org.eclipse.epsilon.emc.emf.EmfModel.loadModel[EmfModel.java:161]&#10;&#9;at org.eclipse.epsilon.eol.models.CachedModel.load[CachedModel.java:147]&#10;&#9;at org.eclipse.epsilon.emc.emf.EmfModel.load[EmfModel.java:127]&#10;&#9;at org.eclipse.epsilon.workflow.tasks.emf.LoadEmfModel.executeImpl[LoadEmfModel.java:67]&#10;&#9;at org.eclipse.epsilon.workflow.tasks.EpsilonTask.execute[EpsilonTask.java:40]&#10;&#9;at org.apache.tools.ant.UnknownElement.execute[UnknownElement.java:291]&#10;&#9;at sun.reflect.GeneratedMethodAccessor101.invoke[Unknown Source]&#10;&#9;at sun.reflect.DelegatingMethodAccessorImpl.invoke[DelegatingMethodAccessorImpl.java:43]&#10;&#9;at java.lang.reflect.Method.invoke[Method.java:616]&#10;&#9;at org.apache.tools.ant.dispatch.DispatchUtils.execute[DispatchUtils.java:106]&#10;&#9;at org.apache.tools.ant.Task.perform[Task.java:348]&#10;&#9;at org.apache.tools.ant.taskdefs.Sequential.execute[Sequential.java:68]&#10;&#9;at org.apache.tools.ant.UnknownElement.execute[UnknownElement.java:291]&#10;&#9;at sun.reflect.GeneratedMethodAccessor101.invoke[Unknown Source]&#10;&#9;at sun.reflect.DelegatingMethodAccessorImpl.invoke[DelegatingMethodAccessorImpl.java:43]&#10;&#9;at java.lang.reflect.Method.invoke[Method.java:616]&#10;&#9;at org.apache.tools.ant.dispatch.DispatchUtils.execute[DispatchUtils.java:106]&#10;&#9;at org.apache.tools.ant.Task.perform[Task.java:348]&#10;&#9;at org.apache.tools.ant.taskdefs.MacroInstance.execute[MacroInstance.java:398]&#10;&#9;at org.apache.tools.ant.UnknownElement.execute[UnknownElement.java:291]&#10;&#9;at sun.reflect.GeneratedMethodAccessor101.invoke[Unknown Source]&#10;&#9;at sun.reflect.DelegatingMethodAccessorImpl.invoke[DelegatingMethodAccessorImpl.java:43]&#10;&#9;at java.lang.reflect.Method.invoke[Method.java:616]&#10;&#9;at org.apache.tools.ant.dispatch.DispatchUtils.execute[DispatchUtils.java:106]&#10;&#9;at org.apache.tools.ant.Task.perform[Task.java:348]&#10;&#9;at org.eclipse.epsilon.workflow.tasks.EUnitTask$TaskCollection.run[EUnitTask.java:69]&#10;&#9;at org.eclipse.epsilon.workflow.tasks.EUnitTask.beforeCase[EUnitTask.java:218]&#10;&#9;at org.eclipse.epsilon.eunit.EUnitModule.fireBeforeCase[EUnitModule.java:507]&#10;&#9;at org.eclipse.epsilon.eunit.EUnitModule.runSuiteInternal[EUnitModule.java:318]&#10;&#9;at org.eclipse.epsilon.eunit.EUnitModule.runSuite[EUnitModule.java:164]&#10;&#9;at org.eclipse.epsilon.eunit.EUnitModule.runInnerTestCase[EUnitModule.java:361]&#10;&#9;at org.eclipse.epsilon.eunit.EUnitModule.runSuiteInternal[EUnitModule.java:339]&#10;&#9;at org.eclipse.epsilon.eunit.EUnitModule.runSuite[EUnitModule.java:164]&#10;&#9;at org.eclipse.epsilon.eunit.EUnitModule.runInnerTestCase[EUnitModule.java:361]&#10;&#9;at org.eclipse.epsilon.eunit.EUnitModule.runSuiteInternal[EUnitModule.java:339]&#10;&#9;at org.eclipse.epsilon.eunit.EUnitModule.runSuite[EUnitModule.java:164]&#10;&#9;at org.eclipse.epsilon.eunit.EUnitModule.execute[EUnitModule.java:136]&#10;&#9;at org.eclipse.epsilon.workflow.tasks.ExecutableModuleTask.executeImpl[ExecutableModuleTask.java:193]&#10;&#9;at org.eclipse.epsilon.workflow.tasks.EpsilonTask.execute[EpsilonTask.java:40]&#10;&#9;at org.apache.tools.ant.UnknownElement.execute[UnknownElement.java:291]&#10;&#9;at sun.reflect.NativeMethodAccessorImpl.invoke0[Native Method]&#10;&#9;at sun.reflect.NativeMethodAccessorImpl.invoke[NativeMethodAccessorImpl.java:57]&#10;&#9;at sun.reflect.DelegatingMethodAccessorImpl.invoke[DelegatingMethodAccessorImpl.java:43]&#10;&#9;at java.lang.reflect.Method.invoke[Method.java:616]&#10;&#9;at org.apache.tools.ant.dispatch.DispatchUtils.execute[DispatchUtils.java:106]&#10;&#9;at org.apache.tools.ant.Task.perform[Task.java:348]&#10;&#9;at org.apache.tools.ant.Target.execute[Target.java:392]&#10;&#9;at org.apache.tools.ant.Target.performTasks[Target.java:413]&#10;&#9;at org.apache.tools.ant.Project.executeSortedTargets[Project.java:1399]&#10;&#9;at org.apache.tools.ant.Project.executeTarget[Project.java:1368]&#10;&#9;at org.apache.tools.ant.helper.DefaultExecutor.executeTargets[DefaultExecutor.java:41]&#10;&#9;at org.eclipse.ant.internal.core.ant.EclipseDefaultExecutor.executeTargets[EclipseDefaultExecutor.java:32]&#10;&#9;at org.apache.tools.ant.Project.executeTargets[Project.java:1251]&#10;&#9;at org.eclipse.ant.internal.core.ant.InternalAntRunner.run[InternalAntRunner.java:672]&#10;&#9;at org.eclipse.ant.internal.core.ant.InternalAntRunner.run[InternalAntRunner.java:498]&#10;&#9;at sun.reflect.NativeMethodAccessorImpl.invoke0[Native Method]&#10;&#9;at sun.reflect.NativeMethodAccessorImpl.invoke[NativeMethodAccessorImpl.java:57]&#10;&#9;at sun.reflect.DelegatingMethodAccessorImpl.invoke[DelegatingMethodAccessorImpl.java:43]&#10;&#9;at java.lang.reflect.Method.invoke[Method.java:616]&#10;&#9;at org.eclipse.ant.core.AntRunner.run[AntRunner.java:378]&#10;&#9;at org.eclipse.ant.internal.launching.launchConfigurations.AntLaunchDelegate$1.run[AntLaunchDelegate.java:298]&#10;&#9;at java.lang.Thread.run[Thread.java:679]&#10;" type="org.apache.tools.ant.BuildException">/home/antonio/Documents/sodmt/workspace-metamodels/es.uca.modeling.eol.tests/eunit.xml:34: The following error occurred while executing this line:
/home/antonio/Documents/sodmt/workspace-metamodels/es.uca.modeling.eol.tests/eunit.xml:17: Internal error: java.lang.IllegalArgumentException: Could not locate a metamodel with the URI 'www.uca.es/modeling/serviceProcess'. Please ensure that this metamodel has been registered with Epsilon.
	at org.eclipse.epsilon.emc.emf.EmfModel.determinePackagesFrom[EmfModel.java:266]
	at org.eclipse.epsilon.emc.emf.EmfModel.loadModelFromUri[EmfModel.java:214]
	at org.eclipse.epsilon.emc.emf.EmfModel.loadModel[EmfModel.java:161]
	at org.eclipse.epsilon.eol.models.CachedModel.load[CachedModel.java:147]
	at org.eclipse.epsilon.emc.emf.EmfModel.load[EmfModel.java:127]
	at org.eclipse.epsilon.workflow.tasks.emf.LoadEmfModel.executeImpl[LoadEmfModel.java:67]
	at org.eclipse.epsilon.workflow.tasks.EpsilonTask.execute[EpsilonTask.java:40]
	at org.apache.tools.ant.UnknownElement.execute[UnknownElement.java:291]
	at sun.reflect.GeneratedMethodAccessor101.invoke[Unknown Source]
	at sun.reflect.DelegatingMethodAccessorImpl.invoke[DelegatingMethodAccessorImpl.java:43]
	at java.lang.reflect.Method.invoke[Method.java:616]
	at org.apache.tools.ant.dispatch.DispatchUtils.execute[DispatchUtils.java:106]
	at org.apache.tools.ant.Task.perform[Task.java:348]
	at org.apache.tools.ant.taskdefs.Sequential.execute[Sequential.java:68]
	at org.apache.tools.ant.UnknownElement.execute[UnknownElement.java:291]
	at sun.reflect.GeneratedMethodAccessor101.invoke[Unknown Source]
	at sun.reflect.DelegatingMethodAccessorImpl.invoke[DelegatingMethodAccessorImpl.java:43]
	at java.lang.reflect.Method.invoke[Method.java:616]
	at org.apache.tools.ant.dispatch.DispatchUtils.execute[DispatchUtils.java:106]
	at org.apache.tools.ant.Task.perform[Task.java:348]
	at org.apache.tools.ant.taskdefs.MacroInstance.execute[MacroInstance.java:398]
	at org.apache.tools.ant.UnknownElement.execute[UnknownElement.java:291]
	at sun.reflect.GeneratedMethodAccessor101.invoke[Unknown Source]
	at sun.reflect.DelegatingMethodAccessorImpl.invoke[DelegatingMethodAccessorImpl.java:43]
	at java.lang.reflect.Method.invoke[Method.java:616]
	at org.apache.tools.ant.dispatch.DispatchUtils.execute[DispatchUtils.java:106]
	at org.apache.tools.ant.Task.perform[Task.java:348]
	at org.eclipse.epsilon.workflow.tasks.EUnitTask$TaskCollection.run[EUnitTask.java:69]
	at org.eclipse.epsilon.workflow.tasks.EUnitTask.beforeCase[EUnitTask.java:218]
	at org.eclipse.epsilon.eunit.EUnitModule.fireBeforeCase[EUnitModule.java:507]
	at org.eclipse.epsilon.eunit.EUnitModule.runSuiteInternal[EUnitModule.java:318]
	at org.eclipse.epsilon.eunit.EUnitModule.runSuite[EUnitModule.java:164]
	at org.eclipse.epsilon.eunit.EUnitModule.runInnerTestCase[EUnitModule.java:361]
	at org.eclipse.epsilon.eunit.EUnitModule.runSuiteInternal[EUnitModule.java:339]
	at org.eclipse.epsilon.eunit.EUnitModule.runSuite[EUnitModule.java:164]
	at org.eclipse.epsilon.eunit.EUnitModule.runInnerTestCase[EUnitModule.java:361]
	at org.eclipse.epsilon.eunit.EUnitModule.runSuiteInternal[EUnitModule.java:339]
	at org.eclipse.epsilon.eunit.EUnitModule.runSuite[EUnitModule.java:164]
	at org.eclipse.epsilon.eunit.EUnitModule.execute[EUnitModule.java:136]
	at org.eclipse.epsilon.workflow.tasks.ExecutableModuleTask.executeImpl[ExecutableModuleTask.java:193]
	at org.eclipse.epsilon.workflow.tasks.EpsilonTask.execute[EpsilonTask.java:40]
	at org.apache.tools.ant.UnknownElement.execute[UnknownElement.java:291]
	at sun.reflect.NativeMethodAccessorImpl.invoke0[Native Method]
	at sun.reflect.NativeMethodAccessorImpl.invoke[NativeMethodAccessorImpl.java:57]
	at sun.reflect.DelegatingMethodAccessorImpl.invoke[DelegatingMethodAccessorImpl.java:43]
	at java.lang.reflect.Method.invoke[Method.java:616]
	at org.apache.tools.ant.dispatch.DispatchUtils.execute[DispatchUtils.java:106]
	at org.apache.tools.ant.Task.perform[Task.java:348]
	at org.apache.tools.ant.Target.execute[Target.java:392]
	at org.apache.tools.ant.Target.performTasks[Target.java:413]
	at org.apache.tools.ant.Project.executeSortedTargets[Project.java:1399]
	at org.apache.tools.ant.Project.executeTarget[Project.java:1368]
	at org.apache.tools.ant.helper.DefaultExecutor.executeTargets[DefaultExecutor.java:41]
	at org.eclipse.ant.internal.core.ant.EclipseDefaultExecutor.executeTargets[EclipseDefaultExecutor.java:32]
	at org.apache.tools.ant.Project.executeTargets[Project.java:1251]
	at org.eclipse.ant.internal.core.ant.InternalAntRunner.run[InternalAntRunner.java:672]
	at org.eclipse.ant.internal.core.ant.InternalAntRunner.run[InternalAntRunner.java:498]
	at sun.reflect.NativeMethodAccessorImpl.invoke0[Native Method]
	at sun.reflect.NativeMethodAccessorImpl.invoke[NativeMethodAccessorImpl.java:57]
	at sun.reflect.DelegatingMethodAccessorImpl.invoke[DelegatingMethodAccessorImpl.java:43]
	at java.lang.reflect.Method.invoke[Method.java:616]
	at org.eclipse.ant.core.AntRunner.run[AntRunner.java:378]
	at org.eclipse.ant.internal.launching.launchConfigurations.AntLaunchDelegate$1.run[AntLaunchDelegate.java:298]
	at java.lang.Thread.run[Thread.java:679]

	at org.apache.tools.ant.ProjectHelper.addLocationToBuildException(ProjectHelper.java:551)
	at org.apache.tools.ant.taskdefs.MacroInstance.execute(MacroInstance.java:401)
	at org.apache.tools.ant.UnknownElement.execute(UnknownElement.java:291)
	at sun.reflect.GeneratedMethodAccessor101.invoke(Unknown Source)
	at sun.reflect.DelegatingMethodAccessorImpl.invoke(DelegatingMethodAccessorImpl.java:43)
	at java.lang.reflect.Method.invoke(Method.java:616)
	at org.apache.tools.ant.dispatch.DispatchUtils.execute(DispatchUtils.java:106)
	at org.apache.tools.ant.Task.perform(Task.java:348)
	at org.eclipse.epsilon.workflow.tasks.EUnitTask$TaskCollection.run(EUnitTask.java:69)
	at org.eclipse.epsilon.workflow.tasks.EUnitTask.beforeCase(EUnitTask.java:218)
	at org.eclipse.epsilon.eunit.EUnitModule.fireBeforeCase(EUnitModule.java:507)
	at org.eclipse.epsilon.eunit.EUnitModule.runSuiteInternal(EUnitModule.java:318)
	at org.eclipse.epsilon.eunit.EUnitModule.runSuite(EUnitModule.java:164)
	at org.eclipse.epsilon.eunit.EUnitModule.runInnerTestCase(EUnitModule.java:361)
	at org.eclipse.epsilon.eunit.EUnitModule.runSuiteInternal(EUnitModule.java:339)
	at org.eclipse.epsilon.eunit.EUnitModule.runSuite(EUnitModule.java:164)
	at org.eclipse.epsilon.eunit.EUnitModule.runInnerTestCase(EUnitModule.java:361)
	at org.eclipse.epsilon.eunit.EUnitModule.runSuiteInternal(EUnitModule.java:339)
	at org.eclipse.epsilon.eunit.EUnitModule.runSuite(EUnitModule.java:164)
	at org.eclipse.epsilon.eunit.EUnitModule.execute(EUnitModule.java:136)
	at org.eclipse.epsilon.workflow.tasks.ExecutableModuleTask.executeImpl(ExecutableModuleTask.java:193)
	at org.eclipse.epsilon.workflow.tasks.EpsilonTask.execute(EpsilonTask.java:40)
	at org.apache.tools.ant.UnknownElement.execute(UnknownElement.java:291)
	at sun.reflect.NativeMethodAccessorImpl.invoke0(Native Method)
	at sun.reflect.NativeMethodAccessorImpl.invoke(NativeMethodAccessorImpl.java:57)
	at sun.reflect.DelegatingMethodAccessorImpl.invoke(DelegatingMethodAccessorImpl.java:43)
	at java.lang.reflect.Method.invoke(Method.java:616)
	at org.apache.tools.ant.dispatch.DispatchUtils.execute(DispatchUtils.java:106)
	at org.apache.tools.ant.Task.perform(Task.java:348)
	at org.apache.tools.ant.Target.execute(Target.java:392)
	at org.apache.tools.ant.Target.performTasks(Target.java:413)
	at org.apache.tools.ant.Project.executeSortedTargets(Project.java:1399)
	at org.apache.tools.ant.Project.executeTarget(Project.java:1368)
	at org.apache.tools.ant.helper.DefaultExecutor.executeTargets(DefaultExecutor.java:41)
	at org.eclipse.ant.internal.core.ant.EclipseDefaultExecutor.executeTargets(EclipseDefaultExecutor.java:32)
	at org.apache.tools.ant.Project.executeTargets(Project.java:1251)
	at org.eclipse.ant.internal.core.ant.InternalAntRunner.run(InternalAntRunner.java:672)
	at org.eclipse.ant.internal.core.ant.InternalAntRunner.run(InternalAntRunner.java:498)
	at sun.reflect.NativeMethodAccessorImpl.invoke0(Native Method)
	at sun.reflect.NativeMethodAccessorImpl.invoke(NativeMethodAccessorImpl.java:57)
	at sun.reflect.DelegatingMethodAccessorImpl.invoke(DelegatingMethodAccessorImpl.java:43)
	at java.lang.reflect.Method.invoke(Method.java:616)
	at org.eclipse.ant.core.AntRunner.run(AntRunner.java:378)
	at org.eclipse.ant.internal.launching.launchConfigurations.AntLaunchDelegate$1.run(AntLaunchDelegate.java:298)
	at java.lang.Thread.run(Thread.java:679)
Caused by: /home/antonio/Documents/sodmt/workspace-metamodels/es.uca.modeling.eol.tests/eunit.xml:17: Internal error: java.lang.IllegalArgumentException: Could not locate a metamodel with the URI 'www.uca.es/modeling/serviceProcess'. Please ensure that this metamodel has been registered with Epsilon.
	at org.eclipse.epsilon.emc.emf.EmfModel.determinePackagesFrom[EmfModel.java:266]
	at org.eclipse.epsilon.emc.emf.EmfModel.loadModelFromUri[EmfModel.java:214]
	at org.eclipse.epsilon.emc.emf.EmfModel.loadModel[EmfModel.java:161]
	at org.eclipse.epsilon.eol.models.CachedModel.load[CachedModel.java:147]
	at org.eclipse.epsilon.emc.emf.EmfModel.load[EmfModel.java:127]
	at org.eclipse.epsilon.workflow.tasks.emf.LoadEmfModel.executeImpl[LoadEmfModel.java:67]
	at org.eclipse.epsilon.workflow.tasks.EpsilonTask.execute[EpsilonTask.java:40]
	at org.apache.tools.ant.UnknownElement.execute[UnknownElement.java:291]
	at sun.reflect.GeneratedMethodAccessor101.invoke[Unknown Source]
	at sun.reflect.DelegatingMethodAccessorImpl.invoke[DelegatingMethodAccessorImpl.java:43]
	at java.lang.reflect.Method.invoke[Method.java:616]
	at org.apache.tools.ant.dispatch.DispatchUtils.execute[DispatchUtils.java:106]
	at org.apache.tools.ant.Task.perform[Task.java:348]
	at org.apache.tools.ant.taskdefs.Sequential.execute[Sequential.java:68]
	at org.apache.tools.ant.UnknownElement.execute[UnknownElement.java:291]
	at sun.reflect.GeneratedMethodAccessor101.invoke[Unknown Source]
	at sun.reflect.DelegatingMethodAccessorImpl.invoke[DelegatingMethodAccessorImpl.java:43]
	at java.lang.reflect.Method.invoke[Method.java:616]
	at org.apache.tools.ant.dispatch.DispatchUtils.execute[DispatchUtils.java:106]
	at org.apache.tools.ant.Task.perform[Task.java:348]
	at org.apache.tools.ant.taskdefs.MacroInstance.execute[MacroInstance.java:398]
	at org.apache.tools.ant.UnknownElement.execute[UnknownElement.java:291]
	at sun.reflect.GeneratedMethodAccessor101.invoke[Unknown Source]
	at sun.reflect.DelegatingMethodAccessorImpl.invoke[DelegatingMethodAccessorImpl.java:43]
	at java.lang.reflect.Method.invoke[Method.java:616]
	at org.apache.tools.ant.dispatch.DispatchUtils.execute[DispatchUtils.java:106]
	at org.apache.tools.ant.Task.perform[Task.java:348]
	at org.eclipse.epsilon.workflow.tasks.EUnitTask$TaskCollection.run[EUnitTask.java:69]
	at org.eclipse.epsilon.workflow.tasks.EUnitTask.beforeCase[EUnitTask.java:218]
	at org.eclipse.epsilon.eunit.EUnitModule.fireBeforeCase[EUnitModule.java:507]
	at org.eclipse.epsilon.eunit.EUnitModule.runSuiteInternal[EUnitModule.java:318]
	at org.eclipse.epsilon.eunit.EUnitModule.runSuite[EUnitModule.java:164]
	at org.eclipse.epsilon.eunit.EUnitModule.runInnerTestCase[EUnitModule.java:361]
	at org.eclipse.epsilon.eunit.EUnitModule.runSuiteInternal[EUnitModule.java:339]
	at org.eclipse.epsilon.eunit.EUnitModule.runSuite[EUnitModule.java:164]
	at org.eclipse.epsilon.eunit.EUnitModule.runInnerTestCase[EUnitModule.java:361]
	at org.eclipse.epsilon.eunit.EUnitModule.runSuiteInternal[EUnitModule.java:339]
	at org.eclipse.epsilon.eunit.EUnitModule.runSuite[EUnitModule.java:164]
	at org.eclipse.epsilon.eunit.EUnitModule.execute[EUnitModule.java:136]
	at org.eclipse.epsilon.workflow.tasks.ExecutableModuleTask.executeImpl[ExecutableModuleTask.java:193]
	at org.eclipse.epsilon.workflow.tasks.EpsilonTask.execute[EpsilonTask.java:40]
	at org.apache.tools.ant.UnknownElement.execute[UnknownElement.java:291]
	at sun.reflect.NativeMethodAccessorImpl.invoke0[Native Method]
	at sun.reflect.NativeMethodAccessorImpl.invoke[NativeMethodAccessorImpl.java:57]
	at sun.reflect.DelegatingMethodAccessorImpl.invoke[DelegatingMethodAccessorImpl.java:43]
	at java.lang.reflect.Method.invoke[Method.java:616]
	at org.apache.tools.ant.dispatch.DispatchUtils.execute[DispatchUtils.java:106]
	at org.apache.tools.ant.Task.perform[Task.java:348]
	at org.apache.tools.ant.Target.execute[Target.java:392]
	at org.apache.tools.ant.Target.performTasks[Target.java:413]
	at org.apache.tools.ant.Project.executeSortedTargets[Project.java:1399]
	at org.apache.tools.ant.Project.executeTarget[Project.java:1368]
	at org.apache.tools.ant.helper.DefaultExecutor.executeTargets[DefaultExecutor.java:41]
	at org.eclipse.ant.internal.core.ant.EclipseDefaultExecutor.executeTargets[EclipseDefaultExecutor.java:32]
	at org.apache.tools.ant.Project.executeTargets[Project.java:1251]
	at org.eclipse.ant.internal.core.ant.InternalAntRunner.run[InternalAntRunner.java:672]
	at org.eclipse.ant.internal.core.ant.InternalAntRunner.run[InternalAntRunner.java:498]
	at sun.reflect.NativeMethodAccessorImpl.invoke0[Native Method]
	at sun.reflect.NativeMethodAccessorImpl.invoke[NativeMethodAccessorImpl.java:57]
	at sun.reflect.DelegatingMethodAccessorImpl.invoke[DelegatingMethodAccessorImpl.java:43]
	at java.lang.reflect.Method.invoke[Method.java:616]
	at org.eclipse.ant.core.AntRunner.run[AntRunner.java:378]
	at org.eclipse.ant.internal.launching.launchConfigurations.AntLaunchDelegate$1.run[AntLaunchDelegate.java:298]
	at java.lang.Thread.run[Thread.java:679]

	at org.eclipse.epsilon.workflow.tasks.emf.LoadEmfModel.executeImpl(LoadEmfModel.java:71)
	at org.eclipse.epsilon.workflow.tasks.EpsilonTask.execute(EpsilonTask.java:40)
	at org.apache.tools.ant.UnknownElement.execute(UnknownElement.java:291)
	at sun.reflect.GeneratedMethodAccessor101.invoke(Unknown Source)
	at sun.reflect.DelegatingMethodAccessorImpl.invoke(DelegatingMethodAccessorImpl.java:43)
	at java.lang.reflect.Method.invoke(Method.java:616)
	at org.apache.tools.ant.dispatch.DispatchUtils.execute(DispatchUtils.java:106)
	at org.apache.tools.ant.Task.perform(Task.java:348)
	at org.apache.tools.ant.taskdefs.Sequential.execute(Sequential.java:68)
	at org.apache.tools.ant.UnknownElement.execute(UnknownElement.java:291)
	at sun.reflect.GeneratedMethodAccessor101.invoke(Unknown Source)
	at sun.reflect.DelegatingMethodAccessorImpl.invoke(DelegatingMethodAccessorImpl.java:43)
	at java.lang.reflect.Method.invoke(Method.java:616)
	at org.apache.tools.ant.dispatch.DispatchUtils.execute(DispatchUtils.java:106)
	at org.apache.tools.ant.Task.perform(Task.java:348)
	at org.apache.tools.ant.taskdefs.MacroInstance.execute(MacroInstance.java:398)
	... 43 more
Caused by: Internal error: java.lang.IllegalArgumentException: Could not locate a metamodel with the URI 'www.uca.es/modeling/serviceProcess'. Please ensure that this metamodel has been registered with Epsilon.
	at org.eclipse.epsilon.emc.emf.EmfModel.determinePackagesFrom[EmfModel.java:266]
	at org.eclipse.epsilon.emc.emf.EmfModel.loadModelFromUri[EmfModel.java:214]
	at org.eclipse.epsilon.emc.emf.EmfModel.loadModel[EmfModel.java:161]
	at org.eclipse.epsilon.eol.models.CachedModel.load[CachedModel.java:147]
	at org.eclipse.epsilon.emc.emf.EmfModel.load[EmfModel.java:127]
	at org.eclipse.epsilon.workflow.tasks.emf.LoadEmfModel.executeImpl[LoadEmfModel.java:67]
	at org.eclipse.epsilon.workflow.tasks.EpsilonTask.execute[EpsilonTask.java:40]
	at org.apache.tools.ant.UnknownElement.execute[UnknownElement.java:291]
	at sun.reflect.GeneratedMethodAccessor101.invoke[Unknown Source]
	at sun.reflect.DelegatingMethodAccessorImpl.invoke[DelegatingMethodAccessorImpl.java:43]
	at java.lang.reflect.Method.invoke[Method.java:616]
	at org.apache.tools.ant.dispatch.DispatchUtils.execute[DispatchUtils.java:106]
	at org.apache.tools.ant.Task.perform[Task.java:348]
	at org.apache.tools.ant.taskdefs.Sequential.execute[Sequential.java:68]
	at org.apache.tools.ant.UnknownElement.execute[UnknownElement.java:291]
	at sun.reflect.GeneratedMethodAccessor101.invoke[Unknown Source]
	at sun.reflect.DelegatingMethodAccessorImpl.invoke[DelegatingMethodAccessorImpl.java:43]
	at java.lang.reflect.Method.invoke[Method.java:616]
	at org.apache.tools.ant.dispatch.DispatchUtils.execute[DispatchUtils.java:106]
	at org.apache.tools.ant.Task.perform[Task.java:348]
	at org.apache.tools.ant.taskdefs.MacroInstance.execute[MacroInstance.java:398]
	at org.apache.tools.ant.UnknownElement.execute[UnknownElement.java:291]
	at sun.reflect.GeneratedMethodAccessor101.invoke[Unknown Source]
	at sun.reflect.DelegatingMethodAccessorImpl.invoke[DelegatingMethodAccessorImpl.java:43]
	at java.lang.reflect.Method.invoke[Method.java:616]
	at org.apache.tools.ant.dispatch.DispatchUtils.execute[DispatchUtils.java:106]
	at org.apache.tools.ant.Task.perform[Task.java:348]
	at org.eclipse.epsilon.workflow.tasks.EUnitTask$TaskCollection.run[EUnitTask.java:69]
	at org.eclipse.epsilon.workflow.tasks.EUnitTask.beforeCase[EUnitTask.java:218]
	at org.eclipse.epsilon.eunit.EUnitModule.fireBeforeCase[EUnitModule.java:507]
	at org.eclipse.epsilon.eunit.EUnitModule.runSuiteInternal[EUnitModule.java:318]
	at org.eclipse.epsilon.eunit.EUnitModule.runSuite[EUnitModule.java:164]
	at org.eclipse.epsilon.eunit.EUnitModule.runInnerTestCase[EUnitModule.java:361]
	at org.eclipse.epsilon.eunit.EUnitModule.runSuiteInternal[EUnitModule.java:339]
	at org.eclipse.epsilon.eunit.EUnitModule.runSuite[EUnitModule.java:164]
	at org.eclipse.epsilon.eunit.EUnitModule.runInnerTestCase[EUnitModule.java:361]
	at org.eclipse.epsilon.eunit.EUnitModule.runSuiteInternal[EUnitModule.java:339]
	at org.eclipse.epsilon.eunit.EUnitModule.runSuite[EUnitModule.java:164]
	at org.eclipse.epsilon.eunit.EUnitModule.execute[EUnitModule.java:136]
	at org.eclipse.epsilon.workflow.tasks.ExecutableModuleTask.executeImpl[ExecutableModuleTask.java:193]
	at org.eclipse.epsilon.workflow.tasks.EpsilonTask.execute[EpsilonTask.java:40]
	at org.apache.tools.ant.UnknownElement.execute[UnknownElement.java:291]
	at sun.reflect.NativeMethodAccessorImpl.invoke0[Native Method]
	at sun.reflect.NativeMethodAccessorImpl.invoke[NativeMethodAccessorImpl.java:57]
	at sun.reflect.DelegatingMethodAccessorImpl.invoke[DelegatingMethodAccessorImpl.java:43]
	at java.lang.reflect.Method.invoke[Method.java:616]
	at org.apache.tools.ant.dispatch.DispatchUtils.execute[DispatchUtils.java:106]
	at org.apache.tools.ant.Task.perform[Task.java:348]
	at org.apache.tools.ant.Target.execute[Target.java:392]
	at org.apache.tools.ant.Target.performTasks[Target.java:413]
	at org.apache.tools.ant.Project.executeSortedTargets[Project.java:1399]
	at org.apache.tools.ant.Project.executeTarget[Project.java:1368]
	at org.apache.tools.ant.helper.DefaultExecutor.executeTargets[DefaultExecutor.java:41]
	at org.eclipse.ant.internal.core.ant.EclipseDefaultExecutor.executeTargets[EclipseDefaultExecutor.java:32]
	at org.apache.tools.ant.Project.executeTargets[Project.java:1251]
	at org.eclipse.ant.internal.core.ant.InternalAntRunner.run[InternalAntRunner.java:672]
	at org.eclipse.ant.internal.core.ant.InternalAntRunner.run[InternalAntRunner.java:498]
	at sun.reflect.NativeMethodAccessorImpl.invoke0[Native Method]
	at sun.reflect.NativeMethodAccessorImpl.invoke[NativeMethodAccessorImpl.java:57]
	at sun.reflect.DelegatingMethodAccessorImpl.invoke[DelegatingMethodAccessorImpl.java:43]
	at java.lang.reflect.Method.invoke[Method.java:616]
	at org.eclipse.ant.core.AntRunner.run[AntRunner.java:378]
	at org.eclipse.ant.internal.launching.launchConfigurations.AntLaunchDelegate$1.run[AntLaunchDelegate.java:298]
	at java.lang.Thread.run[Thread.java:679]

	at org.eclipse.epsilon.emc.emf.EmfModel.determinePackagesFrom(EmfModel.java:266)
	at org.eclipse.epsilon.emc.emf.EmfModel.loadModelFromUri(EmfModel.java:214)
	at org.eclipse.epsilon.emc.emf.EmfModel.loadModel(EmfModel.java:161)
	at org.eclipse.epsilon.eol.models.CachedModel.load(CachedModel.java:147)
	at org.eclipse.epsilon.emc.emf.EmfModel.load(EmfModel.java:127)
	at org.eclipse.epsilon.workflow.tasks.emf.LoadEmfModel.executeImpl(LoadEmfModel.java:67)
	... 58 more
Caused by: java.lang.IllegalArgumentException: Could not locate a metamodel with the URI 'www.uca.es/modeling/serviceProcess'. Please ensure that this metamodel has been registered with Epsilon.
	... 64 more
</error></testcase><testcase classname="sodmt.adhoc.eol.tlimits.eunit" name="withReal[4]" time="0.00600000"><error message="The following error occurred while executing this line:&#10;/home/antonio/Documents/sodmt/workspace-metamodels/es.uca.modeling.eol.tests/eunit.xml:17: Internal error: java.lang.IllegalArgumentException: Could not locate a metamodel with the URI 'www.uca.es/modeling/serviceProcess'. Please ensure that this metamodel has been registered with Epsilon.&#10;&#9;at org.eclipse.epsilon.emc.emf.EmfModel.determinePackagesFrom[EmfModel.java:266]&#10;&#9;at org.eclipse.epsilon.emc.emf.EmfModel.loadModelFromUri[EmfModel.java:214]&#10;&#9;at org.eclipse.epsilon.emc.emf.EmfModel.loadModel[EmfModel.java:161]&#10;&#9;at org.eclipse.epsilon.eol.models.CachedModel.load[CachedModel.java:147]&#10;&#9;at org.eclipse.epsilon.emc.emf.EmfModel.load[EmfModel.java:127]&#10;&#9;at org.eclipse.epsilon.workflow.tasks.emf.LoadEmfModel.executeImpl[LoadEmfModel.java:67]&#10;&#9;at org.eclipse.epsilon.workflow.tasks.EpsilonTask.execute[EpsilonTask.java:40]&#10;&#9;at org.apache.tools.ant.UnknownElement.execute[UnknownElement.java:291]&#10;&#9;at sun.reflect.GeneratedMethodAccessor101.invoke[Unknown Source]&#10;&#9;at sun.reflect.DelegatingMethodAccessorImpl.invoke[DelegatingMethodAccessorImpl.java:43]&#10;&#9;at java.lang.reflect.Method.invoke[Method.java:616]&#10;&#9;at org.apache.tools.ant.dispatch.DispatchUtils.execute[DispatchUtils.java:106]&#10;&#9;at org.apache.tools.ant.Task.perform[Task.java:348]&#10;&#9;at org.apache.tools.ant.taskdefs.Sequential.execute[Sequential.java:68]&#10;&#9;at org.apache.tools.ant.UnknownElement.execute[UnknownElement.java:291]&#10;&#9;at sun.reflect.GeneratedMethodAccessor101.invoke[Unknown Source]&#10;&#9;at sun.reflect.DelegatingMethodAccessorImpl.invoke[DelegatingMethodAccessorImpl.java:43]&#10;&#9;at java.lang.reflect.Method.invoke[Method.java:616]&#10;&#9;at org.apache.tools.ant.dispatch.DispatchUtils.execute[DispatchUtils.java:106]&#10;&#9;at org.apache.tools.ant.Task.perform[Task.java:348]&#10;&#9;at org.apache.tools.ant.taskdefs.MacroInstance.execute[MacroInstance.java:398]&#10;&#9;at org.apache.tools.ant.UnknownElement.execute[UnknownElement.java:291]&#10;&#9;at sun.reflect.GeneratedMethodAccessor101.invoke[Unknown Source]&#10;&#9;at sun.reflect.DelegatingMethodAccessorImpl.invoke[DelegatingMethodAccessorImpl.java:43]&#10;&#9;at java.lang.reflect.Method.invoke[Method.java:616]&#10;&#9;at org.apache.tools.ant.dispatch.DispatchUtils.execute[DispatchUtils.java:106]&#10;&#9;at org.apache.tools.ant.Task.perform[Task.java:348]&#10;&#9;at org.eclipse.epsilon.workflow.tasks.EUnitTask$TaskCollection.run[EUnitTask.java:69]&#10;&#9;at org.eclipse.epsilon.workflow.tasks.EUnitTask.beforeCase[EUnitTask.java:218]&#10;&#9;at org.eclipse.epsilon.eunit.EUnitModule.fireBeforeCase[EUnitModule.java:507]&#10;&#9;at org.eclipse.epsilon.eunit.EUnitModule.runSuiteInternal[EUnitModule.java:318]&#10;&#9;at org.eclipse.epsilon.eunit.EUnitModule.runSuite[EUnitModule.java:164]&#10;&#9;at org.eclipse.epsilon.eunit.EUnitModule.runInnerTestCase[EUnitModule.java:361]&#10;&#9;at org.eclipse.epsilon.eunit.EUnitModule.runSuiteInternal[EUnitModule.java:339]&#10;&#9;at org.eclipse.epsilon.eunit.EUnitModule.runSuite[EUnitModule.java:164]&#10;&#9;at org.eclipse.epsilon.eunit.EUnitModule.runInnerTestCase[EUnitModule.java:361]&#10;&#9;at org.eclipse.epsilon.eunit.EUnitModule.runSuiteInternal[EUnitModule.java:339]&#10;&#9;at org.eclipse.epsilon.eunit.EUnitModule.runSuite[EUnitModule.java:164]&#10;&#9;at org.eclipse.epsilon.eunit.EUnitModule.execute[EUnitModule.java:136]&#10;&#9;at org.eclipse.epsilon.workflow.tasks.ExecutableModuleTask.executeImpl[ExecutableModuleTask.java:193]&#10;&#9;at org.eclipse.epsilon.workflow.tasks.EpsilonTask.execute[EpsilonTask.java:40]&#10;&#9;at org.apache.tools.ant.UnknownElement.execute[UnknownElement.java:291]&#10;&#9;at sun.reflect.NativeMethodAccessorImpl.invoke0[Native Method]&#10;&#9;at sun.reflect.NativeMethodAccessorImpl.invoke[NativeMethodAccessorImpl.java:57]&#10;&#9;at sun.reflect.DelegatingMethodAccessorImpl.invoke[DelegatingMethodAccessorImpl.java:43]&#10;&#9;at java.lang.reflect.Method.invoke[Method.java:616]&#10;&#9;at org.apache.tools.ant.dispatch.DispatchUtils.execute[DispatchUtils.java:106]&#10;&#9;at org.apache.tools.ant.Task.perform[Task.java:348]&#10;&#9;at org.apache.tools.ant.Target.execute[Target.java:392]&#10;&#9;at org.apache.tools.ant.Target.performTasks[Target.java:413]&#10;&#9;at org.apache.tools.ant.Project.executeSortedTargets[Project.java:1399]&#10;&#9;at org.apache.tools.ant.Project.executeTarget[Project.java:1368]&#10;&#9;at org.apache.tools.ant.helper.DefaultExecutor.executeTargets[DefaultExecutor.java:41]&#10;&#9;at org.eclipse.ant.internal.core.ant.EclipseDefaultExecutor.executeTargets[EclipseDefaultExecutor.java:32]&#10;&#9;at org.apache.tools.ant.Project.executeTargets[Project.java:1251]&#10;&#9;at org.eclipse.ant.internal.core.ant.InternalAntRunner.run[InternalAntRunner.java:672]&#10;&#9;at org.eclipse.ant.internal.core.ant.InternalAntRunner.run[InternalAntRunner.java:498]&#10;&#9;at sun.reflect.NativeMethodAccessorImpl.invoke0[Native Method]&#10;&#9;at sun.reflect.NativeMethodAccessorImpl.invoke[NativeMethodAccessorImpl.java:57]&#10;&#9;at sun.reflect.DelegatingMethodAccessorImpl.invoke[DelegatingMethodAccessorImpl.java:43]&#10;&#9;at java.lang.reflect.Method.invoke[Method.java:616]&#10;&#9;at org.eclipse.ant.core.AntRunner.run[AntRunner.java:378]&#10;&#9;at org.eclipse.ant.internal.launching.launchConfigurations.AntLaunchDelegate$1.run[AntLaunchDelegate.java:298]&#10;&#9;at java.lang.Thread.run[Thread.java:679]&#10;" type="org.apache.tools.ant.BuildException">/home/antonio/Documents/sodmt/workspace-metamodels/es.uca.modeling.eol.tests/eunit.xml:34: The following error occurred while executing this line:
/home/antonio/Documents/sodmt/workspace-metamodels/es.uca.modeling.eol.tests/eunit.xml:17: Internal error: java.lang.IllegalArgumentException: Could not locate a metamodel with the URI 'www.uca.es/modeling/serviceProcess'. Please ensure that this metamodel has been registered with Epsilon.
	at org.eclipse.epsilon.emc.emf.EmfModel.determinePackagesFrom[EmfModel.java:266]
	at org.eclipse.epsilon.emc.emf.EmfModel.loadModelFromUri[EmfModel.java:214]
	at org.eclipse.epsilon.emc.emf.EmfModel.loadModel[EmfModel.java:161]
	at org.eclipse.epsilon.eol.models.CachedModel.load[CachedModel.java:147]
	at org.eclipse.epsilon.emc.emf.EmfModel.load[EmfModel.java:127]
	at org.eclipse.epsilon.workflow.tasks.emf.LoadEmfModel.executeImpl[LoadEmfModel.java:67]
	at org.eclipse.epsilon.workflow.tasks.EpsilonTask.execute[EpsilonTask.java:40]
	at org.apache.tools.ant.UnknownElement.execute[UnknownElement.java:291]
	at sun.reflect.GeneratedMethodAccessor101.invoke[Unknown Source]
	at sun.reflect.DelegatingMethodAccessorImpl.invoke[DelegatingMethodAccessorImpl.java:43]
	at java.lang.reflect.Method.invoke[Method.java:616]
	at org.apache.tools.ant.dispatch.DispatchUtils.execute[DispatchUtils.java:106]
	at org.apache.tools.ant.Task.perform[Task.java:348]
	at org.apache.tools.ant.taskdefs.Sequential.execute[Sequential.java:68]
	at org.apache.tools.ant.UnknownElement.execute[UnknownElement.java:291]
	at sun.reflect.GeneratedMethodAccessor101.invoke[Unknown Source]
	at sun.reflect.DelegatingMethodAccessorImpl.invoke[DelegatingMethodAccessorImpl.java:43]
	at java.lang.reflect.Method.invoke[Method.java:616]
	at org.apache.tools.ant.dispatch.DispatchUtils.execute[DispatchUtils.java:106]
	at org.apache.tools.ant.Task.perform[Task.java:348]
	at org.apache.tools.ant.taskdefs.MacroInstance.execute[MacroInstance.java:398]
	at org.apache.tools.ant.UnknownElement.execute[UnknownElement.java:291]
	at sun.reflect.GeneratedMethodAccessor101.invoke[Unknown Source]
	at sun.reflect.DelegatingMethodAccessorImpl.invoke[DelegatingMethodAccessorImpl.java:43]
	at java.lang.reflect.Method.invoke[Method.java:616]
	at org.apache.tools.ant.dispatch.DispatchUtils.execute[DispatchUtils.java:106]
	at org.apache.tools.ant.Task.perform[Task.java:348]
	at org.eclipse.epsilon.workflow.tasks.EUnitTask$TaskCollection.run[EUnitTask.java:69]
	at org.eclipse.epsilon.workflow.tasks.EUnitTask.beforeCase[EUnitTask.java:218]
	at org.eclipse.epsilon.eunit.EUnitModule.fireBeforeCase[EUnitModule.java:507]
	at org.eclipse.epsilon.eunit.EUnitModule.runSuiteInternal[EUnitModule.java:318]
	at org.eclipse.epsilon.eunit.EUnitModule.runSuite[EUnitModule.java:164]
	at org.eclipse.epsilon.eunit.EUnitModule.runInnerTestCase[EUnitModule.java:361]
	at org.eclipse.epsilon.eunit.EUnitModule.runSuiteInternal[EUnitModule.java:339]
	at org.eclipse.epsilon.eunit.EUnitModule.runSuite[EUnitModule.java:164]
	at org.eclipse.epsilon.eunit.EUnitModule.runInnerTestCase[EUnitModule.java:361]
	at org.eclipse.epsilon.eunit.EUnitModule.runSuiteInternal[EUnitModule.java:339]
	at org.eclipse.epsilon.eunit.EUnitModule.runSuite[EUnitModule.java:164]
	at org.eclipse.epsilon.eunit.EUnitModule.execute[EUnitModule.java:136]
	at org.eclipse.epsilon.workflow.tasks.ExecutableModuleTask.executeImpl[ExecutableModuleTask.java:193]
	at org.eclipse.epsilon.workflow.tasks.EpsilonTask.execute[EpsilonTask.java:40]
	at org.apache.tools.ant.UnknownElement.execute[UnknownElement.java:291]
	at sun.reflect.NativeMethodAccessorImpl.invoke0[Native Method]
	at sun.reflect.NativeMethodAccessorImpl.invoke[NativeMethodAccessorImpl.java:57]
	at sun.reflect.DelegatingMethodAccessorImpl.invoke[DelegatingMethodAccessorImpl.java:43]
	at java.lang.reflect.Method.invoke[Method.java:616]
	at org.apache.tools.ant.dispatch.DispatchUtils.execute[DispatchUtils.java:106]
	at org.apache.tools.ant.Task.perform[Task.java:348]
	at org.apache.tools.ant.Target.execute[Target.java:392]
	at org.apache.tools.ant.Target.performTasks[Target.java:413]
	at org.apache.tools.ant.Project.executeSortedTargets[Project.java:1399]
	at org.apache.tools.ant.Project.executeTarget[Project.java:1368]
	at org.apache.tools.ant.helper.DefaultExecutor.executeTargets[DefaultExecutor.java:41]
	at org.eclipse.ant.internal.core.ant.EclipseDefaultExecutor.executeTargets[EclipseDefaultExecutor.java:32]
	at org.apache.tools.ant.Project.executeTargets[Project.java:1251]
	at org.eclipse.ant.internal.core.ant.InternalAntRunner.run[InternalAntRunner.java:672]
	at org.eclipse.ant.internal.core.ant.InternalAntRunner.run[InternalAntRunner.java:498]
	at sun.reflect.NativeMethodAccessorImpl.invoke0[Native Method]
	at sun.reflect.NativeMethodAccessorImpl.invoke[NativeMethodAccessorImpl.java:57]
	at sun.reflect.DelegatingMethodAccessorImpl.invoke[DelegatingMethodAccessorImpl.java:43]
	at java.lang.reflect.Method.invoke[Method.java:616]
	at org.eclipse.ant.core.AntRunner.run[AntRunner.java:378]
	at org.eclipse.ant.internal.launching.launchConfigurations.AntLaunchDelegate$1.run[AntLaunchDelegate.java:298]
	at java.lang.Thread.run[Thread.java:679]

	at org.apache.tools.ant.ProjectHelper.addLocationToBuildException(ProjectHelper.java:551)
	at org.apache.tools.ant.taskdefs.MacroInstance.execute(MacroInstance.java:401)
	at org.apache.tools.ant.UnknownElement.execute(UnknownElement.java:291)
	at sun.reflect.GeneratedMethodAccessor101.invoke(Unknown Source)
	at sun.reflect.DelegatingMethodAccessorImpl.invoke(DelegatingMethodAccessorImpl.java:43)
	at java.lang.reflect.Method.invoke(Method.java:616)
	at org.apache.tools.ant.dispatch.DispatchUtils.execute(DispatchUtils.java:106)
	at org.apache.tools.ant.Task.perform(Task.java:348)
	at org.eclipse.epsilon.workflow.tasks.EUnitTask$TaskCollection.run(EUnitTask.java:69)
	at org.eclipse.epsilon.workflow.tasks.EUnitTask.beforeCase(EUnitTask.java:218)
	at org.eclipse.epsilon.eunit.EUnitModule.fireBeforeCase(EUnitModule.java:507)
	at org.eclipse.epsilon.eunit.EUnitModule.runSuiteInternal(EUnitModule.java:318)
	at org.eclipse.epsilon.eunit.EUnitModule.runSuite(EUnitModule.java:164)
	at org.eclipse.epsilon.eunit.EUnitModule.runInnerTestCase(EUnitModule.java:361)
	at org.eclipse.epsilon.eunit.EUnitModule.runSuiteInternal(EUnitModule.java:339)
	at org.eclipse.epsilon.eunit.EUnitModule.runSuite(EUnitModule.java:164)
	at org.eclipse.epsilon.eunit.EUnitModule.runInnerTestCase(EUnitModule.java:361)
	at org.eclipse.epsilon.eunit.EUnitModule.runSuiteInternal(EUnitModule.java:339)
	at org.eclipse.epsilon.eunit.EUnitModule.runSuite(EUnitModule.java:164)
	at org.eclipse.epsilon.eunit.EUnitModule.execute(EUnitModule.java:136)
	at org.eclipse.epsilon.workflow.tasks.ExecutableModuleTask.executeImpl(ExecutableModuleTask.java:193)
	at org.eclipse.epsilon.workflow.tasks.EpsilonTask.execute(EpsilonTask.java:40)
	at org.apache.tools.ant.UnknownElement.execute(UnknownElement.java:291)
	at sun.reflect.NativeMethodAccessorImpl.invoke0(Native Method)
	at sun.reflect.NativeMethodAccessorImpl.invoke(NativeMethodAccessorImpl.java:57)
	at sun.reflect.DelegatingMethodAccessorImpl.invoke(DelegatingMethodAccessorImpl.java:43)
	at java.lang.reflect.Method.invoke(Method.java:616)
	at org.apache.tools.ant.dispatch.DispatchUtils.execute(DispatchUtils.java:106)
	at org.apache.tools.ant.Task.perform(Task.java:348)
	at org.apache.tools.ant.Target.execute(Target.java:392)
	at org.apache.tools.ant.Target.performTasks(Target.java:413)
	at org.apache.tools.ant.Project.executeSortedTargets(Project.java:1399)
	at org.apache.tools.ant.Project.executeTarget(Project.java:1368)
	at org.apache.tools.ant.helper.DefaultExecutor.executeTargets(DefaultExecutor.java:41)
	at org.eclipse.ant.internal.core.ant.EclipseDefaultExecutor.executeTargets(EclipseDefaultExecutor.java:32)
	at org.apache.tools.ant.Project.executeTargets(Project.java:1251)
	at org.eclipse.ant.internal.core.ant.InternalAntRunner.run(InternalAntRunner.java:672)
	at org.eclipse.ant.internal.core.ant.InternalAntRunner.run(InternalAntRunner.java:498)
	at sun.reflect.NativeMethodAccessorImpl.invoke0(Native Method)
	at sun.reflect.NativeMethodAccessorImpl.invoke(NativeMethodAccessorImpl.java:57)
	at sun.reflect.DelegatingMethodAccessorImpl.invoke(DelegatingMethodAccessorImpl.java:43)
	at java.lang.reflect.Method.invoke(Method.java:616)
	at org.eclipse.ant.core.AntRunner.run(AntRunner.java:378)
	at org.eclipse.ant.internal.launching.launchConfigurations.AntLaunchDelegate$1.run(AntLaunchDelegate.java:298)
	at java.lang.Thread.run(Thread.java:679)
Caused by: /home/antonio/Documents/sodmt/workspace-metamodels/es.uca.modeling.eol.tests/eunit.xml:17: Internal error: java.lang.IllegalArgumentException: Could not locate a metamodel with the URI 'www.uca.es/modeling/serviceProcess'. Please ensure that this metamodel has been registered with Epsilon.
	at org.eclipse.epsilon.emc.emf.EmfModel.determinePackagesFrom[EmfModel.java:266]
	at org.eclipse.epsilon.emc.emf.EmfModel.loadModelFromUri[EmfModel.java:214]
	at org.eclipse.epsilon.emc.emf.EmfModel.loadModel[EmfModel.java:161]
	at org.eclipse.epsilon.eol.models.CachedModel.load[CachedModel.java:147]
	at org.eclipse.epsilon.emc.emf.EmfModel.load[EmfModel.java:127]
	at org.eclipse.epsilon.workflow.tasks.emf.LoadEmfModel.executeImpl[LoadEmfModel.java:67]
	at org.eclipse.epsilon.workflow.tasks.EpsilonTask.execute[EpsilonTask.java:40]
	at org.apache.tools.ant.UnknownElement.execute[UnknownElement.java:291]
	at sun.reflect.GeneratedMethodAccessor101.invoke[Unknown Source]
	at sun.reflect.DelegatingMethodAccessorImpl.invoke[DelegatingMethodAccessorImpl.java:43]
	at java.lang.reflect.Method.invoke[Method.java:616]
	at org.apache.tools.ant.dispatch.DispatchUtils.execute[DispatchUtils.java:106]
	at org.apache.tools.ant.Task.perform[Task.java:348]
	at org.apache.tools.ant.taskdefs.Sequential.execute[Sequential.java:68]
	at org.apache.tools.ant.UnknownElement.execute[UnknownElement.java:291]
	at sun.reflect.GeneratedMethodAccessor101.invoke[Unknown Source]
	at sun.reflect.DelegatingMethodAccessorImpl.invoke[DelegatingMethodAccessorImpl.java:43]
	at java.lang.reflect.Method.invoke[Method.java:616]
	at org.apache.tools.ant.dispatch.DispatchUtils.execute[DispatchUtils.java:106]
	at org.apache.tools.ant.Task.perform[Task.java:348]
	at org.apache.tools.ant.taskdefs.MacroInstance.execute[MacroInstance.java:398]
	at org.apache.tools.ant.UnknownElement.execute[UnknownElement.java:291]
	at sun.reflect.GeneratedMethodAccessor101.invoke[Unknown Source]
	at sun.reflect.DelegatingMethodAccessorImpl.invoke[DelegatingMethodAccessorImpl.java:43]
	at java.lang.reflect.Method.invoke[Method.java:616]
	at org.apache.tools.ant.dispatch.DispatchUtils.execute[DispatchUtils.java:106]
	at org.apache.tools.ant.Task.perform[Task.java:348]
	at org.eclipse.epsilon.workflow.tasks.EUnitTask$TaskCollection.run[EUnitTask.java:69]
	at org.eclipse.epsilon.workflow.tasks.EUnitTask.beforeCase[EUnitTask.java:218]
	at org.eclipse.epsilon.eunit.EUnitModule.fireBeforeCase[EUnitModule.java:507]
	at org.eclipse.epsilon.eunit.EUnitModule.runSuiteInternal[EUnitModule.java:318]
	at org.eclipse.epsilon.eunit.EUnitModule.runSuite[EUnitModule.java:164]
	at org.eclipse.epsilon.eunit.EUnitModule.runInnerTestCase[EUnitModule.java:361]
	at org.eclipse.epsilon.eunit.EUnitModule.runSuiteInternal[EUnitModule.java:339]
	at org.eclipse.epsilon.eunit.EUnitModule.runSuite[EUnitModule.java:164]
	at org.eclipse.epsilon.eunit.EUnitModule.runInnerTestCase[EUnitModule.java:361]
	at org.eclipse.epsilon.eunit.EUnitModule.runSuiteInternal[EUnitModule.java:339]
	at org.eclipse.epsilon.eunit.EUnitModule.runSuite[EUnitModule.java:164]
	at org.eclipse.epsilon.eunit.EUnitModule.execute[EUnitModule.java:136]
	at org.eclipse.epsilon.workflow.tasks.ExecutableModuleTask.executeImpl[ExecutableModuleTask.java:193]
	at org.eclipse.epsilon.workflow.tasks.EpsilonTask.execute[EpsilonTask.java:40]
	at org.apache.tools.ant.UnknownElement.execute[UnknownElement.java:291]
	at sun.reflect.NativeMethodAccessorImpl.invoke0[Native Method]
	at sun.reflect.NativeMethodAccessorImpl.invoke[NativeMethodAccessorImpl.java:57]
	at sun.reflect.DelegatingMethodAccessorImpl.invoke[DelegatingMethodAccessorImpl.java:43]
	at java.lang.reflect.Method.invoke[Method.java:616]
	at org.apache.tools.ant.dispatch.DispatchUtils.execute[DispatchUtils.java:106]
	at org.apache.tools.ant.Task.perform[Task.java:348]
	at org.apache.tools.ant.Target.execute[Target.java:392]
	at org.apache.tools.ant.Target.performTasks[Target.java:413]
	at org.apache.tools.ant.Project.executeSortedTargets[Project.java:1399]
	at org.apache.tools.ant.Project.executeTarget[Project.java:1368]
	at org.apache.tools.ant.helper.DefaultExecutor.executeTargets[DefaultExecutor.java:41]
	at org.eclipse.ant.internal.core.ant.EclipseDefaultExecutor.executeTargets[EclipseDefaultExecutor.java:32]
	at org.apache.tools.ant.Project.executeTargets[Project.java:1251]
	at org.eclipse.ant.internal.core.ant.InternalAntRunner.run[InternalAntRunner.java:672]
	at org.eclipse.ant.internal.core.ant.InternalAntRunner.run[InternalAntRunner.java:498]
	at sun.reflect.NativeMethodAccessorImpl.invoke0[Native Method]
	at sun.reflect.NativeMethodAccessorImpl.invoke[NativeMethodAccessorImpl.java:57]
	at sun.reflect.DelegatingMethodAccessorImpl.invoke[DelegatingMethodAccessorImpl.java:43]
	at java.lang.reflect.Method.invoke[Method.java:616]
	at org.eclipse.ant.core.AntRunner.run[AntRunner.java:378]
	at org.eclipse.ant.internal.launching.launchConfigurations.AntLaunchDelegate$1.run[AntLaunchDelegate.java:298]
	at java.lang.Thread.run[Thread.java:679]

	at org.eclipse.epsilon.workflow.tasks.emf.LoadEmfModel.executeImpl(LoadEmfModel.java:71)
	at org.eclipse.epsilon.workflow.tasks.EpsilonTask.execute(EpsilonTask.java:40)
	at org.apache.tools.ant.UnknownElement.execute(UnknownElement.java:291)
	at sun.reflect.GeneratedMethodAccessor101.invoke(Unknown Source)
	at sun.reflect.DelegatingMethodAccessorImpl.invoke(DelegatingMethodAccessorImpl.java:43)
	at java.lang.reflect.Method.invoke(Method.java:616)
	at org.apache.tools.ant.dispatch.DispatchUtils.execute(DispatchUtils.java:106)
	at org.apache.tools.ant.Task.perform(Task.java:348)
	at org.apache.tools.ant.taskdefs.Sequential.execute(Sequential.java:68)
	at org.apache.tools.ant.UnknownElement.execute(UnknownElement.java:291)
	at sun.reflect.GeneratedMethodAccessor101.invoke(Unknown Source)
	at sun.reflect.DelegatingMethodAccessorImpl.invoke(DelegatingMethodAccessorImpl.java:43)
	at java.lang.reflect.Method.invoke(Method.java:616)
	at org.apache.tools.ant.dispatch.DispatchUtils.execute(DispatchUtils.java:106)
	at org.apache.tools.ant.Task.perform(Task.java:348)
	at org.apache.tools.ant.taskdefs.MacroInstance.execute(MacroInstance.java:398)
	... 43 more
Caused by: Internal error: java.lang.IllegalArgumentException: Could not locate a metamodel with the URI 'www.uca.es/modeling/serviceProcess'. Please ensure that this metamodel has been registered with Epsilon.
	at org.eclipse.epsilon.emc.emf.EmfModel.determinePackagesFrom[EmfModel.java:266]
	at org.eclipse.epsilon.emc.emf.EmfModel.loadModelFromUri[EmfModel.java:214]
	at org.eclipse.epsilon.emc.emf.EmfModel.loadModel[EmfModel.java:161]
	at org.eclipse.epsilon.eol.models.CachedModel.load[CachedModel.java:147]
	at org.eclipse.epsilon.emc.emf.EmfModel.load[EmfModel.java:127]
	at org.eclipse.epsilon.workflow.tasks.emf.LoadEmfModel.executeImpl[LoadEmfModel.java:67]
	at org.eclipse.epsilon.workflow.tasks.EpsilonTask.execute[EpsilonTask.java:40]
	at org.apache.tools.ant.UnknownElement.execute[UnknownElement.java:291]
	at sun.reflect.GeneratedMethodAccessor101.invoke[Unknown Source]
	at sun.reflect.DelegatingMethodAccessorImpl.invoke[DelegatingMethodAccessorImpl.java:43]
	at java.lang.reflect.Method.invoke[Method.java:616]
	at org.apache.tools.ant.dispatch.DispatchUtils.execute[DispatchUtils.java:106]
	at org.apache.tools.ant.Task.perform[Task.java:348]
	at org.apache.tools.ant.taskdefs.Sequential.execute[Sequential.java:68]
	at org.apache.tools.ant.UnknownElement.execute[UnknownElement.java:291]
	at sun.reflect.GeneratedMethodAccessor101.invoke[Unknown Source]
	at sun.reflect.DelegatingMethodAccessorImpl.invoke[DelegatingMethodAccessorImpl.java:43]
	at java.lang.reflect.Method.invoke[Method.java:616]
	at org.apache.tools.ant.dispatch.DispatchUtils.execute[DispatchUtils.java:106]
	at org.apache.tools.ant.Task.perform[Task.java:348]
	at org.apache.tools.ant.taskdefs.MacroInstance.execute[MacroInstance.java:398]
	at org.apache.tools.ant.UnknownElement.execute[UnknownElement.java:291]
	at sun.reflect.GeneratedMethodAccessor101.invoke[Unknown Source]
	at sun.reflect.DelegatingMethodAccessorImpl.invoke[DelegatingMethodAccessorImpl.java:43]
	at java.lang.reflect.Method.invoke[Method.java:616]
	at org.apache.tools.ant.dispatch.DispatchUtils.execute[DispatchUtils.java:106]
	at org.apache.tools.ant.Task.perform[Task.java:348]
	at org.eclipse.epsilon.workflow.tasks.EUnitTask$TaskCollection.run[EUnitTask.java:69]
	at org.eclipse.epsilon.workflow.tasks.EUnitTask.beforeCase[EUnitTask.java:218]
	at org.eclipse.epsilon.eunit.EUnitModule.fireBeforeCase[EUnitModule.java:507]
	at org.eclipse.epsilon.eunit.EUnitModule.runSuiteInternal[EUnitModule.java:318]
	at org.eclipse.epsilon.eunit.EUnitModule.runSuite[EUnitModule.java:164]
	at org.eclipse.epsilon.eunit.EUnitModule.runInnerTestCase[EUnitModule.java:361]
	at org.eclipse.epsilon.eunit.EUnitModule.runSuiteInternal[EUnitModule.java:339]
	at org.eclipse.epsilon.eunit.EUnitModule.runSuite[EUnitModule.java:164]
	at org.eclipse.epsilon.eunit.EUnitModule.runInnerTestCase[EUnitModule.java:361]
	at org.eclipse.epsilon.eunit.EUnitModule.runSuiteInternal[EUnitModule.java:339]
	at org.eclipse.epsilon.eunit.EUnitModule.runSuite[EUnitModule.java:164]
	at org.eclipse.epsilon.eunit.EUnitModule.execute[EUnitModule.java:136]
	at org.eclipse.epsilon.workflow.tasks.ExecutableModuleTask.executeImpl[ExecutableModuleTask.java:193]
	at org.eclipse.epsilon.workflow.tasks.EpsilonTask.execute[EpsilonTask.java:40]
	at org.apache.tools.ant.UnknownElement.execute[UnknownElement.java:291]
	at sun.reflect.NativeMethodAccessorImpl.invoke0[Native Method]
	at sun.reflect.NativeMethodAccessorImpl.invoke[NativeMethodAccessorImpl.java:57]
	at sun.reflect.DelegatingMethodAccessorImpl.invoke[DelegatingMethodAccessorImpl.java:43]
	at java.lang.reflect.Method.invoke[Method.java:616]
	at org.apache.tools.ant.dispatch.DispatchUtils.execute[DispatchUtils.java:106]
	at org.apache.tools.ant.Task.perform[Task.java:348]
	at org.apache.tools.ant.Target.execute[Target.java:392]
	at org.apache.tools.ant.Target.performTasks[Target.java:413]
	at org.apache.tools.ant.Project.executeSortedTargets[Project.java:1399]
	at org.apache.tools.ant.Project.executeTarget[Project.java:1368]
	at org.apache.tools.ant.helper.DefaultExecutor.executeTargets[DefaultExecutor.java:41]
	at org.eclipse.ant.internal.core.ant.EclipseDefaultExecutor.executeTargets[EclipseDefaultExecutor.java:32]
	at org.apache.tools.ant.Project.executeTargets[Project.java:1251]
	at org.eclipse.ant.internal.core.ant.InternalAntRunner.run[InternalAntRunner.java:672]
	at org.eclipse.ant.internal.core.ant.InternalAntRunner.run[InternalAntRunner.java:498]
	at sun.reflect.NativeMethodAccessorImpl.invoke0[Native Method]
	at sun.reflect.NativeMethodAccessorImpl.invoke[NativeMethodAccessorImpl.java:57]
	at sun.reflect.DelegatingMethodAccessorImpl.invoke[DelegatingMethodAccessorImpl.java:43]
	at java.lang.reflect.Method.invoke[Method.java:616]
	at org.eclipse.ant.core.AntRunner.run[AntRunner.java:378]
	at org.eclipse.ant.internal.launching.launchConfigurations.AntLaunchDelegate$1.run[AntLaunchDelegate.java:298]
	at java.lang.Thread.run[Thread.java:679]

	at org.eclipse.epsilon.emc.emf.EmfModel.determinePackagesFrom(EmfModel.java:266)
	at org.eclipse.epsilon.emc.emf.EmfModel.loadModelFromUri(EmfModel.java:214)
	at org.eclipse.epsilon.emc.emf.EmfModel.loadModel(EmfModel.java:161)
	at org.eclipse.epsilon.eol.models.CachedModel.load(CachedModel.java:147)
	at org.eclipse.epsilon.emc.emf.EmfModel.load(EmfModel.java:127)
	at org.eclipse.epsilon.workflow.tasks.emf.LoadEmfModel.executeImpl(LoadEmfModel.java:67)
	... 58 more
Caused by: java.lang.IllegalArgumentException: Could not locate a metamodel with the URI 'www.uca.es/modeling/serviceProcess'. Please ensure that this metamodel has been registered with Epsilon.
	... 64 more
</error></testcase><testcase classname="sodmt.adhoc.eol.tlimits.eunit" name="withReal[5]" time="0.00600000"><error message="The following error occurred while executing this line:&#10;/home/antonio/Documents/sodmt/workspace-metamodels/es.uca.modeling.eol.tests/eunit.xml:17: Internal error: java.lang.IllegalArgumentException: Could not locate a metamodel with the URI 'www.uca.es/modeling/serviceProcess'. Please ensure that this metamodel has been registered with Epsilon.&#10;&#9;at org.eclipse.epsilon.emc.emf.EmfModel.determinePackagesFrom[EmfModel.java:266]&#10;&#9;at org.eclipse.epsilon.emc.emf.EmfModel.loadModelFromUri[EmfModel.java:214]&#10;&#9;at org.eclipse.epsilon.emc.emf.EmfModel.loadModel[EmfModel.java:161]&#10;&#9;at org.eclipse.epsilon.eol.models.CachedModel.load[CachedModel.java:147]&#10;&#9;at org.eclipse.epsilon.emc.emf.EmfModel.load[EmfModel.java:127]&#10;&#9;at org.eclipse.epsilon.workflow.tasks.emf.LoadEmfModel.executeImpl[LoadEmfModel.java:67]&#10;&#9;at org.eclipse.epsilon.workflow.tasks.EpsilonTask.execute[EpsilonTask.java:40]&#10;&#9;at org.apache.tools.ant.UnknownElement.execute[UnknownElement.java:291]&#10;&#9;at sun.reflect.GeneratedMethodAccessor101.invoke[Unknown Source]&#10;&#9;at sun.reflect.DelegatingMethodAccessorImpl.invoke[DelegatingMethodAccessorImpl.java:43]&#10;&#9;at java.lang.reflect.Method.invoke[Method.java:616]&#10;&#9;at org.apache.tools.ant.dispatch.DispatchUtils.execute[DispatchUtils.java:106]&#10;&#9;at org.apache.tools.ant.Task.perform[Task.java:348]&#10;&#9;at org.apache.tools.ant.taskdefs.Sequential.execute[Sequential.java:68]&#10;&#9;at org.apache.tools.ant.UnknownElement.execute[UnknownElement.java:291]&#10;&#9;at sun.reflect.GeneratedMethodAccessor101.invoke[Unknown Source]&#10;&#9;at sun.reflect.DelegatingMethodAccessorImpl.invoke[DelegatingMethodAccessorImpl.java:43]&#10;&#9;at java.lang.reflect.Method.invoke[Method.java:616]&#10;&#9;at org.apache.tools.ant.dispatch.DispatchUtils.execute[DispatchUtils.java:106]&#10;&#9;at org.apache.tools.ant.Task.perform[Task.java:348]&#10;&#9;at org.apache.tools.ant.taskdefs.MacroInstance.execute[MacroInstance.java:398]&#10;&#9;at org.apache.tools.ant.UnknownElement.execute[UnknownElement.java:291]&#10;&#9;at sun.reflect.GeneratedMethodAccessor101.invoke[Unknown Source]&#10;&#9;at sun.reflect.DelegatingMethodAccessorImpl.invoke[DelegatingMethodAccessorImpl.java:43]&#10;&#9;at java.lang.reflect.Method.invoke[Method.java:616]&#10;&#9;at org.apache.tools.ant.dispatch.DispatchUtils.execute[DispatchUtils.java:106]&#10;&#9;at org.apache.tools.ant.Task.perform[Task.java:348]&#10;&#9;at org.eclipse.epsilon.workflow.tasks.EUnitTask$TaskCollection.run[EUnitTask.java:69]&#10;&#9;at org.eclipse.epsilon.workflow.tasks.EUnitTask.beforeCase[EUnitTask.java:218]&#10;&#9;at org.eclipse.epsilon.eunit.EUnitModule.fireBeforeCase[EUnitModule.java:507]&#10;&#9;at org.eclipse.epsilon.eunit.EUnitModule.runSuiteInternal[EUnitModule.java:318]&#10;&#9;at org.eclipse.epsilon.eunit.EUnitModule.runSuite[EUnitModule.java:164]&#10;&#9;at org.eclipse.epsilon.eunit.EUnitModule.runInnerTestCase[EUnitModule.java:361]&#10;&#9;at org.eclipse.epsilon.eunit.EUnitModule.runSuiteInternal[EUnitModule.java:339]&#10;&#9;at org.eclipse.epsilon.eunit.EUnitModule.runSuite[EUnitModule.java:164]&#10;&#9;at org.eclipse.epsilon.eunit.EUnitModule.runInnerTestCase[EUnitModule.java:361]&#10;&#9;at org.eclipse.epsilon.eunit.EUnitModule.runSuiteInternal[EUnitModule.java:339]&#10;&#9;at org.eclipse.epsilon.eunit.EUnitModule.runSuite[EUnitModule.java:164]&#10;&#9;at org.eclipse.epsilon.eunit.EUnitModule.execute[EUnitModule.java:136]&#10;&#9;at org.eclipse.epsilon.workflow.tasks.ExecutableModuleTask.executeImpl[ExecutableModuleTask.java:193]&#10;&#9;at org.eclipse.epsilon.workflow.tasks.EpsilonTask.execute[EpsilonTask.java:40]&#10;&#9;at org.apache.tools.ant.UnknownElement.execute[UnknownElement.java:291]&#10;&#9;at sun.reflect.NativeMethodAccessorImpl.invoke0[Native Method]&#10;&#9;at sun.reflect.NativeMethodAccessorImpl.invoke[NativeMethodAccessorImpl.java:57]&#10;&#9;at sun.reflect.DelegatingMethodAccessorImpl.invoke[DelegatingMethodAccessorImpl.java:43]&#10;&#9;at java.lang.reflect.Method.invoke[Method.java:616]&#10;&#9;at org.apache.tools.ant.dispatch.DispatchUtils.execute[DispatchUtils.java:106]&#10;&#9;at org.apache.tools.ant.Task.perform[Task.java:348]&#10;&#9;at org.apache.tools.ant.Target.execute[Target.java:392]&#10;&#9;at org.apache.tools.ant.Target.performTasks[Target.java:413]&#10;&#9;at org.apache.tools.ant.Project.executeSortedTargets[Project.java:1399]&#10;&#9;at org.apache.tools.ant.Project.executeTarget[Project.java:1368]&#10;&#9;at org.apache.tools.ant.helper.DefaultExecutor.executeTargets[DefaultExecutor.java:41]&#10;&#9;at org.eclipse.ant.internal.core.ant.EclipseDefaultExecutor.executeTargets[EclipseDefaultExecutor.java:32]&#10;&#9;at org.apache.tools.ant.Project.executeTargets[Project.java:1251]&#10;&#9;at org.eclipse.ant.internal.core.ant.InternalAntRunner.run[InternalAntRunner.java:672]&#10;&#9;at org.eclipse.ant.internal.core.ant.InternalAntRunner.run[InternalAntRunner.java:498]&#10;&#9;at sun.reflect.NativeMethodAccessorImpl.invoke0[Native Method]&#10;&#9;at sun.reflect.NativeMethodAccessorImpl.invoke[NativeMethodAccessorImpl.java:57]&#10;&#9;at sun.reflect.DelegatingMethodAccessorImpl.invoke[DelegatingMethodAccessorImpl.java:43]&#10;&#9;at java.lang.reflect.Method.invoke[Method.java:616]&#10;&#9;at org.eclipse.ant.core.AntRunner.run[AntRunner.java:378]&#10;&#9;at org.eclipse.ant.internal.launching.launchConfigurations.AntLaunchDelegate$1.run[AntLaunchDelegate.java:298]&#10;&#9;at java.lang.Thread.run[Thread.java:679]&#10;" type="org.apache.tools.ant.BuildException">/home/antonio/Documents/sodmt/workspace-metamodels/es.uca.modeling.eol.tests/eunit.xml:34: The following error occurred while executing this line:
/home/antonio/Documents/sodmt/workspace-metamodels/es.uca.modeling.eol.tests/eunit.xml:17: Internal error: java.lang.IllegalArgumentException: Could not locate a metamodel with the URI 'www.uca.es/modeling/serviceProcess'. Please ensure that this metamodel has been registered with Epsilon.
	at org.eclipse.epsilon.emc.emf.EmfModel.determinePackagesFrom[EmfModel.java:266]
	at org.eclipse.epsilon.emc.emf.EmfModel.loadModelFromUri[EmfModel.java:214]
	at org.eclipse.epsilon.emc.emf.EmfModel.loadModel[EmfModel.java:161]
	at org.eclipse.epsilon.eol.models.CachedModel.load[CachedModel.java:147]
	at org.eclipse.epsilon.emc.emf.EmfModel.load[EmfModel.java:127]
	at org.eclipse.epsilon.workflow.tasks.emf.LoadEmfModel.executeImpl[LoadEmfModel.java:67]
	at org.eclipse.epsilon.workflow.tasks.EpsilonTask.execute[EpsilonTask.java:40]
	at org.apache.tools.ant.UnknownElement.execute[UnknownElement.java:291]
	at sun.reflect.GeneratedMethodAccessor101.invoke[Unknown Source]
	at sun.reflect.DelegatingMethodAccessorImpl.invoke[DelegatingMethodAccessorImpl.java:43]
	at java.lang.reflect.Method.invoke[Method.java:616]
	at org.apache.tools.ant.dispatch.DispatchUtils.execute[DispatchUtils.java:106]
	at org.apache.tools.ant.Task.perform[Task.java:348]
	at org.apache.tools.ant.taskdefs.Sequential.execute[Sequential.java:68]
	at org.apache.tools.ant.UnknownElement.execute[UnknownElement.java:291]
	at sun.reflect.GeneratedMethodAccessor101.invoke[Unknown Source]
	at sun.reflect.DelegatingMethodAccessorImpl.invoke[DelegatingMethodAccessorImpl.java:43]
	at java.lang.reflect.Method.invoke[Method.java:616]
	at org.apache.tools.ant.dispatch.DispatchUtils.execute[DispatchUtils.java:106]
	at org.apache.tools.ant.Task.perform[Task.java:348]
	at org.apache.tools.ant.taskdefs.MacroInstance.execute[MacroInstance.java:398]
	at org.apache.tools.ant.UnknownElement.execute[UnknownElement.java:291]
	at sun.reflect.GeneratedMethodAccessor101.invoke[Unknown Source]
	at sun.reflect.DelegatingMethodAccessorImpl.invoke[DelegatingMethodAccessorImpl.java:43]
	at java.lang.reflect.Method.invoke[Method.java:616]
	at org.apache.tools.ant.dispatch.DispatchUtils.execute[DispatchUtils.java:106]
	at org.apache.tools.ant.Task.perform[Task.java:348]
	at org.eclipse.epsilon.workflow.tasks.EUnitTask$TaskCollection.run[EUnitTask.java:69]
	at org.eclipse.epsilon.workflow.tasks.EUnitTask.beforeCase[EUnitTask.java:218]
	at org.eclipse.epsilon.eunit.EUnitModule.fireBeforeCase[EUnitModule.java:507]
	at org.eclipse.epsilon.eunit.EUnitModule.runSuiteInternal[EUnitModule.java:318]
	at org.eclipse.epsilon.eunit.EUnitModule.runSuite[EUnitModule.java:164]
	at org.eclipse.epsilon.eunit.EUnitModule.runInnerTestCase[EUnitModule.java:361]
	at org.eclipse.epsilon.eunit.EUnitModule.runSuiteInternal[EUnitModule.java:339]
	at org.eclipse.epsilon.eunit.EUnitModule.runSuite[EUnitModule.java:164]
	at org.eclipse.epsilon.eunit.EUnitModule.runInnerTestCase[EUnitModule.java:361]
	at org.eclipse.epsilon.eunit.EUnitModule.runSuiteInternal[EUnitModule.java:339]
	at org.eclipse.epsilon.eunit.EUnitModule.runSuite[EUnitModule.java:164]
	at org.eclipse.epsilon.eunit.EUnitModule.execute[EUnitModule.java:136]
	at org.eclipse.epsilon.workflow.tasks.ExecutableModuleTask.executeImpl[ExecutableModuleTask.java:193]
	at org.eclipse.epsilon.workflow.tasks.EpsilonTask.execute[EpsilonTask.java:40]
	at org.apache.tools.ant.UnknownElement.execute[UnknownElement.java:291]
	at sun.reflect.NativeMethodAccessorImpl.invoke0[Native Method]
	at sun.reflect.NativeMethodAccessorImpl.invoke[NativeMethodAccessorImpl.java:57]
	at sun.reflect.DelegatingMethodAccessorImpl.invoke[DelegatingMethodAccessorImpl.java:43]
	at java.lang.reflect.Method.invoke[Method.java:616]
	at org.apache.tools.ant.dispatch.DispatchUtils.execute[DispatchUtils.java:106]
	at org.apache.tools.ant.Task.perform[Task.java:348]
	at org.apache.tools.ant.Target.execute[Target.java:392]
	at org.apache.tools.ant.Target.performTasks[Target.java:413]
	at org.apache.tools.ant.Project.executeSortedTargets[Project.java:1399]
	at org.apache.tools.ant.Project.executeTarget[Project.java:1368]
	at org.apache.tools.ant.helper.DefaultExecutor.executeTargets[DefaultExecutor.java:41]
	at org.eclipse.ant.internal.core.ant.EclipseDefaultExecutor.executeTargets[EclipseDefaultExecutor.java:32]
	at org.apache.tools.ant.Project.executeTargets[Project.java:1251]
	at org.eclipse.ant.internal.core.ant.InternalAntRunner.run[InternalAntRunner.java:672]
	at org.eclipse.ant.internal.core.ant.InternalAntRunner.run[InternalAntRunner.java:498]
	at sun.reflect.NativeMethodAccessorImpl.invoke0[Native Method]
	at sun.reflect.NativeMethodAccessorImpl.invoke[NativeMethodAccessorImpl.java:57]
	at sun.reflect.DelegatingMethodAccessorImpl.invoke[DelegatingMethodAccessorImpl.java:43]
	at java.lang.reflect.Method.invoke[Method.java:616]
	at org.eclipse.ant.core.AntRunner.run[AntRunner.java:378]
	at org.eclipse.ant.internal.launching.launchConfigurations.AntLaunchDelegate$1.run[AntLaunchDelegate.java:298]
	at java.lang.Thread.run[Thread.java:679]

	at org.apache.tools.ant.ProjectHelper.addLocationToBuildException(ProjectHelper.java:551)
	at org.apache.tools.ant.taskdefs.MacroInstance.execute(MacroInstance.java:401)
	at org.apache.tools.ant.UnknownElement.execute(UnknownElement.java:291)
	at sun.reflect.GeneratedMethodAccessor101.invoke(Unknown Source)
	at sun.reflect.DelegatingMethodAccessorImpl.invoke(DelegatingMethodAccessorImpl.java:43)
	at java.lang.reflect.Method.invoke(Method.java:616)
	at org.apache.tools.ant.dispatch.DispatchUtils.execute(DispatchUtils.java:106)
	at org.apache.tools.ant.Task.perform(Task.java:348)
	at org.eclipse.epsilon.workflow.tasks.EUnitTask$TaskCollection.run(EUnitTask.java:69)
	at org.eclipse.epsilon.workflow.tasks.EUnitTask.beforeCase(EUnitTask.java:218)
	at org.eclipse.epsilon.eunit.EUnitModule.fireBeforeCase(EUnitModule.java:507)
	at org.eclipse.epsilon.eunit.EUnitModule.runSuiteInternal(EUnitModule.java:318)
	at org.eclipse.epsilon.eunit.EUnitModule.runSuite(EUnitModule.java:164)
	at org.eclipse.epsilon.eunit.EUnitModule.runInnerTestCase(EUnitModule.java:361)
	at org.eclipse.epsilon.eunit.EUnitModule.runSuiteInternal(EUnitModule.java:339)
	at org.eclipse.epsilon.eunit.EUnitModule.runSuite(EUnitModule.java:164)
	at org.eclipse.epsilon.eunit.EUnitModule.runInnerTestCase(EUnitModule.java:361)
	at org.eclipse.epsilon.eunit.EUnitModule.runSuiteInternal(EUnitModule.java:339)
	at org.eclipse.epsilon.eunit.EUnitModule.runSuite(EUnitModule.java:164)
	at org.eclipse.epsilon.eunit.EUnitModule.execute(EUnitModule.java:136)
	at org.eclipse.epsilon.workflow.tasks.ExecutableModuleTask.executeImpl(ExecutableModuleTask.java:193)
	at org.eclipse.epsilon.workflow.tasks.EpsilonTask.execute(EpsilonTask.java:40)
	at org.apache.tools.ant.UnknownElement.execute(UnknownElement.java:291)
	at sun.reflect.NativeMethodAccessorImpl.invoke0(Native Method)
	at sun.reflect.NativeMethodAccessorImpl.invoke(NativeMethodAccessorImpl.java:57)
	at sun.reflect.DelegatingMethodAccessorImpl.invoke(DelegatingMethodAccessorImpl.java:43)
	at java.lang.reflect.Method.invoke(Method.java:616)
	at org.apache.tools.ant.dispatch.DispatchUtils.execute(DispatchUtils.java:106)
	at org.apache.tools.ant.Task.perform(Task.java:348)
	at org.apache.tools.ant.Target.execute(Target.java:392)
	at org.apache.tools.ant.Target.performTasks(Target.java:413)
	at org.apache.tools.ant.Project.executeSortedTargets(Project.java:1399)
	at org.apache.tools.ant.Project.executeTarget(Project.java:1368)
	at org.apache.tools.ant.helper.DefaultExecutor.executeTargets(DefaultExecutor.java:41)
	at org.eclipse.ant.internal.core.ant.EclipseDefaultExecutor.executeTargets(EclipseDefaultExecutor.java:32)
	at org.apache.tools.ant.Project.executeTargets(Project.java:1251)
	at org.eclipse.ant.internal.core.ant.InternalAntRunner.run(InternalAntRunner.java:672)
	at org.eclipse.ant.internal.core.ant.InternalAntRunner.run(InternalAntRunner.java:498)
	at sun.reflect.NativeMethodAccessorImpl.invoke0(Native Method)
	at sun.reflect.NativeMethodAccessorImpl.invoke(NativeMethodAccessorImpl.java:57)
	at sun.reflect.DelegatingMethodAccessorImpl.invoke(DelegatingMethodAccessorImpl.java:43)
	at java.lang.reflect.Method.invoke(Method.java:616)
	at org.eclipse.ant.core.AntRunner.run(AntRunner.java:378)
	at org.eclipse.ant.internal.launching.launchConfigurations.AntLaunchDelegate$1.run(AntLaunchDelegate.java:298)
	at java.lang.Thread.run(Thread.java:679)
Caused by: /home/antonio/Documents/sodmt/workspace-metamodels/es.uca.modeling.eol.tests/eunit.xml:17: Internal error: java.lang.IllegalArgumentException: Could not locate a metamodel with the URI 'www.uca.es/modeling/serviceProcess'. Please ensure that this metamodel has been registered with Epsilon.
	at org.eclipse.epsilon.emc.emf.EmfModel.determinePackagesFrom[EmfModel.java:266]
	at org.eclipse.epsilon.emc.emf.EmfModel.loadModelFromUri[EmfModel.java:214]
	at org.eclipse.epsilon.emc.emf.EmfModel.loadModel[EmfModel.java:161]
	at org.eclipse.epsilon.eol.models.CachedModel.load[CachedModel.java:147]
	at org.eclipse.epsilon.emc.emf.EmfModel.load[EmfModel.java:127]
	at org.eclipse.epsilon.workflow.tasks.emf.LoadEmfModel.executeImpl[LoadEmfModel.java:67]
	at org.eclipse.epsilon.workflow.tasks.EpsilonTask.execute[EpsilonTask.java:40]
	at org.apache.tools.ant.UnknownElement.execute[UnknownElement.java:291]
	at sun.reflect.GeneratedMethodAccessor101.invoke[Unknown Source]
	at sun.reflect.DelegatingMethodAccessorImpl.invoke[DelegatingMethodAccessorImpl.java:43]
	at java.lang.reflect.Method.invoke[Method.java:616]
	at org.apache.tools.ant.dispatch.DispatchUtils.execute[DispatchUtils.java:106]
	at org.apache.tools.ant.Task.perform[Task.java:348]
	at org.apache.tools.ant.taskdefs.Sequential.execute[Sequential.java:68]
	at org.apache.tools.ant.UnknownElement.execute[UnknownElement.java:291]
	at sun.reflect.GeneratedMethodAccessor101.invoke[Unknown Source]
	at sun.reflect.DelegatingMethodAccessorImpl.invoke[DelegatingMethodAccessorImpl.java:43]
	at java.lang.reflect.Method.invoke[Method.java:616]
	at org.apache.tools.ant.dispatch.DispatchUtils.execute[DispatchUtils.java:106]
	at org.apache.tools.ant.Task.perform[Task.java:348]
	at org.apache.tools.ant.taskdefs.MacroInstance.execute[MacroInstance.java:398]
	at org.apache.tools.ant.UnknownElement.execute[UnknownElement.java:291]
	at sun.reflect.GeneratedMethodAccessor101.invoke[Unknown Source]
	at sun.reflect.DelegatingMethodAccessorImpl.invoke[DelegatingMethodAccessorImpl.java:43]
	at java.lang.reflect.Method.invoke[Method.java:616]
	at org.apache.tools.ant.dispatch.DispatchUtils.execute[DispatchUtils.java:106]
	at org.apache.tools.ant.Task.perform[Task.java:348]
	at org.eclipse.epsilon.workflow.tasks.EUnitTask$TaskCollection.run[EUnitTask.java:69]
	at org.eclipse.epsilon.workflow.tasks.EUnitTask.beforeCase[EUnitTask.java:218]
	at org.eclipse.epsilon.eunit.EUnitModule.fireBeforeCase[EUnitModule.java:507]
	at org.eclipse.epsilon.eunit.EUnitModule.runSuiteInternal[EUnitModule.java:318]
	at org.eclipse.epsilon.eunit.EUnitModule.runSuite[EUnitModule.java:164]
	at org.eclipse.epsilon.eunit.EUnitModule.runInnerTestCase[EUnitModule.java:361]
	at org.eclipse.epsilon.eunit.EUnitModule.runSuiteInternal[EUnitModule.java:339]
	at org.eclipse.epsilon.eunit.EUnitModule.runSuite[EUnitModule.java:164]
	at org.eclipse.epsilon.eunit.EUnitModule.runInnerTestCase[EUnitModule.java:361]
	at org.eclipse.epsilon.eunit.EUnitModule.runSuiteInternal[EUnitModule.java:339]
	at org.eclipse.epsilon.eunit.EUnitModule.runSuite[EUnitModule.java:164]
	at org.eclipse.epsilon.eunit.EUnitModule.execute[EUnitModule.java:136]
	at org.eclipse.epsilon.workflow.tasks.ExecutableModuleTask.executeImpl[ExecutableModuleTask.java:193]
	at org.eclipse.epsilon.workflow.tasks.EpsilonTask.execute[EpsilonTask.java:40]
	at org.apache.tools.ant.UnknownElement.execute[UnknownElement.java:291]
	at sun.reflect.NativeMethodAccessorImpl.invoke0[Native Method]
	at sun.reflect.NativeMethodAccessorImpl.invoke[NativeMethodAccessorImpl.java:57]
	at sun.reflect.DelegatingMethodAccessorImpl.invoke[DelegatingMethodAccessorImpl.java:43]
	at java.lang.reflect.Method.invoke[Method.java:616]
	at org.apache.tools.ant.dispatch.DispatchUtils.execute[DispatchUtils.java:106]
	at org.apache.tools.ant.Task.perform[Task.java:348]
	at org.apache.tools.ant.Target.execute[Target.java:392]
	at org.apache.tools.ant.Target.performTasks[Target.java:413]
	at org.apache.tools.ant.Project.executeSortedTargets[Project.java:1399]
	at org.apache.tools.ant.Project.executeTarget[Project.java:1368]
	at org.apache.tools.ant.helper.DefaultExecutor.executeTargets[DefaultExecutor.java:41]
	at org.eclipse.ant.internal.core.ant.EclipseDefaultExecutor.executeTargets[EclipseDefaultExecutor.java:32]
	at org.apache.tools.ant.Project.executeTargets[Project.java:1251]
	at org.eclipse.ant.internal.core.ant.InternalAntRunner.run[InternalAntRunner.java:672]
	at org.eclipse.ant.internal.core.ant.InternalAntRunner.run[InternalAntRunner.java:498]
	at sun.reflect.NativeMethodAccessorImpl.invoke0[Native Method]
	at sun.reflect.NativeMethodAccessorImpl.invoke[NativeMethodAccessorImpl.java:57]
	at sun.reflect.DelegatingMethodAccessorImpl.invoke[DelegatingMethodAccessorImpl.java:43]
	at java.lang.reflect.Method.invoke[Method.java:616]
	at org.eclipse.ant.core.AntRunner.run[AntRunner.java:378]
	at org.eclipse.ant.internal.launching.launchConfigurations.AntLaunchDelegate$1.run[AntLaunchDelegate.java:298]
	at java.lang.Thread.run[Thread.java:679]

	at org.eclipse.epsilon.workflow.tasks.emf.LoadEmfModel.executeImpl(LoadEmfModel.java:71)
	at org.eclipse.epsilon.workflow.tasks.EpsilonTask.execute(EpsilonTask.java:40)
	at org.apache.tools.ant.UnknownElement.execute(UnknownElement.java:291)
	at sun.reflect.GeneratedMethodAccessor101.invoke(Unknown Source)
	at sun.reflect.DelegatingMethodAccessorImpl.invoke(DelegatingMethodAccessorImpl.java:43)
	at java.lang.reflect.Method.invoke(Method.java:616)
	at org.apache.tools.ant.dispatch.DispatchUtils.execute(DispatchUtils.java:106)
	at org.apache.tools.ant.Task.perform(Task.java:348)
	at org.apache.tools.ant.taskdefs.Sequential.execute(Sequential.java:68)
	at org.apache.tools.ant.UnknownElement.execute(UnknownElement.java:291)
	at sun.reflect.GeneratedMethodAccessor101.invoke(Unknown Source)
	at sun.reflect.DelegatingMethodAccessorImpl.invoke(DelegatingMethodAccessorImpl.java:43)
	at java.lang.reflect.Method.invoke(Method.java:616)
	at org.apache.tools.ant.dispatch.DispatchUtils.execute(DispatchUtils.java:106)
	at org.apache.tools.ant.Task.perform(Task.java:348)
	at org.apache.tools.ant.taskdefs.MacroInstance.execute(MacroInstance.java:398)
	... 43 more
Caused by: Internal error: java.lang.IllegalArgumentException: Could not locate a metamodel with the URI 'www.uca.es/modeling/serviceProcess'. Please ensure that this metamodel has been registered with Epsilon.
	at org.eclipse.epsilon.emc.emf.EmfModel.determinePackagesFrom[EmfModel.java:266]
	at org.eclipse.epsilon.emc.emf.EmfModel.loadModelFromUri[EmfModel.java:214]
	at org.eclipse.epsilon.emc.emf.EmfModel.loadModel[EmfModel.java:161]
	at org.eclipse.epsilon.eol.models.CachedModel.load[CachedModel.java:147]
	at org.eclipse.epsilon.emc.emf.EmfModel.load[EmfModel.java:127]
	at org.eclipse.epsilon.workflow.tasks.emf.LoadEmfModel.executeImpl[LoadEmfModel.java:67]
	at org.eclipse.epsilon.workflow.tasks.EpsilonTask.execute[EpsilonTask.java:40]
	at org.apache.tools.ant.UnknownElement.execute[UnknownElement.java:291]
	at sun.reflect.GeneratedMethodAccessor101.invoke[Unknown Source]
	at sun.reflect.DelegatingMethodAccessorImpl.invoke[DelegatingMethodAccessorImpl.java:43]
	at java.lang.reflect.Method.invoke[Method.java:616]
	at org.apache.tools.ant.dispatch.DispatchUtils.execute[DispatchUtils.java:106]
	at org.apache.tools.ant.Task.perform[Task.java:348]
	at org.apache.tools.ant.taskdefs.Sequential.execute[Sequential.java:68]
	at org.apache.tools.ant.UnknownElement.execute[UnknownElement.java:291]
	at sun.reflect.GeneratedMethodAccessor101.invoke[Unknown Source]
	at sun.reflect.DelegatingMethodAccessorImpl.invoke[DelegatingMethodAccessorImpl.java:43]
	at java.lang.reflect.Method.invoke[Method.java:616]
	at org.apache.tools.ant.dispatch.DispatchUtils.execute[DispatchUtils.java:106]
	at org.apache.tools.ant.Task.perform[Task.java:348]
	at org.apache.tools.ant.taskdefs.MacroInstance.execute[MacroInstance.java:398]
	at org.apache.tools.ant.UnknownElement.execute[UnknownElement.java:291]
	at sun.reflect.GeneratedMethodAccessor101.invoke[Unknown Source]
	at sun.reflect.DelegatingMethodAccessorImpl.invoke[DelegatingMethodAccessorImpl.java:43]
	at java.lang.reflect.Method.invoke[Method.java:616]
	at org.apache.tools.ant.dispatch.DispatchUtils.execute[DispatchUtils.java:106]
	at org.apache.tools.ant.Task.perform[Task.java:348]
	at org.eclipse.epsilon.workflow.tasks.EUnitTask$TaskCollection.run[EUnitTask.java:69]
	at org.eclipse.epsilon.workflow.tasks.EUnitTask.beforeCase[EUnitTask.java:218]
	at org.eclipse.epsilon.eunit.EUnitModule.fireBeforeCase[EUnitModule.java:507]
	at org.eclipse.epsilon.eunit.EUnitModule.runSuiteInternal[EUnitModule.java:318]
	at org.eclipse.epsilon.eunit.EUnitModule.runSuite[EUnitModule.java:164]
	at org.eclipse.epsilon.eunit.EUnitModule.runInnerTestCase[EUnitModule.java:361]
	at org.eclipse.epsilon.eunit.EUnitModule.runSuiteInternal[EUnitModule.java:339]
	at org.eclipse.epsilon.eunit.EUnitModule.runSuite[EUnitModule.java:164]
	at org.eclipse.epsilon.eunit.EUnitModule.runInnerTestCase[EUnitModule.java:361]
	at org.eclipse.epsilon.eunit.EUnitModule.runSuiteInternal[EUnitModule.java:339]
	at org.eclipse.epsilon.eunit.EUnitModule.runSuite[EUnitModule.java:164]
	at org.eclipse.epsilon.eunit.EUnitModule.execute[EUnitModule.java:136]
	at org.eclipse.epsilon.workflow.tasks.ExecutableModuleTask.executeImpl[ExecutableModuleTask.java:193]
	at org.eclipse.epsilon.workflow.tasks.EpsilonTask.execute[EpsilonTask.java:40]
	at org.apache.tools.ant.UnknownElement.execute[UnknownElement.java:291]
	at sun.reflect.NativeMethodAccessorImpl.invoke0[Native Method]
	at sun.reflect.NativeMethodAccessorImpl.invoke[NativeMethodAccessorImpl.java:57]
	at sun.reflect.DelegatingMethodAccessorImpl.invoke[DelegatingMethodAccessorImpl.java:43]
	at java.lang.reflect.Method.invoke[Method.java:616]
	at org.apache.tools.ant.dispatch.DispatchUtils.execute[DispatchUtils.java:106]
	at org.apache.tools.ant.Task.perform[Task.java:348]
	at org.apache.tools.ant.Target.execute[Target.java:392]
	at org.apache.tools.ant.Target.performTasks[Target.java:413]
	at org.apache.tools.ant.Project.executeSortedTargets[Project.java:1399]
	at org.apache.tools.ant.Project.executeTarget[Project.java:1368]
	at org.apache.tools.ant.helper.DefaultExecutor.executeTargets[DefaultExecutor.java:41]
	at org.eclipse.ant.internal.core.ant.EclipseDefaultExecutor.executeTargets[EclipseDefaultExecutor.java:32]
	at org.apache.tools.ant.Project.executeTargets[Project.java:1251]
	at org.eclipse.ant.internal.core.ant.InternalAntRunner.run[InternalAntRunner.java:672]
	at org.eclipse.ant.internal.core.ant.InternalAntRunner.run[InternalAntRunner.java:498]
	at sun.reflect.NativeMethodAccessorImpl.invoke0[Native Method]
	at sun.reflect.NativeMethodAccessorImpl.invoke[NativeMethodAccessorImpl.java:57]
	at sun.reflect.DelegatingMethodAccessorImpl.invoke[DelegatingMethodAccessorImpl.java:43]
	at java.lang.reflect.Method.invoke[Method.java:616]
	at org.eclipse.ant.core.AntRunner.run[AntRunner.java:378]
	at org.eclipse.ant.internal.launching.launchConfigurations.AntLaunchDelegate$1.run[AntLaunchDelegate.java:298]
	at java.lang.Thread.run[Thread.java:679]

	at org.eclipse.epsilon.emc.emf.EmfModel.determinePackagesFrom(EmfModel.java:266)
	at org.eclipse.epsilon.emc.emf.EmfModel.loadModelFromUri(EmfModel.java:214)
	at org.eclipse.epsilon.emc.emf.EmfModel.loadModel(EmfModel.java:161)
	at org.eclipse.epsilon.eol.models.CachedModel.load(CachedModel.java:147)
	at org.eclipse.epsilon.emc.emf.EmfModel.load(EmfModel.java:127)
	at org.eclipse.epsilon.workflow.tasks.emf.LoadEmfModel.executeImpl(LoadEmfModel.java:67)
	... 58 more
Caused by: java.lang.IllegalArgumentException: Could not locate a metamodel with the URI 'www.uca.es/modeling/serviceProcess'. Please ensure that this metamodel has been registered with Epsilon.
	... 64 more
</error></testcase><testcase classname="sodmt.adhoc.eol.tlimits.eunit" name="withReal[6]" time="0.00600000"><error message="The following error occurred while executing this line:&#10;/home/antonio/Documents/sodmt/workspace-metamodels/es.uca.modeling.eol.tests/eunit.xml:17: Internal error: java.lang.IllegalArgumentException: Could not locate a metamodel with the URI 'www.uca.es/modeling/serviceProcess'. Please ensure that this metamodel has been registered with Epsilon.&#10;&#9;at org.eclipse.epsilon.emc.emf.EmfModel.determinePackagesFrom[EmfModel.java:266]&#10;&#9;at org.eclipse.epsilon.emc.emf.EmfModel.loadModelFromUri[EmfModel.java:214]&#10;&#9;at org.eclipse.epsilon.emc.emf.EmfModel.loadModel[EmfModel.java:161]&#10;&#9;at org.eclipse.epsilon.eol.models.CachedModel.load[CachedModel.java:147]&#10;&#9;at org.eclipse.epsilon.emc.emf.EmfModel.load[EmfModel.java:127]&#10;&#9;at org.eclipse.epsilon.workflow.tasks.emf.LoadEmfModel.executeImpl[LoadEmfModel.java:67]&#10;&#9;at org.eclipse.epsilon.workflow.tasks.EpsilonTask.execute[EpsilonTask.java:40]&#10;&#9;at org.apache.tools.ant.UnknownElement.execute[UnknownElement.java:291]&#10;&#9;at sun.reflect.GeneratedMethodAccessor101.invoke[Unknown Source]&#10;&#9;at sun.reflect.DelegatingMethodAccessorImpl.invoke[DelegatingMethodAccessorImpl.java:43]&#10;&#9;at java.lang.reflect.Method.invoke[Method.java:616]&#10;&#9;at org.apache.tools.ant.dispatch.DispatchUtils.execute[DispatchUtils.java:106]&#10;&#9;at org.apache.tools.ant.Task.perform[Task.java:348]&#10;&#9;at org.apache.tools.ant.taskdefs.Sequential.execute[Sequential.java:68]&#10;&#9;at org.apache.tools.ant.UnknownElement.execute[UnknownElement.java:291]&#10;&#9;at sun.reflect.GeneratedMethodAccessor101.invoke[Unknown Source]&#10;&#9;at sun.reflect.DelegatingMethodAccessorImpl.invoke[DelegatingMethodAccessorImpl.java:43]&#10;&#9;at java.lang.reflect.Method.invoke[Method.java:616]&#10;&#9;at org.apache.tools.ant.dispatch.DispatchUtils.execute[DispatchUtils.java:106]&#10;&#9;at org.apache.tools.ant.Task.perform[Task.java:348]&#10;&#9;at org.apache.tools.ant.taskdefs.MacroInstance.execute[MacroInstance.java:398]&#10;&#9;at org.apache.tools.ant.UnknownElement.execute[UnknownElement.java:291]&#10;&#9;at sun.reflect.GeneratedMethodAccessor101.invoke[Unknown Source]&#10;&#9;at sun.reflect.DelegatingMethodAccessorImpl.invoke[DelegatingMethodAccessorImpl.java:43]&#10;&#9;at java.lang.reflect.Method.invoke[Method.java:616]&#10;&#9;at org.apache.tools.ant.dispatch.DispatchUtils.execute[DispatchUtils.java:106]&#10;&#9;at org.apache.tools.ant.Task.perform[Task.java:348]&#10;&#9;at org.eclipse.epsilon.workflow.tasks.EUnitTask$TaskCollection.run[EUnitTask.java:69]&#10;&#9;at org.eclipse.epsilon.workflow.tasks.EUnitTask.beforeCase[EUnitTask.java:218]&#10;&#9;at org.eclipse.epsilon.eunit.EUnitModule.fireBeforeCase[EUnitModule.java:507]&#10;&#9;at org.eclipse.epsilon.eunit.EUnitModule.runSuiteInternal[EUnitModule.java:318]&#10;&#9;at org.eclipse.epsilon.eunit.EUnitModule.runSuite[EUnitModule.java:164]&#10;&#9;at org.eclipse.epsilon.eunit.EUnitModule.runInnerTestCase[EUnitModule.java:361]&#10;&#9;at org.eclipse.epsilon.eunit.EUnitModule.runSuiteInternal[EUnitModule.java:339]&#10;&#9;at org.eclipse.epsilon.eunit.EUnitModule.runSuite[EUnitModule.java:164]&#10;&#9;at org.eclipse.epsilon.eunit.EUnitModule.runInnerTestCase[EUnitModule.java:361]&#10;&#9;at org.eclipse.epsilon.eunit.EUnitModule.runSuiteInternal[EUnitModule.java:339]&#10;&#9;at org.eclipse.epsilon.eunit.EUnitModule.runSuite[EUnitModule.java:164]&#10;&#9;at org.eclipse.epsilon.eunit.EUnitModule.execute[EUnitModule.java:136]&#10;&#9;at org.eclipse.epsilon.workflow.tasks.ExecutableModuleTask.executeImpl[ExecutableModuleTask.java:193]&#10;&#9;at org.eclipse.epsilon.workflow.tasks.EpsilonTask.execute[EpsilonTask.java:40]&#10;&#9;at org.apache.tools.ant.UnknownElement.execute[UnknownElement.java:291]&#10;&#9;at sun.reflect.NativeMethodAccessorImpl.invoke0[Native Method]&#10;&#9;at sun.reflect.NativeMethodAccessorImpl.invoke[NativeMethodAccessorImpl.java:57]&#10;&#9;at sun.reflect.DelegatingMethodAccessorImpl.invoke[DelegatingMethodAccessorImpl.java:43]&#10;&#9;at java.lang.reflect.Method.invoke[Method.java:616]&#10;&#9;at org.apache.tools.ant.dispatch.DispatchUtils.execute[DispatchUtils.java:106]&#10;&#9;at org.apache.tools.ant.Task.perform[Task.java:348]&#10;&#9;at org.apache.tools.ant.Target.execute[Target.java:392]&#10;&#9;at org.apache.tools.ant.Target.performTasks[Target.java:413]&#10;&#9;at org.apache.tools.ant.Project.executeSortedTargets[Project.java:1399]&#10;&#9;at org.apache.tools.ant.Project.executeTarget[Project.java:1368]&#10;&#9;at org.apache.tools.ant.helper.DefaultExecutor.executeTargets[DefaultExecutor.java:41]&#10;&#9;at org.eclipse.ant.internal.core.ant.EclipseDefaultExecutor.executeTargets[EclipseDefaultExecutor.java:32]&#10;&#9;at org.apache.tools.ant.Project.executeTargets[Project.java:1251]&#10;&#9;at org.eclipse.ant.internal.core.ant.InternalAntRunner.run[InternalAntRunner.java:672]&#10;&#9;at org.eclipse.ant.internal.core.ant.InternalAntRunner.run[InternalAntRunner.java:498]&#10;&#9;at sun.reflect.NativeMethodAccessorImpl.invoke0[Native Method]&#10;&#9;at sun.reflect.NativeMethodAccessorImpl.invoke[NativeMethodAccessorImpl.java:57]&#10;&#9;at sun.reflect.DelegatingMethodAccessorImpl.invoke[DelegatingMethodAccessorImpl.java:43]&#10;&#9;at java.lang.reflect.Method.invoke[Method.java:616]&#10;&#9;at org.eclipse.ant.core.AntRunner.run[AntRunner.java:378]&#10;&#9;at org.eclipse.ant.internal.launching.launchConfigurations.AntLaunchDelegate$1.run[AntLaunchDelegate.java:298]&#10;&#9;at java.lang.Thread.run[Thread.java:679]&#10;" type="org.apache.tools.ant.BuildException">/home/antonio/Documents/sodmt/workspace-metamodels/es.uca.modeling.eol.tests/eunit.xml:34: The following error occurred while executing this line:
/home/antonio/Documents/sodmt/workspace-metamodels/es.uca.modeling.eol.tests/eunit.xml:17: Internal error: java.lang.IllegalArgumentException: Could not locate a metamodel with the URI 'www.uca.es/modeling/serviceProcess'. Please ensure that this metamodel has been registered with Epsilon.
	at org.eclipse.epsilon.emc.emf.EmfModel.determinePackagesFrom[EmfModel.java:266]
	at org.eclipse.epsilon.emc.emf.EmfModel.loadModelFromUri[EmfModel.java:214]
	at org.eclipse.epsilon.emc.emf.EmfModel.loadModel[EmfModel.java:161]
	at org.eclipse.epsilon.eol.models.CachedModel.load[CachedModel.java:147]
	at org.eclipse.epsilon.emc.emf.EmfModel.load[EmfModel.java:127]
	at org.eclipse.epsilon.workflow.tasks.emf.LoadEmfModel.executeImpl[LoadEmfModel.java:67]
	at org.eclipse.epsilon.workflow.tasks.EpsilonTask.execute[EpsilonTask.java:40]
	at org.apache.tools.ant.UnknownElement.execute[UnknownElement.java:291]
	at sun.reflect.GeneratedMethodAccessor101.invoke[Unknown Source]
	at sun.reflect.DelegatingMethodAccessorImpl.invoke[DelegatingMethodAccessorImpl.java:43]
	at java.lang.reflect.Method.invoke[Method.java:616]
	at org.apache.tools.ant.dispatch.DispatchUtils.execute[DispatchUtils.java:106]
	at org.apache.tools.ant.Task.perform[Task.java:348]
	at org.apache.tools.ant.taskdefs.Sequential.execute[Sequential.java:68]
	at org.apache.tools.ant.UnknownElement.execute[UnknownElement.java:291]
	at sun.reflect.GeneratedMethodAccessor101.invoke[Unknown Source]
	at sun.reflect.DelegatingMethodAccessorImpl.invoke[DelegatingMethodAccessorImpl.java:43]
	at java.lang.reflect.Method.invoke[Method.java:616]
	at org.apache.tools.ant.dispatch.DispatchUtils.execute[DispatchUtils.java:106]
	at org.apache.tools.ant.Task.perform[Task.java:348]
	at org.apache.tools.ant.taskdefs.MacroInstance.execute[MacroInstance.java:398]
	at org.apache.tools.ant.UnknownElement.execute[UnknownElement.java:291]
	at sun.reflect.GeneratedMethodAccessor101.invoke[Unknown Source]
	at sun.reflect.DelegatingMethodAccessorImpl.invoke[DelegatingMethodAccessorImpl.java:43]
	at java.lang.reflect.Method.invoke[Method.java:616]
	at org.apache.tools.ant.dispatch.DispatchUtils.execute[DispatchUtils.java:106]
	at org.apache.tools.ant.Task.perform[Task.java:348]
	at org.eclipse.epsilon.workflow.tasks.EUnitTask$TaskCollection.run[EUnitTask.java:69]
	at org.eclipse.epsilon.workflow.tasks.EUnitTask.beforeCase[EUnitTask.java:218]
	at org.eclipse.epsilon.eunit.EUnitModule.fireBeforeCase[EUnitModule.java:507]
	at org.eclipse.epsilon.eunit.EUnitModule.runSuiteInternal[EUnitModule.java:318]
	at org.eclipse.epsilon.eunit.EUnitModule.runSuite[EUnitModule.java:164]
	at org.eclipse.epsilon.eunit.EUnitModule.runInnerTestCase[EUnitModule.java:361]
	at org.eclipse.epsilon.eunit.EUnitModule.runSuiteInternal[EUnitModule.java:339]
	at org.eclipse.epsilon.eunit.EUnitModule.runSuite[EUnitModule.java:164]
	at org.eclipse.epsilon.eunit.EUnitModule.runInnerTestCase[EUnitModule.java:361]
	at org.eclipse.epsilon.eunit.EUnitModule.runSuiteInternal[EUnitModule.java:339]
	at org.eclipse.epsilon.eunit.EUnitModule.runSuite[EUnitModule.java:164]
	at org.eclipse.epsilon.eunit.EUnitModule.execute[EUnitModule.java:136]
	at org.eclipse.epsilon.workflow.tasks.ExecutableModuleTask.executeImpl[ExecutableModuleTask.java:193]
	at org.eclipse.epsilon.workflow.tasks.EpsilonTask.execute[EpsilonTask.java:40]
	at org.apache.tools.ant.UnknownElement.execute[UnknownElement.java:291]
	at sun.reflect.NativeMethodAccessorImpl.invoke0[Native Method]
	at sun.reflect.NativeMethodAccessorImpl.invoke[NativeMethodAccessorImpl.java:57]
	at sun.reflect.DelegatingMethodAccessorImpl.invoke[DelegatingMethodAccessorImpl.java:43]
	at java.lang.reflect.Method.invoke[Method.java:616]
	at org.apache.tools.ant.dispatch.DispatchUtils.execute[DispatchUtils.java:106]
	at org.apache.tools.ant.Task.perform[Task.java:348]
	at org.apache.tools.ant.Target.execute[Target.java:392]
	at org.apache.tools.ant.Target.performTasks[Target.java:413]
	at org.apache.tools.ant.Project.executeSortedTargets[Project.java:1399]
	at org.apache.tools.ant.Project.executeTarget[Project.java:1368]
	at org.apache.tools.ant.helper.DefaultExecutor.executeTargets[DefaultExecutor.java:41]
	at org.eclipse.ant.internal.core.ant.EclipseDefaultExecutor.executeTargets[EclipseDefaultExecutor.java:32]
	at org.apache.tools.ant.Project.executeTargets[Project.java:1251]
	at org.eclipse.ant.internal.core.ant.InternalAntRunner.run[InternalAntRunner.java:672]
	at org.eclipse.ant.internal.core.ant.InternalAntRunner.run[InternalAntRunner.java:498]
	at sun.reflect.NativeMethodAccessorImpl.invoke0[Native Method]
	at sun.reflect.NativeMethodAccessorImpl.invoke[NativeMethodAccessorImpl.java:57]
	at sun.reflect.DelegatingMethodAccessorImpl.invoke[DelegatingMethodAccessorImpl.java:43]
	at java.lang.reflect.Method.invoke[Method.java:616]
	at org.eclipse.ant.core.AntRunner.run[AntRunner.java:378]
	at org.eclipse.ant.internal.launching.launchConfigurations.AntLaunchDelegate$1.run[AntLaunchDelegate.java:298]
	at java.lang.Thread.run[Thread.java:679]

	at org.apache.tools.ant.ProjectHelper.addLocationToBuildException(ProjectHelper.java:551)
	at org.apache.tools.ant.taskdefs.MacroInstance.execute(MacroInstance.java:401)
	at org.apache.tools.ant.UnknownElement.execute(UnknownElement.java:291)
	at sun.reflect.GeneratedMethodAccessor101.invoke(Unknown Source)
	at sun.reflect.DelegatingMethodAccessorImpl.invoke(DelegatingMethodAccessorImpl.java:43)
	at java.lang.reflect.Method.invoke(Method.java:616)
	at org.apache.tools.ant.dispatch.DispatchUtils.execute(DispatchUtils.java:106)
	at org.apache.tools.ant.Task.perform(Task.java:348)
	at org.eclipse.epsilon.workflow.tasks.EUnitTask$TaskCollection.run(EUnitTask.java:69)
	at org.eclipse.epsilon.workflow.tasks.EUnitTask.beforeCase(EUnitTask.java:218)
	at org.eclipse.epsilon.eunit.EUnitModule.fireBeforeCase(EUnitModule.java:507)
	at org.eclipse.epsilon.eunit.EUnitModule.runSuiteInternal(EUnitModule.java:318)
	at org.eclipse.epsilon.eunit.EUnitModule.runSuite(EUnitModule.java:164)
	at org.eclipse.epsilon.eunit.EUnitModule.runInnerTestCase(EUnitModule.java:361)
	at org.eclipse.epsilon.eunit.EUnitModule.runSuiteInternal(EUnitModule.java:339)
	at org.eclipse.epsilon.eunit.EUnitModule.runSuite(EUnitModule.java:164)
	at org.eclipse.epsilon.eunit.EUnitModule.runInnerTestCase(EUnitModule.java:361)
	at org.eclipse.epsilon.eunit.EUnitModule.runSuiteInternal(EUnitModule.java:339)
	at org.eclipse.epsilon.eunit.EUnitModule.runSuite(EUnitModule.java:164)
	at org.eclipse.epsilon.eunit.EUnitModule.execute(EUnitModule.java:136)
	at org.eclipse.epsilon.workflow.tasks.ExecutableModuleTask.executeImpl(ExecutableModuleTask.java:193)
	at org.eclipse.epsilon.workflow.tasks.EpsilonTask.execute(EpsilonTask.java:40)
	at org.apache.tools.ant.UnknownElement.execute(UnknownElement.java:291)
	at sun.reflect.NativeMethodAccessorImpl.invoke0(Native Method)
	at sun.reflect.NativeMethodAccessorImpl.invoke(NativeMethodAccessorImpl.java:57)
	at sun.reflect.DelegatingMethodAccessorImpl.invoke(DelegatingMethodAccessorImpl.java:43)
	at java.lang.reflect.Method.invoke(Method.java:616)
	at org.apache.tools.ant.dispatch.DispatchUtils.execute(DispatchUtils.java:106)
	at org.apache.tools.ant.Task.perform(Task.java:348)
	at org.apache.tools.ant.Target.execute(Target.java:392)
	at org.apache.tools.ant.Target.performTasks(Target.java:413)
	at org.apache.tools.ant.Project.executeSortedTargets(Project.java:1399)
	at org.apache.tools.ant.Project.executeTarget(Project.java:1368)
	at org.apache.tools.ant.helper.DefaultExecutor.executeTargets(DefaultExecutor.java:41)
	at org.eclipse.ant.internal.core.ant.EclipseDefaultExecutor.executeTargets(EclipseDefaultExecutor.java:32)
	at org.apache.tools.ant.Project.executeTargets(Project.java:1251)
	at org.eclipse.ant.internal.core.ant.InternalAntRunner.run(InternalAntRunner.java:672)
	at org.eclipse.ant.internal.core.ant.InternalAntRunner.run(InternalAntRunner.java:498)
	at sun.reflect.NativeMethodAccessorImpl.invoke0(Native Method)
	at sun.reflect.NativeMethodAccessorImpl.invoke(NativeMethodAccessorImpl.java:57)
	at sun.reflect.DelegatingMethodAccessorImpl.invoke(DelegatingMethodAccessorImpl.java:43)
	at java.lang.reflect.Method.invoke(Method.java:616)
	at org.eclipse.ant.core.AntRunner.run(AntRunner.java:378)
	at org.eclipse.ant.internal.launching.launchConfigurations.AntLaunchDelegate$1.run(AntLaunchDelegate.java:298)
	at java.lang.Thread.run(Thread.java:679)
Caused by: /home/antonio/Documents/sodmt/workspace-metamodels/es.uca.modeling.eol.tests/eunit.xml:17: Internal error: java.lang.IllegalArgumentException: Could not locate a metamodel with the URI 'www.uca.es/modeling/serviceProcess'. Please ensure that this metamodel has been registered with Epsilon.
	at org.eclipse.epsilon.emc.emf.EmfModel.determinePackagesFrom[EmfModel.java:266]
	at org.eclipse.epsilon.emc.emf.EmfModel.loadModelFromUri[EmfModel.java:214]
	at org.eclipse.epsilon.emc.emf.EmfModel.loadModel[EmfModel.java:161]
	at org.eclipse.epsilon.eol.models.CachedModel.load[CachedModel.java:147]
	at org.eclipse.epsilon.emc.emf.EmfModel.load[EmfModel.java:127]
	at org.eclipse.epsilon.workflow.tasks.emf.LoadEmfModel.executeImpl[LoadEmfModel.java:67]
	at org.eclipse.epsilon.workflow.tasks.EpsilonTask.execute[EpsilonTask.java:40]
	at org.apache.tools.ant.UnknownElement.execute[UnknownElement.java:291]
	at sun.reflect.GeneratedMethodAccessor101.invoke[Unknown Source]
	at sun.reflect.DelegatingMethodAccessorImpl.invoke[DelegatingMethodAccessorImpl.java:43]
	at java.lang.reflect.Method.invoke[Method.java:616]
	at org.apache.tools.ant.dispatch.DispatchUtils.execute[DispatchUtils.java:106]
	at org.apache.tools.ant.Task.perform[Task.java:348]
	at org.apache.tools.ant.taskdefs.Sequential.execute[Sequential.java:68]
	at org.apache.tools.ant.UnknownElement.execute[UnknownElement.java:291]
	at sun.reflect.GeneratedMethodAccessor101.invoke[Unknown Source]
	at sun.reflect.DelegatingMethodAccessorImpl.invoke[DelegatingMethodAccessorImpl.java:43]
	at java.lang.reflect.Method.invoke[Method.java:616]
	at org.apache.tools.ant.dispatch.DispatchUtils.execute[DispatchUtils.java:106]
	at org.apache.tools.ant.Task.perform[Task.java:348]
	at org.apache.tools.ant.taskdefs.MacroInstance.execute[MacroInstance.java:398]
	at org.apache.tools.ant.UnknownElement.execute[UnknownElement.java:291]
	at sun.reflect.GeneratedMethodAccessor101.invoke[Unknown Source]
	at sun.reflect.DelegatingMethodAccessorImpl.invoke[DelegatingMethodAccessorImpl.java:43]
	at java.lang.reflect.Method.invoke[Method.java:616]
	at org.apache.tools.ant.dispatch.DispatchUtils.execute[DispatchUtils.java:106]
	at org.apache.tools.ant.Task.perform[Task.java:348]
	at org.eclipse.epsilon.workflow.tasks.EUnitTask$TaskCollection.run[EUnitTask.java:69]
	at org.eclipse.epsilon.workflow.tasks.EUnitTask.beforeCase[EUnitTask.java:218]
	at org.eclipse.epsilon.eunit.EUnitModule.fireBeforeCase[EUnitModule.java:507]
	at org.eclipse.epsilon.eunit.EUnitModule.runSuiteInternal[EUnitModule.java:318]
	at org.eclipse.epsilon.eunit.EUnitModule.runSuite[EUnitModule.java:164]
	at org.eclipse.epsilon.eunit.EUnitModule.runInnerTestCase[EUnitModule.java:361]
	at org.eclipse.epsilon.eunit.EUnitModule.runSuiteInternal[EUnitModule.java:339]
	at org.eclipse.epsilon.eunit.EUnitModule.runSuite[EUnitModule.java:164]
	at org.eclipse.epsilon.eunit.EUnitModule.runInnerTestCase[EUnitModule.java:361]
	at org.eclipse.epsilon.eunit.EUnitModule.runSuiteInternal[EUnitModule.java:339]
	at org.eclipse.epsilon.eunit.EUnitModule.runSuite[EUnitModule.java:164]
	at org.eclipse.epsilon.eunit.EUnitModule.execute[EUnitModule.java:136]
	at org.eclipse.epsilon.workflow.tasks.ExecutableModuleTask.executeImpl[ExecutableModuleTask.java:193]
	at org.eclipse.epsilon.workflow.tasks.EpsilonTask.execute[EpsilonTask.java:40]
	at org.apache.tools.ant.UnknownElement.execute[UnknownElement.java:291]
	at sun.reflect.NativeMethodAccessorImpl.invoke0[Native Method]
	at sun.reflect.NativeMethodAccessorImpl.invoke[NativeMethodAccessorImpl.java:57]
	at sun.reflect.DelegatingMethodAccessorImpl.invoke[DelegatingMethodAccessorImpl.java:43]
	at java.lang.reflect.Method.invoke[Method.java:616]
	at org.apache.tools.ant.dispatch.DispatchUtils.execute[DispatchUtils.java:106]
	at org.apache.tools.ant.Task.perform[Task.java:348]
	at org.apache.tools.ant.Target.execute[Target.java:392]
	at org.apache.tools.ant.Target.performTasks[Target.java:413]
	at org.apache.tools.ant.Project.executeSortedTargets[Project.java:1399]
	at org.apache.tools.ant.Project.executeTarget[Project.java:1368]
	at org.apache.tools.ant.helper.DefaultExecutor.executeTargets[DefaultExecutor.java:41]
	at org.eclipse.ant.internal.core.ant.EclipseDefaultExecutor.executeTargets[EclipseDefaultExecutor.java:32]
	at org.apache.tools.ant.Project.executeTargets[Project.java:1251]
	at org.eclipse.ant.internal.core.ant.InternalAntRunner.run[InternalAntRunner.java:672]
	at org.eclipse.ant.internal.core.ant.InternalAntRunner.run[InternalAntRunner.java:498]
	at sun.reflect.NativeMethodAccessorImpl.invoke0[Native Method]
	at sun.reflect.NativeMethodAccessorImpl.invoke[NativeMethodAccessorImpl.java:57]
	at sun.reflect.DelegatingMethodAccessorImpl.invoke[DelegatingMethodAccessorImpl.java:43]
	at java.lang.reflect.Method.invoke[Method.java:616]
	at org.eclipse.ant.core.AntRunner.run[AntRunner.java:378]
	at org.eclipse.ant.internal.launching.launchConfigurations.AntLaunchDelegate$1.run[AntLaunchDelegate.java:298]
	at java.lang.Thread.run[Thread.java:679]

	at org.eclipse.epsilon.workflow.tasks.emf.LoadEmfModel.executeImpl(LoadEmfModel.java:71)
	at org.eclipse.epsilon.workflow.tasks.EpsilonTask.execute(EpsilonTask.java:40)
	at org.apache.tools.ant.UnknownElement.execute(UnknownElement.java:291)
	at sun.reflect.GeneratedMethodAccessor101.invoke(Unknown Source)
	at sun.reflect.DelegatingMethodAccessorImpl.invoke(DelegatingMethodAccessorImpl.java:43)
	at java.lang.reflect.Method.invoke(Method.java:616)
	at org.apache.tools.ant.dispatch.DispatchUtils.execute(DispatchUtils.java:106)
	at org.apache.tools.ant.Task.perform(Task.java:348)
	at org.apache.tools.ant.taskdefs.Sequential.execute(Sequential.java:68)
	at org.apache.tools.ant.UnknownElement.execute(UnknownElement.java:291)
	at sun.reflect.GeneratedMethodAccessor101.invoke(Unknown Source)
	at sun.reflect.DelegatingMethodAccessorImpl.invoke(DelegatingMethodAccessorImpl.java:43)
	at java.lang.reflect.Method.invoke(Method.java:616)
	at org.apache.tools.ant.dispatch.DispatchUtils.execute(DispatchUtils.java:106)
	at org.apache.tools.ant.Task.perform(Task.java:348)
	at org.apache.tools.ant.taskdefs.MacroInstance.execute(MacroInstance.java:398)
	... 43 more
Caused by: Internal error: java.lang.IllegalArgumentException: Could not locate a metamodel with the URI 'www.uca.es/modeling/serviceProcess'. Please ensure that this metamodel has been registered with Epsilon.
	at org.eclipse.epsilon.emc.emf.EmfModel.determinePackagesFrom[EmfModel.java:266]
	at org.eclipse.epsilon.emc.emf.EmfModel.loadModelFromUri[EmfModel.java:214]
	at org.eclipse.epsilon.emc.emf.EmfModel.loadModel[EmfModel.java:161]
	at org.eclipse.epsilon.eol.models.CachedModel.load[CachedModel.java:147]
	at org.eclipse.epsilon.emc.emf.EmfModel.load[EmfModel.java:127]
	at org.eclipse.epsilon.workflow.tasks.emf.LoadEmfModel.executeImpl[LoadEmfModel.java:67]
	at org.eclipse.epsilon.workflow.tasks.EpsilonTask.execute[EpsilonTask.java:40]
	at org.apache.tools.ant.UnknownElement.execute[UnknownElement.java:291]
	at sun.reflect.GeneratedMethodAccessor101.invoke[Unknown Source]
	at sun.reflect.DelegatingMethodAccessorImpl.invoke[DelegatingMethodAccessorImpl.java:43]
	at java.lang.reflect.Method.invoke[Method.java:616]
	at org.apache.tools.ant.dispatch.DispatchUtils.execute[DispatchUtils.java:106]
	at org.apache.tools.ant.Task.perform[Task.java:348]
	at org.apache.tools.ant.taskdefs.Sequential.execute[Sequential.java:68]
	at org.apache.tools.ant.UnknownElement.execute[UnknownElement.java:291]
	at sun.reflect.GeneratedMethodAccessor101.invoke[Unknown Source]
	at sun.reflect.DelegatingMethodAccessorImpl.invoke[DelegatingMethodAccessorImpl.java:43]
	at java.lang.reflect.Method.invoke[Method.java:616]
	at org.apache.tools.ant.dispatch.DispatchUtils.execute[DispatchUtils.java:106]
	at org.apache.tools.ant.Task.perform[Task.java:348]
	at org.apache.tools.ant.taskdefs.MacroInstance.execute[MacroInstance.java:398]
	at org.apache.tools.ant.UnknownElement.execute[UnknownElement.java:291]
	at sun.reflect.GeneratedMethodAccessor101.invoke[Unknown Source]
	at sun.reflect.DelegatingMethodAccessorImpl.invoke[DelegatingMethodAccessorImpl.java:43]
	at java.lang.reflect.Method.invoke[Method.java:616]
	at org.apache.tools.ant.dispatch.DispatchUtils.execute[DispatchUtils.java:106]
	at org.apache.tools.ant.Task.perform[Task.java:348]
	at org.eclipse.epsilon.workflow.tasks.EUnitTask$TaskCollection.run[EUnitTask.java:69]
	at org.eclipse.epsilon.workflow.tasks.EUnitTask.beforeCase[EUnitTask.java:218]
	at org.eclipse.epsilon.eunit.EUnitModule.fireBeforeCase[EUnitModule.java:507]
	at org.eclipse.epsilon.eunit.EUnitModule.runSuiteInternal[EUnitModule.java:318]
	at org.eclipse.epsilon.eunit.EUnitModule.runSuite[EUnitModule.java:164]
	at org.eclipse.epsilon.eunit.EUnitModule.runInnerTestCase[EUnitModule.java:361]
	at org.eclipse.epsilon.eunit.EUnitModule.runSuiteInternal[EUnitModule.java:339]
	at org.eclipse.epsilon.eunit.EUnitModule.runSuite[EUnitModule.java:164]
	at org.eclipse.epsilon.eunit.EUnitModule.runInnerTestCase[EUnitModule.java:361]
	at org.eclipse.epsilon.eunit.EUnitModule.runSuiteInternal[EUnitModule.java:339]
	at org.eclipse.epsilon.eunit.EUnitModule.runSuite[EUnitModule.java:164]
	at org.eclipse.epsilon.eunit.EUnitModule.execute[EUnitModule.java:136]
	at org.eclipse.epsilon.workflow.tasks.ExecutableModuleTask.executeImpl[ExecutableModuleTask.java:193]
	at org.eclipse.epsilon.workflow.tasks.EpsilonTask.execute[EpsilonTask.java:40]
	at org.apache.tools.ant.UnknownElement.execute[UnknownElement.java:291]
	at sun.reflect.NativeMethodAccessorImpl.invoke0[Native Method]
	at sun.reflect.NativeMethodAccessorImpl.invoke[NativeMethodAccessorImpl.java:57]
	at sun.reflect.DelegatingMethodAccessorImpl.invoke[DelegatingMethodAccessorImpl.java:43]
	at java.lang.reflect.Method.invoke[Method.java:616]
	at org.apache.tools.ant.dispatch.DispatchUtils.execute[DispatchUtils.java:106]
	at org.apache.tools.ant.Task.perform[Task.java:348]
	at org.apache.tools.ant.Target.execute[Target.java:392]
	at org.apache.tools.ant.Target.performTasks[Target.java:413]
	at org.apache.tools.ant.Project.executeSortedTargets[Project.java:1399]
	at org.apache.tools.ant.Project.executeTarget[Project.java:1368]
	at org.apache.tools.ant.helper.DefaultExecutor.executeTargets[DefaultExecutor.java:41]
	at org.eclipse.ant.internal.core.ant.EclipseDefaultExecutor.executeTargets[EclipseDefaultExecutor.java:32]
	at org.apache.tools.ant.Project.executeTargets[Project.java:1251]
	at org.eclipse.ant.internal.core.ant.InternalAntRunner.run[InternalAntRunner.java:672]
	at org.eclipse.ant.internal.core.ant.InternalAntRunner.run[InternalAntRunner.java:498]
	at sun.reflect.NativeMethodAccessorImpl.invoke0[Native Method]
	at sun.reflect.NativeMethodAccessorImpl.invoke[NativeMethodAccessorImpl.java:57]
	at sun.reflect.DelegatingMethodAccessorImpl.invoke[DelegatingMethodAccessorImpl.java:43]
	at java.lang.reflect.Method.invoke[Method.java:616]
	at org.eclipse.ant.core.AntRunner.run[AntRunner.java:378]
	at org.eclipse.ant.internal.launching.launchConfigurations.AntLaunchDelegate$1.run[AntLaunchDelegate.java:298]
	at java.lang.Thread.run[Thread.java:679]

	at org.eclipse.epsilon.emc.emf.EmfModel.determinePackagesFrom(EmfModel.java:266)
	at org.eclipse.epsilon.emc.emf.EmfModel.loadModelFromUri(EmfModel.java:214)
	at org.eclipse.epsilon.emc.emf.EmfModel.loadModel(EmfModel.java:161)
	at org.eclipse.epsilon.eol.models.CachedModel.load(CachedModel.java:147)
	at org.eclipse.epsilon.emc.emf.EmfModel.load(EmfModel.java:127)
	at org.eclipse.epsilon.workflow.tasks.emf.LoadEmfModel.executeImpl(LoadEmfModel.java:67)
	... 58 more
Caused by: java.lang.IllegalArgumentException: Could not locate a metamodel with the URI 'www.uca.es/modeling/serviceProcess'. Please ensure that this metamodel has been registered with Epsilon.
	... 64 more
</error></testcase><testcase classname="sodmt.adhoc.eol.tlimits.eunit" name="notEnoughTime" time="0.00400000"><error message="The following error occurred while executing this line:&#10;/home/antonio/Documents/sodmt/workspace-metamodels/es.uca.modeling.eol.tests/eunit.xml:17: Internal error: java.lang.IllegalArgumentException: Could not locate a metamodel with the URI 'www.uca.es/modeling/serviceProcess'. Please ensure that this metamodel has been registered with Epsilon.&#10;&#9;at org.eclipse.epsilon.emc.emf.EmfModel.determinePackagesFrom[EmfModel.java:266]&#10;&#9;at org.eclipse.epsilon.emc.emf.EmfModel.loadModelFromUri[EmfModel.java:214]&#10;&#9;at org.eclipse.epsilon.emc.emf.EmfModel.loadModel[EmfModel.java:161]&#10;&#9;at org.eclipse.epsilon.eol.models.CachedModel.load[CachedModel.java:147]&#10;&#9;at org.eclipse.epsilon.emc.emf.EmfModel.load[EmfModel.java:127]&#10;&#9;at org.eclipse.epsilon.workflow.tasks.emf.LoadEmfModel.executeImpl[LoadEmfModel.java:67]&#10;&#9;at org.eclipse.epsilon.workflow.tasks.EpsilonTask.execute[EpsilonTask.java:40]&#10;&#9;at org.apache.tools.ant.UnknownElement.execute[UnknownElement.java:291]&#10;&#9;at sun.reflect.GeneratedMethodAccessor101.invoke[Unknown Source]&#10;&#9;at sun.reflect.DelegatingMethodAccessorImpl.invoke[DelegatingMethodAccessorImpl.java:43]&#10;&#9;at java.lang.reflect.Method.invoke[Method.java:616]&#10;&#9;at org.apache.tools.ant.dispatch.DispatchUtils.execute[DispatchUtils.java:106]&#10;&#9;at org.apache.tools.ant.Task.perform[Task.java:348]&#10;&#9;at org.apache.tools.ant.taskdefs.Sequential.execute[Sequential.java:68]&#10;&#9;at org.apache.tools.ant.UnknownElement.execute[UnknownElement.java:291]&#10;&#9;at sun.reflect.GeneratedMethodAccessor101.invoke[Unknown Source]&#10;&#9;at sun.reflect.DelegatingMethodAccessorImpl.invoke[DelegatingMethodAccessorImpl.java:43]&#10;&#9;at java.lang.reflect.Method.invoke[Method.java:616]&#10;&#9;at org.apache.tools.ant.dispatch.DispatchUtils.execute[DispatchUtils.java:106]&#10;&#9;at org.apache.tools.ant.Task.perform[Task.java:348]&#10;&#9;at org.apache.tools.ant.taskdefs.MacroInstance.execute[MacroInstance.java:398]&#10;&#9;at org.apache.tools.ant.UnknownElement.execute[UnknownElement.java:291]&#10;&#9;at sun.reflect.GeneratedMethodAccessor101.invoke[Unknown Source]&#10;&#9;at sun.reflect.DelegatingMethodAccessorImpl.invoke[DelegatingMethodAccessorImpl.java:43]&#10;&#9;at java.lang.reflect.Method.invoke[Method.java:616]&#10;&#9;at org.apache.tools.ant.dispatch.DispatchUtils.execute[DispatchUtils.java:106]&#10;&#9;at org.apache.tools.ant.Task.perform[Task.java:348]&#10;&#9;at org.eclipse.epsilon.workflow.tasks.EUnitTask$TaskCollection.run[EUnitTask.java:69]&#10;&#9;at org.eclipse.epsilon.workflow.tasks.EUnitTask.beforeCase[EUnitTask.java:218]&#10;&#9;at org.eclipse.epsilon.eunit.EUnitModule.fireBeforeCase[EUnitModule.java:507]&#10;&#9;at org.eclipse.epsilon.eunit.EUnitModule.runSuiteInternal[EUnitModule.java:318]&#10;&#9;at org.eclipse.epsilon.eunit.EUnitModule.runSuite[EUnitModule.java:164]&#10;&#9;at org.eclipse.epsilon.eunit.EUnitModule.runInnerTestCase[EUnitModule.java:361]&#10;&#9;at org.eclipse.epsilon.eunit.EUnitModule.runSuiteInternal[EUnitModule.java:339]&#10;&#9;at org.eclipse.epsilon.eunit.EUnitModule.runSuite[EUnitModule.java:164]&#10;&#9;at org.eclipse.epsilon.eunit.EUnitModule.execute[EUnitModule.java:136]&#10;&#9;at org.eclipse.epsilon.workflow.tasks.ExecutableModuleTask.executeImpl[ExecutableModuleTask.java:193]&#10;&#9;at org.eclipse.epsilon.workflow.tasks.EpsilonTask.execute[EpsilonTask.java:40]&#10;&#9;at org.apache.tools.ant.UnknownElement.execute[UnknownElement.java:291]&#10;&#9;at sun.reflect.NativeMethodAccessorImpl.invoke0[Native Method]&#10;&#9;at sun.reflect.NativeMethodAccessorImpl.invoke[NativeMethodAccessorImpl.java:57]&#10;&#9;at sun.reflect.DelegatingMethodAccessorImpl.invoke[DelegatingMethodAccessorImpl.java:43]&#10;&#9;at java.lang.reflect.Method.invoke[Method.java:616]&#10;&#9;at org.apache.tools.ant.dispatch.DispatchUtils.execute[DispatchUtils.java:106]&#10;&#9;at org.apache.tools.ant.Task.perform[Task.java:348]&#10;&#9;at org.apache.tools.ant.Target.execute[Target.java:392]&#10;&#9;at org.apache.tools.ant.Target.performTasks[Target.java:413]&#10;&#9;at org.apache.tools.ant.Project.executeSortedTargets[Project.java:1399]&#10;&#9;at org.apache.tools.ant.Project.executeTarget[Project.java:1368]&#10;&#9;at org.apache.tools.ant.helper.DefaultExecutor.executeTargets[DefaultExecutor.java:41]&#10;&#9;at org.eclipse.ant.internal.core.ant.EclipseDefaultExecutor.executeTargets[EclipseDefaultExecutor.java:32]&#10;&#9;at org.apache.tools.ant.Project.executeTargets[Project.java:1251]&#10;&#9;at org.eclipse.ant.internal.core.ant.InternalAntRunner.run[InternalAntRunner.java:672]&#10;&#9;at org.eclipse.ant.internal.core.ant.InternalAntRunner.run[InternalAntRunner.java:498]&#10;&#9;at sun.reflect.NativeMethodAccessorImpl.invoke0[Native Method]&#10;&#9;at sun.reflect.NativeMethodAccessorImpl.invoke[NativeMethodAccessorImpl.java:57]&#10;&#9;at sun.reflect.DelegatingMethodAccessorImpl.invoke[DelegatingMethodAccessorImpl.java:43]&#10;&#9;at java.lang.reflect.Method.invoke[Method.java:616]&#10;&#9;at org.eclipse.ant.core.AntRunner.run[AntRunner.java:378]&#10;&#9;at org.eclipse.ant.internal.launching.launchConfigurations.AntLaunchDelegate$1.run[AntLaunchDelegate.java:298]&#10;&#9;at java.lang.Thread.run[Thread.java:679]&#10;" type="org.apache.tools.ant.BuildException">/home/antonio/Documents/sodmt/workspace-metamodels/es.uca.modeling.eol.tests/eunit.xml:34: The following error occurred while executing this line:
/home/antonio/Documents/sodmt/workspace-metamodels/es.uca.modeling.eol.tests/eunit.xml:17: Internal error: java.lang.IllegalArgumentException: Could not locate a metamodel with the URI 'www.uca.es/modeling/serviceProcess'. Please ensure that this metamodel has been registered with Epsilon.
	at org.eclipse.epsilon.emc.emf.EmfModel.determinePackagesFrom[EmfModel.java:266]
	at org.eclipse.epsilon.emc.emf.EmfModel.loadModelFromUri[EmfModel.java:214]
	at org.eclipse.epsilon.emc.emf.EmfModel.loadModel[EmfModel.java:161]
	at org.eclipse.epsilon.eol.models.CachedModel.load[CachedModel.java:147]
	at org.eclipse.epsilon.emc.emf.EmfModel.load[EmfModel.java:127]
	at org.eclipse.epsilon.workflow.tasks.emf.LoadEmfModel.executeImpl[LoadEmfModel.java:67]
	at org.eclipse.epsilon.workflow.tasks.EpsilonTask.execute[EpsilonTask.java:40]
	at org.apache.tools.ant.UnknownElement.execute[UnknownElement.java:291]
	at sun.reflect.GeneratedMethodAccessor101.invoke[Unknown Source]
	at sun.reflect.DelegatingMethodAccessorImpl.invoke[DelegatingMethodAccessorImpl.java:43]
	at java.lang.reflect.Method.invoke[Method.java:616]
	at org.apache.tools.ant.dispatch.DispatchUtils.execute[DispatchUtils.java:106]
	at org.apache.tools.ant.Task.perform[Task.java:348]
	at org.apache.tools.ant.taskdefs.Sequential.execute[Sequential.java:68]
	at org.apache.tools.ant.UnknownElement.execute[UnknownElement.java:291]
	at sun.reflect.GeneratedMethodAccessor101.invoke[Unknown Source]
	at sun.reflect.DelegatingMethodAccessorImpl.invoke[DelegatingMethodAccessorImpl.java:43]
	at java.lang.reflect.Method.invoke[Method.java:616]
	at org.apache.tools.ant.dispatch.DispatchUtils.execute[DispatchUtils.java:106]
	at org.apache.tools.ant.Task.perform[Task.java:348]
	at org.apache.tools.ant.taskdefs.MacroInstance.execute[MacroInstance.java:398]
	at org.apache.tools.ant.UnknownElement.execute[UnknownElement.java:291]
	at sun.reflect.GeneratedMethodAccessor101.invoke[Unknown Source]
	at sun.reflect.DelegatingMethodAccessorImpl.invoke[DelegatingMethodAccessorImpl.java:43]
	at java.lang.reflect.Method.invoke[Method.java:616]
	at org.apache.tools.ant.dispatch.DispatchUtils.execute[DispatchUtils.java:106]
	at org.apache.tools.ant.Task.perform[Task.java:348]
	at org.eclipse.epsilon.workflow.tasks.EUnitTask$TaskCollection.run[EUnitTask.java:69]
	at org.eclipse.epsilon.workflow.tasks.EUnitTask.beforeCase[EUnitTask.java:218]
	at org.eclipse.epsilon.eunit.EUnitModule.fireBeforeCase[EUnitModule.java:507]
	at org.eclipse.epsilon.eunit.EUnitModule.runSuiteInternal[EUnitModule.java:318]
	at org.eclipse.epsilon.eunit.EUnitModule.runSuite[EUnitModule.java:164]
	at org.eclipse.epsilon.eunit.EUnitModule.runInnerTestCase[EUnitModule.java:361]
	at org.eclipse.epsilon.eunit.EUnitModule.runSuiteInternal[EUnitModule.java:339]
	at org.eclipse.epsilon.eunit.EUnitModule.runSuite[EUnitModule.java:164]
	at org.eclipse.epsilon.eunit.EUnitModule.execute[EUnitModule.java:136]
	at org.eclipse.epsilon.workflow.tasks.ExecutableModuleTask.executeImpl[ExecutableModuleTask.java:193]
	at org.eclipse.epsilon.workflow.tasks.EpsilonTask.execute[EpsilonTask.java:40]
	at org.apache.tools.ant.UnknownElement.execute[UnknownElement.java:291]
	at sun.reflect.NativeMethodAccessorImpl.invoke0[Native Method]
	at sun.reflect.NativeMethodAccessorImpl.invoke[NativeMethodAccessorImpl.java:57]
	at sun.reflect.DelegatingMethodAccessorImpl.invoke[DelegatingMethodAccessorImpl.java:43]
	at java.lang.reflect.Method.invoke[Method.java:616]
	at org.apache.tools.ant.dispatch.DispatchUtils.execute[DispatchUtils.java:106]
	at org.apache.tools.ant.Task.perform[Task.java:348]
	at org.apache.tools.ant.Target.execute[Target.java:392]
	at org.apache.tools.ant.Target.performTasks[Target.java:413]
	at org.apache.tools.ant.Project.executeSortedTargets[Project.java:1399]
	at org.apache.tools.ant.Project.executeTarget[Project.java:1368]
	at org.apache.tools.ant.helper.DefaultExecutor.executeTargets[DefaultExecutor.java:41]
	at org.eclipse.ant.internal.core.ant.EclipseDefaultExecutor.executeTargets[EclipseDefaultExecutor.java:32]
	at org.apache.tools.ant.Project.executeTargets[Project.java:1251]
	at org.eclipse.ant.internal.core.ant.InternalAntRunner.run[InternalAntRunner.java:672]
	at org.eclipse.ant.internal.core.ant.InternalAntRunner.run[InternalAntRunner.java:498]
	at sun.reflect.NativeMethodAccessorImpl.invoke0[Native Method]
	at sun.reflect.NativeMethodAccessorImpl.invoke[NativeMethodAccessorImpl.java:57]
	at sun.reflect.DelegatingMethodAccessorImpl.invoke[DelegatingMethodAccessorImpl.java:43]
	at java.lang.reflect.Method.invoke[Method.java:616]
	at org.eclipse.ant.core.AntRunner.run[AntRunner.java:378]
	at org.eclipse.ant.internal.launching.launchConfigurations.AntLaunchDelegate$1.run[AntLaunchDelegate.java:298]
	at java.lang.Thread.run[Thread.java:679]

	at org.apache.tools.ant.ProjectHelper.addLocationToBuildException(ProjectHelper.java:551)
	at org.apache.tools.ant.taskdefs.MacroInstance.execute(MacroInstance.java:401)
	at org.apache.tools.ant.UnknownElement.execute(UnknownElement.java:291)
	at sun.reflect.GeneratedMethodAccessor101.invoke(Unknown Source)
	at sun.reflect.DelegatingMethodAccessorImpl.invoke(DelegatingMethodAccessorImpl.java:43)
	at java.lang.reflect.Method.invoke(Method.java:616)
	at org.apache.tools.ant.dispatch.DispatchUtils.execute(DispatchUtils.java:106)
	at org.apache.tools.ant.Task.perform(Task.java:348)
	at org.eclipse.epsilon.workflow.tasks.EUnitTask$TaskCollection.run(EUnitTask.java:69)
	at org.eclipse.epsilon.workflow.tasks.EUnitTask.beforeCase(EUnitTask.java:218)
	at org.eclipse.epsilon.eunit.EUnitModule.fireBeforeCase(EUnitModule.java:507)
	at org.eclipse.epsilon.eunit.EUnitModule.runSuiteInternal(EUnitModule.java:318)
	at org.eclipse.epsilon.eunit.EUnitModule.runSuite(EUnitModule.java:164)
	at org.eclipse.epsilon.eunit.EUnitModule.runInnerTestCase(EUnitModule.java:361)
	at org.eclipse.epsilon.eunit.EUnitModule.runSuiteInternal(EUnitModule.java:339)
	at org.eclipse.epsilon.eunit.EUnitModule.runSuite(EUnitModule.java:164)
	at org.eclipse.epsilon.eunit.EUnitModule.execute(EUnitModule.java:136)
	at org.eclipse.epsilon.workflow.tasks.ExecutableModuleTask.executeImpl(ExecutableModuleTask.java:193)
	at org.eclipse.epsilon.workflow.tasks.EpsilonTask.execute(EpsilonTask.java:40)
	at org.apache.tools.ant.UnknownElement.execute(UnknownElement.java:291)
	at sun.reflect.NativeMethodAccessorImpl.invoke0(Native Method)
	at sun.reflect.NativeMethodAccessorImpl.invoke(NativeMethodAccessorImpl.java:57)
	at sun.reflect.DelegatingMethodAccessorImpl.invoke(DelegatingMethodAccessorImpl.java:43)
	at java.lang.reflect.Method.invoke(Method.java:616)
	at org.apache.tools.ant.dispatch.DispatchUtils.execute(DispatchUtils.java:106)
	at org.apache.tools.ant.Task.perform(Task.java:348)
	at org.apache.tools.ant.Target.execute(Target.java:392)
	at org.apache.tools.ant.Target.performTasks(Target.java:413)
	at org.apache.tools.ant.Project.executeSortedTargets(Project.java:1399)
	at org.apache.tools.ant.Project.executeTarget(Project.java:1368)
	at org.apache.tools.ant.helper.DefaultExecutor.executeTargets(DefaultExecutor.java:41)
	at org.eclipse.ant.internal.core.ant.EclipseDefaultExecutor.executeTargets(EclipseDefaultExecutor.java:32)
	at org.apache.tools.ant.Project.executeTargets(Project.java:1251)
	at org.eclipse.ant.internal.core.ant.InternalAntRunner.run(InternalAntRunner.java:672)
	at org.eclipse.ant.internal.core.ant.InternalAntRunner.run(InternalAntRunner.java:498)
	at sun.reflect.NativeMethodAccessorImpl.invoke0(Native Method)
	at sun.reflect.NativeMethodAccessorImpl.invoke(NativeMethodAccessorImpl.java:57)
	at sun.reflect.DelegatingMethodAccessorImpl.invoke(DelegatingMethodAccessorImpl.java:43)
	at java.lang.reflect.Method.invoke(Method.java:616)
	at org.eclipse.ant.core.AntRunner.run(AntRunner.java:378)
	at org.eclipse.ant.internal.launching.launchConfigurations.AntLaunchDelegate$1.run(AntLaunchDelegate.java:298)
	at java.lang.Thread.run(Thread.java:679)
Caused by: /home/antonio/Documents/sodmt/workspace-metamodels/es.uca.modeling.eol.tests/eunit.xml:17: Internal error: java.lang.IllegalArgumentException: Could not locate a metamodel with the URI 'www.uca.es/modeling/serviceProcess'. Please ensure that this metamodel has been registered with Epsilon.
	at org.eclipse.epsilon.emc.emf.EmfModel.determinePackagesFrom[EmfModel.java:266]
	at org.eclipse.epsilon.emc.emf.EmfModel.loadModelFromUri[EmfModel.java:214]
	at org.eclipse.epsilon.emc.emf.EmfModel.loadModel[EmfModel.java:161]
	at org.eclipse.epsilon.eol.models.CachedModel.load[CachedModel.java:147]
	at org.eclipse.epsilon.emc.emf.EmfModel.load[EmfModel.java:127]
	at org.eclipse.epsilon.workflow.tasks.emf.LoadEmfModel.executeImpl[LoadEmfModel.java:67]
	at org.eclipse.epsilon.workflow.tasks.EpsilonTask.execute[EpsilonTask.java:40]
	at org.apache.tools.ant.UnknownElement.execute[UnknownElement.java:291]
	at sun.reflect.GeneratedMethodAccessor101.invoke[Unknown Source]
	at sun.reflect.DelegatingMethodAccessorImpl.invoke[DelegatingMethodAccessorImpl.java:43]
	at java.lang.reflect.Method.invoke[Method.java:616]
	at org.apache.tools.ant.dispatch.DispatchUtils.execute[DispatchUtils.java:106]
	at org.apache.tools.ant.Task.perform[Task.java:348]
	at org.apache.tools.ant.taskdefs.Sequential.execute[Sequential.java:68]
	at org.apache.tools.ant.UnknownElement.execute[UnknownElement.java:291]
	at sun.reflect.GeneratedMethodAccessor101.invoke[Unknown Source]
	at sun.reflect.DelegatingMethodAccessorImpl.invoke[DelegatingMethodAccessorImpl.java:43]
	at java.lang.reflect.Method.invoke[Method.java:616]
	at org.apache.tools.ant.dispatch.DispatchUtils.execute[DispatchUtils.java:106]
	at org.apache.tools.ant.Task.perform[Task.java:348]
	at org.apache.tools.ant.taskdefs.MacroInstance.execute[MacroInstance.java:398]
	at org.apache.tools.ant.UnknownElement.execute[UnknownElement.java:291]
	at sun.reflect.GeneratedMethodAccessor101.invoke[Unknown Source]
	at sun.reflect.DelegatingMethodAccessorImpl.invoke[DelegatingMethodAccessorImpl.java:43]
	at java.lang.reflect.Method.invoke[Method.java:616]
	at org.apache.tools.ant.dispatch.DispatchUtils.execute[DispatchUtils.java:106]
	at org.apache.tools.ant.Task.perform[Task.java:348]
	at org.eclipse.epsilon.workflow.tasks.EUnitTask$TaskCollection.run[EUnitTask.java:69]
	at org.eclipse.epsilon.workflow.tasks.EUnitTask.beforeCase[EUnitTask.java:218]
	at org.eclipse.epsilon.eunit.EUnitModule.fireBeforeCase[EUnitModule.java:507]
	at org.eclipse.epsilon.eunit.EUnitModule.runSuiteInternal[EUnitModule.java:318]
	at org.eclipse.epsilon.eunit.EUnitModule.runSuite[EUnitModule.java:164]
	at org.eclipse.epsilon.eunit.EUnitModule.runInnerTestCase[EUnitModule.java:361]
	at org.eclipse.epsilon.eunit.EUnitModule.runSuiteInternal[EUnitModule.java:339]
	at org.eclipse.epsilon.eunit.EUnitModule.runSuite[EUnitModule.java:164]
	at org.eclipse.epsilon.eunit.EUnitModule.execute[EUnitModule.java:136]
	at org.eclipse.epsilon.workflow.tasks.ExecutableModuleTask.executeImpl[ExecutableModuleTask.java:193]
	at org.eclipse.epsilon.workflow.tasks.EpsilonTask.execute[EpsilonTask.java:40]
	at org.apache.tools.ant.UnknownElement.execute[UnknownElement.java:291]
	at sun.reflect.NativeMethodAccessorImpl.invoke0[Native Method]
	at sun.reflect.NativeMethodAccessorImpl.invoke[NativeMethodAccessorImpl.java:57]
	at sun.reflect.DelegatingMethodAccessorImpl.invoke[DelegatingMethodAccessorImpl.java:43]
	at java.lang.reflect.Method.invoke[Method.java:616]
	at org.apache.tools.ant.dispatch.DispatchUtils.execute[DispatchUtils.java:106]
	at org.apache.tools.ant.Task.perform[Task.java:348]
	at org.apache.tools.ant.Target.execute[Target.java:392]
	at org.apache.tools.ant.Target.performTasks[Target.java:413]
	at org.apache.tools.ant.Project.executeSortedTargets[Project.java:1399]
	at org.apache.tools.ant.Project.executeTarget[Project.java:1368]
	at org.apache.tools.ant.helper.DefaultExecutor.executeTargets[DefaultExecutor.java:41]
	at org.eclipse.ant.internal.core.ant.EclipseDefaultExecutor.executeTargets[EclipseDefaultExecutor.java:32]
	at org.apache.tools.ant.Project.executeTargets[Project.java:1251]
	at org.eclipse.ant.internal.core.ant.InternalAntRunner.run[InternalAntRunner.java:672]
	at org.eclipse.ant.internal.core.ant.InternalAntRunner.run[InternalAntRunner.java:498]
	at sun.reflect.NativeMethodAccessorImpl.invoke0[Native Method]
	at sun.reflect.NativeMethodAccessorImpl.invoke[NativeMethodAccessorImpl.java:57]
	at sun.reflect.DelegatingMethodAccessorImpl.invoke[DelegatingMethodAccessorImpl.java:43]
	at java.lang.reflect.Method.invoke[Method.java:616]
	at org.eclipse.ant.core.AntRunner.run[AntRunner.java:378]
	at org.eclipse.ant.internal.launching.launchConfigurations.AntLaunchDelegate$1.run[AntLaunchDelegate.java:298]
	at java.lang.Thread.run[Thread.java:679]

	at org.eclipse.epsilon.workflow.tasks.emf.LoadEmfModel.executeImpl(LoadEmfModel.java:71)
	at org.eclipse.epsilon.workflow.tasks.EpsilonTask.execute(EpsilonTask.java:40)
	at org.apache.tools.ant.UnknownElement.execute(UnknownElement.java:291)
	at sun.reflect.GeneratedMethodAccessor101.invoke(Unknown Source)
	at sun.reflect.DelegatingMethodAccessorImpl.invoke(DelegatingMethodAccessorImpl.java:43)
	at java.lang.reflect.Method.invoke(Method.java:616)
	at org.apache.tools.ant.dispatch.DispatchUtils.execute(DispatchUtils.java:106)
	at org.apache.tools.ant.Task.perform(Task.java:348)
	at org.apache.tools.ant.taskdefs.Sequential.execute(Sequential.java:68)
	at org.apache.tools.ant.UnknownElement.execute(UnknownElement.java:291)
	at sun.reflect.GeneratedMethodAccessor101.invoke(Unknown Source)
	at sun.reflect.DelegatingMethodAccessorImpl.invoke(DelegatingMethodAccessorImpl.java:43)
	at java.lang.reflect.Method.invoke(Method.java:616)
	at org.apache.tools.ant.dispatch.DispatchUtils.execute(DispatchUtils.java:106)
	at org.apache.tools.ant.Task.perform(Task.java:348)
	at org.apache.tools.ant.taskdefs.MacroInstance.execute(MacroInstance.java:398)
	... 40 more
Caused by: Internal error: java.lang.IllegalArgumentException: Could not locate a metamodel with the URI 'www.uca.es/modeling/serviceProcess'. Please ensure that this metamodel has been registered with Epsilon.
	at org.eclipse.epsilon.emc.emf.EmfModel.determinePackagesFrom[EmfModel.java:266]
	at org.eclipse.epsilon.emc.emf.EmfModel.loadModelFromUri[EmfModel.java:214]
	at org.eclipse.epsilon.emc.emf.EmfModel.loadModel[EmfModel.java:161]
	at org.eclipse.epsilon.eol.models.CachedModel.load[CachedModel.java:147]
	at org.eclipse.epsilon.emc.emf.EmfModel.load[EmfModel.java:127]
	at org.eclipse.epsilon.workflow.tasks.emf.LoadEmfModel.executeImpl[LoadEmfModel.java:67]
	at org.eclipse.epsilon.workflow.tasks.EpsilonTask.execute[EpsilonTask.java:40]
	at org.apache.tools.ant.UnknownElement.execute[UnknownElement.java:291]
	at sun.reflect.GeneratedMethodAccessor101.invoke[Unknown Source]
	at sun.reflect.DelegatingMethodAccessorImpl.invoke[DelegatingMethodAccessorImpl.java:43]
	at java.lang.reflect.Method.invoke[Method.java:616]
	at org.apache.tools.ant.dispatch.DispatchUtils.execute[DispatchUtils.java:106]
	at org.apache.tools.ant.Task.perform[Task.java:348]
	at org.apache.tools.ant.taskdefs.Sequential.execute[Sequential.java:68]
	at org.apache.tools.ant.UnknownElement.execute[UnknownElement.java:291]
	at sun.reflect.GeneratedMethodAccessor101.invoke[Unknown Source]
	at sun.reflect.DelegatingMethodAccessorImpl.invoke[DelegatingMethodAccessorImpl.java:43]
	at java.lang.reflect.Method.invoke[Method.java:616]
	at org.apache.tools.ant.dispatch.DispatchUtils.execute[DispatchUtils.java:106]
	at org.apache.tools.ant.Task.perform[Task.java:348]
	at org.apache.tools.ant.taskdefs.MacroInstance.execute[MacroInstance.java:398]
	at org.apache.tools.ant.UnknownElement.execute[UnknownElement.java:291]
	at sun.reflect.GeneratedMethodAccessor101.invoke[Unknown Source]
	at sun.reflect.DelegatingMethodAccessorImpl.invoke[DelegatingMethodAccessorImpl.java:43]
	at java.lang.reflect.Method.invoke[Method.java:616]
	at org.apache.tools.ant.dispatch.DispatchUtils.execute[DispatchUtils.java:106]
	at org.apache.tools.ant.Task.perform[Task.java:348]
	at org.eclipse.epsilon.workflow.tasks.EUnitTask$TaskCollection.run[EUnitTask.java:69]
	at org.eclipse.epsilon.workflow.tasks.EUnitTask.beforeCase[EUnitTask.java:218]
	at org.eclipse.epsilon.eunit.EUnitModule.fireBeforeCase[EUnitModule.java:507]
	at org.eclipse.epsilon.eunit.EUnitModule.runSuiteInternal[EUnitModule.java:318]
	at org.eclipse.epsilon.eunit.EUnitModule.runSuite[EUnitModule.java:164]
	at org.eclipse.epsilon.eunit.EUnitModule.runInnerTestCase[EUnitModule.java:361]
	at org.eclipse.epsilon.eunit.EUnitModule.runSuiteInternal[EUnitModule.java:339]
	at org.eclipse.epsilon.eunit.EUnitModule.runSuite[EUnitModule.java:164]
	at org.eclipse.epsilon.eunit.EUnitModule.execute[EUnitModule.java:136]
	at org.eclipse.epsilon.workflow.tasks.ExecutableModuleTask.executeImpl[ExecutableModuleTask.java:193]
	at org.eclipse.epsilon.workflow.tasks.EpsilonTask.execute[EpsilonTask.java:40]
	at org.apache.tools.ant.UnknownElement.execute[UnknownElement.java:291]
	at sun.reflect.NativeMethodAccessorImpl.invoke0[Native Method]
	at sun.reflect.NativeMethodAccessorImpl.invoke[NativeMethodAccessorImpl.java:57]
	at sun.reflect.DelegatingMethodAccessorImpl.invoke[DelegatingMethodAccessorImpl.java:43]
	at java.lang.reflect.Method.invoke[Method.java:616]
	at org.apache.tools.ant.dispatch.DispatchUtils.execute[DispatchUtils.java:106]
	at org.apache.tools.ant.Task.perform[Task.java:348]
	at org.apache.tools.ant.Target.execute[Target.java:392]
	at org.apache.tools.ant.Target.performTasks[Target.java:413]
	at org.apache.tools.ant.Project.executeSortedTargets[Project.java:1399]
	at org.apache.tools.ant.Project.executeTarget[Project.java:1368]
	at org.apache.tools.ant.helper.DefaultExecutor.executeTargets[DefaultExecutor.java:41]
	at org.eclipse.ant.internal.core.ant.EclipseDefaultExecutor.executeTargets[EclipseDefaultExecutor.java:32]
	at org.apache.tools.ant.Project.executeTargets[Project.java:1251]
	at org.eclipse.ant.internal.core.ant.InternalAntRunner.run[InternalAntRunner.java:672]
	at org.eclipse.ant.internal.core.ant.InternalAntRunner.run[InternalAntRunner.java:498]
	at sun.reflect.NativeMethodAccessorImpl.invoke0[Native Method]
	at sun.reflect.NativeMethodAccessorImpl.invoke[NativeMethodAccessorImpl.java:57]
	at sun.reflect.DelegatingMethodAccessorImpl.invoke[DelegatingMethodAccessorImpl.java:43]
	at java.lang.reflect.Method.invoke[Method.java:616]
	at org.eclipse.ant.core.AntRunner.run[AntRunner.java:378]
	at org.eclipse.ant.internal.launching.launchConfigurations.AntLaunchDelegate$1.run[AntLaunchDelegate.java:298]
	at java.lang.Thread.run[Thread.java:679]

	at org.eclipse.epsilon.emc.emf.EmfModel.determinePackagesFrom(EmfModel.java:266)
	at org.eclipse.epsilon.emc.emf.EmfModel.loadModelFromUri(EmfModel.java:214)
	at org.eclipse.epsilon.emc.emf.EmfModel.loadModel(EmfModel.java:161)
	at org.eclipse.epsilon.eol.models.CachedModel.load(CachedModel.java:147)
	at org.eclipse.epsilon.emc.emf.EmfModel.load(EmfModel.java:127)
	at org.eclipse.epsilon.workflow.tasks.emf.LoadEmfModel.executeImpl(LoadEmfModel.java:67)
	... 55 more
Caused by: java.lang.IllegalArgumentException: Could not locate a metamodel with the URI 'www.uca.es/modeling/serviceProcess'. Please ensure that this metamodel has been registered with Epsilon.
	... 61 more
</error></testcase><testcase classname="sodmt.adhoc.eol.tlimits.eunit" name="allTimeUsed" time="0.00500000"><error message="The following error occurred while executing this line:&#10;/home/antonio/Documents/sodmt/workspace-metamodels/es.uca.modeling.eol.tests/eunit.xml:17: Internal error: java.lang.IllegalArgumentException: Could not locate a metamodel with the URI 'www.uca.es/modeling/serviceProcess'. Please ensure that this metamodel has been registered with Epsilon.&#10;&#9;at org.eclipse.epsilon.emc.emf.EmfModel.determinePackagesFrom[EmfModel.java:266]&#10;&#9;at org.eclipse.epsilon.emc.emf.EmfModel.loadModelFromUri[EmfModel.java:214]&#10;&#9;at org.eclipse.epsilon.emc.emf.EmfModel.loadModel[EmfModel.java:161]&#10;&#9;at org.eclipse.epsilon.eol.models.CachedModel.load[CachedModel.java:147]&#10;&#9;at org.eclipse.epsilon.emc.emf.EmfModel.load[EmfModel.java:127]&#10;&#9;at org.eclipse.epsilon.workflow.tasks.emf.LoadEmfModel.executeImpl[LoadEmfModel.java:67]&#10;&#9;at org.eclipse.epsilon.workflow.tasks.EpsilonTask.execute[EpsilonTask.java:40]&#10;&#9;at org.apache.tools.ant.UnknownElement.execute[UnknownElement.java:291]&#10;&#9;at sun.reflect.GeneratedMethodAccessor101.invoke[Unknown Source]&#10;&#9;at sun.reflect.DelegatingMethodAccessorImpl.invoke[DelegatingMethodAccessorImpl.java:43]&#10;&#9;at java.lang.reflect.Method.invoke[Method.java:616]&#10;&#9;at org.apache.tools.ant.dispatch.DispatchUtils.execute[DispatchUtils.java:106]&#10;&#9;at org.apache.tools.ant.Task.perform[Task.java:348]&#10;&#9;at org.apache.tools.ant.taskdefs.Sequential.execute[Sequential.java:68]&#10;&#9;at org.apache.tools.ant.UnknownElement.execute[UnknownElement.java:291]&#10;&#9;at sun.reflect.GeneratedMethodAccessor101.invoke[Unknown Source]&#10;&#9;at sun.reflect.DelegatingMethodAccessorImpl.invoke[DelegatingMethodAccessorImpl.java:43]&#10;&#9;at java.lang.reflect.Method.invoke[Method.java:616]&#10;&#9;at org.apache.tools.ant.dispatch.DispatchUtils.execute[DispatchUtils.java:106]&#10;&#9;at org.apache.tools.ant.Task.perform[Task.java:348]&#10;&#9;at org.apache.tools.ant.taskdefs.MacroInstance.execute[MacroInstance.java:398]&#10;&#9;at org.apache.tools.ant.UnknownElement.execute[UnknownElement.java:291]&#10;&#9;at sun.reflect.GeneratedMethodAccessor101.invoke[Unknown Source]&#10;&#9;at sun.reflect.DelegatingMethodAccessorImpl.invoke[DelegatingMethodAccessorImpl.java:43]&#10;&#9;at java.lang.reflect.Method.invoke[Method.java:616]&#10;&#9;at org.apache.tools.ant.dispatch.DispatchUtils.execute[DispatchUtils.java:106]&#10;&#9;at org.apache.tools.ant.Task.perform[Task.java:348]&#10;&#9;at org.eclipse.epsilon.workflow.tasks.EUnitTask$TaskCollection.run[EUnitTask.java:69]&#10;&#9;at org.eclipse.epsilon.workflow.tasks.EUnitTask.beforeCase[EUnitTask.java:218]&#10;&#9;at org.eclipse.epsilon.eunit.EUnitModule.fireBeforeCase[EUnitModule.java:507]&#10;&#9;at org.eclipse.epsilon.eunit.EUnitModule.runSuiteInternal[EUnitModule.java:318]&#10;&#9;at org.eclipse.epsilon.eunit.EUnitModule.runSuite[EUnitModule.java:164]&#10;&#9;at org.eclipse.epsilon.eunit.EUnitModule.runInnerTestCase[EUnitModule.java:361]&#10;&#9;at org.eclipse.epsilon.eunit.EUnitModule.runSuiteInternal[EUnitModule.java:339]&#10;&#9;at org.eclipse.epsilon.eunit.EUnitModule.runSuite[EUnitModule.java:164]&#10;&#9;at org.eclipse.epsilon.eunit.EUnitModule.execute[EUnitModule.java:136]&#10;&#9;at org.eclipse.epsilon.workflow.tasks.ExecutableModuleTask.executeImpl[ExecutableModuleTask.java:193]&#10;&#9;at org.eclipse.epsilon.workflow.tasks.EpsilonTask.execute[EpsilonTask.java:40]&#10;&#9;at org.apache.tools.ant.UnknownElement.execute[UnknownElement.java:291]&#10;&#9;at sun.reflect.NativeMethodAccessorImpl.invoke0[Native Method]&#10;&#9;at sun.reflect.NativeMethodAccessorImpl.invoke[NativeMethodAccessorImpl.java:57]&#10;&#9;at sun.reflect.DelegatingMethodAccessorImpl.invoke[DelegatingMethodAccessorImpl.java:43]&#10;&#9;at java.lang.reflect.Method.invoke[Method.java:616]&#10;&#9;at org.apache.tools.ant.dispatch.DispatchUtils.execute[DispatchUtils.java:106]&#10;&#9;at org.apache.tools.ant.Task.perform[Task.java:348]&#10;&#9;at org.apache.tools.ant.Target.execute[Target.java:392]&#10;&#9;at org.apache.tools.ant.Target.performTasks[Target.java:413]&#10;&#9;at org.apache.tools.ant.Project.executeSortedTargets[Project.java:1399]&#10;&#9;at org.apache.tools.ant.Project.executeTarget[Project.java:1368]&#10;&#9;at org.apache.tools.ant.helper.DefaultExecutor.executeTargets[DefaultExecutor.java:41]&#10;&#9;at org.eclipse.ant.internal.core.ant.EclipseDefaultExecutor.executeTargets[EclipseDefaultExecutor.java:32]&#10;&#9;at org.apache.tools.ant.Project.executeTargets[Project.java:1251]&#10;&#9;at org.eclipse.ant.internal.core.ant.InternalAntRunner.run[InternalAntRunner.java:672]&#10;&#9;at org.eclipse.ant.internal.core.ant.InternalAntRunner.run[InternalAntRunner.java:498]&#10;&#9;at sun.reflect.NativeMethodAccessorImpl.invoke0[Native Method]&#10;&#9;at sun.reflect.NativeMethodAccessorImpl.invoke[NativeMethodAccessorImpl.java:57]&#10;&#9;at sun.reflect.DelegatingMethodAccessorImpl.invoke[DelegatingMethodAccessorImpl.java:43]&#10;&#9;at java.lang.reflect.Method.invoke[Method.java:616]&#10;&#9;at org.eclipse.ant.core.AntRunner.run[AntRunner.java:378]&#10;&#9;at org.eclipse.ant.internal.launching.launchConfigurations.AntLaunchDelegate$1.run[AntLaunchDelegate.java:298]&#10;&#9;at java.lang.Thread.run[Thread.java:679]&#10;" type="org.apache.tools.ant.BuildException">/home/antonio/Documents/sodmt/workspace-metamodels/es.uca.modeling.eol.tests/eunit.xml:34: The following error occurred while executing this line:
/home/antonio/Documents/sodmt/workspace-metamodels/es.uca.modeling.eol.tests/eunit.xml:17: Internal error: java.lang.IllegalArgumentException: Could not locate a metamodel with the URI 'www.uca.es/modeling/serviceProcess'. Please ensure that this metamodel has been registered with Epsilon.
	at org.eclipse.epsilon.emc.emf.EmfModel.determinePackagesFrom[EmfModel.java:266]
	at org.eclipse.epsilon.emc.emf.EmfModel.loadModelFromUri[EmfModel.java:214]
	at org.eclipse.epsilon.emc.emf.EmfModel.loadModel[EmfModel.java:161]
	at org.eclipse.epsilon.eol.models.CachedModel.load[CachedModel.java:147]
	at org.eclipse.epsilon.emc.emf.EmfModel.load[EmfModel.java:127]
	at org.eclipse.epsilon.workflow.tasks.emf.LoadEmfModel.executeImpl[LoadEmfModel.java:67]
	at org.eclipse.epsilon.workflow.tasks.EpsilonTask.execute[EpsilonTask.java:40]
	at org.apache.tools.ant.UnknownElement.execute[UnknownElement.java:291]
	at sun.reflect.GeneratedMethodAccessor101.invoke[Unknown Source]
	at sun.reflect.DelegatingMethodAccessorImpl.invoke[DelegatingMethodAccessorImpl.java:43]
	at java.lang.reflect.Method.invoke[Method.java:616]
	at org.apache.tools.ant.dispatch.DispatchUtils.execute[DispatchUtils.java:106]
	at org.apache.tools.ant.Task.perform[Task.java:348]
	at org.apache.tools.ant.taskdefs.Sequential.execute[Sequential.java:68]
	at org.apache.tools.ant.UnknownElement.execute[UnknownElement.java:291]
	at sun.reflect.GeneratedMethodAccessor101.invoke[Unknown Source]
	at sun.reflect.DelegatingMethodAccessorImpl.invoke[DelegatingMethodAccessorImpl.java:43]
	at java.lang.reflect.Method.invoke[Method.java:616]
	at org.apache.tools.ant.dispatch.DispatchUtils.execute[DispatchUtils.java:106]
	at org.apache.tools.ant.Task.perform[Task.java:348]
	at org.apache.tools.ant.taskdefs.MacroInstance.execute[MacroInstance.java:398]
	at org.apache.tools.ant.UnknownElement.execute[UnknownElement.java:291]
	at sun.reflect.GeneratedMethodAccessor101.invoke[Unknown Source]
	at sun.reflect.DelegatingMethodAccessorImpl.invoke[DelegatingMethodAccessorImpl.java:43]
	at java.lang.reflect.Method.invoke[Method.java:616]
	at org.apache.tools.ant.dispatch.DispatchUtils.execute[DispatchUtils.java:106]
	at org.apache.tools.ant.Task.perform[Task.java:348]
	at org.eclipse.epsilon.workflow.tasks.EUnitTask$TaskCollection.run[EUnitTask.java:69]
	at org.eclipse.epsilon.workflow.tasks.EUnitTask.beforeCase[EUnitTask.java:218]
	at org.eclipse.epsilon.eunit.EUnitModule.fireBeforeCase[EUnitModule.java:507]
	at org.eclipse.epsilon.eunit.EUnitModule.runSuiteInternal[EUnitModule.java:318]
	at org.eclipse.epsilon.eunit.EUnitModule.runSuite[EUnitModule.java:164]
	at org.eclipse.epsilon.eunit.EUnitModule.runInnerTestCase[EUnitModule.java:361]
	at org.eclipse.epsilon.eunit.EUnitModule.runSuiteInternal[EUnitModule.java:339]
	at org.eclipse.epsilon.eunit.EUnitModule.runSuite[EUnitModule.java:164]
	at org.eclipse.epsilon.eunit.EUnitModule.execute[EUnitModule.java:136]
	at org.eclipse.epsilon.workflow.tasks.ExecutableModuleTask.executeImpl[ExecutableModuleTask.java:193]
	at org.eclipse.epsilon.workflow.tasks.EpsilonTask.execute[EpsilonTask.java:40]
	at org.apache.tools.ant.UnknownElement.execute[UnknownElement.java:291]
	at sun.reflect.NativeMethodAccessorImpl.invoke0[Native Method]
	at sun.reflect.NativeMethodAccessorImpl.invoke[NativeMethodAccessorImpl.java:57]
	at sun.reflect.DelegatingMethodAccessorImpl.invoke[DelegatingMethodAccessorImpl.java:43]
	at java.lang.reflect.Method.invoke[Method.java:616]
	at org.apache.tools.ant.dispatch.DispatchUtils.execute[DispatchUtils.java:106]
	at org.apache.tools.ant.Task.perform[Task.java:348]
	at org.apache.tools.ant.Target.execute[Target.java:392]
	at org.apache.tools.ant.Target.performTasks[Target.java:413]
	at org.apache.tools.ant.Project.executeSortedTargets[Project.java:1399]
	at org.apache.tools.ant.Project.executeTarget[Project.java:1368]
	at org.apache.tools.ant.helper.DefaultExecutor.executeTargets[DefaultExecutor.java:41]
	at org.eclipse.ant.internal.core.ant.EclipseDefaultExecutor.executeTargets[EclipseDefaultExecutor.java:32]
	at org.apache.tools.ant.Project.executeTargets[Project.java:1251]
	at org.eclipse.ant.internal.core.ant.InternalAntRunner.run[InternalAntRunner.java:672]
	at org.eclipse.ant.internal.core.ant.InternalAntRunner.run[InternalAntRunner.java:498]
	at sun.reflect.NativeMethodAccessorImpl.invoke0[Native Method]
	at sun.reflect.NativeMethodAccessorImpl.invoke[NativeMethodAccessorImpl.java:57]
	at sun.reflect.DelegatingMethodAccessorImpl.invoke[DelegatingMethodAccessorImpl.java:43]
	at java.lang.reflect.Method.invoke[Method.java:616]
	at org.eclipse.ant.core.AntRunner.run[AntRunner.java:378]
	at org.eclipse.ant.internal.launching.launchConfigurations.AntLaunchDelegate$1.run[AntLaunchDelegate.java:298]
	at java.lang.Thread.run[Thread.java:679]

	at org.apache.tools.ant.ProjectHelper.addLocationToBuildException(ProjectHelper.java:551)
	at org.apache.tools.ant.taskdefs.MacroInstance.execute(MacroInstance.java:401)
	at org.apache.tools.ant.UnknownElement.execute(UnknownElement.java:291)
	at sun.reflect.GeneratedMethodAccessor101.invoke(Unknown Source)
	at sun.reflect.DelegatingMethodAccessorImpl.invoke(DelegatingMethodAccessorImpl.java:43)
	at java.lang.reflect.Method.invoke(Method.java:616)
	at org.apache.tools.ant.dispatch.DispatchUtils.execute(DispatchUtils.java:106)
	at org.apache.tools.ant.Task.perform(Task.java:348)
	at org.eclipse.epsilon.workflow.tasks.EUnitTask$TaskCollection.run(EUnitTask.java:69)
	at org.eclipse.epsilon.workflow.tasks.EUnitTask.beforeCase(EUnitTask.java:218)
	at org.eclipse.epsilon.eunit.EUnitModule.fireBeforeCase(EUnitModule.java:507)
	at org.eclipse.epsilon.eunit.EUnitModule.runSuiteInternal(EUnitModule.java:318)
	at org.eclipse.epsilon.eunit.EUnitModule.runSuite(EUnitModule.java:164)
	at org.eclipse.epsilon.eunit.EUnitModule.runInnerTestCase(EUnitModule.java:361)
	at org.eclipse.epsilon.eunit.EUnitModule.runSuiteInternal(EUnitModule.java:339)
	at org.eclipse.epsilon.eunit.EUnitModule.runSuite(EUnitModule.java:164)
	at org.eclipse.epsilon.eunit.EUnitModule.execute(EUnitModule.java:136)
	at org.eclipse.epsilon.workflow.tasks.ExecutableModuleTask.executeImpl(ExecutableModuleTask.java:193)
	at org.eclipse.epsilon.workflow.tasks.EpsilonTask.execute(EpsilonTask.java:40)
	at org.apache.tools.ant.UnknownElement.execute(UnknownElement.java:291)
	at sun.reflect.NativeMethodAccessorImpl.invoke0(Native Method)
	at sun.reflect.NativeMethodAccessorImpl.invoke(NativeMethodAccessorImpl.java:57)
	at sun.reflect.DelegatingMethodAccessorImpl.invoke(DelegatingMethodAccessorImpl.java:43)
	at java.lang.reflect.Method.invoke(Method.java:616)
	at org.apache.tools.ant.dispatch.DispatchUtils.execute(DispatchUtils.java:106)
	at org.apache.tools.ant.Task.perform(Task.java:348)
	at org.apache.tools.ant.Target.execute(Target.java:392)
	at org.apache.tools.ant.Target.performTasks(Target.java:413)
	at org.apache.tools.ant.Project.executeSortedTargets(Project.java:1399)
	at org.apache.tools.ant.Project.executeTarget(Project.java:1368)
	at org.apache.tools.ant.helper.DefaultExecutor.executeTargets(DefaultExecutor.java:41)
	at org.eclipse.ant.internal.core.ant.EclipseDefaultExecutor.executeTargets(EclipseDefaultExecutor.java:32)
	at org.apache.tools.ant.Project.executeTargets(Project.java:1251)
	at org.eclipse.ant.internal.core.ant.InternalAntRunner.run(InternalAntRunner.java:672)
	at org.eclipse.ant.internal.core.ant.InternalAntRunner.run(InternalAntRunner.java:498)
	at sun.reflect.NativeMethodAccessorImpl.invoke0(Native Method)
	at sun.reflect.NativeMethodAccessorImpl.invoke(NativeMethodAccessorImpl.java:57)
	at sun.reflect.DelegatingMethodAccessorImpl.invoke(DelegatingMethodAccessorImpl.java:43)
	at java.lang.reflect.Method.invoke(Method.java:616)
	at org.eclipse.ant.core.AntRunner.run(AntRunner.java:378)
	at org.eclipse.ant.internal.launching.launchConfigurations.AntLaunchDelegate$1.run(AntLaunchDelegate.java:298)
	at java.lang.Thread.run(Thread.java:679)
Caused by: /home/antonio/Documents/sodmt/workspace-metamodels/es.uca.modeling.eol.tests/eunit.xml:17: Internal error: java.lang.IllegalArgumentException: Could not locate a metamodel with the URI 'www.uca.es/modeling/serviceProcess'. Please ensure that this metamodel has been registered with Epsilon.
	at org.eclipse.epsilon.emc.emf.EmfModel.determinePackagesFrom[EmfModel.java:266]
	at org.eclipse.epsilon.emc.emf.EmfModel.loadModelFromUri[EmfModel.java:214]
	at org.eclipse.epsilon.emc.emf.EmfModel.loadModel[EmfModel.java:161]
	at org.eclipse.epsilon.eol.models.CachedModel.load[CachedModel.java:147]
	at org.eclipse.epsilon.emc.emf.EmfModel.load[EmfModel.java:127]
	at org.eclipse.epsilon.workflow.tasks.emf.LoadEmfModel.executeImpl[LoadEmfModel.java:67]
	at org.eclipse.epsilon.workflow.tasks.EpsilonTask.execute[EpsilonTask.java:40]
	at org.apache.tools.ant.UnknownElement.execute[UnknownElement.java:291]
	at sun.reflect.GeneratedMethodAccessor101.invoke[Unknown Source]
	at sun.reflect.DelegatingMethodAccessorImpl.invoke[DelegatingMethodAccessorImpl.java:43]
	at java.lang.reflect.Method.invoke[Method.java:616]
	at org.apache.tools.ant.dispatch.DispatchUtils.execute[DispatchUtils.java:106]
	at org.apache.tools.ant.Task.perform[Task.java:348]
	at org.apache.tools.ant.taskdefs.Sequential.execute[Sequential.java:68]
	at org.apache.tools.ant.UnknownElement.execute[UnknownElement.java:291]
	at sun.reflect.GeneratedMethodAccessor101.invoke[Unknown Source]
	at sun.reflect.DelegatingMethodAccessorImpl.invoke[DelegatingMethodAccessorImpl.java:43]
	at java.lang.reflect.Method.invoke[Method.java:616]
	at org.apache.tools.ant.dispatch.DispatchUtils.execute[DispatchUtils.java:106]
	at org.apache.tools.ant.Task.perform[Task.java:348]
	at org.apache.tools.ant.taskdefs.MacroInstance.execute[MacroInstance.java:398]
	at org.apache.tools.ant.UnknownElement.execute[UnknownElement.java:291]
	at sun.reflect.GeneratedMethodAccessor101.invoke[Unknown Source]
	at sun.reflect.DelegatingMethodAccessorImpl.invoke[DelegatingMethodAccessorImpl.java:43]
	at java.lang.reflect.Method.invoke[Method.java:616]
	at org.apache.tools.ant.dispatch.DispatchUtils.execute[DispatchUtils.java:106]
	at org.apache.tools.ant.Task.perform[Task.java:348]
	at org.eclipse.epsilon.workflow.tasks.EUnitTask$TaskCollection.run[EUnitTask.java:69]
	at org.eclipse.epsilon.workflow.tasks.EUnitTask.beforeCase[EUnitTask.java:218]
	at org.eclipse.epsilon.eunit.EUnitModule.fireBeforeCase[EUnitModule.java:507]
	at org.eclipse.epsilon.eunit.EUnitModule.runSuiteInternal[EUnitModule.java:318]
	at org.eclipse.epsilon.eunit.EUnitModule.runSuite[EUnitModule.java:164]
	at org.eclipse.epsilon.eunit.EUnitModule.runInnerTestCase[EUnitModule.java:361]
	at org.eclipse.epsilon.eunit.EUnitModule.runSuiteInternal[EUnitModule.java:339]
	at org.eclipse.epsilon.eunit.EUnitModule.runSuite[EUnitModule.java:164]
	at org.eclipse.epsilon.eunit.EUnitModule.execute[EUnitModule.java:136]
	at org.eclipse.epsilon.workflow.tasks.ExecutableModuleTask.executeImpl[ExecutableModuleTask.java:193]
	at org.eclipse.epsilon.workflow.tasks.EpsilonTask.execute[EpsilonTask.java:40]
	at org.apache.tools.ant.UnknownElement.execute[UnknownElement.java:291]
	at sun.reflect.NativeMethodAccessorImpl.invoke0[Native Method]
	at sun.reflect.NativeMethodAccessorImpl.invoke[NativeMethodAccessorImpl.java:57]
	at sun.reflect.DelegatingMethodAccessorImpl.invoke[DelegatingMethodAccessorImpl.java:43]
	at java.lang.reflect.Method.invoke[Method.java:616]
	at org.apache.tools.ant.dispatch.DispatchUtils.execute[DispatchUtils.java:106]
	at org.apache.tools.ant.Task.perform[Task.java:348]
	at org.apache.tools.ant.Target.execute[Target.java:392]
	at org.apache.tools.ant.Target.performTasks[Target.java:413]
	at org.apache.tools.ant.Project.executeSortedTargets[Project.java:1399]
	at org.apache.tools.ant.Project.executeTarget[Project.java:1368]
	at org.apache.tools.ant.helper.DefaultExecutor.executeTargets[DefaultExecutor.java:41]
	at org.eclipse.ant.internal.core.ant.EclipseDefaultExecutor.executeTargets[EclipseDefaultExecutor.java:32]
	at org.apache.tools.ant.Project.executeTargets[Project.java:1251]
	at org.eclipse.ant.internal.core.ant.InternalAntRunner.run[InternalAntRunner.java:672]
	at org.eclipse.ant.internal.core.ant.InternalAntRunner.run[InternalAntRunner.java:498]
	at sun.reflect.NativeMethodAccessorImpl.invoke0[Native Method]
	at sun.reflect.NativeMethodAccessorImpl.invoke[NativeMethodAccessorImpl.java:57]
	at sun.reflect.DelegatingMethodAccessorImpl.invoke[DelegatingMethodAccessorImpl.java:43]
	at java.lang.reflect.Method.invoke[Method.java:616]
	at org.eclipse.ant.core.AntRunner.run[AntRunner.java:378]
	at org.eclipse.ant.internal.launching.launchConfigurations.AntLaunchDelegate$1.run[AntLaunchDelegate.java:298]
	at java.lang.Thread.run[Thread.java:679]

	at org.eclipse.epsilon.workflow.tasks.emf.LoadEmfModel.executeImpl(LoadEmfModel.java:71)
	at org.eclipse.epsilon.workflow.tasks.EpsilonTask.execute(EpsilonTask.java:40)
	at org.apache.tools.ant.UnknownElement.execute(UnknownElement.java:291)
	at sun.reflect.GeneratedMethodAccessor101.invoke(Unknown Source)
	at sun.reflect.DelegatingMethodAccessorImpl.invoke(DelegatingMethodAccessorImpl.java:43)
	at java.lang.reflect.Method.invoke(Method.java:616)
	at org.apache.tools.ant.dispatch.DispatchUtils.execute(DispatchUtils.java:106)
	at org.apache.tools.ant.Task.perform(Task.java:348)
	at org.apache.tools.ant.taskdefs.Sequential.execute(Sequential.java:68)
	at org.apache.tools.ant.UnknownElement.execute(UnknownElement.java:291)
	at sun.reflect.GeneratedMethodAccessor101.invoke(Unknown Source)
	at sun.reflect.DelegatingMethodAccessorImpl.invoke(DelegatingMethodAccessorImpl.java:43)
	at java.lang.reflect.Method.invoke(Method.java:616)
	at org.apache.tools.ant.dispatch.DispatchUtils.execute(DispatchUtils.java:106)
	at org.apache.tools.ant.Task.perform(Task.java:348)
	at org.apache.tools.ant.taskdefs.MacroInstance.execute(MacroInstance.java:398)
	... 40 more
Caused by: Internal error: java.lang.IllegalArgumentException: Could not locate a metamodel with the URI 'www.uca.es/modeling/serviceProcess'. Please ensure that this metamodel has been registered with Epsilon.
	at org.eclipse.epsilon.emc.emf.EmfModel.determinePackagesFrom[EmfModel.java:266]
	at org.eclipse.epsilon.emc.emf.EmfModel.loadModelFromUri[EmfModel.java:214]
	at org.eclipse.epsilon.emc.emf.EmfModel.loadModel[EmfModel.java:161]
	at org.eclipse.epsilon.eol.models.CachedModel.load[CachedModel.java:147]
	at org.eclipse.epsilon.emc.emf.EmfModel.load[EmfModel.java:127]
	at org.eclipse.epsilon.workflow.tasks.emf.LoadEmfModel.executeImpl[LoadEmfModel.java:67]
	at org.eclipse.epsilon.workflow.tasks.EpsilonTask.execute[EpsilonTask.java:40]
	at org.apache.tools.ant.UnknownElement.execute[UnknownElement.java:291]
	at sun.reflect.GeneratedMethodAccessor101.invoke[Unknown Source]
	at sun.reflect.DelegatingMethodAccessorImpl.invoke[DelegatingMethodAccessorImpl.java:43]
	at java.lang.reflect.Method.invoke[Method.java:616]
	at org.apache.tools.ant.dispatch.DispatchUtils.execute[DispatchUtils.java:106]
	at org.apache.tools.ant.Task.perform[Task.java:348]
	at org.apache.tools.ant.taskdefs.Sequential.execute[Sequential.java:68]
	at org.apache.tools.ant.UnknownElement.execute[UnknownElement.java:291]
	at sun.reflect.GeneratedMethodAccessor101.invoke[Unknown Source]
	at sun.reflect.DelegatingMethodAccessorImpl.invoke[DelegatingMethodAccessorImpl.java:43]
	at java.lang.reflect.Method.invoke[Method.java:616]
	at org.apache.tools.ant.dispatch.DispatchUtils.execute[DispatchUtils.java:106]
	at org.apache.tools.ant.Task.perform[Task.java:348]
	at org.apache.tools.ant.taskdefs.MacroInstance.execute[MacroInstance.java:398]
	at org.apache.tools.ant.UnknownElement.execute[UnknownElement.java:291]
	at sun.reflect.GeneratedMethodAccessor101.invoke[Unknown Source]
	at sun.reflect.DelegatingMethodAccessorImpl.invoke[DelegatingMethodAccessorImpl.java:43]
	at java.lang.reflect.Method.invoke[Method.java:616]
	at org.apache.tools.ant.dispatch.DispatchUtils.execute[DispatchUtils.java:106]
	at org.apache.tools.ant.Task.perform[Task.java:348]
	at org.eclipse.epsilon.workflow.tasks.EUnitTask$TaskCollection.run[EUnitTask.java:69]
	at org.eclipse.epsilon.workflow.tasks.EUnitTask.beforeCase[EUnitTask.java:218]
	at org.eclipse.epsilon.eunit.EUnitModule.fireBeforeCase[EUnitModule.java:507]
	at org.eclipse.epsilon.eunit.EUnitModule.runSuiteInternal[EUnitModule.java:318]
	at org.eclipse.epsilon.eunit.EUnitModule.runSuite[EUnitModule.java:164]
	at org.eclipse.epsilon.eunit.EUnitModule.runInnerTestCase[EUnitModule.java:361]
	at org.eclipse.epsilon.eunit.EUnitModule.runSuiteInternal[EUnitModule.java:339]
	at org.eclipse.epsilon.eunit.EUnitModule.runSuite[EUnitModule.java:164]
	at org.eclipse.epsilon.eunit.EUnitModule.execute[EUnitModule.java:136]
	at org.eclipse.epsilon.workflow.tasks.ExecutableModuleTask.executeImpl[ExecutableModuleTask.java:193]
	at org.eclipse.epsilon.workflow.tasks.EpsilonTask.execute[EpsilonTask.java:40]
	at org.apache.tools.ant.UnknownElement.execute[UnknownElement.java:291]
	at sun.reflect.NativeMethodAccessorImpl.invoke0[Native Method]
	at sun.reflect.NativeMethodAccessorImpl.invoke[NativeMethodAccessorImpl.java:57]
	at sun.reflect.DelegatingMethodAccessorImpl.invoke[DelegatingMethodAccessorImpl.java:43]
	at java.lang.reflect.Method.invoke[Method.java:616]
	at org.apache.tools.ant.dispatch.DispatchUtils.execute[DispatchUtils.java:106]
	at org.apache.tools.ant.Task.perform[Task.java:348]
	at org.apache.tools.ant.Target.execute[Target.java:392]
	at org.apache.tools.ant.Target.performTasks[Target.java:413]
	at org.apache.tools.ant.Project.executeSortedTargets[Project.java:1399]
	at org.apache.tools.ant.Project.executeTarget[Project.java:1368]
	at org.apache.tools.ant.helper.DefaultExecutor.executeTargets[DefaultExecutor.java:41]
	at org.eclipse.ant.internal.core.ant.EclipseDefaultExecutor.executeTargets[EclipseDefaultExecutor.java:32]
	at org.apache.tools.ant.Project.executeTargets[Project.java:1251]
	at org.eclipse.ant.internal.core.ant.InternalAntRunner.run[InternalAntRunner.java:672]
	at org.eclipse.ant.internal.core.ant.InternalAntRunner.run[InternalAntRunner.java:498]
	at sun.reflect.NativeMethodAccessorImpl.invoke0[Native Method]
	at sun.reflect.NativeMethodAccessorImpl.invoke[NativeMethodAccessorImpl.java:57]
	at sun.reflect.DelegatingMethodAccessorImpl.invoke[DelegatingMethodAccessorImpl.java:43]
	at java.lang.reflect.Method.invoke[Method.java:616]
	at org.eclipse.ant.core.AntRunner.run[AntRunner.java:378]
	at org.eclipse.ant.internal.launching.launchConfigurations.AntLaunchDelegate$1.run[AntLaunchDelegate.java:298]
	at java.lang.Thread.run[Thread.java:679]

	at org.eclipse.epsilon.emc.emf.EmfModel.determinePackagesFrom(EmfModel.java:266)
	at org.eclipse.epsilon.emc.emf.EmfModel.loadModelFromUri(EmfModel.java:214)
	at org.eclipse.epsilon.emc.emf.EmfModel.loadModel(EmfModel.java:161)
	at org.eclipse.epsilon.eol.models.CachedModel.load(CachedModel.java:147)
	at org.eclipse.epsilon.emc.emf.EmfModel.load(EmfModel.java:127)
	at org.eclipse.epsilon.workflow.tasks.emf.LoadEmfModel.executeImpl(LoadEmfModel.java:67)
	... 55 more
Caused by: java.lang.IllegalArgumentException: Could not locate a metamodel with the URI 'www.uca.es/modeling/serviceProcess'. Please ensure that this metamodel has been registered with Epsilon.
	... 61 more
</error></testcase><testcase classname="sodmt.adhoc.eol.tlimits.eunit" name="denseDAG" time="0.00700000"><error message="The following error occurred while executing this line:&#10;/home/antonio/Documents/sodmt/workspace-metamodels/es.uca.modeling.eol.tests/eunit.xml:17: Internal error: java.lang.IllegalArgumentException: Could not locate a metamodel with the URI 'www.uca.es/modeling/serviceProcess'. Please ensure that this metamodel has been registered with Epsilon.&#10;&#9;at org.eclipse.epsilon.emc.emf.EmfModel.determinePackagesFrom[EmfModel.java:266]&#10;&#9;at org.eclipse.epsilon.emc.emf.EmfModel.loadModelFromUri[EmfModel.java:214]&#10;&#9;at org.eclipse.epsilon.emc.emf.EmfModel.loadModel[EmfModel.java:161]&#10;&#9;at org.eclipse.epsilon.eol.models.CachedModel.load[CachedModel.java:147]&#10;&#9;at org.eclipse.epsilon.emc.emf.EmfModel.load[EmfModel.java:127]&#10;&#9;at org.eclipse.epsilon.workflow.tasks.emf.LoadEmfModel.executeImpl[LoadEmfModel.java:67]&#10;&#9;at org.eclipse.epsilon.workflow.tasks.EpsilonTask.execute[EpsilonTask.java:40]&#10;&#9;at org.apache.tools.ant.UnknownElement.execute[UnknownElement.java:291]&#10;&#9;at sun.reflect.GeneratedMethodAccessor101.invoke[Unknown Source]&#10;&#9;at sun.reflect.DelegatingMethodAccessorImpl.invoke[DelegatingMethodAccessorImpl.java:43]&#10;&#9;at java.lang.reflect.Method.invoke[Method.java:616]&#10;&#9;at org.apache.tools.ant.dispatch.DispatchUtils.execute[DispatchUtils.java:106]&#10;&#9;at org.apache.tools.ant.Task.perform[Task.java:348]&#10;&#9;at org.apache.tools.ant.taskdefs.Sequential.execute[Sequential.java:68]&#10;&#9;at org.apache.tools.ant.UnknownElement.execute[UnknownElement.java:291]&#10;&#9;at sun.reflect.GeneratedMethodAccessor101.invoke[Unknown Source]&#10;&#9;at sun.reflect.DelegatingMethodAccessorImpl.invoke[DelegatingMethodAccessorImpl.java:43]&#10;&#9;at java.lang.reflect.Method.invoke[Method.java:616]&#10;&#9;at org.apache.tools.ant.dispatch.DispatchUtils.execute[DispatchUtils.java:106]&#10;&#9;at org.apache.tools.ant.Task.perform[Task.java:348]&#10;&#9;at org.apache.tools.ant.taskdefs.MacroInstance.execute[MacroInstance.java:398]&#10;&#9;at org.apache.tools.ant.UnknownElement.execute[UnknownElement.java:291]&#10;&#9;at sun.reflect.GeneratedMethodAccessor101.invoke[Unknown Source]&#10;&#9;at sun.reflect.DelegatingMethodAccessorImpl.invoke[DelegatingMethodAccessorImpl.java:43]&#10;&#9;at java.lang.reflect.Method.invoke[Method.java:616]&#10;&#9;at org.apache.tools.ant.dispatch.DispatchUtils.execute[DispatchUtils.java:106]&#10;&#9;at org.apache.tools.ant.Task.perform[Task.java:348]&#10;&#9;at org.eclipse.epsilon.workflow.tasks.EUnitTask$TaskCollection.run[EUnitTask.java:69]&#10;&#9;at org.eclipse.epsilon.workflow.tasks.EUnitTask.beforeCase[EUnitTask.java:218]&#10;&#9;at org.eclipse.epsilon.eunit.EUnitModule.fireBeforeCase[EUnitModule.java:507]&#10;&#9;at org.eclipse.epsilon.eunit.EUnitModule.runSuiteInternal[EUnitModule.java:318]&#10;&#9;at org.eclipse.epsilon.eunit.EUnitModule.runSuite[EUnitModule.java:164]&#10;&#9;at org.eclipse.epsilon.eunit.EUnitModule.runInnerTestCase[EUnitModule.java:361]&#10;&#9;at org.eclipse.epsilon.eunit.EUnitModule.runSuiteInternal[EUnitModule.java:339]&#10;&#9;at org.eclipse.epsilon.eunit.EUnitModule.runSuite[EUnitModule.java:164]&#10;&#9;at org.eclipse.epsilon.eunit.EUnitModule.execute[EUnitModule.java:136]&#10;&#9;at org.eclipse.epsilon.workflow.tasks.ExecutableModuleTask.executeImpl[ExecutableModuleTask.java:193]&#10;&#9;at org.eclipse.epsilon.workflow.tasks.EpsilonTask.execute[EpsilonTask.java:40]&#10;&#9;at org.apache.tools.ant.UnknownElement.execute[UnknownElement.java:291]&#10;&#9;at sun.reflect.NativeMethodAccessorImpl.invoke0[Native Method]&#10;&#9;at sun.reflect.NativeMethodAccessorImpl.invoke[NativeMethodAccessorImpl.java:57]&#10;&#9;at sun.reflect.DelegatingMethodAccessorImpl.invoke[DelegatingMethodAccessorImpl.java:43]&#10;&#9;at java.lang.reflect.Method.invoke[Method.java:616]&#10;&#9;at org.apache.tools.ant.dispatch.DispatchUtils.execute[DispatchUtils.java:106]&#10;&#9;at org.apache.tools.ant.Task.perform[Task.java:348]&#10;&#9;at org.apache.tools.ant.Target.execute[Target.java:392]&#10;&#9;at org.apache.tools.ant.Target.performTasks[Target.java:413]&#10;&#9;at org.apache.tools.ant.Project.executeSortedTargets[Project.java:1399]&#10;&#9;at org.apache.tools.ant.Project.executeTarget[Project.java:1368]&#10;&#9;at org.apache.tools.ant.helper.DefaultExecutor.executeTargets[DefaultExecutor.java:41]&#10;&#9;at org.eclipse.ant.internal.core.ant.EclipseDefaultExecutor.executeTargets[EclipseDefaultExecutor.java:32]&#10;&#9;at org.apache.tools.ant.Project.executeTargets[Project.java:1251]&#10;&#9;at org.eclipse.ant.internal.core.ant.InternalAntRunner.run[InternalAntRunner.java:672]&#10;&#9;at org.eclipse.ant.internal.core.ant.InternalAntRunner.run[InternalAntRunner.java:498]&#10;&#9;at sun.reflect.NativeMethodAccessorImpl.invoke0[Native Method]&#10;&#9;at sun.reflect.NativeMethodAccessorImpl.invoke[NativeMethodAccessorImpl.java:57]&#10;&#9;at sun.reflect.DelegatingMethodAccessorImpl.invoke[DelegatingMethodAccessorImpl.java:43]&#10;&#9;at java.lang.reflect.Method.invoke[Method.java:616]&#10;&#9;at org.eclipse.ant.core.AntRunner.run[AntRunner.java:378]&#10;&#9;at org.eclipse.ant.internal.launching.launchConfigurations.AntLaunchDelegate$1.run[AntLaunchDelegate.java:298]&#10;&#9;at java.lang.Thread.run[Thread.java:679]&#10;" type="org.apache.tools.ant.BuildException">/home/antonio/Documents/sodmt/workspace-metamodels/es.uca.modeling.eol.tests/eunit.xml:34: The following error occurred while executing this line:
/home/antonio/Documents/sodmt/workspace-metamodels/es.uca.modeling.eol.tests/eunit.xml:17: Internal error: java.lang.IllegalArgumentException: Could not locate a metamodel with the URI 'www.uca.es/modeling/serviceProcess'. Please ensure that this metamodel has been registered with Epsilon.
	at org.eclipse.epsilon.emc.emf.EmfModel.determinePackagesFrom[EmfModel.java:266]
	at org.eclipse.epsilon.emc.emf.EmfModel.loadModelFromUri[EmfModel.java:214]
	at org.eclipse.epsilon.emc.emf.EmfModel.loadModel[EmfModel.java:161]
	at org.eclipse.epsilon.eol.models.CachedModel.load[CachedModel.java:147]
	at org.eclipse.epsilon.emc.emf.EmfModel.load[EmfModel.java:127]
	at org.eclipse.epsilon.workflow.tasks.emf.LoadEmfModel.executeImpl[LoadEmfModel.java:67]
	at org.eclipse.epsilon.workflow.tasks.EpsilonTask.execute[EpsilonTask.java:40]
	at org.apache.tools.ant.UnknownElement.execute[UnknownElement.java:291]
	at sun.reflect.GeneratedMethodAccessor101.invoke[Unknown Source]
	at sun.reflect.DelegatingMethodAccessorImpl.invoke[DelegatingMethodAccessorImpl.java:43]
	at java.lang.reflect.Method.invoke[Method.java:616]
	at org.apache.tools.ant.dispatch.DispatchUtils.execute[DispatchUtils.java:106]
	at org.apache.tools.ant.Task.perform[Task.java:348]
	at org.apache.tools.ant.taskdefs.Sequential.execute[Sequential.java:68]
	at org.apache.tools.ant.UnknownElement.execute[UnknownElement.java:291]
	at sun.reflect.GeneratedMethodAccessor101.invoke[Unknown Source]
	at sun.reflect.DelegatingMethodAccessorImpl.invoke[DelegatingMethodAccessorImpl.java:43]
	at java.lang.reflect.Method.invoke[Method.java:616]
	at org.apache.tools.ant.dispatch.DispatchUtils.execute[DispatchUtils.java:106]
	at org.apache.tools.ant.Task.perform[Task.java:348]
	at org.apache.tools.ant.taskdefs.MacroInstance.execute[MacroInstance.java:398]
	at org.apache.tools.ant.UnknownElement.execute[UnknownElement.java:291]
	at sun.reflect.GeneratedMethodAccessor101.invoke[Unknown Source]
	at sun.reflect.DelegatingMethodAccessorImpl.invoke[DelegatingMethodAccessorImpl.java:43]
	at java.lang.reflect.Method.invoke[Method.java:616]
	at org.apache.tools.ant.dispatch.DispatchUtils.execute[DispatchUtils.java:106]
	at org.apache.tools.ant.Task.perform[Task.java:348]
	at org.eclipse.epsilon.workflow.tasks.EUnitTask$TaskCollection.run[EUnitTask.java:69]
	at org.eclipse.epsilon.workflow.tasks.EUnitTask.beforeCase[EUnitTask.java:218]
	at org.eclipse.epsilon.eunit.EUnitModule.fireBeforeCase[EUnitModule.java:507]
	at org.eclipse.epsilon.eunit.EUnitModule.runSuiteInternal[EUnitModule.java:318]
	at org.eclipse.epsilon.eunit.EUnitModule.runSuite[EUnitModule.java:164]
	at org.eclipse.epsilon.eunit.EUnitModule.runInnerTestCase[EUnitModule.java:361]
	at org.eclipse.epsilon.eunit.EUnitModule.runSuiteInternal[EUnitModule.java:339]
	at org.eclipse.epsilon.eunit.EUnitModule.runSuite[EUnitModule.java:164]
	at org.eclipse.epsilon.eunit.EUnitModule.execute[EUnitModule.java:136]
	at org.eclipse.epsilon.workflow.tasks.ExecutableModuleTask.executeImpl[ExecutableModuleTask.java:193]
	at org.eclipse.epsilon.workflow.tasks.EpsilonTask.execute[EpsilonTask.java:40]
	at org.apache.tools.ant.UnknownElement.execute[UnknownElement.java:291]
	at sun.reflect.NativeMethodAccessorImpl.invoke0[Native Method]
	at sun.reflect.NativeMethodAccessorImpl.invoke[NativeMethodAccessorImpl.java:57]
	at sun.reflect.DelegatingMethodAccessorImpl.invoke[DelegatingMethodAccessorImpl.java:43]
	at java.lang.reflect.Method.invoke[Method.java:616]
	at org.apache.tools.ant.dispatch.DispatchUtils.execute[DispatchUtils.java:106]
	at org.apache.tools.ant.Task.perform[Task.java:348]
	at org.apache.tools.ant.Target.execute[Target.java:392]
	at org.apache.tools.ant.Target.performTasks[Target.java:413]
	at org.apache.tools.ant.Project.executeSortedTargets[Project.java:1399]
	at org.apache.tools.ant.Project.executeTarget[Project.java:1368]
	at org.apache.tools.ant.helper.DefaultExecutor.executeTargets[DefaultExecutor.java:41]
	at org.eclipse.ant.internal.core.ant.EclipseDefaultExecutor.executeTargets[EclipseDefaultExecutor.java:32]
	at org.apache.tools.ant.Project.executeTargets[Project.java:1251]
	at org.eclipse.ant.internal.core.ant.InternalAntRunner.run[InternalAntRunner.java:672]
	at org.eclipse.ant.internal.core.ant.InternalAntRunner.run[InternalAntRunner.java:498]
	at sun.reflect.NativeMethodAccessorImpl.invoke0[Native Method]
	at sun.reflect.NativeMethodAccessorImpl.invoke[NativeMethodAccessorImpl.java:57]
	at sun.reflect.DelegatingMethodAccessorImpl.invoke[DelegatingMethodAccessorImpl.java:43]
	at java.lang.reflect.Method.invoke[Method.java:616]
	at org.eclipse.ant.core.AntRunner.run[AntRunner.java:378]
	at org.eclipse.ant.internal.launching.launchConfigurations.AntLaunchDelegate$1.run[AntLaunchDelegate.java:298]
	at java.lang.Thread.run[Thread.java:679]

	at org.apache.tools.ant.ProjectHelper.addLocationToBuildException(ProjectHelper.java:551)
	at org.apache.tools.ant.taskdefs.MacroInstance.execute(MacroInstance.java:401)
	at org.apache.tools.ant.UnknownElement.execute(UnknownElement.java:291)
	at sun.reflect.GeneratedMethodAccessor101.invoke(Unknown Source)
	at sun.reflect.DelegatingMethodAccessorImpl.invoke(DelegatingMethodAccessorImpl.java:43)
	at java.lang.reflect.Method.invoke(Method.java:616)
	at org.apache.tools.ant.dispatch.DispatchUtils.execute(DispatchUtils.java:106)
	at org.apache.tools.ant.Task.perform(Task.java:348)
	at org.eclipse.epsilon.workflow.tasks.EUnitTask$TaskCollection.run(EUnitTask.java:69)
	at org.eclipse.epsilon.workflow.tasks.EUnitTask.beforeCase(EUnitTask.java:218)
	at org.eclipse.epsilon.eunit.EUnitModule.fireBeforeCase(EUnitModule.java:507)
	at org.eclipse.epsilon.eunit.EUnitModule.runSuiteInternal(EUnitModule.java:318)
	at org.eclipse.epsilon.eunit.EUnitModule.runSuite(EUnitModule.java:164)
	at org.eclipse.epsilon.eunit.EUnitModule.runInnerTestCase(EUnitModule.java:361)
	at org.eclipse.epsilon.eunit.EUnitModule.runSuiteInternal(EUnitModule.java:339)
	at org.eclipse.epsilon.eunit.EUnitModule.runSuite(EUnitModule.java:164)
	at org.eclipse.epsilon.eunit.EUnitModule.execute(EUnitModule.java:136)
	at org.eclipse.epsilon.workflow.tasks.ExecutableModuleTask.executeImpl(ExecutableModuleTask.java:193)
	at org.eclipse.epsilon.workflow.tasks.EpsilonTask.execute(EpsilonTask.java:40)
	at org.apache.tools.ant.UnknownElement.execute(UnknownElement.java:291)
	at sun.reflect.NativeMethodAccessorImpl.invoke0(Native Method)
	at sun.reflect.NativeMethodAccessorImpl.invoke(NativeMethodAccessorImpl.java:57)
	at sun.reflect.DelegatingMethodAccessorImpl.invoke(DelegatingMethodAccessorImpl.java:43)
	at java.lang.reflect.Method.invoke(Method.java:616)
	at org.apache.tools.ant.dispatch.DispatchUtils.execute(DispatchUtils.java:106)
	at org.apache.tools.ant.Task.perform(Task.java:348)
	at org.apache.tools.ant.Target.execute(Target.java:392)
	at org.apache.tools.ant.Target.performTasks(Target.java:413)
	at org.apache.tools.ant.Project.executeSortedTargets(Project.java:1399)
	at org.apache.tools.ant.Project.executeTarget(Project.java:1368)
	at org.apache.tools.ant.helper.DefaultExecutor.executeTargets(DefaultExecutor.java:41)
	at org.eclipse.ant.internal.core.ant.EclipseDefaultExecutor.executeTargets(EclipseDefaultExecutor.java:32)
	at org.apache.tools.ant.Project.executeTargets(Project.java:1251)
	at org.eclipse.ant.internal.core.ant.InternalAntRunner.run(InternalAntRunner.java:672)
	at org.eclipse.ant.internal.core.ant.InternalAntRunner.run(InternalAntRunner.java:498)
	at sun.reflect.NativeMethodAccessorImpl.invoke0(Native Method)
	at sun.reflect.NativeMethodAccessorImpl.invoke(NativeMethodAccessorImpl.java:57)
	at sun.reflect.DelegatingMethodAccessorImpl.invoke(DelegatingMethodAccessorImpl.java:43)
	at java.lang.reflect.Method.invoke(Method.java:616)
	at org.eclipse.ant.core.AntRunner.run(AntRunner.java:378)
	at org.eclipse.ant.internal.launching.launchConfigurations.AntLaunchDelegate$1.run(AntLaunchDelegate.java:298)
	at java.lang.Thread.run(Thread.java:679)
Caused by: /home/antonio/Documents/sodmt/workspace-metamodels/es.uca.modeling.eol.tests/eunit.xml:17: Internal error: java.lang.IllegalArgumentException: Could not locate a metamodel with the URI 'www.uca.es/modeling/serviceProcess'. Please ensure that this metamodel has been registered with Epsilon.
	at org.eclipse.epsilon.emc.emf.EmfModel.determinePackagesFrom[EmfModel.java:266]
	at org.eclipse.epsilon.emc.emf.EmfModel.loadModelFromUri[EmfModel.java:214]
	at org.eclipse.epsilon.emc.emf.EmfModel.loadModel[EmfModel.java:161]
	at org.eclipse.epsilon.eol.models.CachedModel.load[CachedModel.java:147]
	at org.eclipse.epsilon.emc.emf.EmfModel.load[EmfModel.java:127]
	at org.eclipse.epsilon.workflow.tasks.emf.LoadEmfModel.executeImpl[LoadEmfModel.java:67]
	at org.eclipse.epsilon.workflow.tasks.EpsilonTask.execute[EpsilonTask.java:40]
	at org.apache.tools.ant.UnknownElement.execute[UnknownElement.java:291]
	at sun.reflect.GeneratedMethodAccessor101.invoke[Unknown Source]
	at sun.reflect.DelegatingMethodAccessorImpl.invoke[DelegatingMethodAccessorImpl.java:43]
	at java.lang.reflect.Method.invoke[Method.java:616]
	at org.apache.tools.ant.dispatch.DispatchUtils.execute[DispatchUtils.java:106]
	at org.apache.tools.ant.Task.perform[Task.java:348]
	at org.apache.tools.ant.taskdefs.Sequential.execute[Sequential.java:68]
	at org.apache.tools.ant.UnknownElement.execute[UnknownElement.java:291]
	at sun.reflect.GeneratedMethodAccessor101.invoke[Unknown Source]
	at sun.reflect.DelegatingMethodAccessorImpl.invoke[DelegatingMethodAccessorImpl.java:43]
	at java.lang.reflect.Method.invoke[Method.java:616]
	at org.apache.tools.ant.dispatch.DispatchUtils.execute[DispatchUtils.java:106]
	at org.apache.tools.ant.Task.perform[Task.java:348]
	at org.apache.tools.ant.taskdefs.MacroInstance.execute[MacroInstance.java:398]
	at org.apache.tools.ant.UnknownElement.execute[UnknownElement.java:291]
	at sun.reflect.GeneratedMethodAccessor101.invoke[Unknown Source]
	at sun.reflect.DelegatingMethodAccessorImpl.invoke[DelegatingMethodAccessorImpl.java:43]
	at java.lang.reflect.Method.invoke[Method.java:616]
	at org.apache.tools.ant.dispatch.DispatchUtils.execute[DispatchUtils.java:106]
	at org.apache.tools.ant.Task.perform[Task.java:348]
	at org.eclipse.epsilon.workflow.tasks.EUnitTask$TaskCollection.run[EUnitTask.java:69]
	at org.eclipse.epsilon.workflow.tasks.EUnitTask.beforeCase[EUnitTask.java:218]
	at org.eclipse.epsilon.eunit.EUnitModule.fireBeforeCase[EUnitModule.java:507]
	at org.eclipse.epsilon.eunit.EUnitModule.runSuiteInternal[EUnitModule.java:318]
	at org.eclipse.epsilon.eunit.EUnitModule.runSuite[EUnitModule.java:164]
	at org.eclipse.epsilon.eunit.EUnitModule.runInnerTestCase[EUnitModule.java:361]
	at org.eclipse.epsilon.eunit.EUnitModule.runSuiteInternal[EUnitModule.java:339]
	at org.eclipse.epsilon.eunit.EUnitModule.runSuite[EUnitModule.java:164]
	at org.eclipse.epsilon.eunit.EUnitModule.execute[EUnitModule.java:136]
	at org.eclipse.epsilon.workflow.tasks.ExecutableModuleTask.executeImpl[ExecutableModuleTask.java:193]
	at org.eclipse.epsilon.workflow.tasks.EpsilonTask.execute[EpsilonTask.java:40]
	at org.apache.tools.ant.UnknownElement.execute[UnknownElement.java:291]
	at sun.reflect.NativeMethodAccessorImpl.invoke0[Native Method]
	at sun.reflect.NativeMethodAccessorImpl.invoke[NativeMethodAccessorImpl.java:57]
	at sun.reflect.DelegatingMethodAccessorImpl.invoke[DelegatingMethodAccessorImpl.java:43]
	at java.lang.reflect.Method.invoke[Method.java:616]
	at org.apache.tools.ant.dispatch.DispatchUtils.execute[DispatchUtils.java:106]
	at org.apache.tools.ant.Task.perform[Task.java:348]
	at org.apache.tools.ant.Target.execute[Target.java:392]
	at org.apache.tools.ant.Target.performTasks[Target.java:413]
	at org.apache.tools.ant.Project.executeSortedTargets[Project.java:1399]
	at org.apache.tools.ant.Project.executeTarget[Project.java:1368]
	at org.apache.tools.ant.helper.DefaultExecutor.executeTargets[DefaultExecutor.java:41]
	at org.eclipse.ant.internal.core.ant.EclipseDefaultExecutor.executeTargets[EclipseDefaultExecutor.java:32]
	at org.apache.tools.ant.Project.executeTargets[Project.java:1251]
	at org.eclipse.ant.internal.core.ant.InternalAntRunner.run[InternalAntRunner.java:672]
	at org.eclipse.ant.internal.core.ant.InternalAntRunner.run[InternalAntRunner.java:498]
	at sun.reflect.NativeMethodAccessorImpl.invoke0[Native Method]
	at sun.reflect.NativeMethodAccessorImpl.invoke[NativeMethodAccessorImpl.java:57]
	at sun.reflect.DelegatingMethodAccessorImpl.invoke[DelegatingMethodAccessorImpl.java:43]
	at java.lang.reflect.Method.invoke[Method.java:616]
	at org.eclipse.ant.core.AntRunner.run[AntRunner.java:378]
	at org.eclipse.ant.internal.launching.launchConfigurations.AntLaunchDelegate$1.run[AntLaunchDelegate.java:298]
	at java.lang.Thread.run[Thread.java:679]

	at org.eclipse.epsilon.workflow.tasks.emf.LoadEmfModel.executeImpl(LoadEmfModel.java:71)
	at org.eclipse.epsilon.workflow.tasks.EpsilonTask.execute(EpsilonTask.java:40)
	at org.apache.tools.ant.UnknownElement.execute(UnknownElement.java:291)
	at sun.reflect.GeneratedMethodAccessor101.invoke(Unknown Source)
	at sun.reflect.DelegatingMethodAccessorImpl.invoke(DelegatingMethodAccessorImpl.java:43)
	at java.lang.reflect.Method.invoke(Method.java:616)
	at org.apache.tools.ant.dispatch.DispatchUtils.execute(DispatchUtils.java:106)
	at org.apache.tools.ant.Task.perform(Task.java:348)
	at org.apache.tools.ant.taskdefs.Sequential.execute(Sequential.java:68)
	at org.apache.tools.ant.UnknownElement.execute(UnknownElement.java:291)
	at sun.reflect.GeneratedMethodAccessor101.invoke(Unknown Source)
	at sun.reflect.DelegatingMethodAccessorImpl.invoke(DelegatingMethodAccessorImpl.java:43)
	at java.lang.reflect.Method.invoke(Method.java:616)
	at org.apache.tools.ant.dispatch.DispatchUtils.execute(DispatchUtils.java:106)
	at org.apache.tools.ant.Task.perform(Task.java:348)
	at org.apache.tools.ant.taskdefs.MacroInstance.execute(MacroInstance.java:398)
	... 40 more
Caused by: Internal error: java.lang.IllegalArgumentException: Could not locate a metamodel with the URI 'www.uca.es/modeling/serviceProcess'. Please ensure that this metamodel has been registered with Epsilon.
	at org.eclipse.epsilon.emc.emf.EmfModel.determinePackagesFrom[EmfModel.java:266]
	at org.eclipse.epsilon.emc.emf.EmfModel.loadModelFromUri[EmfModel.java:214]
	at org.eclipse.epsilon.emc.emf.EmfModel.loadModel[EmfModel.java:161]
	at org.eclipse.epsilon.eol.models.CachedModel.load[CachedModel.java:147]
	at org.eclipse.epsilon.emc.emf.EmfModel.load[EmfModel.java:127]
	at org.eclipse.epsilon.workflow.tasks.emf.LoadEmfModel.executeImpl[LoadEmfModel.java:67]
	at org.eclipse.epsilon.workflow.tasks.EpsilonTask.execute[EpsilonTask.java:40]
	at org.apache.tools.ant.UnknownElement.execute[UnknownElement.java:291]
	at sun.reflect.GeneratedMethodAccessor101.invoke[Unknown Source]
	at sun.reflect.DelegatingMethodAccessorImpl.invoke[DelegatingMethodAccessorImpl.java:43]
	at java.lang.reflect.Method.invoke[Method.java:616]
	at org.apache.tools.ant.dispatch.DispatchUtils.execute[DispatchUtils.java:106]
	at org.apache.tools.ant.Task.perform[Task.java:348]
	at org.apache.tools.ant.taskdefs.Sequential.execute[Sequential.java:68]
	at org.apache.tools.ant.UnknownElement.execute[UnknownElement.java:291]
	at sun.reflect.GeneratedMethodAccessor101.invoke[Unknown Source]
	at sun.reflect.DelegatingMethodAccessorImpl.invoke[DelegatingMethodAccessorImpl.java:43]
	at java.lang.reflect.Method.invoke[Method.java:616]
	at org.apache.tools.ant.dispatch.DispatchUtils.execute[DispatchUtils.java:106]
	at org.apache.tools.ant.Task.perform[Task.java:348]
	at org.apache.tools.ant.taskdefs.MacroInstance.execute[MacroInstance.java:398]
	at org.apache.tools.ant.UnknownElement.execute[UnknownElement.java:291]
	at sun.reflect.GeneratedMethodAccessor101.invoke[Unknown Source]
	at sun.reflect.DelegatingMethodAccessorImpl.invoke[DelegatingMethodAccessorImpl.java:43]
	at java.lang.reflect.Method.invoke[Method.java:616]
	at org.apache.tools.ant.dispatch.DispatchUtils.execute[DispatchUtils.java:106]
	at org.apache.tools.ant.Task.perform[Task.java:348]
	at org.eclipse.epsilon.workflow.tasks.EUnitTask$TaskCollection.run[EUnitTask.java:69]
	at org.eclipse.epsilon.workflow.tasks.EUnitTask.beforeCase[EUnitTask.java:218]
	at org.eclipse.epsilon.eunit.EUnitModule.fireBeforeCase[EUnitModule.java:507]
	at org.eclipse.epsilon.eunit.EUnitModule.runSuiteInternal[EUnitModule.java:318]
	at org.eclipse.epsilon.eunit.EUnitModule.runSuite[EUnitModule.java:164]
	at org.eclipse.epsilon.eunit.EUnitModule.runInnerTestCase[EUnitModule.java:361]
	at org.eclipse.epsilon.eunit.EUnitModule.runSuiteInternal[EUnitModule.java:339]
	at org.eclipse.epsilon.eunit.EUnitModule.runSuite[EUnitModule.java:164]
	at org.eclipse.epsilon.eunit.EUnitModule.execute[EUnitModule.java:136]
	at org.eclipse.epsilon.workflow.tasks.ExecutableModuleTask.executeImpl[ExecutableModuleTask.java:193]
	at org.eclipse.epsilon.workflow.tasks.EpsilonTask.execute[EpsilonTask.java:40]
	at org.apache.tools.ant.UnknownElement.execute[UnknownElement.java:291]
	at sun.reflect.NativeMethodAccessorImpl.invoke0[Native Method]
	at sun.reflect.NativeMethodAccessorImpl.invoke[NativeMethodAccessorImpl.java:57]
	at sun.reflect.DelegatingMethodAccessorImpl.invoke[DelegatingMethodAccessorImpl.java:43]
	at java.lang.reflect.Method.invoke[Method.java:616]
	at org.apache.tools.ant.dispatch.DispatchUtils.execute[DispatchUtils.java:106]
	at org.apache.tools.ant.Task.perform[Task.java:348]
	at org.apache.tools.ant.Target.execute[Target.java:392]
	at org.apache.tools.ant.Target.performTasks[Target.java:413]
	at org.apache.tools.ant.Project.executeSortedTargets[Project.java:1399]
	at org.apache.tools.ant.Project.executeTarget[Project.java:1368]
	at org.apache.tools.ant.helper.DefaultExecutor.executeTargets[DefaultExecutor.java:41]
	at org.eclipse.ant.internal.core.ant.EclipseDefaultExecutor.executeTargets[EclipseDefaultExecutor.java:32]
	at org.apache.tools.ant.Project.executeTargets[Project.java:1251]
	at org.eclipse.ant.internal.core.ant.InternalAntRunner.run[InternalAntRunner.java:672]
	at org.eclipse.ant.internal.core.ant.InternalAntRunner.run[InternalAntRunner.java:498]
	at sun.reflect.NativeMethodAccessorImpl.invoke0[Native Method]
	at sun.reflect.NativeMethodAccessorImpl.invoke[NativeMethodAccessorImpl.java:57]
	at sun.reflect.DelegatingMethodAccessorImpl.invoke[DelegatingMethodAccessorImpl.java:43]
	at java.lang.reflect.Method.invoke[Method.java:616]
	at org.eclipse.ant.core.AntRunner.run[AntRunner.java:378]
	at org.eclipse.ant.internal.launching.launchConfigurations.AntLaunchDelegate$1.run[AntLaunchDelegate.java:298]
	at java.lang.Thread.run[Thread.java:679]

	at org.eclipse.epsilon.emc.emf.EmfModel.determinePackagesFrom(EmfModel.java:266)
	at org.eclipse.epsilon.emc.emf.EmfModel.loadModelFromUri(EmfModel.java:214)
	at org.eclipse.epsilon.emc.emf.EmfModel.loadModel(EmfModel.java:161)
	at org.eclipse.epsilon.eol.models.CachedModel.load(CachedModel.java:147)
	at org.eclipse.epsilon.emc.emf.EmfModel.load(EmfModel.java:127)
	at org.eclipse.epsilon.workflow.tasks.emf.LoadEmfModel.executeImpl(LoadEmfModel.java:67)
	... 55 more
Caused by: java.lang.IllegalArgumentException: Could not locate a metamodel with the URI 'www.uca.es/modeling/serviceProcess'. Please ensure that this metamodel has been registered with Epsilon.
	... 61 more
</error></testcase><testcase classname="sodmt.adhoc.eol.tlimits.eunit" name="twoDipoles[1]" time="0.00500000"><error message="The following error occurred while executing this line:&#10;/home/antonio/Documents/sodmt/workspace-metamodels/es.uca.modeling.eol.tests/eunit.xml:17: Internal error: java.lang.IllegalArgumentException: Could not locate a metamodel with the URI 'www.uca.es/modeling/serviceProcess'. Please ensure that this metamodel has been registered with Epsilon.&#10;&#9;at org.eclipse.epsilon.emc.emf.EmfModel.determinePackagesFrom[EmfModel.java:266]&#10;&#9;at org.eclipse.epsilon.emc.emf.EmfModel.loadModelFromUri[EmfModel.java:214]&#10;&#9;at org.eclipse.epsilon.emc.emf.EmfModel.loadModel[EmfModel.java:161]&#10;&#9;at org.eclipse.epsilon.eol.models.CachedModel.load[CachedModel.java:147]&#10;&#9;at org.eclipse.epsilon.emc.emf.EmfModel.load[EmfModel.java:127]&#10;&#9;at org.eclipse.epsilon.workflow.tasks.emf.LoadEmfModel.executeImpl[LoadEmfModel.java:67]&#10;&#9;at org.eclipse.epsilon.workflow.tasks.EpsilonTask.execute[EpsilonTask.java:40]&#10;&#9;at org.apache.tools.ant.UnknownElement.execute[UnknownElement.java:291]&#10;&#9;at sun.reflect.GeneratedMethodAccessor101.invoke[Unknown Source]&#10;&#9;at sun.reflect.DelegatingMethodAccessorImpl.invoke[DelegatingMethodAccessorImpl.java:43]&#10;&#9;at java.lang.reflect.Method.invoke[Method.java:616]&#10;&#9;at org.apache.tools.ant.dispatch.DispatchUtils.execute[DispatchUtils.java:106]&#10;&#9;at org.apache.tools.ant.Task.perform[Task.java:348]&#10;&#9;at org.apache.tools.ant.taskdefs.Sequential.execute[Sequential.java:68]&#10;&#9;at org.apache.tools.ant.UnknownElement.execute[UnknownElement.java:291]&#10;&#9;at sun.reflect.GeneratedMethodAccessor101.invoke[Unknown Source]&#10;&#9;at sun.reflect.DelegatingMethodAccessorImpl.invoke[DelegatingMethodAccessorImpl.java:43]&#10;&#9;at java.lang.reflect.Method.invoke[Method.java:616]&#10;&#9;at org.apache.tools.ant.dispatch.DispatchUtils.execute[DispatchUtils.java:106]&#10;&#9;at org.apache.tools.ant.Task.perform[Task.java:348]&#10;&#9;at org.apache.tools.ant.taskdefs.MacroInstance.execute[MacroInstance.java:398]&#10;&#9;at org.apache.tools.ant.UnknownElement.execute[UnknownElement.java:291]&#10;&#9;at sun.reflect.GeneratedMethodAccessor101.invoke[Unknown Source]&#10;&#9;at sun.reflect.DelegatingMethodAccessorImpl.invoke[DelegatingMethodAccessorImpl.java:43]&#10;&#9;at java.lang.reflect.Method.invoke[Method.java:616]&#10;&#9;at org.apache.tools.ant.dispatch.DispatchUtils.execute[DispatchUtils.java:106]&#10;&#9;at org.apache.tools.ant.Task.perform[Task.java:348]&#10;&#9;at org.eclipse.epsilon.workflow.tasks.EUnitTask$TaskCollection.run[EUnitTask.java:69]&#10;&#9;at org.eclipse.epsilon.workflow.tasks.EUnitTask.beforeCase[EUnitTask.java:218]&#10;&#9;at org.eclipse.epsilon.eunit.EUnitModule.fireBeforeCase[EUnitModule.java:507]&#10;&#9;at org.eclipse.epsilon.eunit.EUnitModule.runSuiteInternal[EUnitModule.java:318]&#10;&#9;at org.eclipse.epsilon.eunit.EUnitModule.runSuite[EUnitModule.java:164]&#10;&#9;at org.eclipse.epsilon.eunit.EUnitModule.runInnerTestCase[EUnitModule.java:361]&#10;&#9;at org.eclipse.epsilon.eunit.EUnitModule.runSuiteInternal[EUnitModule.java:339]&#10;&#9;at org.eclipse.epsilon.eunit.EUnitModule.runSuite[EUnitModule.java:164]&#10;&#9;at org.eclipse.epsilon.eunit.EUnitModule.runInnerTestCase[EUnitModule.java:361]&#10;&#9;at org.eclipse.epsilon.eunit.EUnitModule.runSuiteInternal[EUnitModule.java:339]&#10;&#9;at org.eclipse.epsilon.eunit.EUnitModule.runSuite[EUnitModule.java:164]&#10;&#9;at org.eclipse.epsilon.eunit.EUnitModule.execute[EUnitModule.java:136]&#10;&#9;at org.eclipse.epsilon.workflow.tasks.ExecutableModuleTask.executeImpl[ExecutableModuleTask.java:193]&#10;&#9;at org.eclipse.epsilon.workflow.tasks.EpsilonTask.execute[EpsilonTask.java:40]&#10;&#9;at org.apache.tools.ant.UnknownElement.execute[UnknownElement.java:291]&#10;&#9;at sun.reflect.NativeMethodAccessorImpl.invoke0[Native Method]&#10;&#9;at sun.reflect.NativeMethodAccessorImpl.invoke[NativeMethodAccessorImpl.java:57]&#10;&#9;at sun.reflect.DelegatingMethodAccessorImpl.invoke[DelegatingMethodAccessorImpl.java:43]&#10;&#9;at java.lang.reflect.Method.invoke[Method.java:616]&#10;&#9;at org.apache.tools.ant.dispatch.DispatchUtils.execute[DispatchUtils.java:106]&#10;&#9;at org.apache.tools.ant.Task.perform[Task.java:348]&#10;&#9;at org.apache.tools.ant.Target.execute[Target.java:392]&#10;&#9;at org.apache.tools.ant.Target.performTasks[Target.java:413]&#10;&#9;at org.apache.tools.ant.Project.executeSortedTargets[Project.java:1399]&#10;&#9;at org.apache.tools.ant.Project.executeTarget[Project.java:1368]&#10;&#9;at org.apache.tools.ant.helper.DefaultExecutor.executeTargets[DefaultExecutor.java:41]&#10;&#9;at org.eclipse.ant.internal.core.ant.EclipseDefaultExecutor.executeTargets[EclipseDefaultExecutor.java:32]&#10;&#9;at org.apache.tools.ant.Project.executeTargets[Project.java:1251]&#10;&#9;at org.eclipse.ant.internal.core.ant.InternalAntRunner.run[InternalAntRunner.java:672]&#10;&#9;at org.eclipse.ant.internal.core.ant.InternalAntRunner.run[InternalAntRunner.java:498]&#10;&#9;at sun.reflect.NativeMethodAccessorImpl.invoke0[Native Method]&#10;&#9;at sun.reflect.NativeMethodAccessorImpl.invoke[NativeMethodAccessorImpl.java:57]&#10;&#9;at sun.reflect.DelegatingMethodAccessorImpl.invoke[DelegatingMethodAccessorImpl.java:43]&#10;&#9;at java.lang.reflect.Method.invoke[Method.java:616]&#10;&#9;at org.eclipse.ant.core.AntRunner.run[AntRunner.java:378]&#10;&#9;at org.eclipse.ant.internal.launching.launchConfigurations.AntLaunchDelegate$1.run[AntLaunchDelegate.java:298]&#10;&#9;at java.lang.Thread.run[Thread.java:679]&#10;" type="org.apache.tools.ant.BuildException">/home/antonio/Documents/sodmt/workspace-metamodels/es.uca.modeling.eol.tests/eunit.xml:34: The following error occurred while executing this line:
/home/antonio/Documents/sodmt/workspace-metamodels/es.uca.modeling.eol.tests/eunit.xml:17: Internal error: java.lang.IllegalArgumentException: Could not locate a metamodel with the URI 'www.uca.es/modeling/serviceProcess'. Please ensure that this metamodel has been registered with Epsilon.
	at org.eclipse.epsilon.emc.emf.EmfModel.determinePackagesFrom[EmfModel.java:266]
	at org.eclipse.epsilon.emc.emf.EmfModel.loadModelFromUri[EmfModel.java:214]
	at org.eclipse.epsilon.emc.emf.EmfModel.loadModel[EmfModel.java:161]
	at org.eclipse.epsilon.eol.models.CachedModel.load[CachedModel.java:147]
	at org.eclipse.epsilon.emc.emf.EmfModel.load[EmfModel.java:127]
	at org.eclipse.epsilon.workflow.tasks.emf.LoadEmfModel.executeImpl[LoadEmfModel.java:67]
	at org.eclipse.epsilon.workflow.tasks.EpsilonTask.execute[EpsilonTask.java:40]
	at org.apache.tools.ant.UnknownElement.execute[UnknownElement.java:291]
	at sun.reflect.GeneratedMethodAccessor101.invoke[Unknown Source]
	at sun.reflect.DelegatingMethodAccessorImpl.invoke[DelegatingMethodAccessorImpl.java:43]
	at java.lang.reflect.Method.invoke[Method.java:616]
	at org.apache.tools.ant.dispatch.DispatchUtils.execute[DispatchUtils.java:106]
	at org.apache.tools.ant.Task.perform[Task.java:348]
	at org.apache.tools.ant.taskdefs.Sequential.execute[Sequential.java:68]
	at org.apache.tools.ant.UnknownElement.execute[UnknownElement.java:291]
	at sun.reflect.GeneratedMethodAccessor101.invoke[Unknown Source]
	at sun.reflect.DelegatingMethodAccessorImpl.invoke[DelegatingMethodAccessorImpl.java:43]
	at java.lang.reflect.Method.invoke[Method.java:616]
	at org.apache.tools.ant.dispatch.DispatchUtils.execute[DispatchUtils.java:106]
	at org.apache.tools.ant.Task.perform[Task.java:348]
	at org.apache.tools.ant.taskdefs.MacroInstance.execute[MacroInstance.java:398]
	at org.apache.tools.ant.UnknownElement.execute[UnknownElement.java:291]
	at sun.reflect.GeneratedMethodAccessor101.invoke[Unknown Source]
	at sun.reflect.DelegatingMethodAccessorImpl.invoke[DelegatingMethodAccessorImpl.java:43]
	at java.lang.reflect.Method.invoke[Method.java:616]
	at org.apache.tools.ant.dispatch.DispatchUtils.execute[DispatchUtils.java:106]
	at org.apache.tools.ant.Task.perform[Task.java:348]
	at org.eclipse.epsilon.workflow.tasks.EUnitTask$TaskCollection.run[EUnitTask.java:69]
	at org.eclipse.epsilon.workflow.tasks.EUnitTask.beforeCase[EUnitTask.java:218]
	at org.eclipse.epsilon.eunit.EUnitModule.fireBeforeCase[EUnitModule.java:507]
	at org.eclipse.epsilon.eunit.EUnitModule.runSuiteInternal[EUnitModule.java:318]
	at org.eclipse.epsilon.eunit.EUnitModule.runSuite[EUnitModule.java:164]
	at org.eclipse.epsilon.eunit.EUnitModule.runInnerTestCase[EUnitModule.java:361]
	at org.eclipse.epsilon.eunit.EUnitModule.runSuiteInternal[EUnitModule.java:339]
	at org.eclipse.epsilon.eunit.EUnitModule.runSuite[EUnitModule.java:164]
	at org.eclipse.epsilon.eunit.EUnitModule.runInnerTestCase[EUnitModule.java:361]
	at org.eclipse.epsilon.eunit.EUnitModule.runSuiteInternal[EUnitModule.java:339]
	at org.eclipse.epsilon.eunit.EUnitModule.runSuite[EUnitModule.java:164]
	at org.eclipse.epsilon.eunit.EUnitModule.execute[EUnitModule.java:136]
	at org.eclipse.epsilon.workflow.tasks.ExecutableModuleTask.executeImpl[ExecutableModuleTask.java:193]
	at org.eclipse.epsilon.workflow.tasks.EpsilonTask.execute[EpsilonTask.java:40]
	at org.apache.tools.ant.UnknownElement.execute[UnknownElement.java:291]
	at sun.reflect.NativeMethodAccessorImpl.invoke0[Native Method]
	at sun.reflect.NativeMethodAccessorImpl.invoke[NativeMethodAccessorImpl.java:57]
	at sun.reflect.DelegatingMethodAccessorImpl.invoke[DelegatingMethodAccessorImpl.java:43]
	at java.lang.reflect.Method.invoke[Method.java:616]
	at org.apache.tools.ant.dispatch.DispatchUtils.execute[DispatchUtils.java:106]
	at org.apache.tools.ant.Task.perform[Task.java:348]
	at org.apache.tools.ant.Target.execute[Target.java:392]
	at org.apache.tools.ant.Target.performTasks[Target.java:413]
	at org.apache.tools.ant.Project.executeSortedTargets[Project.java:1399]
	at org.apache.tools.ant.Project.executeTarget[Project.java:1368]
	at org.apache.tools.ant.helper.DefaultExecutor.executeTargets[DefaultExecutor.java:41]
	at org.eclipse.ant.internal.core.ant.EclipseDefaultExecutor.executeTargets[EclipseDefaultExecutor.java:32]
	at org.apache.tools.ant.Project.executeTargets[Project.java:1251]
	at org.eclipse.ant.internal.core.ant.InternalAntRunner.run[InternalAntRunner.java:672]
	at org.eclipse.ant.internal.core.ant.InternalAntRunner.run[InternalAntRunner.java:498]
	at sun.reflect.NativeMethodAccessorImpl.invoke0[Native Method]
	at sun.reflect.NativeMethodAccessorImpl.invoke[NativeMethodAccessorImpl.java:57]
	at sun.reflect.DelegatingMethodAccessorImpl.invoke[DelegatingMethodAccessorImpl.java:43]
	at java.lang.reflect.Method.invoke[Method.java:616]
	at org.eclipse.ant.core.AntRunner.run[AntRunner.java:378]
	at org.eclipse.ant.internal.launching.launchConfigurations.AntLaunchDelegate$1.run[AntLaunchDelegate.java:298]
	at java.lang.Thread.run[Thread.java:679]

	at org.apache.tools.ant.ProjectHelper.addLocationToBuildException(ProjectHelper.java:551)
	at org.apache.tools.ant.taskdefs.MacroInstance.execute(MacroInstance.java:401)
	at org.apache.tools.ant.UnknownElement.execute(UnknownElement.java:291)
	at sun.reflect.GeneratedMethodAccessor101.invoke(Unknown Source)
	at sun.reflect.DelegatingMethodAccessorImpl.invoke(DelegatingMethodAccessorImpl.java:43)
	at java.lang.reflect.Method.invoke(Method.java:616)
	at org.apache.tools.ant.dispatch.DispatchUtils.execute(DispatchUtils.java:106)
	at org.apache.tools.ant.Task.perform(Task.java:348)
	at org.eclipse.epsilon.workflow.tasks.EUnitTask$TaskCollection.run(EUnitTask.java:69)
	at org.eclipse.epsilon.workflow.tasks.EUnitTask.beforeCase(EUnitTask.java:218)
	at org.eclipse.epsilon.eunit.EUnitModule.fireBeforeCase(EUnitModule.java:507)
	at org.eclipse.epsilon.eunit.EUnitModule.runSuiteInternal(EUnitModule.java:318)
	at org.eclipse.epsilon.eunit.EUnitModule.runSuite(EUnitModule.java:164)
	at org.eclipse.epsilon.eunit.EUnitModule.runInnerTestCase(EUnitModule.java:361)
	at org.eclipse.epsilon.eunit.EUnitModule.runSuiteInternal(EUnitModule.java:339)
	at org.eclipse.epsilon.eunit.EUnitModule.runSuite(EUnitModule.java:164)
	at org.eclipse.epsilon.eunit.EUnitModule.runInnerTestCase(EUnitModule.java:361)
	at org.eclipse.epsilon.eunit.EUnitModule.runSuiteInternal(EUnitModule.java:339)
	at org.eclipse.epsilon.eunit.EUnitModule.runSuite(EUnitModule.java:164)
	at org.eclipse.epsilon.eunit.EUnitModule.execute(EUnitModule.java:136)
	at org.eclipse.epsilon.workflow.tasks.ExecutableModuleTask.executeImpl(ExecutableModuleTask.java:193)
	at org.eclipse.epsilon.workflow.tasks.EpsilonTask.execute(EpsilonTask.java:40)
	at org.apache.tools.ant.UnknownElement.execute(UnknownElement.java:291)
	at sun.reflect.NativeMethodAccessorImpl.invoke0(Native Method)
	at sun.reflect.NativeMethodAccessorImpl.invoke(NativeMethodAccessorImpl.java:57)
	at sun.reflect.DelegatingMethodAccessorImpl.invoke(DelegatingMethodAccessorImpl.java:43)
	at java.lang.reflect.Method.invoke(Method.java:616)
	at org.apache.tools.ant.dispatch.DispatchUtils.execute(DispatchUtils.java:106)
	at org.apache.tools.ant.Task.perform(Task.java:348)
	at org.apache.tools.ant.Target.execute(Target.java:392)
	at org.apache.tools.ant.Target.performTasks(Target.java:413)
	at org.apache.tools.ant.Project.executeSortedTargets(Project.java:1399)
	at org.apache.tools.ant.Project.executeTarget(Project.java:1368)
	at org.apache.tools.ant.helper.DefaultExecutor.executeTargets(DefaultExecutor.java:41)
	at org.eclipse.ant.internal.core.ant.EclipseDefaultExecutor.executeTargets(EclipseDefaultExecutor.java:32)
	at org.apache.tools.ant.Project.executeTargets(Project.java:1251)
	at org.eclipse.ant.internal.core.ant.InternalAntRunner.run(InternalAntRunner.java:672)
	at org.eclipse.ant.internal.core.ant.InternalAntRunner.run(InternalAntRunner.java:498)
	at sun.reflect.NativeMethodAccessorImpl.invoke0(Native Method)
	at sun.reflect.NativeMethodAccessorImpl.invoke(NativeMethodAccessorImpl.java:57)
	at sun.reflect.DelegatingMethodAccessorImpl.invoke(DelegatingMethodAccessorImpl.java:43)
	at java.lang.reflect.Method.invoke(Method.java:616)
	at org.eclipse.ant.core.AntRunner.run(AntRunner.java:378)
	at org.eclipse.ant.internal.launching.launchConfigurations.AntLaunchDelegate$1.run(AntLaunchDelegate.java:298)
	at java.lang.Thread.run(Thread.java:679)
Caused by: /home/antonio/Documents/sodmt/workspace-metamodels/es.uca.modeling.eol.tests/eunit.xml:17: Internal error: java.lang.IllegalArgumentException: Could not locate a metamodel with the URI 'www.uca.es/modeling/serviceProcess'. Please ensure that this metamodel has been registered with Epsilon.
	at org.eclipse.epsilon.emc.emf.EmfModel.determinePackagesFrom[EmfModel.java:266]
	at org.eclipse.epsilon.emc.emf.EmfModel.loadModelFromUri[EmfModel.java:214]
	at org.eclipse.epsilon.emc.emf.EmfModel.loadModel[EmfModel.java:161]
	at org.eclipse.epsilon.eol.models.CachedModel.load[CachedModel.java:147]
	at org.eclipse.epsilon.emc.emf.EmfModel.load[EmfModel.java:127]
	at org.eclipse.epsilon.workflow.tasks.emf.LoadEmfModel.executeImpl[LoadEmfModel.java:67]
	at org.eclipse.epsilon.workflow.tasks.EpsilonTask.execute[EpsilonTask.java:40]
	at org.apache.tools.ant.UnknownElement.execute[UnknownElement.java:291]
	at sun.reflect.GeneratedMethodAccessor101.invoke[Unknown Source]
	at sun.reflect.DelegatingMethodAccessorImpl.invoke[DelegatingMethodAccessorImpl.java:43]
	at java.lang.reflect.Method.invoke[Method.java:616]
	at org.apache.tools.ant.dispatch.DispatchUtils.execute[DispatchUtils.java:106]
	at org.apache.tools.ant.Task.perform[Task.java:348]
	at org.apache.tools.ant.taskdefs.Sequential.execute[Sequential.java:68]
	at org.apache.tools.ant.UnknownElement.execute[UnknownElement.java:291]
	at sun.reflect.GeneratedMethodAccessor101.invoke[Unknown Source]
	at sun.reflect.DelegatingMethodAccessorImpl.invoke[DelegatingMethodAccessorImpl.java:43]
	at java.lang.reflect.Method.invoke[Method.java:616]
	at org.apache.tools.ant.dispatch.DispatchUtils.execute[DispatchUtils.java:106]
	at org.apache.tools.ant.Task.perform[Task.java:348]
	at org.apache.tools.ant.taskdefs.MacroInstance.execute[MacroInstance.java:398]
	at org.apache.tools.ant.UnknownElement.execute[UnknownElement.java:291]
	at sun.reflect.GeneratedMethodAccessor101.invoke[Unknown Source]
	at sun.reflect.DelegatingMethodAccessorImpl.invoke[DelegatingMethodAccessorImpl.java:43]
	at java.lang.reflect.Method.invoke[Method.java:616]
	at org.apache.tools.ant.dispatch.DispatchUtils.execute[DispatchUtils.java:106]
	at org.apache.tools.ant.Task.perform[Task.java:348]
	at org.eclipse.epsilon.workflow.tasks.EUnitTask$TaskCollection.run[EUnitTask.java:69]
	at org.eclipse.epsilon.workflow.tasks.EUnitTask.beforeCase[EUnitTask.java:218]
	at org.eclipse.epsilon.eunit.EUnitModule.fireBeforeCase[EUnitModule.java:507]
	at org.eclipse.epsilon.eunit.EUnitModule.runSuiteInternal[EUnitModule.java:318]
	at org.eclipse.epsilon.eunit.EUnitModule.runSuite[EUnitModule.java:164]
	at org.eclipse.epsilon.eunit.EUnitModule.runInnerTestCase[EUnitModule.java:361]
	at org.eclipse.epsilon.eunit.EUnitModule.runSuiteInternal[EUnitModule.java:339]
	at org.eclipse.epsilon.eunit.EUnitModule.runSuite[EUnitModule.java:164]
	at org.eclipse.epsilon.eunit.EUnitModule.runInnerTestCase[EUnitModule.java:361]
	at org.eclipse.epsilon.eunit.EUnitModule.runSuiteInternal[EUnitModule.java:339]
	at org.eclipse.epsilon.eunit.EUnitModule.runSuite[EUnitModule.java:164]
	at org.eclipse.epsilon.eunit.EUnitModule.execute[EUnitModule.java:136]
	at org.eclipse.epsilon.workflow.tasks.ExecutableModuleTask.executeImpl[ExecutableModuleTask.java:193]
	at org.eclipse.epsilon.workflow.tasks.EpsilonTask.execute[EpsilonTask.java:40]
	at org.apache.tools.ant.UnknownElement.execute[UnknownElement.java:291]
	at sun.reflect.NativeMethodAccessorImpl.invoke0[Native Method]
	at sun.reflect.NativeMethodAccessorImpl.invoke[NativeMethodAccessorImpl.java:57]
	at sun.reflect.DelegatingMethodAccessorImpl.invoke[DelegatingMethodAccessorImpl.java:43]
	at java.lang.reflect.Method.invoke[Method.java:616]
	at org.apache.tools.ant.dispatch.DispatchUtils.execute[DispatchUtils.java:106]
	at org.apache.tools.ant.Task.perform[Task.java:348]
	at org.apache.tools.ant.Target.execute[Target.java:392]
	at org.apache.tools.ant.Target.performTasks[Target.java:413]
	at org.apache.tools.ant.Project.executeSortedTargets[Project.java:1399]
	at org.apache.tools.ant.Project.executeTarget[Project.java:1368]
	at org.apache.tools.ant.helper.DefaultExecutor.executeTargets[DefaultExecutor.java:41]
	at org.eclipse.ant.internal.core.ant.EclipseDefaultExecutor.executeTargets[EclipseDefaultExecutor.java:32]
	at org.apache.tools.ant.Project.executeTargets[Project.java:1251]
	at org.eclipse.ant.internal.core.ant.InternalAntRunner.run[InternalAntRunner.java:672]
	at org.eclipse.ant.internal.core.ant.InternalAntRunner.run[InternalAntRunner.java:498]
	at sun.reflect.NativeMethodAccessorImpl.invoke0[Native Method]
	at sun.reflect.NativeMethodAccessorImpl.invoke[NativeMethodAccessorImpl.java:57]
	at sun.reflect.DelegatingMethodAccessorImpl.invoke[DelegatingMethodAccessorImpl.java:43]
	at java.lang.reflect.Method.invoke[Method.java:616]
	at org.eclipse.ant.core.AntRunner.run[AntRunner.java:378]
	at org.eclipse.ant.internal.launching.launchConfigurations.AntLaunchDelegate$1.run[AntLaunchDelegate.java:298]
	at java.lang.Thread.run[Thread.java:679]

	at org.eclipse.epsilon.workflow.tasks.emf.LoadEmfModel.executeImpl(LoadEmfModel.java:71)
	at org.eclipse.epsilon.workflow.tasks.EpsilonTask.execute(EpsilonTask.java:40)
	at org.apache.tools.ant.UnknownElement.execute(UnknownElement.java:291)
	at sun.reflect.GeneratedMethodAccessor101.invoke(Unknown Source)
	at sun.reflect.DelegatingMethodAccessorImpl.invoke(DelegatingMethodAccessorImpl.java:43)
	at java.lang.reflect.Method.invoke(Method.java:616)
	at org.apache.tools.ant.dispatch.DispatchUtils.execute(DispatchUtils.java:106)
	at org.apache.tools.ant.Task.perform(Task.java:348)
	at org.apache.tools.ant.taskdefs.Sequential.execute(Sequential.java:68)
	at org.apache.tools.ant.UnknownElement.execute(UnknownElement.java:291)
	at sun.reflect.GeneratedMethodAccessor101.invoke(Unknown Source)
	at sun.reflect.DelegatingMethodAccessorImpl.invoke(DelegatingMethodAccessorImpl.java:43)
	at java.lang.reflect.Method.invoke(Method.java:616)
	at org.apache.tools.ant.dispatch.DispatchUtils.execute(DispatchUtils.java:106)
	at org.apache.tools.ant.Task.perform(Task.java:348)
	at org.apache.tools.ant.taskdefs.MacroInstance.execute(MacroInstance.java:398)
	... 43 more
Caused by: Internal error: java.lang.IllegalArgumentException: Could not locate a metamodel with the URI 'www.uca.es/modeling/serviceProcess'. Please ensure that this metamodel has been registered with Epsilon.
	at org.eclipse.epsilon.emc.emf.EmfModel.determinePackagesFrom[EmfModel.java:266]
	at org.eclipse.epsilon.emc.emf.EmfModel.loadModelFromUri[EmfModel.java:214]
	at org.eclipse.epsilon.emc.emf.EmfModel.loadModel[EmfModel.java:161]
	at org.eclipse.epsilon.eol.models.CachedModel.load[CachedModel.java:147]
	at org.eclipse.epsilon.emc.emf.EmfModel.load[EmfModel.java:127]
	at org.eclipse.epsilon.workflow.tasks.emf.LoadEmfModel.executeImpl[LoadEmfModel.java:67]
	at org.eclipse.epsilon.workflow.tasks.EpsilonTask.execute[EpsilonTask.java:40]
	at org.apache.tools.ant.UnknownElement.execute[UnknownElement.java:291]
	at sun.reflect.GeneratedMethodAccessor101.invoke[Unknown Source]
	at sun.reflect.DelegatingMethodAccessorImpl.invoke[DelegatingMethodAccessorImpl.java:43]
	at java.lang.reflect.Method.invoke[Method.java:616]
	at org.apache.tools.ant.dispatch.DispatchUtils.execute[DispatchUtils.java:106]
	at org.apache.tools.ant.Task.perform[Task.java:348]
	at org.apache.tools.ant.taskdefs.Sequential.execute[Sequential.java:68]
	at org.apache.tools.ant.UnknownElement.execute[UnknownElement.java:291]
	at sun.reflect.GeneratedMethodAccessor101.invoke[Unknown Source]
	at sun.reflect.DelegatingMethodAccessorImpl.invoke[DelegatingMethodAccessorImpl.java:43]
	at java.lang.reflect.Method.invoke[Method.java:616]
	at org.apache.tools.ant.dispatch.DispatchUtils.execute[DispatchUtils.java:106]
	at org.apache.tools.ant.Task.perform[Task.java:348]
	at org.apache.tools.ant.taskdefs.MacroInstance.execute[MacroInstance.java:398]
	at org.apache.tools.ant.UnknownElement.execute[UnknownElement.java:291]
	at sun.reflect.GeneratedMethodAccessor101.invoke[Unknown Source]
	at sun.reflect.DelegatingMethodAccessorImpl.invoke[DelegatingMethodAccessorImpl.java:43]
	at java.lang.reflect.Method.invoke[Method.java:616]
	at org.apache.tools.ant.dispatch.DispatchUtils.execute[DispatchUtils.java:106]
	at org.apache.tools.ant.Task.perform[Task.java:348]
	at org.eclipse.epsilon.workflow.tasks.EUnitTask$TaskCollection.run[EUnitTask.java:69]
	at org.eclipse.epsilon.workflow.tasks.EUnitTask.beforeCase[EUnitTask.java:218]
	at org.eclipse.epsilon.eunit.EUnitModule.fireBeforeCase[EUnitModule.java:507]
	at org.eclipse.epsilon.eunit.EUnitModule.runSuiteInternal[EUnitModule.java:318]
	at org.eclipse.epsilon.eunit.EUnitModule.runSuite[EUnitModule.java:164]
	at org.eclipse.epsilon.eunit.EUnitModule.runInnerTestCase[EUnitModule.java:361]
	at org.eclipse.epsilon.eunit.EUnitModule.runSuiteInternal[EUnitModule.java:339]
	at org.eclipse.epsilon.eunit.EUnitModule.runSuite[EUnitModule.java:164]
	at org.eclipse.epsilon.eunit.EUnitModule.runInnerTestCase[EUnitModule.java:361]
	at org.eclipse.epsilon.eunit.EUnitModule.runSuiteInternal[EUnitModule.java:339]
	at org.eclipse.epsilon.eunit.EUnitModule.runSuite[EUnitModule.java:164]
	at org.eclipse.epsilon.eunit.EUnitModule.execute[EUnitModule.java:136]
	at org.eclipse.epsilon.workflow.tasks.ExecutableModuleTask.executeImpl[ExecutableModuleTask.java:193]
	at org.eclipse.epsilon.workflow.tasks.EpsilonTask.execute[EpsilonTask.java:40]
	at org.apache.tools.ant.UnknownElement.execute[UnknownElement.java:291]
	at sun.reflect.NativeMethodAccessorImpl.invoke0[Native Method]
	at sun.reflect.NativeMethodAccessorImpl.invoke[NativeMethodAccessorImpl.java:57]
	at sun.reflect.DelegatingMethodAccessorImpl.invoke[DelegatingMethodAccessorImpl.java:43]
	at java.lang.reflect.Method.invoke[Method.java:616]
	at org.apache.tools.ant.dispatch.DispatchUtils.execute[DispatchUtils.java:106]
	at org.apache.tools.ant.Task.perform[Task.java:348]
	at org.apache.tools.ant.Target.execute[Target.java:392]
	at org.apache.tools.ant.Target.performTasks[Target.java:413]
	at org.apache.tools.ant.Project.executeSortedTargets[Project.java:1399]
	at org.apache.tools.ant.Project.executeTarget[Project.java:1368]
	at org.apache.tools.ant.helper.DefaultExecutor.executeTargets[DefaultExecutor.java:41]
	at org.eclipse.ant.internal.core.ant.EclipseDefaultExecutor.executeTargets[EclipseDefaultExecutor.java:32]
	at org.apache.tools.ant.Project.executeTargets[Project.java:1251]
	at org.eclipse.ant.internal.core.ant.InternalAntRunner.run[InternalAntRunner.java:672]
	at org.eclipse.ant.internal.core.ant.InternalAntRunner.run[InternalAntRunner.java:498]
	at sun.reflect.NativeMethodAccessorImpl.invoke0[Native Method]
	at sun.reflect.NativeMethodAccessorImpl.invoke[NativeMethodAccessorImpl.java:57]
	at sun.reflect.DelegatingMethodAccessorImpl.invoke[DelegatingMethodAccessorImpl.java:43]
	at java.lang.reflect.Method.invoke[Method.java:616]
	at org.eclipse.ant.core.AntRunner.run[AntRunner.java:378]
	at org.eclipse.ant.internal.launching.launchConfigurations.AntLaunchDelegate$1.run[AntLaunchDelegate.java:298]
	at java.lang.Thread.run[Thread.java:679]

	at org.eclipse.epsilon.emc.emf.EmfModel.determinePackagesFrom(EmfModel.java:266)
	at org.eclipse.epsilon.emc.emf.EmfModel.loadModelFromUri(EmfModel.java:214)
	at org.eclipse.epsilon.emc.emf.EmfModel.loadModel(EmfModel.java:161)
	at org.eclipse.epsilon.eol.models.CachedModel.load(CachedModel.java:147)
	at org.eclipse.epsilon.emc.emf.EmfModel.load(EmfModel.java:127)
	at org.eclipse.epsilon.workflow.tasks.emf.LoadEmfModel.executeImpl(LoadEmfModel.java:67)
	... 58 more
Caused by: java.lang.IllegalArgumentException: Could not locate a metamodel with the URI 'www.uca.es/modeling/serviceProcess'. Please ensure that this metamodel has been registered with Epsilon.
	... 64 more
</error></testcase><testcase classname="sodmt.adhoc.eol.tlimits.eunit" name="twoDipoles[2]" time="0.00600000"><error message="The following error occurred while executing this line:&#10;/home/antonio/Documents/sodmt/workspace-metamodels/es.uca.modeling.eol.tests/eunit.xml:17: Internal error: java.lang.IllegalArgumentException: Could not locate a metamodel with the URI 'www.uca.es/modeling/serviceProcess'. Please ensure that this metamodel has been registered with Epsilon.&#10;&#9;at org.eclipse.epsilon.emc.emf.EmfModel.determinePackagesFrom[EmfModel.java:266]&#10;&#9;at org.eclipse.epsilon.emc.emf.EmfModel.loadModelFromUri[EmfModel.java:214]&#10;&#9;at org.eclipse.epsilon.emc.emf.EmfModel.loadModel[EmfModel.java:161]&#10;&#9;at org.eclipse.epsilon.eol.models.CachedModel.load[CachedModel.java:147]&#10;&#9;at org.eclipse.epsilon.emc.emf.EmfModel.load[EmfModel.java:127]&#10;&#9;at org.eclipse.epsilon.workflow.tasks.emf.LoadEmfModel.executeImpl[LoadEmfModel.java:67]&#10;&#9;at org.eclipse.epsilon.workflow.tasks.EpsilonTask.execute[EpsilonTask.java:40]&#10;&#9;at org.apache.tools.ant.UnknownElement.execute[UnknownElement.java:291]&#10;&#9;at sun.reflect.GeneratedMethodAccessor101.invoke[Unknown Source]&#10;&#9;at sun.reflect.DelegatingMethodAccessorImpl.invoke[DelegatingMethodAccessorImpl.java:43]&#10;&#9;at java.lang.reflect.Method.invoke[Method.java:616]&#10;&#9;at org.apache.tools.ant.dispatch.DispatchUtils.execute[DispatchUtils.java:106]&#10;&#9;at org.apache.tools.ant.Task.perform[Task.java:348]&#10;&#9;at org.apache.tools.ant.taskdefs.Sequential.execute[Sequential.java:68]&#10;&#9;at org.apache.tools.ant.UnknownElement.execute[UnknownElement.java:291]&#10;&#9;at sun.reflect.GeneratedMethodAccessor101.invoke[Unknown Source]&#10;&#9;at sun.reflect.DelegatingMethodAccessorImpl.invoke[DelegatingMethodAccessorImpl.java:43]&#10;&#9;at java.lang.reflect.Method.invoke[Method.java:616]&#10;&#9;at org.apache.tools.ant.dispatch.DispatchUtils.execute[DispatchUtils.java:106]&#10;&#9;at org.apache.tools.ant.Task.perform[Task.java:348]&#10;&#9;at org.apache.tools.ant.taskdefs.MacroInstance.execute[MacroInstance.java:398]&#10;&#9;at org.apache.tools.ant.UnknownElement.execute[UnknownElement.java:291]&#10;&#9;at sun.reflect.GeneratedMethodAccessor101.invoke[Unknown Source]&#10;&#9;at sun.reflect.DelegatingMethodAccessorImpl.invoke[DelegatingMethodAccessorImpl.java:43]&#10;&#9;at java.lang.reflect.Method.invoke[Method.java:616]&#10;&#9;at org.apache.tools.ant.dispatch.DispatchUtils.execute[DispatchUtils.java:106]&#10;&#9;at org.apache.tools.ant.Task.perform[Task.java:348]&#10;&#9;at org.eclipse.epsilon.workflow.tasks.EUnitTask$TaskCollection.run[EUnitTask.java:69]&#10;&#9;at org.eclipse.epsilon.workflow.tasks.EUnitTask.beforeCase[EUnitTask.java:218]&#10;&#9;at org.eclipse.epsilon.eunit.EUnitModule.fireBeforeCase[EUnitModule.java:507]&#10;&#9;at org.eclipse.epsilon.eunit.EUnitModule.runSuiteInternal[EUnitModule.java:318]&#10;&#9;at org.eclipse.epsilon.eunit.EUnitModule.runSuite[EUnitModule.java:164]&#10;&#9;at org.eclipse.epsilon.eunit.EUnitModule.runInnerTestCase[EUnitModule.java:361]&#10;&#9;at org.eclipse.epsilon.eunit.EUnitModule.runSuiteInternal[EUnitModule.java:339]&#10;&#9;at org.eclipse.epsilon.eunit.EUnitModule.runSuite[EUnitModule.java:164]&#10;&#9;at org.eclipse.epsilon.eunit.EUnitModule.runInnerTestCase[EUnitModule.java:361]&#10;&#9;at org.eclipse.epsilon.eunit.EUnitModule.runSuiteInternal[EUnitModule.java:339]&#10;&#9;at org.eclipse.epsilon.eunit.EUnitModule.runSuite[EUnitModule.java:164]&#10;&#9;at org.eclipse.epsilon.eunit.EUnitModule.execute[EUnitModule.java:136]&#10;&#9;at org.eclipse.epsilon.workflow.tasks.ExecutableModuleTask.executeImpl[ExecutableModuleTask.java:193]&#10;&#9;at org.eclipse.epsilon.workflow.tasks.EpsilonTask.execute[EpsilonTask.java:40]&#10;&#9;at org.apache.tools.ant.UnknownElement.execute[UnknownElement.java:291]&#10;&#9;at sun.reflect.NativeMethodAccessorImpl.invoke0[Native Method]&#10;&#9;at sun.reflect.NativeMethodAccessorImpl.invoke[NativeMethodAccessorImpl.java:57]&#10;&#9;at sun.reflect.DelegatingMethodAccessorImpl.invoke[DelegatingMethodAccessorImpl.java:43]&#10;&#9;at java.lang.reflect.Method.invoke[Method.java:616]&#10;&#9;at org.apache.tools.ant.dispatch.DispatchUtils.execute[DispatchUtils.java:106]&#10;&#9;at org.apache.tools.ant.Task.perform[Task.java:348]&#10;&#9;at org.apache.tools.ant.Target.execute[Target.java:392]&#10;&#9;at org.apache.tools.ant.Target.performTasks[Target.java:413]&#10;&#9;at org.apache.tools.ant.Project.executeSortedTargets[Project.java:1399]&#10;&#9;at org.apache.tools.ant.Project.executeTarget[Project.java:1368]&#10;&#9;at org.apache.tools.ant.helper.DefaultExecutor.executeTargets[DefaultExecutor.java:41]&#10;&#9;at org.eclipse.ant.internal.core.ant.EclipseDefaultExecutor.executeTargets[EclipseDefaultExecutor.java:32]&#10;&#9;at org.apache.tools.ant.Project.executeTargets[Project.java:1251]&#10;&#9;at org.eclipse.ant.internal.core.ant.InternalAntRunner.run[InternalAntRunner.java:672]&#10;&#9;at org.eclipse.ant.internal.core.ant.InternalAntRunner.run[InternalAntRunner.java:498]&#10;&#9;at sun.reflect.NativeMethodAccessorImpl.invoke0[Native Method]&#10;&#9;at sun.reflect.NativeMethodAccessorImpl.invoke[NativeMethodAccessorImpl.java:57]&#10;&#9;at sun.reflect.DelegatingMethodAccessorImpl.invoke[DelegatingMethodAccessorImpl.java:43]&#10;&#9;at java.lang.reflect.Method.invoke[Method.java:616]&#10;&#9;at org.eclipse.ant.core.AntRunner.run[AntRunner.java:378]&#10;&#9;at org.eclipse.ant.internal.launching.launchConfigurations.AntLaunchDelegate$1.run[AntLaunchDelegate.java:298]&#10;&#9;at java.lang.Thread.run[Thread.java:679]&#10;" type="org.apache.tools.ant.BuildException">/home/antonio/Documents/sodmt/workspace-metamodels/es.uca.modeling.eol.tests/eunit.xml:34: The following error occurred while executing this line:
/home/antonio/Documents/sodmt/workspace-metamodels/es.uca.modeling.eol.tests/eunit.xml:17: Internal error: java.lang.IllegalArgumentException: Could not locate a metamodel with the URI 'www.uca.es/modeling/serviceProcess'. Please ensure that this metamodel has been registered with Epsilon.
	at org.eclipse.epsilon.emc.emf.EmfModel.determinePackagesFrom[EmfModel.java:266]
	at org.eclipse.epsilon.emc.emf.EmfModel.loadModelFromUri[EmfModel.java:214]
	at org.eclipse.epsilon.emc.emf.EmfModel.loadModel[EmfModel.java:161]
	at org.eclipse.epsilon.eol.models.CachedModel.load[CachedModel.java:147]
	at org.eclipse.epsilon.emc.emf.EmfModel.load[EmfModel.java:127]
	at org.eclipse.epsilon.workflow.tasks.emf.LoadEmfModel.executeImpl[LoadEmfModel.java:67]
	at org.eclipse.epsilon.workflow.tasks.EpsilonTask.execute[EpsilonTask.java:40]
	at org.apache.tools.ant.UnknownElement.execute[UnknownElement.java:291]
	at sun.reflect.GeneratedMethodAccessor101.invoke[Unknown Source]
	at sun.reflect.DelegatingMethodAccessorImpl.invoke[DelegatingMethodAccessorImpl.java:43]
	at java.lang.reflect.Method.invoke[Method.java:616]
	at org.apache.tools.ant.dispatch.DispatchUtils.execute[DispatchUtils.java:106]
	at org.apache.tools.ant.Task.perform[Task.java:348]
	at org.apache.tools.ant.taskdefs.Sequential.execute[Sequential.java:68]
	at org.apache.tools.ant.UnknownElement.execute[UnknownElement.java:291]
	at sun.reflect.GeneratedMethodAccessor101.invoke[Unknown Source]
	at sun.reflect.DelegatingMethodAccessorImpl.invoke[DelegatingMethodAccessorImpl.java:43]
	at java.lang.reflect.Method.invoke[Method.java:616]
	at org.apache.tools.ant.dispatch.DispatchUtils.execute[DispatchUtils.java:106]
	at org.apache.tools.ant.Task.perform[Task.java:348]
	at org.apache.tools.ant.taskdefs.MacroInstance.execute[MacroInstance.java:398]
	at org.apache.tools.ant.UnknownElement.execute[UnknownElement.java:291]
	at sun.reflect.GeneratedMethodAccessor101.invoke[Unknown Source]
	at sun.reflect.DelegatingMethodAccessorImpl.invoke[DelegatingMethodAccessorImpl.java:43]
	at java.lang.reflect.Method.invoke[Method.java:616]
	at org.apache.tools.ant.dispatch.DispatchUtils.execute[DispatchUtils.java:106]
	at org.apache.tools.ant.Task.perform[Task.java:348]
	at org.eclipse.epsilon.workflow.tasks.EUnitTask$TaskCollection.run[EUnitTask.java:69]
	at org.eclipse.epsilon.workflow.tasks.EUnitTask.beforeCase[EUnitTask.java:218]
	at org.eclipse.epsilon.eunit.EUnitModule.fireBeforeCase[EUnitModule.java:507]
	at org.eclipse.epsilon.eunit.EUnitModule.runSuiteInternal[EUnitModule.java:318]
	at org.eclipse.epsilon.eunit.EUnitModule.runSuite[EUnitModule.java:164]
	at org.eclipse.epsilon.eunit.EUnitModule.runInnerTestCase[EUnitModule.java:361]
	at org.eclipse.epsilon.eunit.EUnitModule.runSuiteInternal[EUnitModule.java:339]
	at org.eclipse.epsilon.eunit.EUnitModule.runSuite[EUnitModule.java:164]
	at org.eclipse.epsilon.eunit.EUnitModule.runInnerTestCase[EUnitModule.java:361]
	at org.eclipse.epsilon.eunit.EUnitModule.runSuiteInternal[EUnitModule.java:339]
	at org.eclipse.epsilon.eunit.EUnitModule.runSuite[EUnitModule.java:164]
	at org.eclipse.epsilon.eunit.EUnitModule.execute[EUnitModule.java:136]
	at org.eclipse.epsilon.workflow.tasks.ExecutableModuleTask.executeImpl[ExecutableModuleTask.java:193]
	at org.eclipse.epsilon.workflow.tasks.EpsilonTask.execute[EpsilonTask.java:40]
	at org.apache.tools.ant.UnknownElement.execute[UnknownElement.java:291]
	at sun.reflect.NativeMethodAccessorImpl.invoke0[Native Method]
	at sun.reflect.NativeMethodAccessorImpl.invoke[NativeMethodAccessorImpl.java:57]
	at sun.reflect.DelegatingMethodAccessorImpl.invoke[DelegatingMethodAccessorImpl.java:43]
	at java.lang.reflect.Method.invoke[Method.java:616]
	at org.apache.tools.ant.dispatch.DispatchUtils.execute[DispatchUtils.java:106]
	at org.apache.tools.ant.Task.perform[Task.java:348]
	at org.apache.tools.ant.Target.execute[Target.java:392]
	at org.apache.tools.ant.Target.performTasks[Target.java:413]
	at org.apache.tools.ant.Project.executeSortedTargets[Project.java:1399]
	at org.apache.tools.ant.Project.executeTarget[Project.java:1368]
	at org.apache.tools.ant.helper.DefaultExecutor.executeTargets[DefaultExecutor.java:41]
	at org.eclipse.ant.internal.core.ant.EclipseDefaultExecutor.executeTargets[EclipseDefaultExecutor.java:32]
	at org.apache.tools.ant.Project.executeTargets[Project.java:1251]
	at org.eclipse.ant.internal.core.ant.InternalAntRunner.run[InternalAntRunner.java:672]
	at org.eclipse.ant.internal.core.ant.InternalAntRunner.run[InternalAntRunner.java:498]
	at sun.reflect.NativeMethodAccessorImpl.invoke0[Native Method]
	at sun.reflect.NativeMethodAccessorImpl.invoke[NativeMethodAccessorImpl.java:57]
	at sun.reflect.DelegatingMethodAccessorImpl.invoke[DelegatingMethodAccessorImpl.java:43]
	at java.lang.reflect.Method.invoke[Method.java:616]
	at org.eclipse.ant.core.AntRunner.run[AntRunner.java:378]
	at org.eclipse.ant.internal.launching.launchConfigurations.AntLaunchDelegate$1.run[AntLaunchDelegate.java:298]
	at java.lang.Thread.run[Thread.java:679]

	at org.apache.tools.ant.ProjectHelper.addLocationToBuildException(ProjectHelper.java:551)
	at org.apache.tools.ant.taskdefs.MacroInstance.execute(MacroInstance.java:401)
	at org.apache.tools.ant.UnknownElement.execute(UnknownElement.java:291)
	at sun.reflect.GeneratedMethodAccessor101.invoke(Unknown Source)
	at sun.reflect.DelegatingMethodAccessorImpl.invoke(DelegatingMethodAccessorImpl.java:43)
	at java.lang.reflect.Method.invoke(Method.java:616)
	at org.apache.tools.ant.dispatch.DispatchUtils.execute(DispatchUtils.java:106)
	at org.apache.tools.ant.Task.perform(Task.java:348)
	at org.eclipse.epsilon.workflow.tasks.EUnitTask$TaskCollection.run(EUnitTask.java:69)
	at org.eclipse.epsilon.workflow.tasks.EUnitTask.beforeCase(EUnitTask.java:218)
	at org.eclipse.epsilon.eunit.EUnitModule.fireBeforeCase(EUnitModule.java:507)
	at org.eclipse.epsilon.eunit.EUnitModule.runSuiteInternal(EUnitModule.java:318)
	at org.eclipse.epsilon.eunit.EUnitModule.runSuite(EUnitModule.java:164)
	at org.eclipse.epsilon.eunit.EUnitModule.runInnerTestCase(EUnitModule.java:361)
	at org.eclipse.epsilon.eunit.EUnitModule.runSuiteInternal(EUnitModule.java:339)
	at org.eclipse.epsilon.eunit.EUnitModule.runSuite(EUnitModule.java:164)
	at org.eclipse.epsilon.eunit.EUnitModule.runInnerTestCase(EUnitModule.java:361)
	at org.eclipse.epsilon.eunit.EUnitModule.runSuiteInternal(EUnitModule.java:339)
	at org.eclipse.epsilon.eunit.EUnitModule.runSuite(EUnitModule.java:164)
	at org.eclipse.epsilon.eunit.EUnitModule.execute(EUnitModule.java:136)
	at org.eclipse.epsilon.workflow.tasks.ExecutableModuleTask.executeImpl(ExecutableModuleTask.java:193)
	at org.eclipse.epsilon.workflow.tasks.EpsilonTask.execute(EpsilonTask.java:40)
	at org.apache.tools.ant.UnknownElement.execute(UnknownElement.java:291)
	at sun.reflect.NativeMethodAccessorImpl.invoke0(Native Method)
	at sun.reflect.NativeMethodAccessorImpl.invoke(NativeMethodAccessorImpl.java:57)
	at sun.reflect.DelegatingMethodAccessorImpl.invoke(DelegatingMethodAccessorImpl.java:43)
	at java.lang.reflect.Method.invoke(Method.java:616)
	at org.apache.tools.ant.dispatch.DispatchUtils.execute(DispatchUtils.java:106)
	at org.apache.tools.ant.Task.perform(Task.java:348)
	at org.apache.tools.ant.Target.execute(Target.java:392)
	at org.apache.tools.ant.Target.performTasks(Target.java:413)
	at org.apache.tools.ant.Project.executeSortedTargets(Project.java:1399)
	at org.apache.tools.ant.Project.executeTarget(Project.java:1368)
	at org.apache.tools.ant.helper.DefaultExecutor.executeTargets(DefaultExecutor.java:41)
	at org.eclipse.ant.internal.core.ant.EclipseDefaultExecutor.executeTargets(EclipseDefaultExecutor.java:32)
	at org.apache.tools.ant.Project.executeTargets(Project.java:1251)
	at org.eclipse.ant.internal.core.ant.InternalAntRunner.run(InternalAntRunner.java:672)
	at org.eclipse.ant.internal.core.ant.InternalAntRunner.run(InternalAntRunner.java:498)
	at sun.reflect.NativeMethodAccessorImpl.invoke0(Native Method)
	at sun.reflect.NativeMethodAccessorImpl.invoke(NativeMethodAccessorImpl.java:57)
	at sun.reflect.DelegatingMethodAccessorImpl.invoke(DelegatingMethodAccessorImpl.java:43)
	at java.lang.reflect.Method.invoke(Method.java:616)
	at org.eclipse.ant.core.AntRunner.run(AntRunner.java:378)
	at org.eclipse.ant.internal.launching.launchConfigurations.AntLaunchDelegate$1.run(AntLaunchDelegate.java:298)
	at java.lang.Thread.run(Thread.java:679)
Caused by: /home/antonio/Documents/sodmt/workspace-metamodels/es.uca.modeling.eol.tests/eunit.xml:17: Internal error: java.lang.IllegalArgumentException: Could not locate a metamodel with the URI 'www.uca.es/modeling/serviceProcess'. Please ensure that this metamodel has been registered with Epsilon.
	at org.eclipse.epsilon.emc.emf.EmfModel.determinePackagesFrom[EmfModel.java:266]
	at org.eclipse.epsilon.emc.emf.EmfModel.loadModelFromUri[EmfModel.java:214]
	at org.eclipse.epsilon.emc.emf.EmfModel.loadModel[EmfModel.java:161]
	at org.eclipse.epsilon.eol.models.CachedModel.load[CachedModel.java:147]
	at org.eclipse.epsilon.emc.emf.EmfModel.load[EmfModel.java:127]
	at org.eclipse.epsilon.workflow.tasks.emf.LoadEmfModel.executeImpl[LoadEmfModel.java:67]
	at org.eclipse.epsilon.workflow.tasks.EpsilonTask.execute[EpsilonTask.java:40]
	at org.apache.tools.ant.UnknownElement.execute[UnknownElement.java:291]
	at sun.reflect.GeneratedMethodAccessor101.invoke[Unknown Source]
	at sun.reflect.DelegatingMethodAccessorImpl.invoke[DelegatingMethodAccessorImpl.java:43]
	at java.lang.reflect.Method.invoke[Method.java:616]
	at org.apache.tools.ant.dispatch.DispatchUtils.execute[DispatchUtils.java:106]
	at org.apache.tools.ant.Task.perform[Task.java:348]
	at org.apache.tools.ant.taskdefs.Sequential.execute[Sequential.java:68]
	at org.apache.tools.ant.UnknownElement.execute[UnknownElement.java:291]
	at sun.reflect.GeneratedMethodAccessor101.invoke[Unknown Source]
	at sun.reflect.DelegatingMethodAccessorImpl.invoke[DelegatingMethodAccessorImpl.java:43]
	at java.lang.reflect.Method.invoke[Method.java:616]
	at org.apache.tools.ant.dispatch.DispatchUtils.execute[DispatchUtils.java:106]
	at org.apache.tools.ant.Task.perform[Task.java:348]
	at org.apache.tools.ant.taskdefs.MacroInstance.execute[MacroInstance.java:398]
	at org.apache.tools.ant.UnknownElement.execute[UnknownElement.java:291]
	at sun.reflect.GeneratedMethodAccessor101.invoke[Unknown Source]
	at sun.reflect.DelegatingMethodAccessorImpl.invoke[DelegatingMethodAccessorImpl.java:43]
	at java.lang.reflect.Method.invoke[Method.java:616]
	at org.apache.tools.ant.dispatch.DispatchUtils.execute[DispatchUtils.java:106]
	at org.apache.tools.ant.Task.perform[Task.java:348]
	at org.eclipse.epsilon.workflow.tasks.EUnitTask$TaskCollection.run[EUnitTask.java:69]
	at org.eclipse.epsilon.workflow.tasks.EUnitTask.beforeCase[EUnitTask.java:218]
	at org.eclipse.epsilon.eunit.EUnitModule.fireBeforeCase[EUnitModule.java:507]
	at org.eclipse.epsilon.eunit.EUnitModule.runSuiteInternal[EUnitModule.java:318]
	at org.eclipse.epsilon.eunit.EUnitModule.runSuite[EUnitModule.java:164]
	at org.eclipse.epsilon.eunit.EUnitModule.runInnerTestCase[EUnitModule.java:361]
	at org.eclipse.epsilon.eunit.EUnitModule.runSuiteInternal[EUnitModule.java:339]
	at org.eclipse.epsilon.eunit.EUnitModule.runSuite[EUnitModule.java:164]
	at org.eclipse.epsilon.eunit.EUnitModule.runInnerTestCase[EUnitModule.java:361]
	at org.eclipse.epsilon.eunit.EUnitModule.runSuiteInternal[EUnitModule.java:339]
	at org.eclipse.epsilon.eunit.EUnitModule.runSuite[EUnitModule.java:164]
	at org.eclipse.epsilon.eunit.EUnitModule.execute[EUnitModule.java:136]
	at org.eclipse.epsilon.workflow.tasks.ExecutableModuleTask.executeImpl[ExecutableModuleTask.java:193]
	at org.eclipse.epsilon.workflow.tasks.EpsilonTask.execute[EpsilonTask.java:40]
	at org.apache.tools.ant.UnknownElement.execute[UnknownElement.java:291]
	at sun.reflect.NativeMethodAccessorImpl.invoke0[Native Method]
	at sun.reflect.NativeMethodAccessorImpl.invoke[NativeMethodAccessorImpl.java:57]
	at sun.reflect.DelegatingMethodAccessorImpl.invoke[DelegatingMethodAccessorImpl.java:43]
	at java.lang.reflect.Method.invoke[Method.java:616]
	at org.apache.tools.ant.dispatch.DispatchUtils.execute[DispatchUtils.java:106]
	at org.apache.tools.ant.Task.perform[Task.java:348]
	at org.apache.tools.ant.Target.execute[Target.java:392]
	at org.apache.tools.ant.Target.performTasks[Target.java:413]
	at org.apache.tools.ant.Project.executeSortedTargets[Project.java:1399]
	at org.apache.tools.ant.Project.executeTarget[Project.java:1368]
	at org.apache.tools.ant.helper.DefaultExecutor.executeTargets[DefaultExecutor.java:41]
	at org.eclipse.ant.internal.core.ant.EclipseDefaultExecutor.executeTargets[EclipseDefaultExecutor.java:32]
	at org.apache.tools.ant.Project.executeTargets[Project.java:1251]
	at org.eclipse.ant.internal.core.ant.InternalAntRunner.run[InternalAntRunner.java:672]
	at org.eclipse.ant.internal.core.ant.InternalAntRunner.run[InternalAntRunner.java:498]
	at sun.reflect.NativeMethodAccessorImpl.invoke0[Native Method]
	at sun.reflect.NativeMethodAccessorImpl.invoke[NativeMethodAccessorImpl.java:57]
	at sun.reflect.DelegatingMethodAccessorImpl.invoke[DelegatingMethodAccessorImpl.java:43]
	at java.lang.reflect.Method.invoke[Method.java:616]
	at org.eclipse.ant.core.AntRunner.run[AntRunner.java:378]
	at org.eclipse.ant.internal.launching.launchConfigurations.AntLaunchDelegate$1.run[AntLaunchDelegate.java:298]
	at java.lang.Thread.run[Thread.java:679]

	at org.eclipse.epsilon.workflow.tasks.emf.LoadEmfModel.executeImpl(LoadEmfModel.java:71)
	at org.eclipse.epsilon.workflow.tasks.EpsilonTask.execute(EpsilonTask.java:40)
	at org.apache.tools.ant.UnknownElement.execute(UnknownElement.java:291)
	at sun.reflect.GeneratedMethodAccessor101.invoke(Unknown Source)
	at sun.reflect.DelegatingMethodAccessorImpl.invoke(DelegatingMethodAccessorImpl.java:43)
	at java.lang.reflect.Method.invoke(Method.java:616)
	at org.apache.tools.ant.dispatch.DispatchUtils.execute(DispatchUtils.java:106)
	at org.apache.tools.ant.Task.perform(Task.java:348)
	at org.apache.tools.ant.taskdefs.Sequential.execute(Sequential.java:68)
	at org.apache.tools.ant.UnknownElement.execute(UnknownElement.java:291)
	at sun.reflect.GeneratedMethodAccessor101.invoke(Unknown Source)
	at sun.reflect.DelegatingMethodAccessorImpl.invoke(DelegatingMethodAccessorImpl.java:43)
	at java.lang.reflect.Method.invoke(Method.java:616)
	at org.apache.tools.ant.dispatch.DispatchUtils.execute(DispatchUtils.java:106)
	at org.apache.tools.ant.Task.perform(Task.java:348)
	at org.apache.tools.ant.taskdefs.MacroInstance.execute(MacroInstance.java:398)
	... 43 more
Caused by: Internal error: java.lang.IllegalArgumentException: Could not locate a metamodel with the URI 'www.uca.es/modeling/serviceProcess'. Please ensure that this metamodel has been registered with Epsilon.
	at org.eclipse.epsilon.emc.emf.EmfModel.determinePackagesFrom[EmfModel.java:266]
	at org.eclipse.epsilon.emc.emf.EmfModel.loadModelFromUri[EmfModel.java:214]
	at org.eclipse.epsilon.emc.emf.EmfModel.loadModel[EmfModel.java:161]
	at org.eclipse.epsilon.eol.models.CachedModel.load[CachedModel.java:147]
	at org.eclipse.epsilon.emc.emf.EmfModel.load[EmfModel.java:127]
	at org.eclipse.epsilon.workflow.tasks.emf.LoadEmfModel.executeImpl[LoadEmfModel.java:67]
	at org.eclipse.epsilon.workflow.tasks.EpsilonTask.execute[EpsilonTask.java:40]
	at org.apache.tools.ant.UnknownElement.execute[UnknownElement.java:291]
	at sun.reflect.GeneratedMethodAccessor101.invoke[Unknown Source]
	at sun.reflect.DelegatingMethodAccessorImpl.invoke[DelegatingMethodAccessorImpl.java:43]
	at java.lang.reflect.Method.invoke[Method.java:616]
	at org.apache.tools.ant.dispatch.DispatchUtils.execute[DispatchUtils.java:106]
	at org.apache.tools.ant.Task.perform[Task.java:348]
	at org.apache.tools.ant.taskdefs.Sequential.execute[Sequential.java:68]
	at org.apache.tools.ant.UnknownElement.execute[UnknownElement.java:291]
	at sun.reflect.GeneratedMethodAccessor101.invoke[Unknown Source]
	at sun.reflect.DelegatingMethodAccessorImpl.invoke[DelegatingMethodAccessorImpl.java:43]
	at java.lang.reflect.Method.invoke[Method.java:616]
	at org.apache.tools.ant.dispatch.DispatchUtils.execute[DispatchUtils.java:106]
	at org.apache.tools.ant.Task.perform[Task.java:348]
	at org.apache.tools.ant.taskdefs.MacroInstance.execute[MacroInstance.java:398]
	at org.apache.tools.ant.UnknownElement.execute[UnknownElement.java:291]
	at sun.reflect.GeneratedMethodAccessor101.invoke[Unknown Source]
	at sun.reflect.DelegatingMethodAccessorImpl.invoke[DelegatingMethodAccessorImpl.java:43]
	at java.lang.reflect.Method.invoke[Method.java:616]
	at org.apache.tools.ant.dispatch.DispatchUtils.execute[DispatchUtils.java:106]
	at org.apache.tools.ant.Task.perform[Task.java:348]
	at org.eclipse.epsilon.workflow.tasks.EUnitTask$TaskCollection.run[EUnitTask.java:69]
	at org.eclipse.epsilon.workflow.tasks.EUnitTask.beforeCase[EUnitTask.java:218]
	at org.eclipse.epsilon.eunit.EUnitModule.fireBeforeCase[EUnitModule.java:507]
	at org.eclipse.epsilon.eunit.EUnitModule.runSuiteInternal[EUnitModule.java:318]
	at org.eclipse.epsilon.eunit.EUnitModule.runSuite[EUnitModule.java:164]
	at org.eclipse.epsilon.eunit.EUnitModule.runInnerTestCase[EUnitModule.java:361]
	at org.eclipse.epsilon.eunit.EUnitModule.runSuiteInternal[EUnitModule.java:339]
	at org.eclipse.epsilon.eunit.EUnitModule.runSuite[EUnitModule.java:164]
	at org.eclipse.epsilon.eunit.EUnitModule.runInnerTestCase[EUnitModule.java:361]
	at org.eclipse.epsilon.eunit.EUnitModule.runSuiteInternal[EUnitModule.java:339]
	at org.eclipse.epsilon.eunit.EUnitModule.runSuite[EUnitModule.java:164]
	at org.eclipse.epsilon.eunit.EUnitModule.execute[EUnitModule.java:136]
	at org.eclipse.epsilon.workflow.tasks.ExecutableModuleTask.executeImpl[ExecutableModuleTask.java:193]
	at org.eclipse.epsilon.workflow.tasks.EpsilonTask.execute[EpsilonTask.java:40]
	at org.apache.tools.ant.UnknownElement.execute[UnknownElement.java:291]
	at sun.reflect.NativeMethodAccessorImpl.invoke0[Native Method]
	at sun.reflect.NativeMethodAccessorImpl.invoke[NativeMethodAccessorImpl.java:57]
	at sun.reflect.DelegatingMethodAccessorImpl.invoke[DelegatingMethodAccessorImpl.java:43]
	at java.lang.reflect.Method.invoke[Method.java:616]
	at org.apache.tools.ant.dispatch.DispatchUtils.execute[DispatchUtils.java:106]
	at org.apache.tools.ant.Task.perform[Task.java:348]
	at org.apache.tools.ant.Target.execute[Target.java:392]
	at org.apache.tools.ant.Target.performTasks[Target.java:413]
	at org.apache.tools.ant.Project.executeSortedTargets[Project.java:1399]
	at org.apache.tools.ant.Project.executeTarget[Project.java:1368]
	at org.apache.tools.ant.helper.DefaultExecutor.executeTargets[DefaultExecutor.java:41]
	at org.eclipse.ant.internal.core.ant.EclipseDefaultExecutor.executeTargets[EclipseDefaultExecutor.java:32]
	at org.apache.tools.ant.Project.executeTargets[Project.java:1251]
	at org.eclipse.ant.internal.core.ant.InternalAntRunner.run[InternalAntRunner.java:672]
	at org.eclipse.ant.internal.core.ant.InternalAntRunner.run[InternalAntRunner.java:498]
	at sun.reflect.NativeMethodAccessorImpl.invoke0[Native Method]
	at sun.reflect.NativeMethodAccessorImpl.invoke[NativeMethodAccessorImpl.java:57]
	at sun.reflect.DelegatingMethodAccessorImpl.invoke[DelegatingMethodAccessorImpl.java:43]
	at java.lang.reflect.Method.invoke[Method.java:616]
	at org.eclipse.ant.core.AntRunner.run[AntRunner.java:378]
	at org.eclipse.ant.internal.launching.launchConfigurations.AntLaunchDelegate$1.run[AntLaunchDelegate.java:298]
	at java.lang.Thread.run[Thread.java:679]

	at org.eclipse.epsilon.emc.emf.EmfModel.determinePackagesFrom(EmfModel.java:266)
	at org.eclipse.epsilon.emc.emf.EmfModel.loadModelFromUri(EmfModel.java:214)
	at org.eclipse.epsilon.emc.emf.EmfModel.loadModel(EmfModel.java:161)
	at org.eclipse.epsilon.eol.models.CachedModel.load(CachedModel.java:147)
	at org.eclipse.epsilon.emc.emf.EmfModel.load(EmfModel.java:127)
	at org.eclipse.epsilon.workflow.tasks.emf.LoadEmfModel.executeImpl(LoadEmfModel.java:67)
	... 58 more
Caused by: java.lang.IllegalArgumentException: Could not locate a metamodel with the URI 'www.uca.es/modeling/serviceProcess'. Please ensure that this metamodel has been registered with Epsilon.
	... 64 more
</error></testcase><system-out/><system-err>Test withInteger[1] {'' is 'handleOrder'} failed with status ERROR: The following error occurred while executing this line:
/home/antonio/Documents/sodmt/workspace-metamodels/es.uca.modeling.eol.tests/eunit.xml:17: Internal error: java.lang.IllegalArgumentException: Could not locate a metamodel with the URI 'www.uca.es/modeling/serviceProcess'. Please ensure that this metamodel has been registered with Epsilon.
	at org.eclipse.epsilon.emc.emf.EmfModel.determinePackagesFrom[EmfModel.java:266]
	at org.eclipse.epsilon.emc.emf.EmfModel.loadModelFromUri[EmfModel.java:214]
	at org.eclipse.epsilon.emc.emf.EmfModel.loadModel[EmfModel.java:161]
	at org.eclipse.epsilon.eol.models.CachedModel.load[CachedModel.java:147]
	at org.eclipse.epsilon.emc.emf.EmfModel.load[EmfModel.java:127]
	at org.eclipse.epsilon.workflow.tasks.emf.LoadEmfModel.executeImpl[LoadEmfModel.java:67]
	at org.eclipse.epsilon.workflow.tasks.EpsilonTask.execute[EpsilonTask.java:40]
	at org.apache.tools.ant.UnknownElement.execute[UnknownElement.java:291]
	at sun.reflect.NativeMethodAccessorImpl.invoke0[Native Method]
	at sun.reflect.NativeMethodAccessorImpl.invoke[NativeMethodAccessorImpl.java:57]
	at sun.reflect.DelegatingMethodAccessorImpl.invoke[DelegatingMethodAccessorImpl.java:43]
	at java.lang.reflect.Method.invoke[Method.java:616]
	at org.apache.tools.ant.dispatch.DispatchUtils.execute[DispatchUtils.java:106]
	at org.apache.tools.ant.Task.perform[Task.java:348]
	at org.apache.tools.ant.taskdefs.Sequential.execute[Sequential.java:68]
	at org.apache.tools.ant.UnknownElement.execute[UnknownElement.java:291]
	at sun.reflect.NativeMethodAccessorImpl.invoke0[Native Method]
	at sun.reflect.NativeMethodAccessorImpl.invoke[NativeMethodAccessorImpl.java:57]
	at sun.reflect.DelegatingMethodAccessorImpl.invoke[DelegatingMethodAccessorImpl.java:43]
	at java.lang.reflect.Method.invoke[Method.java:616]
	at org.apache.tools.ant.dispatch.DispatchUtils.execute[DispatchUtils.java:106]
	at org.apache.tools.ant.Task.perform[Task.java:348]
	at org.apache.tools.ant.taskdefs.MacroInstance.execute[MacroInstance.java:398]
	at org.apache.tools.ant.UnknownElement.execute[UnknownElement.java:291]
	at sun.reflect.NativeMethodAccessorImpl.invoke0[Native Method]
	at sun.reflect.NativeMethodAccessorImpl.invoke[NativeMethodAccessorImpl.java:57]
	at sun.reflect.DelegatingMethodAccessorImpl.invoke[DelegatingMethodAccessorImpl.java:43]
	at java.lang.reflect.Method.invoke[Method.java:616]
	at org.apache.tools.ant.dispatch.DispatchUtils.execute[DispatchUtils.java:106]
	at org.apache.tools.ant.Task.perform[Task.java:348]
	at org.eclipse.epsilon.workflow.tasks.EUnitTask$TaskCollection.run[EUnitTask.java:69]
	at org.eclipse.epsilon.workflow.tasks.EUnitTask.beforeCase[EUnitTask.java:218]
	at org.eclipse.epsilon.eunit.EUnitModule.fireBeforeCase[EUnitModule.java:507]
	at org.eclipse.epsilon.eunit.EUnitModule.runSuiteInternal[EUnitModule.java:318]
	at org.eclipse.epsilon.eunit.EUnitModule.runSuite[EUnitModule.java:164]
	at org.eclipse.epsilon.eunit.EUnitModule.runInnerTestCase[EUnitModule.java:361]
	at org.eclipse.epsilon.eunit.EUnitModule.runSuiteInternal[EUnitModule.java:339]
	at org.eclipse.epsilon.eunit.EUnitModule.runSuite[EUnitModule.java:164]
	at org.eclipse.epsilon.eunit.EUnitModule.runInnerTestCase[EUnitModule.java:361]
	at org.eclipse.epsilon.eunit.EUnitModule.runSuiteInternal[EUnitModule.java:339]
	at org.eclipse.epsilon.eunit.EUnitModule.runSuite[EUnitModule.java:164]
	at org.eclipse.epsilon.eunit.EUnitModule.execute[EUnitModule.java:136]
	at org.eclipse.epsilon.workflow.tasks.ExecutableModuleTask.executeImpl[ExecutableModuleTask.java:193]
	at org.eclipse.epsilon.workflow.tasks.EpsilonTask.execute[EpsilonTask.java:40]
	at org.apache.tools.ant.UnknownElement.execute[UnknownElement.java:291]
	at sun.reflect.NativeMethodAccessorImpl.invoke0[Native Method]
	at sun.reflect.NativeMethodAccessorImpl.invoke[NativeMethodAccessorImpl.java:57]
	at sun.reflect.DelegatingMethodAccessorImpl.invoke[DelegatingMethodAccessorImpl.java:43]
	at java.lang.reflect.Method.invoke[Method.java:616]
	at org.apache.tools.ant.dispatch.DispatchUtils.execute[DispatchUtils.java:106]
	at org.apache.tools.ant.Task.perform[Task.java:348]
	at org.apache.tools.ant.Target.execute[Target.java:392]
	at org.apache.tools.ant.Target.performTasks[Target.java:413]
	at org.apache.tools.ant.Project.executeSortedTargets[Project.java:1399]
	at org.apache.tools.ant.Project.executeTarget[Project.java:1368]
	at org.apache.tools.ant.helper.DefaultExecutor.executeTargets[DefaultExecutor.java:41]
	at org.eclipse.ant.internal.core.ant.EclipseDefaultExecutor.executeTargets[EclipseDefaultExecutor.java:32]
	at org.apache.tools.ant.Project.executeTargets[Project.java:1251]
	at org.eclipse.ant.internal.core.ant.InternalAntRunner.run[InternalAntRunner.java:672]
	at org.eclipse.ant.internal.core.ant.InternalAntRunner.run[InternalAntRunner.java:498]
	at sun.reflect.NativeMethodAccessorImpl.invoke0[Native Method]
	at sun.reflect.NativeMethodAccessorImpl.invoke[NativeMethodAccessorImpl.java:57]
	at sun.reflect.DelegatingMethodAccessorImpl.invoke[DelegatingMethodAccessorImpl.java:43]
	at java.lang.reflect.Method.invoke[Method.java:616]
	at org.eclipse.ant.core.AntRunner.run[AntRunner.java:378]
	at org.eclipse.ant.internal.launching.launchConfigurations.AntLaunchDelegate$1.run[AntLaunchDelegate.java:298]
	at java.lang.Thread.run[Thread.java:679]

Test withInteger[2] {'' is 'minimal'} failed with status ERROR: The following error occurred while executing this line:
/home/antonio/Documents/sodmt/workspace-metamodels/es.uca.modeling.eol.tests/eunit.xml:17: Internal error: java.lang.IllegalArgumentException: Could not locate a metamodel with the URI 'www.uca.es/modeling/serviceProcess'. Please ensure that this metamodel has been registered with Epsilon.
	at org.eclipse.epsilon.emc.emf.EmfModel.determinePackagesFrom[EmfModel.java:266]
	at org.eclipse.epsilon.emc.emf.EmfModel.loadModelFromUri[EmfModel.java:214]
	at org.eclipse.epsilon.emc.emf.EmfModel.loadModel[EmfModel.java:161]
	at org.eclipse.epsilon.eol.models.CachedModel.load[CachedModel.java:147]
	at org.eclipse.epsilon.emc.emf.EmfModel.load[EmfModel.java:127]
	at org.eclipse.epsilon.workflow.tasks.emf.LoadEmfModel.executeImpl[LoadEmfModel.java:67]
	at org.eclipse.epsilon.workflow.tasks.EpsilonTask.execute[EpsilonTask.java:40]
	at org.apache.tools.ant.UnknownElement.execute[UnknownElement.java:291]
	at sun.reflect.NativeMethodAccessorImpl.invoke0[Native Method]
	at sun.reflect.NativeMethodAccessorImpl.invoke[NativeMethodAccessorImpl.java:57]
	at sun.reflect.DelegatingMethodAccessorImpl.invoke[DelegatingMethodAccessorImpl.java:43]
	at java.lang.reflect.Method.invoke[Method.java:616]
	at org.apache.tools.ant.dispatch.DispatchUtils.execute[DispatchUtils.java:106]
	at org.apache.tools.ant.Task.perform[Task.java:348]
	at org.apache.tools.ant.taskdefs.Sequential.execute[Sequential.java:68]
	at org.apache.tools.ant.UnknownElement.execute[UnknownElement.java:291]
	at sun.reflect.NativeMethodAccessorImpl.invoke0[Native Method]
	at sun.reflect.NativeMethodAccessorImpl.invoke[NativeMethodAccessorImpl.java:57]
	at sun.reflect.DelegatingMethodAccessorImpl.invoke[DelegatingMethodAccessorImpl.java:43]
	at java.lang.reflect.Method.invoke[Method.java:616]
	at org.apache.tools.ant.dispatch.DispatchUtils.execute[DispatchUtils.java:106]
	at org.apache.tools.ant.Task.perform[Task.java:348]
	at org.apache.tools.ant.taskdefs.MacroInstance.execute[MacroInstance.java:398]
	at org.apache.tools.ant.UnknownElement.execute[UnknownElement.java:291]
	at sun.reflect.NativeMethodAccessorImpl.invoke0[Native Method]
	at sun.reflect.NativeMethodAccessorImpl.invoke[NativeMethodAccessorImpl.java:57]
	at sun.reflect.DelegatingMethodAccessorImpl.invoke[DelegatingMethodAccessorImpl.java:43]
	at java.lang.reflect.Method.invoke[Method.java:616]
	at org.apache.tools.ant.dispatch.DispatchUtils.execute[DispatchUtils.java:106]
	at org.apache.tools.ant.Task.perform[Task.java:348]
	at org.eclipse.epsilon.workflow.tasks.EUnitTask$TaskCollection.run[EUnitTask.java:69]
	at org.eclipse.epsilon.workflow.tasks.EUnitTask.beforeCase[EUnitTask.java:218]
	at org.eclipse.epsilon.eunit.EUnitModule.fireBeforeCase[EUnitModule.java:507]
	at org.eclipse.epsilon.eunit.EUnitModule.runSuiteInternal[EUnitModule.java:318]
	at org.eclipse.epsilon.eunit.EUnitModule.runSuite[EUnitModule.java:164]
	at org.eclipse.epsilon.eunit.EUnitModule.runInnerTestCase[EUnitModule.java:361]
	at org.eclipse.epsilon.eunit.EUnitModule.runSuiteInternal[EUnitModule.java:339]
	at org.eclipse.epsilon.eunit.EUnitModule.runSuite[EUnitModule.java:164]
	at org.eclipse.epsilon.eunit.EUnitModule.runInnerTestCase[EUnitModule.java:361]
	at org.eclipse.epsilon.eunit.EUnitModule.runSuiteInternal[EUnitModule.java:339]
	at org.eclipse.epsilon.eunit.EUnitModule.runSuite[EUnitModule.java:164]
	at org.eclipse.epsilon.eunit.EUnitModule.execute[EUnitModule.java:136]
	at org.eclipse.epsilon.workflow.tasks.ExecutableModuleTask.executeImpl[ExecutableModuleTask.java:193]
	at org.eclipse.epsilon.workflow.tasks.EpsilonTask.execute[EpsilonTask.java:40]
	at org.apache.tools.ant.UnknownElement.execute[UnknownElement.java:291]
	at sun.reflect.NativeMethodAccessorImpl.invoke0[Native Method]
	at sun.reflect.NativeMethodAccessorImpl.invoke[NativeMethodAccessorImpl.java:57]
	at sun.reflect.DelegatingMethodAccessorImpl.invoke[DelegatingMethodAccessorImpl.java:43]
	at java.lang.reflect.Method.invoke[Method.java:616]
	at org.apache.tools.ant.dispatch.DispatchUtils.execute[DispatchUtils.java:106]
	at org.apache.tools.ant.Task.perform[Task.java:348]
	at org.apache.tools.ant.Target.execute[Target.java:392]
	at org.apache.tools.ant.Target.performTasks[Target.java:413]
	at org.apache.tools.ant.Project.executeSortedTargets[Project.java:1399]
	at org.apache.tools.ant.Project.executeTarget[Project.java:1368]
	at org.apache.tools.ant.helper.DefaultExecutor.executeTargets[DefaultExecutor.java:41]
	at org.eclipse.ant.internal.core.ant.EclipseDefaultExecutor.executeTargets[EclipseDefaultExecutor.java:32]
	at org.apache.tools.ant.Project.executeTargets[Project.java:1251]
	at org.eclipse.ant.internal.core.ant.InternalAntRunner.run[InternalAntRunner.java:672]
	at org.eclipse.ant.internal.core.ant.InternalAntRunner.run[InternalAntRunner.java:498]
	at sun.reflect.NativeMethodAccessorImpl.invoke0[Native Method]
	at sun.reflect.NativeMethodAccessorImpl.invoke[NativeMethodAccessorImpl.java:57]
	at sun.reflect.DelegatingMethodAccessorImpl.invoke[DelegatingMethodAccessorImpl.java:43]
	at java.lang.reflect.Method.invoke[Method.java:616]
	at org.eclipse.ant.core.AntRunner.run[AntRunner.java:378]
	at org.eclipse.ant.internal.launching.launchConfigurations.AntLaunchDelegate$1.run[AntLaunchDelegate.java:298]
	at java.lang.Thread.run[Thread.java:679]

Test withInteger[3] {'' is 'sequence'} failed with status ERROR: The following error occurred while executing this line:
/home/antonio/Documents/sodmt/workspace-metamodels/es.uca.modeling.eol.tests/eunit.xml:17: Internal error: java.lang.IllegalArgumentException: Could not locate a metamodel with the URI 'www.uca.es/modeling/serviceProcess'. Please ensure that this metamodel has been registered with Epsilon.
	at org.eclipse.epsilon.emc.emf.EmfModel.determinePackagesFrom[EmfModel.java:266]
	at org.eclipse.epsilon.emc.emf.EmfModel.loadModelFromUri[EmfModel.java:214]
	at org.eclipse.epsilon.emc.emf.EmfModel.loadModel[EmfModel.java:161]
	at org.eclipse.epsilon.eol.models.CachedModel.load[CachedModel.java:147]
	at org.eclipse.epsilon.emc.emf.EmfModel.load[EmfModel.java:127]
	at org.eclipse.epsilon.workflow.tasks.emf.LoadEmfModel.executeImpl[LoadEmfModel.java:67]
	at org.eclipse.epsilon.workflow.tasks.EpsilonTask.execute[EpsilonTask.java:40]
	at org.apache.tools.ant.UnknownElement.execute[UnknownElement.java:291]
	at sun.reflect.NativeMethodAccessorImpl.invoke0[Native Method]
	at sun.reflect.NativeMethodAccessorImpl.invoke[NativeMethodAccessorImpl.java:57]
	at sun.reflect.DelegatingMethodAccessorImpl.invoke[DelegatingMethodAccessorImpl.java:43]
	at java.lang.reflect.Method.invoke[Method.java:616]
	at org.apache.tools.ant.dispatch.DispatchUtils.execute[DispatchUtils.java:106]
	at org.apache.tools.ant.Task.perform[Task.java:348]
	at org.apache.tools.ant.taskdefs.Sequential.execute[Sequential.java:68]
	at org.apache.tools.ant.UnknownElement.execute[UnknownElement.java:291]
	at sun.reflect.NativeMethodAccessorImpl.invoke0[Native Method]
	at sun.reflect.NativeMethodAccessorImpl.invoke[NativeMethodAccessorImpl.java:57]
	at sun.reflect.DelegatingMethodAccessorImpl.invoke[DelegatingMethodAccessorImpl.java:43]
	at java.lang.reflect.Method.invoke[Method.java:616]
	at org.apache.tools.ant.dispatch.DispatchUtils.execute[DispatchUtils.java:106]
	at org.apache.tools.ant.Task.perform[Task.java:348]
	at org.apache.tools.ant.taskdefs.MacroInstance.execute[MacroInstance.java:398]
	at org.apache.tools.ant.UnknownElement.execute[UnknownElement.java:291]
	at sun.reflect.NativeMethodAccessorImpl.invoke0[Native Method]
	at sun.reflect.NativeMethodAccessorImpl.invoke[NativeMethodAccessorImpl.java:57]
	at sun.reflect.DelegatingMethodAccessorImpl.invoke[DelegatingMethodAccessorImpl.java:43]
	at java.lang.reflect.Method.invoke[Method.java:616]
	at org.apache.tools.ant.dispatch.DispatchUtils.execute[DispatchUtils.java:106]
	at org.apache.tools.ant.Task.perform[Task.java:348]
	at org.eclipse.epsilon.workflow.tasks.EUnitTask$TaskCollection.run[EUnitTask.java:69]
	at org.eclipse.epsilon.workflow.tasks.EUnitTask.beforeCase[EUnitTask.java:218]
	at org.eclipse.epsilon.eunit.EUnitModule.fireBeforeCase[EUnitModule.java:507]
	at org.eclipse.epsilon.eunit.EUnitModule.runSuiteInternal[EUnitModule.java:318]
	at org.eclipse.epsilon.eunit.EUnitModule.runSuite[EUnitModule.java:164]
	at org.eclipse.epsilon.eunit.EUnitModule.runInnerTestCase[EUnitModule.java:361]
	at org.eclipse.epsilon.eunit.EUnitModule.runSuiteInternal[EUnitModule.java:339]
	at org.eclipse.epsilon.eunit.EUnitModule.runSuite[EUnitModule.java:164]
	at org.eclipse.epsilon.eunit.EUnitModule.runInnerTestCase[EUnitModule.java:361]
	at org.eclipse.epsilon.eunit.EUnitModule.runSuiteInternal[EUnitModule.java:339]
	at org.eclipse.epsilon.eunit.EUnitModule.runSuite[EUnitModule.java:164]
	at org.eclipse.epsilon.eunit.EUnitModule.execute[EUnitModule.java:136]
	at org.eclipse.epsilon.workflow.tasks.ExecutableModuleTask.executeImpl[ExecutableModuleTask.java:193]
	at org.eclipse.epsilon.workflow.tasks.EpsilonTask.execute[EpsilonTask.java:40]
	at org.apache.tools.ant.UnknownElement.execute[UnknownElement.java:291]
	at sun.reflect.NativeMethodAccessorImpl.invoke0[Native Method]
	at sun.reflect.NativeMethodAccessorImpl.invoke[NativeMethodAccessorImpl.java:57]
	at sun.reflect.DelegatingMethodAccessorImpl.invoke[DelegatingMethodAccessorImpl.java:43]
	at java.lang.reflect.Method.invoke[Method.java:616]
	at org.apache.tools.ant.dispatch.DispatchUtils.execute[DispatchUtils.java:106]
	at org.apache.tools.ant.Task.perform[Task.java:348]
	at org.apache.tools.ant.Target.execute[Target.java:392]
	at org.apache.tools.ant.Target.performTasks[Target.java:413]
	at org.apache.tools.ant.Project.executeSortedTargets[Project.java:1399]
	at org.apache.tools.ant.Project.executeTarget[Project.java:1368]
	at org.apache.tools.ant.helper.DefaultExecutor.executeTargets[DefaultExecutor.java:41]
	at org.eclipse.ant.internal.core.ant.EclipseDefaultExecutor.executeTargets[EclipseDefaultExecutor.java:32]
	at org.apache.tools.ant.Project.executeTargets[Project.java:1251]
	at org.eclipse.ant.internal.core.ant.InternalAntRunner.run[InternalAntRunner.java:672]
	at org.eclipse.ant.internal.core.ant.InternalAntRunner.run[InternalAntRunner.java:498]
	at sun.reflect.NativeMethodAccessorImpl.invoke0[Native Method]
	at sun.reflect.NativeMethodAccessorImpl.invoke[NativeMethodAccessorImpl.java:57]
	at sun.reflect.DelegatingMethodAccessorImpl.invoke[DelegatingMethodAccessorImpl.java:43]
	at java.lang.reflect.Method.invoke[Method.java:616]
	at org.eclipse.ant.core.AntRunner.run[AntRunner.java:378]
	at org.eclipse.ant.internal.launching.launchConfigurations.AntLaunchDelegate$1.run[AntLaunchDelegate.java:298]
	at java.lang.Thread.run[Thread.java:679]

Test withInteger[4] {'' is 'sequence-w_auto_constraint'} failed with status ERROR: The following error occurred while executing this line:
/home/antonio/Documents/sodmt/workspace-metamodels/es.uca.modeling.eol.tests/eunit.xml:17: Internal error: java.lang.IllegalArgumentException: Could not locate a metamodel with the URI 'www.uca.es/modeling/serviceProcess'. Please ensure that this metamodel has been registered with Epsilon.
	at org.eclipse.epsilon.emc.emf.EmfModel.determinePackagesFrom[EmfModel.java:266]
	at org.eclipse.epsilon.emc.emf.EmfModel.loadModelFromUri[EmfModel.java:214]
	at org.eclipse.epsilon.emc.emf.EmfModel.loadModel[EmfModel.java:161]
	at org.eclipse.epsilon.eol.models.CachedModel.load[CachedModel.java:147]
	at org.eclipse.epsilon.emc.emf.EmfModel.load[EmfModel.java:127]
	at org.eclipse.epsilon.workflow.tasks.emf.LoadEmfModel.executeImpl[LoadEmfModel.java:67]
	at org.eclipse.epsilon.workflow.tasks.EpsilonTask.execute[EpsilonTask.java:40]
	at org.apache.tools.ant.UnknownElement.execute[UnknownElement.java:291]
	at sun.reflect.GeneratedMethodAccessor101.invoke[Unknown Source]
	at sun.reflect.DelegatingMethodAccessorImpl.invoke[DelegatingMethodAccessorImpl.java:43]
	at java.lang.reflect.Method.invoke[Method.java:616]
	at org.apache.tools.ant.dispatch.DispatchUtils.execute[DispatchUtils.java:106]
	at org.apache.tools.ant.Task.perform[Task.java:348]
	at org.apache.tools.ant.taskdefs.Sequential.execute[Sequential.java:68]
	at org.apache.tools.ant.UnknownElement.execute[UnknownElement.java:291]
	at sun.reflect.GeneratedMethodAccessor101.invoke[Unknown Source]
	at sun.reflect.DelegatingMethodAccessorImpl.invoke[DelegatingMethodAccessorImpl.java:43]
	at java.lang.reflect.Method.invoke[Method.java:616]
	at org.apache.tools.ant.dispatch.DispatchUtils.execute[DispatchUtils.java:106]
	at org.apache.tools.ant.Task.perform[Task.java:348]
	at org.apache.tools.ant.taskdefs.MacroInstance.execute[MacroInstance.java:398]
	at org.apache.tools.ant.UnknownElement.execute[UnknownElement.java:291]
	at sun.reflect.NativeMethodAccessorImpl.invoke0[Native Method]
	at sun.reflect.NativeMethodAccessorImpl.invoke[NativeMethodAccessorImpl.java:57]
	at sun.reflect.DelegatingMethodAccessorImpl.invoke[DelegatingMethodAccessorImpl.java:43]
	at java.lang.reflect.Method.invoke[Method.java:616]
	at org.apache.tools.ant.dispatch.DispatchUtils.execute[DispatchUtils.java:106]
	at org.apache.tools.ant.Task.perform[Task.java:348]
	at org.eclipse.epsilon.workflow.tasks.EUnitTask$TaskCollection.run[EUnitTask.java:69]
	at org.eclipse.epsilon.workflow.tasks.EUnitTask.beforeCase[EUnitTask.java:218]
	at org.eclipse.epsilon.eunit.EUnitModule.fireBeforeCase[EUnitModule.java:507]
	at org.eclipse.epsilon.eunit.EUnitModule.runSuiteInternal[EUnitModule.java:318]
	at org.eclipse.epsilon.eunit.EUnitModule.runSuite[EUnitModule.java:164]
	at org.eclipse.epsilon.eunit.EUnitModule.runInnerTestCase[EUnitModule.java:361]
	at org.eclipse.epsilon.eunit.EUnitModule.runSuiteInternal[EUnitModule.java:339]
	at org.eclipse.epsilon.eunit.EUnitModule.runSuite[EUnitModule.java:164]
	at org.eclipse.epsilon.eunit.EUnitModule.runInnerTestCase[EUnitModule.java:361]
	at org.eclipse.epsilon.eunit.EUnitModule.runSuiteInternal[EUnitModule.java:339]
	at org.eclipse.epsilon.eunit.EUnitModule.runSuite[EUnitModule.java:164]
	at org.eclipse.epsilon.eunit.EUnitModule.execute[EUnitModule.java:136]
	at org.eclipse.epsilon.workflow.tasks.ExecutableModuleTask.executeImpl[ExecutableModuleTask.java:193]
	at org.eclipse.epsilon.workflow.tasks.EpsilonTask.execute[EpsilonTask.java:40]
	at org.apache.tools.ant.UnknownElement.execute[UnknownElement.java:291]
	at sun.reflect.NativeMethodAccessorImpl.invoke0[Native Method]
	at sun.reflect.NativeMethodAccessorImpl.invoke[NativeMethodAccessorImpl.java:57]
	at sun.reflect.DelegatingMethodAccessorImpl.invoke[DelegatingMethodAccessorImpl.java:43]
	at java.lang.reflect.Method.invoke[Method.java:616]
	at org.apache.tools.ant.dispatch.DispatchUtils.execute[DispatchUtils.java:106]
	at org.apache.tools.ant.Task.perform[Task.java:348]
	at org.apache.tools.ant.Target.execute[Target.java:392]
	at org.apache.tools.ant.Target.performTasks[Target.java:413]
	at org.apache.tools.ant.Project.executeSortedTargets[Project.java:1399]
	at org.apache.tools.ant.Project.executeTarget[Project.java:1368]
	at org.apache.tools.ant.helper.DefaultExecutor.executeTargets[DefaultExecutor.java:41]
	at org.eclipse.ant.internal.core.ant.EclipseDefaultExecutor.executeTargets[EclipseDefaultExecutor.java:32]
	at org.apache.tools.ant.Project.executeTargets[Project.java:1251]
	at org.eclipse.ant.internal.core.ant.InternalAntRunner.run[InternalAntRunner.java:672]
	at org.eclipse.ant.internal.core.ant.InternalAntRunner.run[InternalAntRunner.java:498]
	at sun.reflect.NativeMethodAccessorImpl.invoke0[Native Method]
	at sun.reflect.NativeMethodAccessorImpl.invoke[NativeMethodAccessorImpl.java:57]
	at sun.reflect.DelegatingMethodAccessorImpl.invoke[DelegatingMethodAccessorImpl.java:43]
	at java.lang.reflect.Method.invoke[Method.java:616]
	at org.eclipse.ant.core.AntRunner.run[AntRunner.java:378]
	at org.eclipse.ant.internal.launching.launchConfigurations.AntLaunchDelegate$1.run[AntLaunchDelegate.java:298]
	at java.lang.Thread.run[Thread.java:679]

Test withInteger[5] {'' is 'single-dipole'} failed with status ERROR: The following error occurred while executing this line:
/home/antonio/Documents/sodmt/workspace-metamodels/es.uca.modeling.eol.tests/eunit.xml:17: Internal error: java.lang.IllegalArgumentException: Could not locate a metamodel with the URI 'www.uca.es/modeling/serviceProcess'. Please ensure that this metamodel has been registered with Epsilon.
	at org.eclipse.epsilon.emc.emf.EmfModel.determinePackagesFrom[EmfModel.java:266]
	at org.eclipse.epsilon.emc.emf.EmfModel.loadModelFromUri[EmfModel.java:214]
	at org.eclipse.epsilon.emc.emf.EmfModel.loadModel[EmfModel.java:161]
	at org.eclipse.epsilon.eol.models.CachedModel.load[CachedModel.java:147]
	at org.eclipse.epsilon.emc.emf.EmfModel.load[EmfModel.java:127]
	at org.eclipse.epsilon.workflow.tasks.emf.LoadEmfModel.executeImpl[LoadEmfModel.java:67]
	at org.eclipse.epsilon.workflow.tasks.EpsilonTask.execute[EpsilonTask.java:40]
	at org.apache.tools.ant.UnknownElement.execute[UnknownElement.java:291]
	at sun.reflect.GeneratedMethodAccessor101.invoke[Unknown Source]
	at sun.reflect.DelegatingMethodAccessorImpl.invoke[DelegatingMethodAccessorImpl.java:43]
	at java.lang.reflect.Method.invoke[Method.java:616]
	at org.apache.tools.ant.dispatch.DispatchUtils.execute[DispatchUtils.java:106]
	at org.apache.tools.ant.Task.perform[Task.java:348]
	at org.apache.tools.ant.taskdefs.Sequential.execute[Sequential.java:68]
	at org.apache.tools.ant.UnknownElement.execute[UnknownElement.java:291]
	at sun.reflect.GeneratedMethodAccessor101.invoke[Unknown Source]
	at sun.reflect.DelegatingMethodAccessorImpl.invoke[DelegatingMethodAccessorImpl.java:43]
	at java.lang.reflect.Method.invoke[Method.java:616]
	at org.apache.tools.ant.dispatch.DispatchUtils.execute[DispatchUtils.java:106]
	at org.apache.tools.ant.Task.perform[Task.java:348]
	at org.apache.tools.ant.taskdefs.MacroInstance.execute[MacroInstance.java:398]
	at org.apache.tools.ant.UnknownElement.execute[UnknownElement.java:291]
	at sun.reflect.GeneratedMethodAccessor101.invoke[Unknown Source]
	at sun.reflect.DelegatingMethodAccessorImpl.invoke[DelegatingMethodAccessorImpl.java:43]
	at java.lang.reflect.Method.invoke[Method.java:616]
	at org.apache.tools.ant.dispatch.DispatchUtils.execute[DispatchUtils.java:106]
	at org.apache.tools.ant.Task.perform[Task.java:348]
	at org.eclipse.epsilon.workflow.tasks.EUnitTask$TaskCollection.run[EUnitTask.java:69]
	at org.eclipse.epsilon.workflow.tasks.EUnitTask.beforeCase[EUnitTask.java:218]
	at org.eclipse.epsilon.eunit.EUnitModule.fireBeforeCase[EUnitModule.java:507]
	at org.eclipse.epsilon.eunit.EUnitModule.runSuiteInternal[EUnitModule.java:318]
	at org.eclipse.epsilon.eunit.EUnitModule.runSuite[EUnitModule.java:164]
	at org.eclipse.epsilon.eunit.EUnitModule.runInnerTestCase[EUnitModule.java:361]
	at org.eclipse.epsilon.eunit.EUnitModule.runSuiteInternal[EUnitModule.java:339]
	at org.eclipse.epsilon.eunit.EUnitModule.runSuite[EUnitModule.java:164]
	at org.eclipse.epsilon.eunit.EUnitModule.runInnerTestCase[EUnitModule.java:361]
	at org.eclipse.epsilon.eunit.EUnitModule.runSuiteInternal[EUnitModule.java:339]
	at org.eclipse.epsilon.eunit.EUnitModule.runSuite[EUnitModule.java:164]
	at org.eclipse.epsilon.eunit.EUnitModule.execute[EUnitModule.java:136]
	at org.eclipse.epsilon.workflow.tasks.ExecutableModuleTask.executeImpl[ExecutableModuleTask.java:193]
	at org.eclipse.epsilon.workflow.tasks.EpsilonTask.execute[EpsilonTask.java:40]
	at org.apache.tools.ant.UnknownElement.execute[UnknownElement.java:291]
	at sun.reflect.NativeMethodAccessorImpl.invoke0[Native Method]
	at sun.reflect.NativeMethodAccessorImpl.invoke[NativeMethodAccessorImpl.java:57]
	at sun.reflect.DelegatingMethodAccessorImpl.invoke[DelegatingMethodAccessorImpl.java:43]
	at java.lang.reflect.Method.invoke[Method.java:616]
	at org.apache.tools.ant.dispatch.DispatchUtils.execute[DispatchUtils.java:106]
	at org.apache.tools.ant.Task.perform[Task.java:348]
	at org.apache.tools.ant.Target.execute[Target.java:392]
	at org.apache.tools.ant.Target.performTasks[Target.java:413]
	at org.apache.tools.ant.Project.executeSortedTargets[Project.java:1399]
	at org.apache.tools.ant.Project.executeTarget[Project.java:1368]
	at org.apache.tools.ant.helper.DefaultExecutor.executeTargets[DefaultExecutor.java:41]
	at org.eclipse.ant.internal.core.ant.EclipseDefaultExecutor.executeTargets[EclipseDefaultExecutor.java:32]
	at org.apache.tools.ant.Project.executeTargets[Project.java:1251]
	at org.eclipse.ant.internal.core.ant.InternalAntRunner.run[InternalAntRunner.java:672]
	at org.eclipse.ant.internal.core.ant.InternalAntRunner.run[InternalAntRunner.java:498]
	at sun.reflect.NativeMethodAccessorImpl.invoke0[Native Method]
	at sun.reflect.NativeMethodAccessorImpl.invoke[NativeMethodAccessorImpl.java:57]
	at sun.reflect.DelegatingMethodAccessorImpl.invoke[DelegatingMethodAccessorImpl.java:43]
	at java.lang.reflect.Method.invoke[Method.java:616]
	at org.eclipse.ant.core.AntRunner.run[AntRunner.java:378]
	at org.eclipse.ant.internal.launching.launchConfigurations.AntLaunchDelegate$1.run[AntLaunchDelegate.java:298]
	at java.lang.Thread.run[Thread.java:679]

Test withInteger[6] {'' is 'single-node'} failed with status ERROR: The following error occurred while executing this line:
/home/antonio/Documents/sodmt/workspace-metamodels/es.uca.modeling.eol.tests/eunit.xml:17: Internal error: java.lang.IllegalArgumentException: Could not locate a metamodel with the URI 'www.uca.es/modeling/serviceProcess'. Please ensure that this metamodel has been registered with Epsilon.
	at org.eclipse.epsilon.emc.emf.EmfModel.determinePackagesFrom[EmfModel.java:266]
	at org.eclipse.epsilon.emc.emf.EmfModel.loadModelFromUri[EmfModel.java:214]
	at org.eclipse.epsilon.emc.emf.EmfModel.loadModel[EmfModel.java:161]
	at org.eclipse.epsilon.eol.models.CachedModel.load[CachedModel.java:147]
	at org.eclipse.epsilon.emc.emf.EmfModel.load[EmfModel.java:127]
	at org.eclipse.epsilon.workflow.tasks.emf.LoadEmfModel.executeImpl[LoadEmfModel.java:67]
	at org.eclipse.epsilon.workflow.tasks.EpsilonTask.execute[EpsilonTask.java:40]
	at org.apache.tools.ant.UnknownElement.execute[UnknownElement.java:291]
	at sun.reflect.GeneratedMethodAccessor101.invoke[Unknown Source]
	at sun.reflect.DelegatingMethodAccessorImpl.invoke[DelegatingMethodAccessorImpl.java:43]
	at java.lang.reflect.Method.invoke[Method.java:616]
	at org.apache.tools.ant.dispatch.DispatchUtils.execute[DispatchUtils.java:106]
	at org.apache.tools.ant.Task.perform[Task.java:348]
	at org.apache.tools.ant.taskdefs.Sequential.execute[Sequential.java:68]
	at org.apache.tools.ant.UnknownElement.execute[UnknownElement.java:291]
	at sun.reflect.GeneratedMethodAccessor101.invoke[Unknown Source]
	at sun.reflect.DelegatingMethodAccessorImpl.invoke[DelegatingMethodAccessorImpl.java:43]
	at java.lang.reflect.Method.invoke[Method.java:616]
	at org.apache.tools.ant.dispatch.DispatchUtils.execute[DispatchUtils.java:106]
	at org.apache.tools.ant.Task.perform[Task.java:348]
	at org.apache.tools.ant.taskdefs.MacroInstance.execute[MacroInstance.java:398]
	at org.apache.tools.ant.UnknownElement.execute[UnknownElement.java:291]
	at sun.reflect.GeneratedMethodAccessor101.invoke[Unknown Source]
	at sun.reflect.DelegatingMethodAccessorImpl.invoke[DelegatingMethodAccessorImpl.java:43]
	at java.lang.reflect.Method.invoke[Method.java:616]
	at org.apache.tools.ant.dispatch.DispatchUtils.execute[DispatchUtils.java:106]
	at org.apache.tools.ant.Task.perform[Task.java:348]
	at org.eclipse.epsilon.workflow.tasks.EUnitTask$TaskCollection.run[EUnitTask.java:69]
	at org.eclipse.epsilon.workflow.tasks.EUnitTask.beforeCase[EUnitTask.java:218]
	at org.eclipse.epsilon.eunit.EUnitModule.fireBeforeCase[EUnitModule.java:507]
	at org.eclipse.epsilon.eunit.EUnitModule.runSuiteInternal[EUnitModule.java:318]
	at org.eclipse.epsilon.eunit.EUnitModule.runSuite[EUnitModule.java:164]
	at org.eclipse.epsilon.eunit.EUnitModule.runInnerTestCase[EUnitModule.java:361]
	at org.eclipse.epsilon.eunit.EUnitModule.runSuiteInternal[EUnitModule.java:339]
	at org.eclipse.epsilon.eunit.EUnitModule.runSuite[EUnitModule.java:164]
	at org.eclipse.epsilon.eunit.EUnitModule.runInnerTestCase[EUnitModule.java:361]
	at org.eclipse.epsilon.eunit.EUnitModule.runSuiteInternal[EUnitModule.java:339]
	at org.eclipse.epsilon.eunit.EUnitModule.runSuite[EUnitModule.java:164]
	at org.eclipse.epsilon.eunit.EUnitModule.execute[EUnitModule.java:136]
	at org.eclipse.epsilon.workflow.tasks.ExecutableModuleTask.executeImpl[ExecutableModuleTask.java:193]
	at org.eclipse.epsilon.workflow.tasks.EpsilonTask.execute[EpsilonTask.java:40]
	at org.apache.tools.ant.UnknownElement.execute[UnknownElement.java:291]
	at sun.reflect.NativeMethodAccessorImpl.invoke0[Native Method]
	at sun.reflect.NativeMethodAccessorImpl.invoke[NativeMethodAccessorImpl.java:57]
	at sun.reflect.DelegatingMethodAccessorImpl.invoke[DelegatingMethodAccessorImpl.java:43]
	at java.lang.reflect.Method.invoke[Method.java:616]
	at org.apache.tools.ant.dispatch.DispatchUtils.execute[DispatchUtils.java:106]
	at org.apache.tools.ant.Task.perform[Task.java:348]
	at org.apache.tools.ant.Target.execute[Target.java:392]
	at org.apache.tools.ant.Target.performTasks[Target.java:413]
	at org.apache.tools.ant.Project.executeSortedTargets[Project.java:1399]
	at org.apache.tools.ant.Project.executeTarget[Project.java:1368]
	at org.apache.tools.ant.helper.DefaultExecutor.executeTargets[DefaultExecutor.java:41]
	at org.eclipse.ant.internal.core.ant.EclipseDefaultExecutor.executeTargets[EclipseDefaultExecutor.java:32]
	at org.apache.tools.ant.Project.executeTargets[Project.java:1251]
	at org.eclipse.ant.internal.core.ant.InternalAntRunner.run[InternalAntRunner.java:672]
	at org.eclipse.ant.internal.core.ant.InternalAntRunner.run[InternalAntRunner.java:498]
	at sun.reflect.NativeMethodAccessorImpl.invoke0[Native Method]
	at sun.reflect.NativeMethodAccessorImpl.invoke[NativeMethodAccessorImpl.java:57]
	at sun.reflect.DelegatingMethodAccessorImpl.invoke[DelegatingMethodAccessorImpl.java:43]
	at java.lang.reflect.Method.invoke[Method.java:616]
	at org.eclipse.ant.core.AntRunner.run[AntRunner.java:378]
	at org.eclipse.ant.internal.launching.launchConfigurations.AntLaunchDelegate$1.run[AntLaunchDelegate.java:298]
	at java.lang.Thread.run[Thread.java:679]

Test withInteger {} failed with status ERROR: The following error occurred while executing this line:
/home/antonio/Documents/sodmt/workspace-metamodels/es.uca.modeling.eol.tests/eunit.xml:17: Internal error: java.lang.IllegalArgumentException: Could not locate a metamodel with the URI 'www.uca.es/modeling/serviceProcess'. Please ensure that this metamodel has been registered with Epsilon.
	at org.eclipse.epsilon.emc.emf.EmfModel.determinePackagesFrom[EmfModel.java:266]
	at org.eclipse.epsilon.emc.emf.EmfModel.loadModelFromUri[EmfModel.java:214]
	at org.eclipse.epsilon.emc.emf.EmfModel.loadModel[EmfModel.java:161]
	at org.eclipse.epsilon.eol.models.CachedModel.load[CachedModel.java:147]
	at org.eclipse.epsilon.emc.emf.EmfModel.load[EmfModel.java:127]
	at org.eclipse.epsilon.workflow.tasks.emf.LoadEmfModel.executeImpl[LoadEmfModel.java:67]
	at org.eclipse.epsilon.workflow.tasks.EpsilonTask.execute[EpsilonTask.java:40]
	at org.apache.tools.ant.UnknownElement.execute[UnknownElement.java:291]
	at sun.reflect.GeneratedMethodAccessor101.invoke[Unknown Source]
	at sun.reflect.DelegatingMethodAccessorImpl.invoke[DelegatingMethodAccessorImpl.java:43]
	at java.lang.reflect.Method.invoke[Method.java:616]
	at org.apache.tools.ant.dispatch.DispatchUtils.execute[DispatchUtils.java:106]
	at org.apache.tools.ant.Task.perform[Task.java:348]
	at org.apache.tools.ant.taskdefs.Sequential.execute[Sequential.java:68]
	at org.apache.tools.ant.UnknownElement.execute[UnknownElement.java:291]
	at sun.reflect.GeneratedMethodAccessor101.invoke[Unknown Source]
	at sun.reflect.DelegatingMethodAccessorImpl.invoke[DelegatingMethodAccessorImpl.java:43]
	at java.lang.reflect.Method.invoke[Method.java:616]
	at org.apache.tools.ant.dispatch.DispatchUtils.execute[DispatchUtils.java:106]
	at org.apache.tools.ant.Task.perform[Task.java:348]
	at org.apache.tools.ant.taskdefs.MacroInstance.execute[MacroInstance.java:398]
	at org.apache.tools.ant.UnknownElement.execute[UnknownElement.java:291]
	at sun.reflect.GeneratedMethodAccessor101.invoke[Unknown Source]
	at sun.reflect.DelegatingMethodAccessorImpl.invoke[DelegatingMethodAccessorImpl.java:43]
	at java.lang.reflect.Method.invoke[Method.java:616]
	at org.apache.tools.ant.dispatch.DispatchUtils.execute[DispatchUtils.java:106]
	at org.apache.tools.ant.Task.perform[Task.java:348]
	at org.eclipse.epsilon.workflow.tasks.EUnitTask$TaskCollection.run[EUnitTask.java:69]
	at org.eclipse.epsilon.workflow.tasks.EUnitTask.beforeCase[EUnitTask.java:218]
	at org.eclipse.epsilon.eunit.EUnitModule.fireBeforeCase[EUnitModule.java:507]
	at org.eclipse.epsilon.eunit.EUnitModule.runSuiteInternal[EUnitModule.java:318]
	at org.eclipse.epsilon.eunit.EUnitModule.runSuite[EUnitModule.java:164]
	at org.eclipse.epsilon.eunit.EUnitModule.runInnerTestCase[EUnitModule.java:361]
	at org.eclipse.epsilon.eunit.EUnitModule.runSuiteInternal[EUnitModule.java:339]
	at org.eclipse.epsilon.eunit.EUnitModule.runSuite[EUnitModule.java:164]
	at org.eclipse.epsilon.eunit.EUnitModule.runInnerTestCase[EUnitModule.java:361]
	at org.eclipse.epsilon.eunit.EUnitModule.runSuiteInternal[EUnitModule.java:339]
	at org.eclipse.epsilon.eunit.EUnitModule.runSuite[EUnitModule.java:164]
	at org.eclipse.epsilon.eunit.EUnitModule.execute[EUnitModule.java:136]
	at org.eclipse.epsilon.workflow.tasks.ExecutableModuleTask.executeImpl[ExecutableModuleTask.java:193]
	at org.eclipse.epsilon.workflow.tasks.EpsilonTask.execute[EpsilonTask.java:40]
	at org.apache.tools.ant.UnknownElement.execute[UnknownElement.java:291]
	at sun.reflect.NativeMethodAccessorImpl.invoke0[Native Method]
	at sun.reflect.NativeMethodAccessorImpl.invoke[NativeMethodAccessorImpl.java:57]
	at sun.reflect.DelegatingMethodAccessorImpl.invoke[DelegatingMethodAccessorImpl.java:43]
	at java.lang.reflect.Method.invoke[Method.java:616]
	at org.apache.tools.ant.dispatch.DispatchUtils.execute[DispatchUtils.java:106]
	at org.apache.tools.ant.Task.perform[Task.java:348]
	at org.apache.tools.ant.Target.execute[Target.java:392]
	at org.apache.tools.ant.Target.performTasks[Target.java:413]
	at org.apache.tools.ant.Project.executeSortedTargets[Project.java:1399]
	at org.apache.tools.ant.Project.executeTarget[Project.java:1368]
	at org.apache.tools.ant.helper.DefaultExecutor.executeTargets[DefaultExecutor.java:41]
	at org.eclipse.ant.internal.core.ant.EclipseDefaultExecutor.executeTargets[EclipseDefaultExecutor.java:32]
	at org.apache.tools.ant.Project.executeTargets[Project.java:1251]
	at org.eclipse.ant.internal.core.ant.InternalAntRunner.run[InternalAntRunner.java:672]
	at org.eclipse.ant.internal.core.ant.InternalAntRunner.run[InternalAntRunner.java:498]
	at sun.reflect.NativeMethodAccessorImpl.invoke0[Native Method]
	at sun.reflect.NativeMethodAccessorImpl.invoke[NativeMethodAccessorImpl.java:57]
	at sun.reflect.DelegatingMethodAccessorImpl.invoke[DelegatingMethodAccessorImpl.java:43]
	at java.lang.reflect.Method.invoke[Method.java:616]
	at org.eclipse.ant.core.AntRunner.run[AntRunner.java:378]
	at org.eclipse.ant.internal.launching.launchConfigurations.AntLaunchDelegate$1.run[AntLaunchDelegate.java:298]
	at java.lang.Thread.run[Thread.java:679]

Test withReal[1] {'' is 'handleOrder'} failed with status ERROR: The following error occurred while executing this line:
/home/antonio/Documents/sodmt/workspace-metamodels/es.uca.modeling.eol.tests/eunit.xml:17: Internal error: java.lang.IllegalArgumentException: Could not locate a metamodel with the URI 'www.uca.es/modeling/serviceProcess'. Please ensure that this metamodel has been registered with Epsilon.
	at org.eclipse.epsilon.emc.emf.EmfModel.determinePackagesFrom[EmfModel.java:266]
	at org.eclipse.epsilon.emc.emf.EmfModel.loadModelFromUri[EmfModel.java:214]
	at org.eclipse.epsilon.emc.emf.EmfModel.loadModel[EmfModel.java:161]
	at org.eclipse.epsilon.eol.models.CachedModel.load[CachedModel.java:147]
	at org.eclipse.epsilon.emc.emf.EmfModel.load[EmfModel.java:127]
	at org.eclipse.epsilon.workflow.tasks.emf.LoadEmfModel.executeImpl[LoadEmfModel.java:67]
	at org.eclipse.epsilon.workflow.tasks.EpsilonTask.execute[EpsilonTask.java:40]
	at org.apache.tools.ant.UnknownElement.execute[UnknownElement.java:291]
	at sun.reflect.GeneratedMethodAccessor101.invoke[Unknown Source]
	at sun.reflect.DelegatingMethodAccessorImpl.invoke[DelegatingMethodAccessorImpl.java:43]
	at java.lang.reflect.Method.invoke[Method.java:616]
	at org.apache.tools.ant.dispatch.DispatchUtils.execute[DispatchUtils.java:106]
	at org.apache.tools.ant.Task.perform[Task.java:348]
	at org.apache.tools.ant.taskdefs.Sequential.execute[Sequential.java:68]
	at org.apache.tools.ant.UnknownElement.execute[UnknownElement.java:291]
	at sun.reflect.GeneratedMethodAccessor101.invoke[Unknown Source]
	at sun.reflect.DelegatingMethodAccessorImpl.invoke[DelegatingMethodAccessorImpl.java:43]
	at java.lang.reflect.Method.invoke[Method.java:616]
	at org.apache.tools.ant.dispatch.DispatchUtils.execute[DispatchUtils.java:106]
	at org.apache.tools.ant.Task.perform[Task.java:348]
	at org.apache.tools.ant.taskdefs.MacroInstance.execute[MacroInstance.java:398]
	at org.apache.tools.ant.UnknownElement.execute[UnknownElement.java:291]
	at sun.reflect.GeneratedMethodAccessor101.invoke[Unknown Source]
	at sun.reflect.DelegatingMethodAccessorImpl.invoke[DelegatingMethodAccessorImpl.java:43]
	at java.lang.reflect.Method.invoke[Method.java:616]
	at org.apache.tools.ant.dispatch.DispatchUtils.execute[DispatchUtils.java:106]
	at org.apache.tools.ant.Task.perform[Task.java:348]
	at org.eclipse.epsilon.workflow.tasks.EUnitTask$TaskCollection.run[EUnitTask.java:69]
	at org.eclipse.epsilon.workflow.tasks.EUnitTask.beforeCase[EUnitTask.java:218]
	at org.eclipse.epsilon.eunit.EUnitModule.fireBeforeCase[EUnitModule.java:507]
	at org.eclipse.epsilon.eunit.EUnitModule.runSuiteInternal[EUnitModule.java:318]
	at org.eclipse.epsilon.eunit.EUnitModule.runSuite[EUnitModule.java:164]
	at org.eclipse.epsilon.eunit.EUnitModule.runInnerTestCase[EUnitModule.java:361]
	at org.eclipse.epsilon.eunit.EUnitModule.runSuiteInternal[EUnitModule.java:339]
	at org.eclipse.epsilon.eunit.EUnitModule.runSuite[EUnitModule.java:164]
	at org.eclipse.epsilon.eunit.EUnitModule.runInnerTestCase[EUnitModule.java:361]
	at org.eclipse.epsilon.eunit.EUnitModule.runSuiteInternal[EUnitModule.java:339]
	at org.eclipse.epsilon.eunit.EUnitModule.runSuite[EUnitModule.java:164]
	at org.eclipse.epsilon.eunit.EUnitModule.execute[EUnitModule.java:136]
	at org.eclipse.epsilon.workflow.tasks.ExecutableModuleTask.executeImpl[ExecutableModuleTask.java:193]
	at org.eclipse.epsilon.workflow.tasks.EpsilonTask.execute[EpsilonTask.java:40]
	at org.apache.tools.ant.UnknownElement.execute[UnknownElement.java:291]
	at sun.reflect.NativeMethodAccessorImpl.invoke0[Native Method]
	at sun.reflect.NativeMethodAccessorImpl.invoke[NativeMethodAccessorImpl.java:57]
	at sun.reflect.DelegatingMethodAccessorImpl.invoke[DelegatingMethodAccessorImpl.java:43]
	at java.lang.reflect.Method.invoke[Method.java:616]
	at org.apache.tools.ant.dispatch.DispatchUtils.execute[DispatchUtils.java:106]
	at org.apache.tools.ant.Task.perform[Task.java:348]
	at org.apache.tools.ant.Target.execute[Target.java:392]
	at org.apache.tools.ant.Target.performTasks[Target.java:413]
	at org.apache.tools.ant.Project.executeSortedTargets[Project.java:1399]
	at org.apache.tools.ant.Project.executeTarget[Project.java:1368]
	at org.apache.tools.ant.helper.DefaultExecutor.executeTargets[DefaultExecutor.java:41]
	at org.eclipse.ant.internal.core.ant.EclipseDefaultExecutor.executeTargets[EclipseDefaultExecutor.java:32]
	at org.apache.tools.ant.Project.executeTargets[Project.java:1251]
	at org.eclipse.ant.internal.core.ant.InternalAntRunner.run[InternalAntRunner.java:672]
	at org.eclipse.ant.internal.core.ant.InternalAntRunner.run[InternalAntRunner.java:498]
	at sun.reflect.NativeMethodAccessorImpl.invoke0[Native Method]
	at sun.reflect.NativeMethodAccessorImpl.invoke[NativeMethodAccessorImpl.java:57]
	at sun.reflect.DelegatingMethodAccessorImpl.invoke[DelegatingMethodAccessorImpl.java:43]
	at java.lang.reflect.Method.invoke[Method.java:616]
	at org.eclipse.ant.core.AntRunner.run[AntRunner.java:378]
	at org.eclipse.ant.internal.launching.launchConfigurations.AntLaunchDelegate$1.run[AntLaunchDelegate.java:298]
	at java.lang.Thread.run[Thread.java:679]

Test withReal[2] {'' is 'minimal'} failed with status ERROR: The following error occurred while executing this line:
/home/antonio/Documents/sodmt/workspace-metamodels/es.uca.modeling.eol.tests/eunit.xml:17: Internal error: java.lang.IllegalArgumentException: Could not locate a metamodel with the URI 'www.uca.es/modeling/serviceProcess'. Please ensure that this metamodel has been registered with Epsilon.
	at org.eclipse.epsilon.emc.emf.EmfModel.determinePackagesFrom[EmfModel.java:266]
	at org.eclipse.epsilon.emc.emf.EmfModel.loadModelFromUri[EmfModel.java:214]
	at org.eclipse.epsilon.emc.emf.EmfModel.loadModel[EmfModel.java:161]
	at org.eclipse.epsilon.eol.models.CachedModel.load[CachedModel.java:147]
	at org.eclipse.epsilon.emc.emf.EmfModel.load[EmfModel.java:127]
	at org.eclipse.epsilon.workflow.tasks.emf.LoadEmfModel.executeImpl[LoadEmfModel.java:67]
	at org.eclipse.epsilon.workflow.tasks.EpsilonTask.execute[EpsilonTask.java:40]
	at org.apache.tools.ant.UnknownElement.execute[UnknownElement.java:291]
	at sun.reflect.GeneratedMethodAccessor101.invoke[Unknown Source]
	at sun.reflect.DelegatingMethodAccessorImpl.invoke[DelegatingMethodAccessorImpl.java:43]
	at java.lang.reflect.Method.invoke[Method.java:616]
	at org.apache.tools.ant.dispatch.DispatchUtils.execute[DispatchUtils.java:106]
	at org.apache.tools.ant.Task.perform[Task.java:348]
	at org.apache.tools.ant.taskdefs.Sequential.execute[Sequential.java:68]
	at org.apache.tools.ant.UnknownElement.execute[UnknownElement.java:291]
	at sun.reflect.GeneratedMethodAccessor101.invoke[Unknown Source]
	at sun.reflect.DelegatingMethodAccessorImpl.invoke[DelegatingMethodAccessorImpl.java:43]
	at java.lang.reflect.Method.invoke[Method.java:616]
	at org.apache.tools.ant.dispatch.DispatchUtils.execute[DispatchUtils.java:106]
	at org.apache.tools.ant.Task.perform[Task.java:348]
	at org.apache.tools.ant.taskdefs.MacroInstance.execute[MacroInstance.java:398]
	at org.apache.tools.ant.UnknownElement.execute[UnknownElement.java:291]
	at sun.reflect.GeneratedMethodAccessor101.invoke[Unknown Source]
	at sun.reflect.DelegatingMethodAccessorImpl.invoke[DelegatingMethodAccessorImpl.java:43]
	at java.lang.reflect.Method.invoke[Method.java:616]
	at org.apache.tools.ant.dispatch.DispatchUtils.execute[DispatchUtils.java:106]
	at org.apache.tools.ant.Task.perform[Task.java:348]
	at org.eclipse.epsilon.workflow.tasks.EUnitTask$TaskCollection.run[EUnitTask.java:69]
	at org.eclipse.epsilon.workflow.tasks.EUnitTask.beforeCase[EUnitTask.java:218]
	at org.eclipse.epsilon.eunit.EUnitModule.fireBeforeCase[EUnitModule.java:507]
	at org.eclipse.epsilon.eunit.EUnitModule.runSuiteInternal[EUnitModule.java:318]
	at org.eclipse.epsilon.eunit.EUnitModule.runSuite[EUnitModule.java:164]
	at org.eclipse.epsilon.eunit.EUnitModule.runInnerTestCase[EUnitModule.java:361]
	at org.eclipse.epsilon.eunit.EUnitModule.runSuiteInternal[EUnitModule.java:339]
	at org.eclipse.epsilon.eunit.EUnitModule.runSuite[EUnitModule.java:164]
	at org.eclipse.epsilon.eunit.EUnitModule.runInnerTestCase[EUnitModule.java:361]
	at org.eclipse.epsilon.eunit.EUnitModule.runSuiteInternal[EUnitModule.java:339]
	at org.eclipse.epsilon.eunit.EUnitModule.runSuite[EUnitModule.java:164]
	at org.eclipse.epsilon.eunit.EUnitModule.execute[EUnitModule.java:136]
	at org.eclipse.epsilon.workflow.tasks.ExecutableModuleTask.executeImpl[ExecutableModuleTask.java:193]
	at org.eclipse.epsilon.workflow.tasks.EpsilonTask.execute[EpsilonTask.java:40]
	at org.apache.tools.ant.UnknownElement.execute[UnknownElement.java:291]
	at sun.reflect.NativeMethodAccessorImpl.invoke0[Native Method]
	at sun.reflect.NativeMethodAccessorImpl.invoke[NativeMethodAccessorImpl.java:57]
	at sun.reflect.DelegatingMethodAccessorImpl.invoke[DelegatingMethodAccessorImpl.java:43]
	at java.lang.reflect.Method.invoke[Method.java:616]
	at org.apache.tools.ant.dispatch.DispatchUtils.execute[DispatchUtils.java:106]
	at org.apache.tools.ant.Task.perform[Task.java:348]
	at org.apache.tools.ant.Target.execute[Target.java:392]
	at org.apache.tools.ant.Target.performTasks[Target.java:413]
	at org.apache.tools.ant.Project.executeSortedTargets[Project.java:1399]
	at org.apache.tools.ant.Project.executeTarget[Project.java:1368]
	at org.apache.tools.ant.helper.DefaultExecutor.executeTargets[DefaultExecutor.java:41]
	at org.eclipse.ant.internal.core.ant.EclipseDefaultExecutor.executeTargets[EclipseDefaultExecutor.java:32]
	at org.apache.tools.ant.Project.executeTargets[Project.java:1251]
	at org.eclipse.ant.internal.core.ant.InternalAntRunner.run[InternalAntRunner.java:672]
	at org.eclipse.ant.internal.core.ant.InternalAntRunner.run[InternalAntRunner.java:498]
	at sun.reflect.NativeMethodAccessorImpl.invoke0[Native Method]
	at sun.reflect.NativeMethodAccessorImpl.invoke[NativeMethodAccessorImpl.java:57]
	at sun.reflect.DelegatingMethodAccessorImpl.invoke[DelegatingMethodAccessorImpl.java:43]
	at java.lang.reflect.Method.invoke[Method.java:616]
	at org.eclipse.ant.core.AntRunner.run[AntRunner.java:378]
	at org.eclipse.ant.internal.launching.launchConfigurations.AntLaunchDelegate$1.run[AntLaunchDelegate.java:298]
	at java.lang.Thread.run[Thread.java:679]

Test withReal[3] {'' is 'sequence'} failed with status ERROR: The following error occurred while executing this line:
/home/antonio/Documents/sodmt/workspace-metamodels/es.uca.modeling.eol.tests/eunit.xml:17: Internal error: java.lang.IllegalArgumentException: Could not locate a metamodel with the URI 'www.uca.es/modeling/serviceProcess'. Please ensure that this metamodel has been registered with Epsilon.
	at org.eclipse.epsilon.emc.emf.EmfModel.determinePackagesFrom[EmfModel.java:266]
	at org.eclipse.epsilon.emc.emf.EmfModel.loadModelFromUri[EmfModel.java:214]
	at org.eclipse.epsilon.emc.emf.EmfModel.loadModel[EmfModel.java:161]
	at org.eclipse.epsilon.eol.models.CachedModel.load[CachedModel.java:147]
	at org.eclipse.epsilon.emc.emf.EmfModel.load[EmfModel.java:127]
	at org.eclipse.epsilon.workflow.tasks.emf.LoadEmfModel.executeImpl[LoadEmfModel.java:67]
	at org.eclipse.epsilon.workflow.tasks.EpsilonTask.execute[EpsilonTask.java:40]
	at org.apache.tools.ant.UnknownElement.execute[UnknownElement.java:291]
	at sun.reflect.GeneratedMethodAccessor101.invoke[Unknown Source]
	at sun.reflect.DelegatingMethodAccessorImpl.invoke[DelegatingMethodAccessorImpl.java:43]
	at java.lang.reflect.Method.invoke[Method.java:616]
	at org.apache.tools.ant.dispatch.DispatchUtils.execute[DispatchUtils.java:106]
	at org.apache.tools.ant.Task.perform[Task.java:348]
	at org.apache.tools.ant.taskdefs.Sequential.execute[Sequential.java:68]
	at org.apache.tools.ant.UnknownElement.execute[UnknownElement.java:291]
	at sun.reflect.GeneratedMethodAccessor101.invoke[Unknown Source]
	at sun.reflect.DelegatingMethodAccessorImpl.invoke[DelegatingMethodAccessorImpl.java:43]
	at java.lang.reflect.Method.invoke[Method.java:616]
	at org.apache.tools.ant.dispatch.DispatchUtils.execute[DispatchUtils.java:106]
	at org.apache.tools.ant.Task.perform[Task.java:348]
	at org.apache.tools.ant.taskdefs.MacroInstance.execute[MacroInstance.java:398]
	at org.apache.tools.ant.UnknownElement.execute[UnknownElement.java:291]
	at sun.reflect.GeneratedMethodAccessor101.invoke[Unknown Source]
	at sun.reflect.DelegatingMethodAccessorImpl.invoke[DelegatingMethodAccessorImpl.java:43]
	at java.lang.reflect.Method.invoke[Method.java:616]
	at org.apache.tools.ant.dispatch.DispatchUtils.execute[DispatchUtils.java:106]
	at org.apache.tools.ant.Task.perform[Task.java:348]
	at org.eclipse.epsilon.workflow.tasks.EUnitTask$TaskCollection.run[EUnitTask.java:69]
	at org.eclipse.epsilon.workflow.tasks.EUnitTask.beforeCase[EUnitTask.java:218]
	at org.eclipse.epsilon.eunit.EUnitModule.fireBeforeCase[EUnitModule.java:507]
	at org.eclipse.epsilon.eunit.EUnitModule.runSuiteInternal[EUnitModule.java:318]
	at org.eclipse.epsilon.eunit.EUnitModule.runSuite[EUnitModule.java:164]
	at org.eclipse.epsilon.eunit.EUnitModule.runInnerTestCase[EUnitModule.java:361]
	at org.eclipse.epsilon.eunit.EUnitModule.runSuiteInternal[EUnitModule.java:339]
	at org.eclipse.epsilon.eunit.EUnitModule.runSuite[EUnitModule.java:164]
	at org.eclipse.epsilon.eunit.EUnitModule.runInnerTestCase[EUnitModule.java:361]
	at org.eclipse.epsilon.eunit.EUnitModule.runSuiteInternal[EUnitModule.java:339]
	at org.eclipse.epsilon.eunit.EUnitModule.runSuite[EUnitModule.java:164]
	at org.eclipse.epsilon.eunit.EUnitModule.execute[EUnitModule.java:136]
	at org.eclipse.epsilon.workflow.tasks.ExecutableModuleTask.executeImpl[ExecutableModuleTask.java:193]
	at org.eclipse.epsilon.workflow.tasks.EpsilonTask.execute[EpsilonTask.java:40]
	at org.apache.tools.ant.UnknownElement.execute[UnknownElement.java:291]
	at sun.reflect.NativeMethodAccessorImpl.invoke0[Native Method]
	at sun.reflect.NativeMethodAccessorImpl.invoke[NativeMethodAccessorImpl.java:57]
	at sun.reflect.DelegatingMethodAccessorImpl.invoke[DelegatingMethodAccessorImpl.java:43]
	at java.lang.reflect.Method.invoke[Method.java:616]
	at org.apache.tools.ant.dispatch.DispatchUtils.execute[DispatchUtils.java:106]
	at org.apache.tools.ant.Task.perform[Task.java:348]
	at org.apache.tools.ant.Target.execute[Target.java:392]
	at org.apache.tools.ant.Target.performTasks[Target.java:413]
	at org.apache.tools.ant.Project.executeSortedTargets[Project.java:1399]
	at org.apache.tools.ant.Project.executeTarget[Project.java:1368]
	at org.apache.tools.ant.helper.DefaultExecutor.executeTargets[DefaultExecutor.java:41]
	at org.eclipse.ant.internal.core.ant.EclipseDefaultExecutor.executeTargets[EclipseDefaultExecutor.java:32]
	at org.apache.tools.ant.Project.executeTargets[Project.java:1251]
	at org.eclipse.ant.internal.core.ant.InternalAntRunner.run[InternalAntRunner.java:672]
	at org.eclipse.ant.internal.core.ant.InternalAntRunner.run[InternalAntRunner.java:498]
	at sun.reflect.NativeMethodAccessorImpl.invoke0[Native Method]
	at sun.reflect.NativeMethodAccessorImpl.invoke[NativeMethodAccessorImpl.java:57]
	at sun.reflect.DelegatingMethodAccessorImpl.invoke[DelegatingMethodAccessorImpl.java:43]
	at java.lang.reflect.Method.invoke[Method.java:616]
	at org.eclipse.ant.core.AntRunner.run[AntRunner.java:378]
	at org.eclipse.ant.internal.launching.launchConfigurations.AntLaunchDelegate$1.run[AntLaunchDelegate.java:298]
	at java.lang.Thread.run[Thread.java:679]

Test withReal[4] {'' is 'sequence-w_auto_constraint'} failed with status ERROR: The following error occurred while executing this line:
/home/antonio/Documents/sodmt/workspace-metamodels/es.uca.modeling.eol.tests/eunit.xml:17: Internal error: java.lang.IllegalArgumentException: Could not locate a metamodel with the URI 'www.uca.es/modeling/serviceProcess'. Please ensure that this metamodel has been registered with Epsilon.
	at org.eclipse.epsilon.emc.emf.EmfModel.determinePackagesFrom[EmfModel.java:266]
	at org.eclipse.epsilon.emc.emf.EmfModel.loadModelFromUri[EmfModel.java:214]
	at org.eclipse.epsilon.emc.emf.EmfModel.loadModel[EmfModel.java:161]
	at org.eclipse.epsilon.eol.models.CachedModel.load[CachedModel.java:147]
	at org.eclipse.epsilon.emc.emf.EmfModel.load[EmfModel.java:127]
	at org.eclipse.epsilon.workflow.tasks.emf.LoadEmfModel.executeImpl[LoadEmfModel.java:67]
	at org.eclipse.epsilon.workflow.tasks.EpsilonTask.execute[EpsilonTask.java:40]
	at org.apache.tools.ant.UnknownElement.execute[UnknownElement.java:291]
	at sun.reflect.GeneratedMethodAccessor101.invoke[Unknown Source]
	at sun.reflect.DelegatingMethodAccessorImpl.invoke[DelegatingMethodAccessorImpl.java:43]
	at java.lang.reflect.Method.invoke[Method.java:616]
	at org.apache.tools.ant.dispatch.DispatchUtils.execute[DispatchUtils.java:106]
	at org.apache.tools.ant.Task.perform[Task.java:348]
	at org.apache.tools.ant.taskdefs.Sequential.execute[Sequential.java:68]
	at org.apache.tools.ant.UnknownElement.execute[UnknownElement.java:291]
	at sun.reflect.GeneratedMethodAccessor101.invoke[Unknown Source]
	at sun.reflect.DelegatingMethodAccessorImpl.invoke[DelegatingMethodAccessorImpl.java:43]
	at java.lang.reflect.Method.invoke[Method.java:616]
	at org.apache.tools.ant.dispatch.DispatchUtils.execute[DispatchUtils.java:106]
	at org.apache.tools.ant.Task.perform[Task.java:348]
	at org.apache.tools.ant.taskdefs.MacroInstance.execute[MacroInstance.java:398]
	at org.apache.tools.ant.UnknownElement.execute[UnknownElement.java:291]
	at sun.reflect.GeneratedMethodAccessor101.invoke[Unknown Source]
	at sun.reflect.DelegatingMethodAccessorImpl.invoke[DelegatingMethodAccessorImpl.java:43]
	at java.lang.reflect.Method.invoke[Method.java:616]
	at org.apache.tools.ant.dispatch.DispatchUtils.execute[DispatchUtils.java:106]
	at org.apache.tools.ant.Task.perform[Task.java:348]
	at org.eclipse.epsilon.workflow.tasks.EUnitTask$TaskCollection.run[EUnitTask.java:69]
	at org.eclipse.epsilon.workflow.tasks.EUnitTask.beforeCase[EUnitTask.java:218]
	at org.eclipse.epsilon.eunit.EUnitModule.fireBeforeCase[EUnitModule.java:507]
	at org.eclipse.epsilon.eunit.EUnitModule.runSuiteInternal[EUnitModule.java:318]
	at org.eclipse.epsilon.eunit.EUnitModule.runSuite[EUnitModule.java:164]
	at org.eclipse.epsilon.eunit.EUnitModule.runInnerTestCase[EUnitModule.java:361]
	at org.eclipse.epsilon.eunit.EUnitModule.runSuiteInternal[EUnitModule.java:339]
	at org.eclipse.epsilon.eunit.EUnitModule.runSuite[EUnitModule.java:164]
	at org.eclipse.epsilon.eunit.EUnitModule.runInnerTestCase[EUnitModule.java:361]
	at org.eclipse.epsilon.eunit.EUnitModule.runSuiteInternal[EUnitModule.java:339]
	at org.eclipse.epsilon.eunit.EUnitModule.runSuite[EUnitModule.java:164]
	at org.eclipse.epsilon.eunit.EUnitModule.execute[EUnitModule.java:136]
	at org.eclipse.epsilon.workflow.tasks.ExecutableModuleTask.executeImpl[ExecutableModuleTask.java:193]
	at org.eclipse.epsilon.workflow.tasks.EpsilonTask.execute[EpsilonTask.java:40]
	at org.apache.tools.ant.UnknownElement.execute[UnknownElement.java:291]
	at sun.reflect.NativeMethodAccessorImpl.invoke0[Native Method]
	at sun.reflect.NativeMethodAccessorImpl.invoke[NativeMethodAccessorImpl.java:57]
	at sun.reflect.DelegatingMethodAccessorImpl.invoke[DelegatingMethodAccessorImpl.java:43]
	at java.lang.reflect.Method.invoke[Method.java:616]
	at org.apache.tools.ant.dispatch.DispatchUtils.execute[DispatchUtils.java:106]
	at org.apache.tools.ant.Task.perform[Task.java:348]
	at org.apache.tools.ant.Target.execute[Target.java:392]
	at org.apache.tools.ant.Target.performTasks[Target.java:413]
	at org.apache.tools.ant.Project.executeSortedTargets[Project.java:1399]
	at org.apache.tools.ant.Project.executeTarget[Project.java:1368]
	at org.apache.tools.ant.helper.DefaultExecutor.executeTargets[DefaultExecutor.java:41]
	at org.eclipse.ant.internal.core.ant.EclipseDefaultExecutor.executeTargets[EclipseDefaultExecutor.java:32]
	at org.apache.tools.ant.Project.executeTargets[Project.java:1251]
	at org.eclipse.ant.internal.core.ant.InternalAntRunner.run[InternalAntRunner.java:672]
	at org.eclipse.ant.internal.core.ant.InternalAntRunner.run[InternalAntRunner.java:498]
	at sun.reflect.NativeMethodAccessorImpl.invoke0[Native Method]
	at sun.reflect.NativeMethodAccessorImpl.invoke[NativeMethodAccessorImpl.java:57]
	at sun.reflect.DelegatingMethodAccessorImpl.invoke[DelegatingMethodAccessorImpl.java:43]
	at java.lang.reflect.Method.invoke[Method.java:616]
	at org.eclipse.ant.core.AntRunner.run[AntRunner.java:378]
	at org.eclipse.ant.internal.launching.launchConfigurations.AntLaunchDelegate$1.run[AntLaunchDelegate.java:298]
	at java.lang.Thread.run[Thread.java:679]

Test withReal[5] {'' is 'single-dipole'} failed with status ERROR: The following error occurred while executing this line:
/home/antonio/Documents/sodmt/workspace-metamodels/es.uca.modeling.eol.tests/eunit.xml:17: Internal error: java.lang.IllegalArgumentException: Could not locate a metamodel with the URI 'www.uca.es/modeling/serviceProcess'. Please ensure that this metamodel has been registered with Epsilon.
	at org.eclipse.epsilon.emc.emf.EmfModel.determinePackagesFrom[EmfModel.java:266]
	at org.eclipse.epsilon.emc.emf.EmfModel.loadModelFromUri[EmfModel.java:214]
	at org.eclipse.epsilon.emc.emf.EmfModel.loadModel[EmfModel.java:161]
	at org.eclipse.epsilon.eol.models.CachedModel.load[CachedModel.java:147]
	at org.eclipse.epsilon.emc.emf.EmfModel.load[EmfModel.java:127]
	at org.eclipse.epsilon.workflow.tasks.emf.LoadEmfModel.executeImpl[LoadEmfModel.java:67]
	at org.eclipse.epsilon.workflow.tasks.EpsilonTask.execute[EpsilonTask.java:40]
	at org.apache.tools.ant.UnknownElement.execute[UnknownElement.java:291]
	at sun.reflect.GeneratedMethodAccessor101.invoke[Unknown Source]
	at sun.reflect.DelegatingMethodAccessorImpl.invoke[DelegatingMethodAccessorImpl.java:43]
	at java.lang.reflect.Method.invoke[Method.java:616]
	at org.apache.tools.ant.dispatch.DispatchUtils.execute[DispatchUtils.java:106]
	at org.apache.tools.ant.Task.perform[Task.java:348]
	at org.apache.tools.ant.taskdefs.Sequential.execute[Sequential.java:68]
	at org.apache.tools.ant.UnknownElement.execute[UnknownElement.java:291]
	at sun.reflect.GeneratedMethodAccessor101.invoke[Unknown Source]
	at sun.reflect.DelegatingMethodAccessorImpl.invoke[DelegatingMethodAccessorImpl.java:43]
	at java.lang.reflect.Method.invoke[Method.java:616]
	at org.apache.tools.ant.dispatch.DispatchUtils.execute[DispatchUtils.java:106]
	at org.apache.tools.ant.Task.perform[Task.java:348]
	at org.apache.tools.ant.taskdefs.MacroInstance.execute[MacroInstance.java:398]
	at org.apache.tools.ant.UnknownElement.execute[UnknownElement.java:291]
	at sun.reflect.GeneratedMethodAccessor101.invoke[Unknown Source]
	at sun.reflect.DelegatingMethodAccessorImpl.invoke[DelegatingMethodAccessorImpl.java:43]
	at java.lang.reflect.Method.invoke[Method.java:616]
	at org.apache.tools.ant.dispatch.DispatchUtils.execute[DispatchUtils.java:106]
	at org.apache.tools.ant.Task.perform[Task.java:348]
	at org.eclipse.epsilon.workflow.tasks.EUnitTask$TaskCollection.run[EUnitTask.java:69]
	at org.eclipse.epsilon.workflow.tasks.EUnitTask.beforeCase[EUnitTask.java:218]
	at org.eclipse.epsilon.eunit.EUnitModule.fireBeforeCase[EUnitModule.java:507]
	at org.eclipse.epsilon.eunit.EUnitModule.runSuiteInternal[EUnitModule.java:318]
	at org.eclipse.epsilon.eunit.EUnitModule.runSuite[EUnitModule.java:164]
	at org.eclipse.epsilon.eunit.EUnitModule.runInnerTestCase[EUnitModule.java:361]
	at org.eclipse.epsilon.eunit.EUnitModule.runSuiteInternal[EUnitModule.java:339]
	at org.eclipse.epsilon.eunit.EUnitModule.runSuite[EUnitModule.java:164]
	at org.eclipse.epsilon.eunit.EUnitModule.runInnerTestCase[EUnitModule.java:361]
	at org.eclipse.epsilon.eunit.EUnitModule.runSuiteInternal[EUnitModule.java:339]
	at org.eclipse.epsilon.eunit.EUnitModule.runSuite[EUnitModule.java:164]
	at org.eclipse.epsilon.eunit.EUnitModule.execute[EUnitModule.java:136]
	at org.eclipse.epsilon.workflow.tasks.ExecutableModuleTask.executeImpl[ExecutableModuleTask.java:193]
	at org.eclipse.epsilon.workflow.tasks.EpsilonTask.execute[EpsilonTask.java:40]
	at org.apache.tools.ant.UnknownElement.execute[UnknownElement.java:291]
	at sun.reflect.NativeMethodAccessorImpl.invoke0[Native Method]
	at sun.reflect.NativeMethodAccessorImpl.invoke[NativeMethodAccessorImpl.java:57]
	at sun.reflect.DelegatingMethodAccessorImpl.invoke[DelegatingMethodAccessorImpl.java:43]
	at java.lang.reflect.Method.invoke[Method.java:616]
	at org.apache.tools.ant.dispatch.DispatchUtils.execute[DispatchUtils.java:106]
	at org.apache.tools.ant.Task.perform[Task.java:348]
	at org.apache.tools.ant.Target.execute[Target.java:392]
	at org.apache.tools.ant.Target.performTasks[Target.java:413]
	at org.apache.tools.ant.Project.executeSortedTargets[Project.java:1399]
	at org.apache.tools.ant.Project.executeTarget[Project.java:1368]
	at org.apache.tools.ant.helper.DefaultExecutor.executeTargets[DefaultExecutor.java:41]
	at org.eclipse.ant.internal.core.ant.EclipseDefaultExecutor.executeTargets[EclipseDefaultExecutor.java:32]
	at org.apache.tools.ant.Project.executeTargets[Project.java:1251]
	at org.eclipse.ant.internal.core.ant.InternalAntRunner.run[InternalAntRunner.java:672]
	at org.eclipse.ant.internal.core.ant.InternalAntRunner.run[InternalAntRunner.java:498]
	at sun.reflect.NativeMethodAccessorImpl.invoke0[Native Method]
	at sun.reflect.NativeMethodAccessorImpl.invoke[NativeMethodAccessorImpl.java:57]
	at sun.reflect.DelegatingMethodAccessorImpl.invoke[DelegatingMethodAccessorImpl.java:43]
	at java.lang.reflect.Method.invoke[Method.java:616]
	at org.eclipse.ant.core.AntRunner.run[AntRunner.java:378]
	at org.eclipse.ant.internal.launching.launchConfigurations.AntLaunchDelegate$1.run[AntLaunchDelegate.java:298]
	at java.lang.Thread.run[Thread.java:679]

Test withReal[6] {'' is 'single-node'} failed with status ERROR: The following error occurred while executing this line:
/home/antonio/Documents/sodmt/workspace-metamodels/es.uca.modeling.eol.tests/eunit.xml:17: Internal error: java.lang.IllegalArgumentException: Could not locate a metamodel with the URI 'www.uca.es/modeling/serviceProcess'. Please ensure that this metamodel has been registered with Epsilon.
	at org.eclipse.epsilon.emc.emf.EmfModel.determinePackagesFrom[EmfModel.java:266]
	at org.eclipse.epsilon.emc.emf.EmfModel.loadModelFromUri[EmfModel.java:214]
	at org.eclipse.epsilon.emc.emf.EmfModel.loadModel[EmfModel.java:161]
	at org.eclipse.epsilon.eol.models.CachedModel.load[CachedModel.java:147]
	at org.eclipse.epsilon.emc.emf.EmfModel.load[EmfModel.java:127]
	at org.eclipse.epsilon.workflow.tasks.emf.LoadEmfModel.executeImpl[LoadEmfModel.java:67]
	at org.eclipse.epsilon.workflow.tasks.EpsilonTask.execute[EpsilonTask.java:40]
	at org.apache.tools.ant.UnknownElement.execute[UnknownElement.java:291]
	at sun.reflect.GeneratedMethodAccessor101.invoke[Unknown Source]
	at sun.reflect.DelegatingMethodAccessorImpl.invoke[DelegatingMethodAccessorImpl.java:43]
	at java.lang.reflect.Method.invoke[Method.java:616]
	at org.apache.tools.ant.dispatch.DispatchUtils.execute[DispatchUtils.java:106]
	at org.apache.tools.ant.Task.perform[Task.java:348]
	at org.apache.tools.ant.taskdefs.Sequential.execute[Sequential.java:68]
	at org.apache.tools.ant.UnknownElement.execute[UnknownElement.java:291]
	at sun.reflect.GeneratedMethodAccessor101.invoke[Unknown Source]
	at sun.reflect.DelegatingMethodAccessorImpl.invoke[DelegatingMethodAccessorImpl.java:43]
	at java.lang.reflect.Method.invoke[Method.java:616]
	at org.apache.tools.ant.dispatch.DispatchUtils.execute[DispatchUtils.java:106]
	at org.apache.tools.ant.Task.perform[Task.java:348]
	at org.apache.tools.ant.taskdefs.MacroInstance.execute[MacroInstance.java:398]
	at org.apache.tools.ant.UnknownElement.execute[UnknownElement.java:291]
	at sun.reflect.GeneratedMethodAccessor101.invoke[Unknown Source]
	at sun.reflect.DelegatingMethodAccessorImpl.invoke[DelegatingMethodAccessorImpl.java:43]
	at java.lang.reflect.Method.invoke[Method.java:616]
	at org.apache.tools.ant.dispatch.DispatchUtils.execute[DispatchUtils.java:106]
	at org.apache.tools.ant.Task.perform[Task.java:348]
	at org.eclipse.epsilon.workflow.tasks.EUnitTask$TaskCollection.run[EUnitTask.java:69]
	at org.eclipse.epsilon.workflow.tasks.EUnitTask.beforeCase[EUnitTask.java:218]
	at org.eclipse.epsilon.eunit.EUnitModule.fireBeforeCase[EUnitModule.java:507]
	at org.eclipse.epsilon.eunit.EUnitModule.runSuiteInternal[EUnitModule.java:318]
	at org.eclipse.epsilon.eunit.EUnitModule.runSuite[EUnitModule.java:164]
	at org.eclipse.epsilon.eunit.EUnitModule.runInnerTestCase[EUnitModule.java:361]
	at org.eclipse.epsilon.eunit.EUnitModule.runSuiteInternal[EUnitModule.java:339]
	at org.eclipse.epsilon.eunit.EUnitModule.runSuite[EUnitModule.java:164]
	at org.eclipse.epsilon.eunit.EUnitModule.runInnerTestCase[EUnitModule.java:361]
	at org.eclipse.epsilon.eunit.EUnitModule.runSuiteInternal[EUnitModule.java:339]
	at org.eclipse.epsilon.eunit.EUnitModule.runSuite[EUnitModule.java:164]
	at org.eclipse.epsilon.eunit.EUnitModule.execute[EUnitModule.java:136]
	at org.eclipse.epsilon.workflow.tasks.ExecutableModuleTask.executeImpl[ExecutableModuleTask.java:193]
	at org.eclipse.epsilon.workflow.tasks.EpsilonTask.execute[EpsilonTask.java:40]
	at org.apache.tools.ant.UnknownElement.execute[UnknownElement.java:291]
	at sun.reflect.NativeMethodAccessorImpl.invoke0[Native Method]
	at sun.reflect.NativeMethodAccessorImpl.invoke[NativeMethodAccessorImpl.java:57]
	at sun.reflect.DelegatingMethodAccessorImpl.invoke[DelegatingMethodAccessorImpl.java:43]
	at java.lang.reflect.Method.invoke[Method.java:616]
	at org.apache.tools.ant.dispatch.DispatchUtils.execute[DispatchUtils.java:106]
	at org.apache.tools.ant.Task.perform[Task.java:348]
	at org.apache.tools.ant.Target.execute[Target.java:392]
	at org.apache.tools.ant.Target.performTasks[Target.java:413]
	at org.apache.tools.ant.Project.executeSortedTargets[Project.java:1399]
	at org.apache.tools.ant.Project.executeTarget[Project.java:1368]
	at org.apache.tools.ant.helper.DefaultExecutor.executeTargets[DefaultExecutor.java:41]
	at org.eclipse.ant.internal.core.ant.EclipseDefaultExecutor.executeTargets[EclipseDefaultExecutor.java:32]
	at org.apache.tools.ant.Project.executeTargets[Project.java:1251]
	at org.eclipse.ant.internal.core.ant.InternalAntRunner.run[InternalAntRunner.java:672]
	at org.eclipse.ant.internal.core.ant.InternalAntRunner.run[InternalAntRunner.java:498]
	at sun.reflect.NativeMethodAccessorImpl.invoke0[Native Method]
	at sun.reflect.NativeMethodAccessorImpl.invoke[NativeMethodAccessorImpl.java:57]
	at sun.reflect.DelegatingMethodAccessorImpl.invoke[DelegatingMethodAccessorImpl.java:43]
	at java.lang.reflect.Method.invoke[Method.java:616]
	at org.eclipse.ant.core.AntRunner.run[AntRunner.java:378]
	at org.eclipse.ant.internal.launching.launchConfigurations.AntLaunchDelegate$1.run[AntLaunchDelegate.java:298]
	at java.lang.Thread.run[Thread.java:679]

Test withReal {} failed with status ERROR: The following error occurred while executing this line:
/home/antonio/Documents/sodmt/workspace-metamodels/es.uca.modeling.eol.tests/eunit.xml:17: Internal error: java.lang.IllegalArgumentException: Could not locate a metamodel with the URI 'www.uca.es/modeling/serviceProcess'. Please ensure that this metamodel has been registered with Epsilon.
	at org.eclipse.epsilon.emc.emf.EmfModel.determinePackagesFrom[EmfModel.java:266]
	at org.eclipse.epsilon.emc.emf.EmfModel.loadModelFromUri[EmfModel.java:214]
	at org.eclipse.epsilon.emc.emf.EmfModel.loadModel[EmfModel.java:161]
	at org.eclipse.epsilon.eol.models.CachedModel.load[CachedModel.java:147]
	at org.eclipse.epsilon.emc.emf.EmfModel.load[EmfModel.java:127]
	at org.eclipse.epsilon.workflow.tasks.emf.LoadEmfModel.executeImpl[LoadEmfModel.java:67]
	at org.eclipse.epsilon.workflow.tasks.EpsilonTask.execute[EpsilonTask.java:40]
	at org.apache.tools.ant.UnknownElement.execute[UnknownElement.java:291]
	at sun.reflect.GeneratedMethodAccessor101.invoke[Unknown Source]
	at sun.reflect.DelegatingMethodAccessorImpl.invoke[DelegatingMethodAccessorImpl.java:43]
	at java.lang.reflect.Method.invoke[Method.java:616]
	at org.apache.tools.ant.dispatch.DispatchUtils.execute[DispatchUtils.java:106]
	at org.apache.tools.ant.Task.perform[Task.java:348]
	at org.apache.tools.ant.taskdefs.Sequential.execute[Sequential.java:68]
	at org.apache.tools.ant.UnknownElement.execute[UnknownElement.java:291]
	at sun.reflect.GeneratedMethodAccessor101.invoke[Unknown Source]
	at sun.reflect.DelegatingMethodAccessorImpl.invoke[DelegatingMethodAccessorImpl.java:43]
	at java.lang.reflect.Method.invoke[Method.java:616]
	at org.apache.tools.ant.dispatch.DispatchUtils.execute[DispatchUtils.java:106]
	at org.apache.tools.ant.Task.perform[Task.java:348]
	at org.apache.tools.ant.taskdefs.MacroInstance.execute[MacroInstance.java:398]
	at org.apache.tools.ant.UnknownElement.execute[UnknownElement.java:291]
	at sun.reflect.GeneratedMethodAccessor101.invoke[Unknown Source]
	at sun.reflect.DelegatingMethodAccessorImpl.invoke[DelegatingMethodAccessorImpl.java:43]
	at java.lang.reflect.Method.invoke[Method.java:616]
	at org.apache.tools.ant.dispatch.DispatchUtils.execute[DispatchUtils.java:106]
	at org.apache.tools.ant.Task.perform[Task.java:348]
	at org.eclipse.epsilon.workflow.tasks.EUnitTask$TaskCollection.run[EUnitTask.java:69]
	at org.eclipse.epsilon.workflow.tasks.EUnitTask.beforeCase[EUnitTask.java:218]
	at org.eclipse.epsilon.eunit.EUnitModule.fireBeforeCase[EUnitModule.java:507]
	at org.eclipse.epsilon.eunit.EUnitModule.runSuiteInternal[EUnitModule.java:318]
	at org.eclipse.epsilon.eunit.EUnitModule.runSuite[EUnitModule.java:164]
	at org.eclipse.epsilon.eunit.EUnitModule.runInnerTestCase[EUnitModule.java:361]
	at org.eclipse.epsilon.eunit.EUnitModule.runSuiteInternal[EUnitModule.java:339]
	at org.eclipse.epsilon.eunit.EUnitModule.runSuite[EUnitModule.java:164]
	at org.eclipse.epsilon.eunit.EUnitModule.runInnerTestCase[EUnitModule.java:361]
	at org.eclipse.epsilon.eunit.EUnitModule.runSuiteInternal[EUnitModule.java:339]
	at org.eclipse.epsilon.eunit.EUnitModule.runSuite[EUnitModule.java:164]
	at org.eclipse.epsilon.eunit.EUnitModule.execute[EUnitModule.java:136]
	at org.eclipse.epsilon.workflow.tasks.ExecutableModuleTask.executeImpl[ExecutableModuleTask.java:193]
	at org.eclipse.epsilon.workflow.tasks.EpsilonTask.execute[EpsilonTask.java:40]
	at org.apache.tools.ant.UnknownElement.execute[UnknownElement.java:291]
	at sun.reflect.NativeMethodAccessorImpl.invoke0[Native Method]
	at sun.reflect.NativeMethodAccessorImpl.invoke[NativeMethodAccessorImpl.java:57]
	at sun.reflect.DelegatingMethodAccessorImpl.invoke[DelegatingMethodAccessorImpl.java:43]
	at java.lang.reflect.Method.invoke[Method.java:616]
	at org.apache.tools.ant.dispatch.DispatchUtils.execute[DispatchUtils.java:106]
	at org.apache.tools.ant.Task.perform[Task.java:348]
	at org.apache.tools.ant.Target.execute[Target.java:392]
	at org.apache.tools.ant.Target.performTasks[Target.java:413]
	at org.apache.tools.ant.Project.executeSortedTargets[Project.java:1399]
	at org.apache.tools.ant.Project.executeTarget[Project.java:1368]
	at org.apache.tools.ant.helper.DefaultExecutor.executeTargets[DefaultExecutor.java:41]
	at org.eclipse.ant.internal.core.ant.EclipseDefaultExecutor.executeTargets[EclipseDefaultExecutor.java:32]
	at org.apache.tools.ant.Project.executeTargets[Project.java:1251]
	at org.eclipse.ant.internal.core.ant.InternalAntRunner.run[InternalAntRunner.java:672]
	at org.eclipse.ant.internal.core.ant.InternalAntRunner.run[InternalAntRunner.java:498]
	at sun.reflect.NativeMethodAccessorImpl.invoke0[Native Method]
	at sun.reflect.NativeMethodAccessorImpl.invoke[NativeMethodAccessorImpl.java:57]
	at sun.reflect.DelegatingMethodAccessorImpl.invoke[DelegatingMethodAccessorImpl.java:43]
	at java.lang.reflect.Method.invoke[Method.java:616]
	at org.eclipse.ant.core.AntRunner.run[AntRunner.java:378]
	at org.eclipse.ant.internal.launching.launchConfigurations.AntLaunchDelegate$1.run[AntLaunchDelegate.java:298]
	at java.lang.Thread.run[Thread.java:679]

Test notEnoughTime {'' is 'sequence'} failed with status ERROR: The following error occurred while executing this line:
/home/antonio/Documents/sodmt/workspace-metamodels/es.uca.modeling.eol.tests/eunit.xml:17: Internal error: java.lang.IllegalArgumentException: Could not locate a metamodel with the URI 'www.uca.es/modeling/serviceProcess'. Please ensure that this metamodel has been registered with Epsilon.
	at org.eclipse.epsilon.emc.emf.EmfModel.determinePackagesFrom[EmfModel.java:266]
	at org.eclipse.epsilon.emc.emf.EmfModel.loadModelFromUri[EmfModel.java:214]
	at org.eclipse.epsilon.emc.emf.EmfModel.loadModel[EmfModel.java:161]
	at org.eclipse.epsilon.eol.models.CachedModel.load[CachedModel.java:147]
	at org.eclipse.epsilon.emc.emf.EmfModel.load[EmfModel.java:127]
	at org.eclipse.epsilon.workflow.tasks.emf.LoadEmfModel.executeImpl[LoadEmfModel.java:67]
	at org.eclipse.epsilon.workflow.tasks.EpsilonTask.execute[EpsilonTask.java:40]
	at org.apache.tools.ant.UnknownElement.execute[UnknownElement.java:291]
	at sun.reflect.GeneratedMethodAccessor101.invoke[Unknown Source]
	at sun.reflect.DelegatingMethodAccessorImpl.invoke[DelegatingMethodAccessorImpl.java:43]
	at java.lang.reflect.Method.invoke[Method.java:616]
	at org.apache.tools.ant.dispatch.DispatchUtils.execute[DispatchUtils.java:106]
	at org.apache.tools.ant.Task.perform[Task.java:348]
	at org.apache.tools.ant.taskdefs.Sequential.execute[Sequential.java:68]
	at org.apache.tools.ant.UnknownElement.execute[UnknownElement.java:291]
	at sun.reflect.GeneratedMethodAccessor101.invoke[Unknown Source]
	at sun.reflect.DelegatingMethodAccessorImpl.invoke[DelegatingMethodAccessorImpl.java:43]
	at java.lang.reflect.Method.invoke[Method.java:616]
	at org.apache.tools.ant.dispatch.DispatchUtils.execute[DispatchUtils.java:106]
	at org.apache.tools.ant.Task.perform[Task.java:348]
	at org.apache.tools.ant.taskdefs.MacroInstance.execute[MacroInstance.java:398]
	at org.apache.tools.ant.UnknownElement.execute[UnknownElement.java:291]
	at sun.reflect.GeneratedMethodAccessor101.invoke[Unknown Source]
	at sun.reflect.DelegatingMethodAccessorImpl.invoke[DelegatingMethodAccessorImpl.java:43]
	at java.lang.reflect.Method.invoke[Method.java:616]
	at org.apache.tools.ant.dispatch.DispatchUtils.execute[DispatchUtils.java:106]
	at org.apache.tools.ant.Task.perform[Task.java:348]
	at org.eclipse.epsilon.workflow.tasks.EUnitTask$TaskCollection.run[EUnitTask.java:69]
	at org.eclipse.epsilon.workflow.tasks.EUnitTask.beforeCase[EUnitTask.java:218]
	at org.eclipse.epsilon.eunit.EUnitModule.fireBeforeCase[EUnitModule.java:507]
	at org.eclipse.epsilon.eunit.EUnitModule.runSuiteInternal[EUnitModule.java:318]
	at org.eclipse.epsilon.eunit.EUnitModule.runSuite[EUnitModule.java:164]
	at org.eclipse.epsilon.eunit.EUnitModule.runInnerTestCase[EUnitModule.java:361]
	at org.eclipse.epsilon.eunit.EUnitModule.runSuiteInternal[EUnitModule.java:339]
	at org.eclipse.epsilon.eunit.EUnitModule.runSuite[EUnitModule.java:164]
	at org.eclipse.epsilon.eunit.EUnitModule.execute[EUnitModule.java:136]
	at org.eclipse.epsilon.workflow.tasks.ExecutableModuleTask.executeImpl[ExecutableModuleTask.java:193]
	at org.eclipse.epsilon.workflow.tasks.EpsilonTask.execute[EpsilonTask.java:40]
	at org.apache.tools.ant.UnknownElement.execute[UnknownElement.java:291]
	at sun.reflect.NativeMethodAccessorImpl.invoke0[Native Method]
	at sun.reflect.NativeMethodAccessorImpl.invoke[NativeMethodAccessorImpl.java:57]
	at sun.reflect.DelegatingMethodAccessorImpl.invoke[DelegatingMethodAccessorImpl.java:43]
	at java.lang.reflect.Method.invoke[Method.java:616]
	at org.apache.tools.ant.dispatch.DispatchUtils.execute[DispatchUtils.java:106]
	at org.apache.tools.ant.Task.perform[Task.java:348]
	at org.apache.tools.ant.Target.execute[Target.java:392]
	at org.apache.tools.ant.Target.performTasks[Target.java:413]
	at org.apache.tools.ant.Project.executeSortedTargets[Project.java:1399]
	at org.apache.tools.ant.Project.executeTarget[Project.java:1368]
	at org.apache.tools.ant.helper.DefaultExecutor.executeTargets[DefaultExecutor.java:41]
	at org.eclipse.ant.internal.core.ant.EclipseDefaultExecutor.executeTargets[EclipseDefaultExecutor.java:32]
	at org.apache.tools.ant.Project.executeTargets[Project.java:1251]
	at org.eclipse.ant.internal.core.ant.InternalAntRunner.run[InternalAntRunner.java:672]
	at org.eclipse.ant.internal.core.ant.InternalAntRunner.run[InternalAntRunner.java:498]
	at sun.reflect.NativeMethodAccessorImpl.invoke0[Native Method]
	at sun.reflect.NativeMethodAccessorImpl.invoke[NativeMethodAccessorImpl.java:57]
	at sun.reflect.DelegatingMethodAccessorImpl.invoke[DelegatingMethodAccessorImpl.java:43]
	at java.lang.reflect.Method.invoke[Method.java:616]
	at org.eclipse.ant.core.AntRunner.run[AntRunner.java:378]
	at org.eclipse.ant.internal.launching.launchConfigurations.AntLaunchDelegate$1.run[AntLaunchDelegate.java:298]
	at java.lang.Thread.run[Thread.java:679]

Test allTimeUsed {'' is 'sequence'} failed with status ERROR: The following error occurred while executing this line:
/home/antonio/Documents/sodmt/workspace-metamodels/es.uca.modeling.eol.tests/eunit.xml:17: Internal error: java.lang.IllegalArgumentException: Could not locate a metamodel with the URI 'www.uca.es/modeling/serviceProcess'. Please ensure that this metamodel has been registered with Epsilon.
	at org.eclipse.epsilon.emc.emf.EmfModel.determinePackagesFrom[EmfModel.java:266]
	at org.eclipse.epsilon.emc.emf.EmfModel.loadModelFromUri[EmfModel.java:214]
	at org.eclipse.epsilon.emc.emf.EmfModel.loadModel[EmfModel.java:161]
	at org.eclipse.epsilon.eol.models.CachedModel.load[CachedModel.java:147]
	at org.eclipse.epsilon.emc.emf.EmfModel.load[EmfModel.java:127]
	at org.eclipse.epsilon.workflow.tasks.emf.LoadEmfModel.executeImpl[LoadEmfModel.java:67]
	at org.eclipse.epsilon.workflow.tasks.EpsilonTask.execute[EpsilonTask.java:40]
	at org.apache.tools.ant.UnknownElement.execute[UnknownElement.java:291]
	at sun.reflect.GeneratedMethodAccessor101.invoke[Unknown Source]
	at sun.reflect.DelegatingMethodAccessorImpl.invoke[DelegatingMethodAccessorImpl.java:43]
	at java.lang.reflect.Method.invoke[Method.java:616]
	at org.apache.tools.ant.dispatch.DispatchUtils.execute[DispatchUtils.java:106]
	at org.apache.tools.ant.Task.perform[Task.java:348]
	at org.apache.tools.ant.taskdefs.Sequential.execute[Sequential.java:68]
	at org.apache.tools.ant.UnknownElement.execute[UnknownElement.java:291]
	at sun.reflect.GeneratedMethodAccessor101.invoke[Unknown Source]
	at sun.reflect.DelegatingMethodAccessorImpl.invoke[DelegatingMethodAccessorImpl.java:43]
	at java.lang.reflect.Method.invoke[Method.java:616]
	at org.apache.tools.ant.dispatch.DispatchUtils.execute[DispatchUtils.java:106]
	at org.apache.tools.ant.Task.perform[Task.java:348]
	at org.apache.tools.ant.taskdefs.MacroInstance.execute[MacroInstance.java:398]
	at org.apache.tools.ant.UnknownElement.execute[UnknownElement.java:291]
	at sun.reflect.GeneratedMethodAccessor101.invoke[Unknown Source]
	at sun.reflect.DelegatingMethodAccessorImpl.invoke[DelegatingMethodAccessorImpl.java:43]
	at java.lang.reflect.Method.invoke[Method.java:616]
	at org.apache.tools.ant.dispatch.DispatchUtils.execute[DispatchUtils.java:106]
	at org.apache.tools.ant.Task.perform[Task.java:348]
	at org.eclipse.epsilon.workflow.tasks.EUnitTask$TaskCollection.run[EUnitTask.java:69]
	at org.eclipse.epsilon.workflow.tasks.EUnitTask.beforeCase[EUnitTask.java:218]
	at org.eclipse.epsilon.eunit.EUnitModule.fireBeforeCase[EUnitModule.java:507]
	at org.eclipse.epsilon.eunit.EUnitModule.runSuiteInternal[EUnitModule.java:318]
	at org.eclipse.epsilon.eunit.EUnitModule.runSuite[EUnitModule.java:164]
	at org.eclipse.epsilon.eunit.EUnitModule.runInnerTestCase[EUnitModule.java:361]
	at org.eclipse.epsilon.eunit.EUnitModule.runSuiteInternal[EUnitModule.java:339]
	at org.eclipse.epsilon.eunit.EUnitModule.runSuite[EUnitModule.java:164]
	at org.eclipse.epsilon.eunit.EUnitModule.execute[EUnitModule.java:136]
	at org.eclipse.epsilon.workflow.tasks.ExecutableModuleTask.executeImpl[ExecutableModuleTask.java:193]
	at org.eclipse.epsilon.workflow.tasks.EpsilonTask.execute[EpsilonTask.java:40]
	at org.apache.tools.ant.UnknownElement.execute[UnknownElement.java:291]
	at sun.reflect.NativeMethodAccessorImpl.invoke0[Native Method]
	at sun.reflect.NativeMethodAccessorImpl.invoke[NativeMethodAccessorImpl.java:57]
	at sun.reflect.DelegatingMethodAccessorImpl.invoke[DelegatingMethodAccessorImpl.java:43]
	at java.lang.reflect.Method.invoke[Method.java:616]
	at org.apache.tools.ant.dispatch.DispatchUtils.execute[DispatchUtils.java:106]
	at org.apache.tools.ant.Task.perform[Task.java:348]
	at org.apache.tools.ant.Target.execute[Target.java:392]
	at org.apache.tools.ant.Target.performTasks[Target.java:413]
	at org.apache.tools.ant.Project.executeSortedTargets[Project.java:1399]
	at org.apache.tools.ant.Project.executeTarget[Project.java:1368]
	at org.apache.tools.ant.helper.DefaultExecutor.executeTargets[DefaultExecutor.java:41]
	at org.eclipse.ant.internal.core.ant.EclipseDefaultExecutor.executeTargets[EclipseDefaultExecutor.java:32]
	at org.apache.tools.ant.Project.executeTargets[Project.java:1251]
	at org.eclipse.ant.internal.core.ant.InternalAntRunner.run[InternalAntRunner.java:672]
	at org.eclipse.ant.internal.core.ant.InternalAntRunner.run[InternalAntRunner.java:498]
	at sun.reflect.NativeMethodAccessorImpl.invoke0[Native Method]
	at sun.reflect.NativeMethodAccessorImpl.invoke[NativeMethodAccessorImpl.java:57]
	at sun.reflect.DelegatingMethodAccessorImpl.invoke[DelegatingMethodAccessorImpl.java:43]
	at java.lang.reflect.Method.invoke[Method.java:616]
	at org.eclipse.ant.core.AntRunner.run[AntRunner.java:378]
	at org.eclipse.ant.internal.launching.launchConfigurations.AntLaunchDelegate$1.run[AntLaunchDelegate.java:298]
	at java.lang.Thread.run[Thread.java:679]

Test denseDAG {'' is 'dense'} failed with status ERROR: The following error occurred while executing this line:
/home/antonio/Documents/sodmt/workspace-metamodels/es.uca.modeling.eol.tests/eunit.xml:17: Internal error: java.lang.IllegalArgumentException: Could not locate a metamodel with the URI 'www.uca.es/modeling/serviceProcess'. Please ensure that this metamodel has been registered with Epsilon.
	at org.eclipse.epsilon.emc.emf.EmfModel.determinePackagesFrom[EmfModel.java:266]
	at org.eclipse.epsilon.emc.emf.EmfModel.loadModelFromUri[EmfModel.java:214]
	at org.eclipse.epsilon.emc.emf.EmfModel.loadModel[EmfModel.java:161]
	at org.eclipse.epsilon.eol.models.CachedModel.load[CachedModel.java:147]
	at org.eclipse.epsilon.emc.emf.EmfModel.load[EmfModel.java:127]
	at org.eclipse.epsilon.workflow.tasks.emf.LoadEmfModel.executeImpl[LoadEmfModel.java:67]
	at org.eclipse.epsilon.workflow.tasks.EpsilonTask.execute[EpsilonTask.java:40]
	at org.apache.tools.ant.UnknownElement.execute[UnknownElement.java:291]
	at sun.reflect.GeneratedMethodAccessor101.invoke[Unknown Source]
	at sun.reflect.DelegatingMethodAccessorImpl.invoke[DelegatingMethodAccessorImpl.java:43]
	at java.lang.reflect.Method.invoke[Method.java:616]
	at org.apache.tools.ant.dispatch.DispatchUtils.execute[DispatchUtils.java:106]
	at org.apache.tools.ant.Task.perform[Task.java:348]
	at org.apache.tools.ant.taskdefs.Sequential.execute[Sequential.java:68]
	at org.apache.tools.ant.UnknownElement.execute[UnknownElement.java:291]
	at sun.reflect.GeneratedMethodAccessor101.invoke[Unknown Source]
	at sun.reflect.DelegatingMethodAccessorImpl.invoke[DelegatingMethodAccessorImpl.java:43]
	at java.lang.reflect.Method.invoke[Method.java:616]
	at org.apache.tools.ant.dispatch.DispatchUtils.execute[DispatchUtils.java:106]
	at org.apache.tools.ant.Task.perform[Task.java:348]
	at org.apache.tools.ant.taskdefs.MacroInstance.execute[MacroInstance.java:398]
	at org.apache.tools.ant.UnknownElement.execute[UnknownElement.java:291]
	at sun.reflect.GeneratedMethodAccessor101.invoke[Unknown Source]
	at sun.reflect.DelegatingMethodAccessorImpl.invoke[DelegatingMethodAccessorImpl.java:43]
	at java.lang.reflect.Method.invoke[Method.java:616]
	at org.apache.tools.ant.dispatch.DispatchUtils.execute[DispatchUtils.java:106]
	at org.apache.tools.ant.Task.perform[Task.java:348]
	at org.eclipse.epsilon.workflow.tasks.EUnitTask$TaskCollection.run[EUnitTask.java:69]
	at org.eclipse.epsilon.workflow.tasks.EUnitTask.beforeCase[EUnitTask.java:218]
	at org.eclipse.epsilon.eunit.EUnitModule.fireBeforeCase[EUnitModule.java:507]
	at org.eclipse.epsilon.eunit.EUnitModule.runSuiteInternal[EUnitModule.java:318]
	at org.eclipse.epsilon.eunit.EUnitModule.runSuite[EUnitModule.java:164]
	at org.eclipse.epsilon.eunit.EUnitModule.runInnerTestCase[EUnitModule.java:361]
	at org.eclipse.epsilon.eunit.EUnitModule.runSuiteInternal[EUnitModule.java:339]
	at org.eclipse.epsilon.eunit.EUnitModule.runSuite[EUnitModule.java:164]
	at org.eclipse.epsilon.eunit.EUnitModule.execute[EUnitModule.java:136]
	at org.eclipse.epsilon.workflow.tasks.ExecutableModuleTask.executeImpl[ExecutableModuleTask.java:193]
	at org.eclipse.epsilon.workflow.tasks.EpsilonTask.execute[EpsilonTask.java:40]
	at org.apache.tools.ant.UnknownElement.execute[UnknownElement.java:291]
	at sun.reflect.NativeMethodAccessorImpl.invoke0[Native Method]
	at sun.reflect.NativeMethodAccessorImpl.invoke[NativeMethodAccessorImpl.java:57]
	at sun.reflect.DelegatingMethodAccessorImpl.invoke[DelegatingMethodAccessorImpl.java:43]
	at java.lang.reflect.Method.invoke[Method.java:616]
	at org.apache.tools.ant.dispatch.DispatchUtils.execute[DispatchUtils.java:106]
	at org.apache.tools.ant.Task.perform[Task.java:348]
	at org.apache.tools.ant.Target.execute[Target.java:392]
	at org.apache.tools.ant.Target.performTasks[Target.java:413]
	at org.apache.tools.ant.Project.executeSortedTargets[Project.java:1399]
	at org.apache.tools.ant.Project.executeTarget[Project.java:1368]
	at org.apache.tools.ant.helper.DefaultExecutor.executeTargets[DefaultExecutor.java:41]
	at org.eclipse.ant.internal.core.ant.EclipseDefaultExecutor.executeTargets[EclipseDefaultExecutor.java:32]
	at org.apache.tools.ant.Project.executeTargets[Project.java:1251]
	at org.eclipse.ant.internal.core.ant.InternalAntRunner.run[InternalAntRunner.java:672]
	at org.eclipse.ant.internal.core.ant.InternalAntRunner.run[InternalAntRunner.java:498]
	at sun.reflect.NativeMethodAccessorImpl.invoke0[Native Method]
	at sun.reflect.NativeMethodAccessorImpl.invoke[NativeMethodAccessorImpl.java:57]
	at sun.reflect.DelegatingMethodAccessorImpl.invoke[DelegatingMethodAccessorImpl.java:43]
	at java.lang.reflect.Method.invoke[Method.java:616]
	at org.eclipse.ant.core.AntRunner.run[AntRunner.java:378]
	at org.eclipse.ant.internal.launching.launchConfigurations.AntLaunchDelegate$1.run[AntLaunchDelegate.java:298]
	at java.lang.Thread.run[Thread.java:679]

Test twoDipoles[1] {'' is 'two-dipoles'} failed with status ERROR: The following error occurred while executing this line:
/home/antonio/Documents/sodmt/workspace-metamodels/es.uca.modeling.eol.tests/eunit.xml:17: Internal error: java.lang.IllegalArgumentException: Could not locate a metamodel with the URI 'www.uca.es/modeling/serviceProcess'. Please ensure that this metamodel has been registered with Epsilon.
	at org.eclipse.epsilon.emc.emf.EmfModel.determinePackagesFrom[EmfModel.java:266]
	at org.eclipse.epsilon.emc.emf.EmfModel.loadModelFromUri[EmfModel.java:214]
	at org.eclipse.epsilon.emc.emf.EmfModel.loadModel[EmfModel.java:161]
	at org.eclipse.epsilon.eol.models.CachedModel.load[CachedModel.java:147]
	at org.eclipse.epsilon.emc.emf.EmfModel.load[EmfModel.java:127]
	at org.eclipse.epsilon.workflow.tasks.emf.LoadEmfModel.executeImpl[LoadEmfModel.java:67]
	at org.eclipse.epsilon.workflow.tasks.EpsilonTask.execute[EpsilonTask.java:40]
	at org.apache.tools.ant.UnknownElement.execute[UnknownElement.java:291]
	at sun.reflect.GeneratedMethodAccessor101.invoke[Unknown Source]
	at sun.reflect.DelegatingMethodAccessorImpl.invoke[DelegatingMethodAccessorImpl.java:43]
	at java.lang.reflect.Method.invoke[Method.java:616]
	at org.apache.tools.ant.dispatch.DispatchUtils.execute[DispatchUtils.java:106]
	at org.apache.tools.ant.Task.perform[Task.java:348]
	at org.apache.tools.ant.taskdefs.Sequential.execute[Sequential.java:68]
	at org.apache.tools.ant.UnknownElement.execute[UnknownElement.java:291]
	at sun.reflect.GeneratedMethodAccessor101.invoke[Unknown Source]
	at sun.reflect.DelegatingMethodAccessorImpl.invoke[DelegatingMethodAccessorImpl.java:43]
	at java.lang.reflect.Method.invoke[Method.java:616]
	at org.apache.tools.ant.dispatch.DispatchUtils.execute[DispatchUtils.java:106]
	at org.apache.tools.ant.Task.perform[Task.java:348]
	at org.apache.tools.ant.taskdefs.MacroInstance.execute[MacroInstance.java:398]
	at org.apache.tools.ant.UnknownElement.execute[UnknownElement.java:291]
	at sun.reflect.GeneratedMethodAccessor101.invoke[Unknown Source]
	at sun.reflect.DelegatingMethodAccessorImpl.invoke[DelegatingMethodAccessorImpl.java:43]
	at java.lang.reflect.Method.invoke[Method.java:616]
	at org.apache.tools.ant.dispatch.DispatchUtils.execute[DispatchUtils.java:106]
	at org.apache.tools.ant.Task.perform[Task.java:348]
	at org.eclipse.epsilon.workflow.tasks.EUnitTask$TaskCollection.run[EUnitTask.java:69]
	at org.eclipse.epsilon.workflow.tasks.EUnitTask.beforeCase[EUnitTask.java:218]
	at org.eclipse.epsilon.eunit.EUnitModule.fireBeforeCase[EUnitModule.java:507]
	at org.eclipse.epsilon.eunit.EUnitModule.runSuiteInternal[EUnitModule.java:318]
	at org.eclipse.epsilon.eunit.EUnitModule.runSuite[EUnitModule.java:164]
	at org.eclipse.epsilon.eunit.EUnitModule.runInnerTestCase[EUnitModule.java:361]
	at org.eclipse.epsilon.eunit.EUnitModule.runSuiteInternal[EUnitModule.java:339]
	at org.eclipse.epsilon.eunit.EUnitModule.runSuite[EUnitModule.java:164]
	at org.eclipse.epsilon.eunit.EUnitModule.runInnerTestCase[EUnitModule.java:361]
	at org.eclipse.epsilon.eunit.EUnitModule.runSuiteInternal[EUnitModule.java:339]
	at org.eclipse.epsilon.eunit.EUnitModule.runSuite[EUnitModule.java:164]
	at org.eclipse.epsilon.eunit.EUnitModule.execute[EUnitModule.java:136]
	at org.eclipse.epsilon.workflow.tasks.ExecutableModuleTask.executeImpl[ExecutableModuleTask.java:193]
	at org.eclipse.epsilon.workflow.tasks.EpsilonTask.execute[EpsilonTask.java:40]
	at org.apache.tools.ant.UnknownElement.execute[UnknownElement.java:291]
	at sun.reflect.NativeMethodAccessorImpl.invoke0[Native Method]
	at sun.reflect.NativeMethodAccessorImpl.invoke[NativeMethodAccessorImpl.java:57]
	at sun.reflect.DelegatingMethodAccessorImpl.invoke[DelegatingMethodAccessorImpl.java:43]
	at java.lang.reflect.Method.invoke[Method.java:616]
	at org.apache.tools.ant.dispatch.DispatchUtils.execute[DispatchUtils.java:106]
	at org.apache.tools.ant.Task.perform[Task.java:348]
	at org.apache.tools.ant.Target.execute[Target.java:392]
	at org.apache.tools.ant.Target.performTasks[Target.java:413]
	at org.apache.tools.ant.Project.executeSortedTargets[Project.java:1399]
	at org.apache.tools.ant.Project.executeTarget[Project.java:1368]
	at org.apache.tools.ant.helper.DefaultExecutor.executeTargets[DefaultExecutor.java:41]
	at org.eclipse.ant.internal.core.ant.EclipseDefaultExecutor.executeTargets[EclipseDefaultExecutor.java:32]
	at org.apache.tools.ant.Project.executeTargets[Project.java:1251]
	at org.eclipse.ant.internal.core.ant.InternalAntRunner.run[InternalAntRunner.java:672]
	at org.eclipse.ant.internal.core.ant.InternalAntRunner.run[InternalAntRunner.java:498]
	at sun.reflect.NativeMethodAccessorImpl.invoke0[Native Method]
	at sun.reflect.NativeMethodAccessorImpl.invoke[NativeMethodAccessorImpl.java:57]
	at sun.reflect.DelegatingMethodAccessorImpl.invoke[DelegatingMethodAccessorImpl.java:43]
	at java.lang.reflect.Method.invoke[Method.java:616]
	at org.eclipse.ant.core.AntRunner.run[AntRunner.java:378]
	at org.eclipse.ant.internal.launching.launchConfigurations.AntLaunchDelegate$1.run[AntLaunchDelegate.java:298]
	at java.lang.Thread.run[Thread.java:679]

Test twoDipoles[2] {'' is 'two-dipoles-Aneeds40'} failed with status ERROR: The following error occurred while executing this line:
/home/antonio/Documents/sodmt/workspace-metamodels/es.uca.modeling.eol.tests/eunit.xml:17: Internal error: java.lang.IllegalArgumentException: Could not locate a metamodel with the URI 'www.uca.es/modeling/serviceProcess'. Please ensure that this metamodel has been registered with Epsilon.
	at org.eclipse.epsilon.emc.emf.EmfModel.determinePackagesFrom[EmfModel.java:266]
	at org.eclipse.epsilon.emc.emf.EmfModel.loadModelFromUri[EmfModel.java:214]
	at org.eclipse.epsilon.emc.emf.EmfModel.loadModel[EmfModel.java:161]
	at org.eclipse.epsilon.eol.models.CachedModel.load[CachedModel.java:147]
	at org.eclipse.epsilon.emc.emf.EmfModel.load[EmfModel.java:127]
	at org.eclipse.epsilon.workflow.tasks.emf.LoadEmfModel.executeImpl[LoadEmfModel.java:67]
	at org.eclipse.epsilon.workflow.tasks.EpsilonTask.execute[EpsilonTask.java:40]
	at org.apache.tools.ant.UnknownElement.execute[UnknownElement.java:291]
	at sun.reflect.GeneratedMethodAccessor101.invoke[Unknown Source]
	at sun.reflect.DelegatingMethodAccessorImpl.invoke[DelegatingMethodAccessorImpl.java:43]
	at java.lang.reflect.Method.invoke[Method.java:616]
	at org.apache.tools.ant.dispatch.DispatchUtils.execute[DispatchUtils.java:106]
	at org.apache.tools.ant.Task.perform[Task.java:348]
	at org.apache.tools.ant.taskdefs.Sequential.execute[Sequential.java:68]
	at org.apache.tools.ant.UnknownElement.execute[UnknownElement.java:291]
	at sun.reflect.GeneratedMethodAccessor101.invoke[Unknown Source]
	at sun.reflect.DelegatingMethodAccessorImpl.invoke[DelegatingMethodAccessorImpl.java:43]
	at java.lang.reflect.Method.invoke[Method.java:616]
	at org.apache.tools.ant.dispatch.DispatchUtils.execute[DispatchUtils.java:106]
	at org.apache.tools.ant.Task.perform[Task.java:348]
	at org.apache.tools.ant.taskdefs.MacroInstance.execute[MacroInstance.java:398]
	at org.apache.tools.ant.UnknownElement.execute[UnknownElement.java:291]
	at sun.reflect.GeneratedMethodAccessor101.invoke[Unknown Source]
	at sun.reflect.DelegatingMethodAccessorImpl.invoke[DelegatingMethodAccessorImpl.java:43]
	at java.lang.reflect.Method.invoke[Method.java:616]
	at org.apache.tools.ant.dispatch.DispatchUtils.execute[DispatchUtils.java:106]
	at org.apache.tools.ant.Task.perform[Task.java:348]
	at org.eclipse.epsilon.workflow.tasks.EUnitTask$TaskCollection.run[EUnitTask.java:69]
	at org.eclipse.epsilon.workflow.tasks.EUnitTask.beforeCase[EUnitTask.java:218]
	at org.eclipse.epsilon.eunit.EUnitModule.fireBeforeCase[EUnitModule.java:507]
	at org.eclipse.epsilon.eunit.EUnitModule.runSuiteInternal[EUnitModule.java:318]
	at org.eclipse.epsilon.eunit.EUnitModule.runSuite[EUnitModule.java:164]
	at org.eclipse.epsilon.eunit.EUnitModule.runInnerTestCase[EUnitModule.java:361]
	at org.eclipse.epsilon.eunit.EUnitModule.runSuiteInternal[EUnitModule.java:339]
	at org.eclipse.epsilon.eunit.EUnitModule.runSuite[EUnitModule.java:164]
	at org.eclipse.epsilon.eunit.EUnitModule.runInnerTestCase[EUnitModule.java:361]
	at org.eclipse.epsilon.eunit.EUnitModule.runSuiteInternal[EUnitModule.java:339]
	at org.eclipse.epsilon.eunit.EUnitModule.runSuite[EUnitModule.java:164]
	at org.eclipse.epsilon.eunit.EUnitModule.execute[EUnitModule.java:136]
	at org.eclipse.epsilon.workflow.tasks.ExecutableModuleTask.executeImpl[ExecutableModuleTask.java:193]
	at org.eclipse.epsilon.workflow.tasks.EpsilonTask.execute[EpsilonTask.java:40]
	at org.apache.tools.ant.UnknownElement.execute[UnknownElement.java:291]
	at sun.reflect.NativeMethodAccessorImpl.invoke0[Native Method]
	at sun.reflect.NativeMethodAccessorImpl.invoke[NativeMethodAccessorImpl.java:57]
	at sun.reflect.DelegatingMethodAccessorImpl.invoke[DelegatingMethodAccessorImpl.java:43]
	at java.lang.reflect.Method.invoke[Method.java:616]
	at org.apache.tools.ant.dispatch.DispatchUtils.execute[DispatchUtils.java:106]
	at org.apache.tools.ant.Task.perform[Task.java:348]
	at org.apache.tools.ant.Target.execute[Target.java:392]
	at org.apache.tools.ant.Target.performTasks[Target.java:413]
	at org.apache.tools.ant.Project.executeSortedTargets[Project.java:1399]
	at org.apache.tools.ant.Project.executeTarget[Project.java:1368]
	at org.apache.tools.ant.helper.DefaultExecutor.executeTargets[DefaultExecutor.java:41]
	at org.eclipse.ant.internal.core.ant.EclipseDefaultExecutor.executeTargets[EclipseDefaultExecutor.java:32]
	at org.apache.tools.ant.Project.executeTargets[Project.java:1251]
	at org.eclipse.ant.internal.core.ant.InternalAntRunner.run[InternalAntRunner.java:672]
	at org.eclipse.ant.internal.core.ant.InternalAntRunner.run[InternalAntRunner.java:498]
	at sun.reflect.NativeMethodAccessorImpl.invoke0[Native Method]
	at sun.reflect.NativeMethodAccessorImpl.invoke[NativeMethodAccessorImpl.java:57]
	at sun.reflect.DelegatingMethodAccessorImpl.invoke[DelegatingMethodAccessorImpl.java:43]
	at java.lang.reflect.Method.invoke[Method.java:616]
	at org.eclipse.ant.core.AntRunner.run[AntRunner.java:378]
	at org.eclipse.ant.internal.launching.launchConfigurations.AntLaunchDelegate$1.run[AntLaunchDelegate.java:298]
	at java.lang.Thread.run[Thread.java:679]

Test twoDipoles {} failed with status ERROR: The following error occurred while executing this line:
/home/antonio/Documents/sodmt/workspace-metamodels/es.uca.modeling.eol.tests/eunit.xml:17: Internal error: java.lang.IllegalArgumentException: Could not locate a metamodel with the URI 'www.uca.es/modeling/serviceProcess'. Please ensure that this metamodel has been registered with Epsilon.
	at org.eclipse.epsilon.emc.emf.EmfModel.determinePackagesFrom[EmfModel.java:266]
	at org.eclipse.epsilon.emc.emf.EmfModel.loadModelFromUri[EmfModel.java:214]
	at org.eclipse.epsilon.emc.emf.EmfModel.loadModel[EmfModel.java:161]
	at org.eclipse.epsilon.eol.models.CachedModel.load[CachedModel.java:147]
	at org.eclipse.epsilon.emc.emf.EmfModel.load[EmfModel.java:127]
	at org.eclipse.epsilon.workflow.tasks.emf.LoadEmfModel.executeImpl[LoadEmfModel.java:67]
	at org.eclipse.epsilon.workflow.tasks.EpsilonTask.execute[EpsilonTask.java:40]
	at org.apache.tools.ant.UnknownElement.execute[UnknownElement.java:291]
	at sun.reflect.GeneratedMethodAccessor101.invoke[Unknown Source]
	at sun.reflect.DelegatingMethodAccessorImpl.invoke[DelegatingMethodAccessorImpl.java:43]
	at java.lang.reflect.Method.invoke[Method.java:616]
	at org.apache.tools.ant.dispatch.DispatchUtils.execute[DispatchUtils.java:106]
	at org.apache.tools.ant.Task.perform[Task.java:348]
	at org.apache.tools.ant.taskdefs.Sequential.execute[Sequential.java:68]
	at org.apache.tools.ant.UnknownElement.execute[UnknownElement.java:291]
	at sun.reflect.GeneratedMethodAccessor101.invoke[Unknown Source]
	at sun.reflect.DelegatingMethodAccessorImpl.invoke[DelegatingMethodAccessorImpl.java:43]
	at java.lang.reflect.Method.invoke[Method.java:616]
	at org.apache.tools.ant.dispatch.DispatchUtils.execute[DispatchUtils.java:106]
	at org.apache.tools.ant.Task.perform[Task.java:348]
	at org.apache.tools.ant.taskdefs.MacroInstance.execute[MacroInstance.java:398]
	at org.apache.tools.ant.UnknownElement.execute[UnknownElement.java:291]
	at sun.reflect.GeneratedMethodAccessor101.invoke[Unknown Source]
	at sun.reflect.DelegatingMethodAccessorImpl.invoke[DelegatingMethodAccessorImpl.java:43]
	at java.lang.reflect.Method.invoke[Method.java:616]
	at org.apache.tools.ant.dispatch.DispatchUtils.execute[DispatchUtils.java:106]
	at org.apache.tools.ant.Task.perform[Task.java:348]
	at org.eclipse.epsilon.workflow.tasks.EUnitTask$TaskCollection.run[EUnitTask.java:69]
	at org.eclipse.epsilon.workflow.tasks.EUnitTask.beforeCase[EUnitTask.java:218]
	at org.eclipse.epsilon.eunit.EUnitModule.fireBeforeCase[EUnitModule.java:507]
	at org.eclipse.epsilon.eunit.EUnitModule.runSuiteInternal[EUnitModule.java:318]
	at org.eclipse.epsilon.eunit.EUnitModule.runSuite[EUnitModule.java:164]
	at org.eclipse.epsilon.eunit.EUnitModule.runInnerTestCase[EUnitModule.java:361]
	at org.eclipse.epsilon.eunit.EUnitModule.runSuiteInternal[EUnitModule.java:339]
	at org.eclipse.epsilon.eunit.EUnitModule.runSuite[EUnitModule.java:164]
	at org.eclipse.epsilon.eunit.EUnitModule.runInnerTestCase[EUnitModule.java:361]
	at org.eclipse.epsilon.eunit.EUnitModule.runSuiteInternal[EUnitModule.java:339]
	at org.eclipse.epsilon.eunit.EUnitModule.runSuite[EUnitModule.java:164]
	at org.eclipse.epsilon.eunit.EUnitModule.execute[EUnitModule.java:136]
	at org.eclipse.epsilon.workflow.tasks.ExecutableModuleTask.executeImpl[ExecutableModuleTask.java:193]
	at org.eclipse.epsilon.workflow.tasks.EpsilonTask.execute[EpsilonTask.java:40]
	at org.apache.tools.ant.UnknownElement.execute[UnknownElement.java:291]
	at sun.reflect.NativeMethodAccessorImpl.invoke0[Native Method]
	at sun.reflect.NativeMethodAccessorImpl.invoke[NativeMethodAccessorImpl.java:57]
	at sun.reflect.DelegatingMethodAccessorImpl.invoke[DelegatingMethodAccessorImpl.java:43]
	at java.lang.reflect.Method.invoke[Method.java:616]
	at org.apache.tools.ant.dispatch.DispatchUtils.execute[DispatchUtils.java:106]
	at org.apache.tools.ant.Task.perform[Task.java:348]
	at org.apache.tools.ant.Target.execute[Target.java:392]
	at org.apache.tools.ant.Target.performTasks[Target.java:413]
	at org.apache.tools.ant.Project.executeSortedTargets[Project.java:1399]
	at org.apache.tools.ant.Project.executeTarget[Project.java:1368]
	at org.apache.tools.ant.helper.DefaultExecutor.executeTargets[DefaultExecutor.java:41]
	at org.eclipse.ant.internal.core.ant.EclipseDefaultExecutor.executeTargets[EclipseDefaultExecutor.java:32]
	at org.apache.tools.ant.Project.executeTargets[Project.java:1251]
	at org.eclipse.ant.internal.core.ant.InternalAntRunner.run[InternalAntRunner.java:672]
	at org.eclipse.ant.internal.core.ant.InternalAntRunner.run[InternalAntRunner.java:498]
	at sun.reflect.NativeMethodAccessorImpl.invoke0[Native Method]
	at sun.reflect.NativeMethodAccessorImpl.invoke[NativeMethodAccessorImpl.java:57]
	at sun.reflect.DelegatingMethodAccessorImpl.invoke[DelegatingMethodAccessorImpl.java:43]
	at java.lang.reflect.Method.invoke[Method.java:616]
	at org.eclipse.ant.core.AntRunner.run[AntRunner.java:378]
	at org.eclipse.ant.internal.launching.launchConfigurations.AntLaunchDelegate$1.run[AntLaunchDelegate.java:298]
	at java.lang.Thread.run[Thread.java:679]

Test root {} failed with status ERROR: The following error occurred while executing this line:
/home/antonio/Documents/sodmt/workspace-metamodels/es.uca.modeling.eol.tests/eunit.xml:17: Internal error: java.lang.IllegalArgumentException: Could not locate a metamodel with the URI 'www.uca.es/modeling/serviceProcess'. Please ensure that this metamodel has been registered with Epsilon.
	at org.eclipse.epsilon.emc.emf.EmfModel.determinePackagesFrom[EmfModel.java:266]
	at org.eclipse.epsilon.emc.emf.EmfModel.loadModelFromUri[EmfModel.java:214]
	at org.eclipse.epsilon.emc.emf.EmfModel.loadModel[EmfModel.java:161]
	at org.eclipse.epsilon.eol.models.CachedModel.load[CachedModel.java:147]
	at org.eclipse.epsilon.emc.emf.EmfModel.load[EmfModel.java:127]
	at org.eclipse.epsilon.workflow.tasks.emf.LoadEmfModel.executeImpl[LoadEmfModel.java:67]
	at org.eclipse.epsilon.workflow.tasks.EpsilonTask.execute[EpsilonTask.java:40]
	at org.apache.tools.ant.UnknownElement.execute[UnknownElement.java:291]
	at sun.reflect.GeneratedMethodAccessor101.invoke[Unknown Source]
	at sun.reflect.DelegatingMethodAccessorImpl.invoke[DelegatingMethodAccessorImpl.java:43]
	at java.lang.reflect.Method.invoke[Method.java:616]
	at org.apache.tools.ant.dispatch.DispatchUtils.execute[DispatchUtils.java:106]
	at org.apache.tools.ant.Task.perform[Task.java:348]
	at org.apache.tools.ant.taskdefs.Sequential.execute[Sequential.java:68]
	at org.apache.tools.ant.UnknownElement.execute[UnknownElement.java:291]
	at sun.reflect.GeneratedMethodAccessor101.invoke[Unknown Source]
	at sun.reflect.DelegatingMethodAccessorImpl.invoke[DelegatingMethodAccessorImpl.java:43]
	at java.lang.reflect.Method.invoke[Method.java:616]
	at org.apache.tools.ant.dispatch.DispatchUtils.execute[DispatchUtils.java:106]
	at org.apache.tools.ant.Task.perform[Task.java:348]
	at org.apache.tools.ant.taskdefs.MacroInstance.execute[MacroInstance.java:398]
	at org.apache.tools.ant.UnknownElement.execute[UnknownElement.java:291]
	at sun.reflect.GeneratedMethodAccessor101.invoke[Unknown Source]
	at sun.reflect.DelegatingMethodAccessorImpl.invoke[DelegatingMethodAccessorImpl.java:43]
	at java.lang.reflect.Method.invoke[Method.java:616]
	at org.apache.tools.ant.dispatch.DispatchUtils.execute[DispatchUtils.java:106]
	at org.apache.tools.ant.Task.perform[Task.java:348]
	at org.eclipse.epsilon.workflow.tasks.EUnitTask$TaskCollection.run[EUnitTask.java:69]
	at org.eclipse.epsilon.workflow.tasks.EUnitTask.beforeCase[EUnitTask.java:218]
	at org.eclipse.epsilon.eunit.EUnitModule.fireBeforeCase[EUnitModule.java:507]
	at org.eclipse.epsilon.eunit.EUnitModule.runSuiteInternal[EUnitModule.java:318]
	at org.eclipse.epsilon.eunit.EUnitModule.runSuite[EUnitModule.java:164]
	at org.eclipse.epsilon.eunit.EUnitModule.runInnerTestCase[EUnitModule.java:361]
	at org.eclipse.epsilon.eunit.EUnitModule.runSuiteInternal[EUnitModule.java:339]
	at org.eclipse.epsilon.eunit.EUnitModule.runSuite[EUnitModule.java:164]
	at org.eclipse.epsilon.eunit.EUnitModule.runInnerTestCase[EUnitModule.java:361]
	at org.eclipse.epsilon.eunit.EUnitModule.runSuiteInternal[EUnitModule.java:339]
	at org.eclipse.epsilon.eunit.EUnitModule.runSuite[EUnitModule.java:164]
	at org.eclipse.epsilon.eunit.EUnitModule.execute[EUnitModule.java:136]
	at org.eclipse.epsilon.workflow.tasks.ExecutableModuleTask.executeImpl[ExecutableModuleTask.java:193]
	at org.eclipse.epsilon.workflow.tasks.EpsilonTask.execute[EpsilonTask.java:40]
	at org.apache.tools.ant.UnknownElement.execute[UnknownElement.java:291]
	at sun.reflect.NativeMethodAccessorImpl.invoke0[Native Method]
	at sun.reflect.NativeMethodAccessorImpl.invoke[NativeMethodAccessorImpl.java:57]
	at sun.reflect.DelegatingMethodAccessorImpl.invoke[DelegatingMethodAccessorImpl.java:43]
	at java.lang.reflect.Method.invoke[Method.java:616]
	at org.apache.tools.ant.dispatch.DispatchUtils.execute[DispatchUtils.java:106]
	at org.apache.tools.ant.Task.perform[Task.java:348]
	at org.apache.tools.ant.Target.execute[Target.java:392]
	at org.apache.tools.ant.Target.performTasks[Target.java:413]
	at org.apache.tools.ant.Project.executeSortedTargets[Project.java:1399]
	at org.apache.tools.ant.Project.executeTarget[Project.java:1368]
	at org.apache.tools.ant.helper.DefaultExecutor.executeTargets[DefaultExecutor.java:41]
	at org.eclipse.ant.internal.core.ant.EclipseDefaultExecutor.executeTargets[EclipseDefaultExecutor.java:32]
	at org.apache.tools.ant.Project.executeTargets[Project.java:1251]
	at org.eclipse.ant.internal.core.ant.InternalAntRunner.run[InternalAntRunner.java:672]
	at org.eclipse.ant.internal.core.ant.InternalAntRunner.run[InternalAntRunner.java:498]
	at sun.reflect.NativeMethodAccessorImpl.invoke0[Native Method]
	at sun.reflect.NativeMethodAccessorImpl.invoke[NativeMethodAccessorImpl.java:57]
	at sun.reflect.DelegatingMethodAccessorImpl.invoke[DelegatingMethodAccessorImpl.java:43]
	at java.lang.reflect.Method.invoke[Method.java:616]
	at org.eclipse.ant.core.AntRunner.run[AntRunner.java:378]
	at org.eclipse.ant.internal.launching.launchConfigurations.AntLaunchDelegate$1.run[AntLaunchDelegate.java:298]
	at java.lang.Thread.run[Thread.java:679]

</system-err></testsuite>